sbatch: /usr/lib64/slurm/select_alps.so: Incompatible Slurm plugin version (18.08.6)
sbatch: error: Couldn't load specified plugin name for select/alps: Incompatible plugin version
sbatch: /usr/lib64/slurm/select_cray.so: Incompatible Slurm plugin version (18.08.6)
sbatch: error: Couldn't load specified plugin name for select/cray: Incompatible plugin version
sbatch: /usr/lib64/slurm/select_serial.so: Incompatible Slurm plugin version (18.08.6)
sbatch: /usr/lib64/slurm/select_alps.so: Incompatible Slurm plugin version (18.08.6)
sbatch: error: Couldn't load specified plugin name for select/alps: Incompatible plugin version
sbatch: /usr/lib64/slurm/select_cray.so: Incompatible Slurm plugin version (18.08.6)
sbatch: error: Couldn't load specified plugin name for select/cray: Incompatible plugin version
sbatch: error: Couldn't load specified plugin name for select/serial: Incompatible plugin version
sbatch: /usr/lib64/slurm/select_serial.so: Incompatible Slurm plugin version (18.08.6)
sbatch: error: Couldn't load specified plugin name for select/serial: Incompatible plugin version
sbatch: /usr/lib64/slurm/select_alps.so: Incompatible Slurm plugin version (18.08.6)
sbatch: error: Couldn't load specified plugin name for select/alps: Incompatible plugin version
sbatch: /usr/lib64/slurm/select_cray.so: Incompatible Slurm plugin version (18.08.6)
sbatch: error: Couldn't load specified plugin name for select/cray: Incompatible plugin version
sbatch: /usr/lib64/slurm/select_serial.so: Incompatible Slurm plugin version (18.08.6)
sbatch: error: Couldn't load specified plugin name for select/serial: Incompatible plugin version
sbatch: /usr/lib64/slurm/select_alps.so: Incompatible Slurm plugin version (18.08.6)
sbatch: error: Couldn't load specified plugin name for select/alps: Incompatible plugin version
sbatch: /usr/lib64/slurm/select_cray.so: Incompatible Slurm plugin version (18.08.6)
sbatch: error: Couldn't load specified plugin name for select/cray: Incompatible plugin version
sbatch: /usr/lib64/slurm/select_serial.so: Incompatible Slurm plugin version (18.08.6)
sbatch: error: Couldn't load specified plugin name for select/serial: Incompatible plugin version
Submitted batch job 15388
Submitted batch job 15389
Submitted batch job 15390
Submitted batch job 15391
