Training 10 epoch(s) w/ 459 batches each
[1,   100] loss: 0.015
[1,   200] loss: 0.007
[1,   300] loss: 0.007
[1,   400] loss: 0.006
[2,   100] loss: 0.006
[2,   200] loss: 0.006
[2,   300] loss: 0.005
[2,   400] loss: 0.005
[3,   100] loss: 0.005
[3,   200] loss: 0.004
[3,   300] loss: 0.005
[3,   400] loss: 0.004
[4,   100] loss: 0.005
[4,   200] loss: 0.006
[4,   300] loss: 0.004
[4,   400] loss: 0.005
[5,   100] loss: 0.003
[5,   200] loss: 0.005
[5,   300] loss: 0.004
[5,   400] loss: 0.004
[6,   100] loss: 0.003
[6,   200] loss: 0.003
[6,   300] loss: 0.004
[6,   400] loss: 0.003
[7,   100] loss: 0.003
[7,   200] loss: 0.003
[7,   300] loss: 0.003
[7,   400] loss: 0.004
[8,   100] loss: 0.006
[8,   200] loss: 0.002
[8,   300] loss: 0.004
[8,   400] loss: 0.003
[9,   100] loss: 0.003
[9,   200] loss: 0.003
[9,   300] loss: 0.003
[9,   400] loss: 0.003
[10,   100] loss: 0.003
[10,   200] loss: 0.004
[10,   300] loss: 0.003
[10,   400] loss: 0.002
<class 'float'> 0.0
<class 'dict'>
