<class 'float'> 0.0
<class 'dict'>
Training 30 epoch(s) w/ 404 batches each
[1,   100] loss: 0.025
[1,   200] loss: 0.005
[1,   300] loss: 0.004
[1,   400] loss: 0.005
[2,   100] loss: 0.005
[2,   200] loss: 0.006
[2,   300] loss: 0.005
[2,   400] loss: 0.004
[3,   100] loss: 0.004
[3,   200] loss: 0.004
[3,   300] loss: 0.005
[3,   400] loss: 0.004
[4,   100] loss: 0.004
[4,   200] loss: 0.003
[4,   300] loss: 0.004
[4,   400] loss: 0.003
[5,   100] loss: 0.004
[5,   200] loss: 0.004
[5,   300] loss: 0.004
[5,   400] loss: 0.004
[6,   100] loss: 0.003
[6,   200] loss: 0.004
[6,   300] loss: 0.003
[6,   400] loss: 0.004
[7,   100] loss: 0.002
[7,   200] loss: 0.003
[7,   300] loss: 0.003
[7,   400] loss: 0.004
[8,   100] loss: 0.006
[8,   200] loss: 0.004
[8,   300] loss: 0.002
[8,   400] loss: 0.004
[9,   100] loss: 0.002
[9,   200] loss: 0.003
[9,   300] loss: 0.003
[9,   400] loss: 0.004
[10,   100] loss: 0.003
[10,   200] loss: 0.003
[10,   300] loss: 0.003
[10,   400] loss: 0.002
[11,   100] loss: 0.003
[11,   200] loss: 0.004
[11,   300] loss: 0.005
[11,   400] loss: 0.004
[12,   100] loss: 0.003
[12,   200] loss: 0.003
[12,   300] loss: 0.003
[12,   400] loss: 0.003
[13,   100] loss: 0.002
[13,   200] loss: 0.002
[13,   300] loss: 0.004
[13,   400] loss: 0.004
[14,   100] loss: 0.004
[14,   200] loss: 0.004
[14,   300] loss: 0.002
[14,   400] loss: 0.003
[15,   100] loss: 0.004
[15,   200] loss: 0.003
[15,   300] loss: 0.004
[15,   400] loss: 0.003
[16,   100] loss: 0.002
[16,   200] loss: 0.004
[16,   300] loss: 0.004
[16,   400] loss: 0.003
[17,   100] loss: 0.003
[17,   200] loss: 0.004
[17,   300] loss: 0.003
[17,   400] loss: 0.003
[18,   100] loss: 0.002
[18,   200] loss: 0.004
[18,   300] loss: 0.002
[18,   400] loss: 0.003
[19,   100] loss: 0.003
[19,   200] loss: 0.003
[19,   300] loss: 0.003
[19,   400] loss: 0.004
[20,   100] loss: 0.003
[20,   200] loss: 0.004
[20,   300] loss: 0.004
[20,   400] loss: 0.004
[21,   100] loss: 0.003
[21,   200] loss: 0.004
[21,   300] loss: 0.004
[21,   400] loss: 0.004
[22,   100] loss: 0.003
[22,   200] loss: 0.004
[22,   300] loss: 0.003
[22,   400] loss: 0.003
[23,   100] loss: 0.003
[23,   200] loss: 0.003
[23,   300] loss: 0.005
[23,   400] loss: 0.003
[24,   100] loss: 0.003
[24,   200] loss: 0.004
[24,   300] loss: 0.003
[24,   400] loss: 0.004
[25,   100] loss: 0.003
[25,   200] loss: 0.004
[25,   300] loss: 0.003
[25,   400] loss: 0.004
[26,   100] loss: 0.004
[26,   200] loss: 0.004
[26,   300] loss: 0.005
[26,   400] loss: 0.004
[27,   100] loss: 0.004
[27,   200] loss: 0.004
[27,   300] loss: 0.003
[27,   400] loss: 0.003
[28,   100] loss: 0.003
[28,   200] loss: 0.003
[28,   300] loss: 0.003
[28,   400] loss: 0.003
[29,   100] loss: 0.004
[29,   200] loss: 0.004
[29,   300] loss: 0.003
[29,   400] loss: 0.004
[30,   100] loss: 0.003
[30,   200] loss: 0.004
[30,   300] loss: 0.004
[30,   400] loss: 0.004
<class 'float'> 0.0
<class 'dict'>
Training 30 epoch(s) w/ 404 batches each
[1,   100] loss: 0.015
[1,   200] loss: 0.006
[1,   300] loss: 0.004
[1,   400] loss: 0.004
[2,   100] loss: 0.004
[2,   200] loss: 0.005
[2,   300] loss: 0.003
[2,   400] loss: 0.006
[3,   100] loss: 0.003
[3,   200] loss: 0.005
[3,   300] loss: 0.004
[3,   400] loss: 0.005
[4,   100] loss: 0.004
[4,   200] loss: 0.003
[4,   300] loss: 0.003
[4,   400] loss: 0.003
[5,   100] loss: 0.003
[5,   200] loss: 0.006
[5,   300] loss: 0.004
[5,   400] loss: 0.004
[6,   100] loss: 0.003
[6,   200] loss: 0.003
[6,   300] loss: 0.003
[6,   400] loss: 0.004
[7,   100] loss: 0.005
[7,   200] loss: 0.005
[7,   300] loss: 0.003
[7,   400] loss: 0.004
[8,   100] loss: 0.004
[8,   200] loss: 0.005
[8,   300] loss: 0.003
[8,   400] loss: 0.003
[9,   100] loss: 0.002
[9,   200] loss: 0.006
[9,   300] loss: 0.004
[9,   400] loss: 0.004
[10,   100] loss: 0.004
[10,   200] loss: 0.004
[10,   300] loss: 0.004
[10,   400] loss: 0.003
[11,   100] loss: 0.003
[11,   200] loss: 0.003
[11,   300] loss: 0.004
[11,   400] loss: 0.004
[12,   100] loss: 0.004
[12,   200] loss: 0.004
[12,   300] loss: 0.004
[12,   400] loss: 0.003
[13,   100] loss: 0.005
[13,   200] loss: 0.004
[13,   300] loss: 0.003
[13,   400] loss: 0.003
[14,   100] loss: 0.005
[14,   200] loss: 0.004
[14,   300] loss: 0.004
[14,   400] loss: 0.003
[15,   100] loss: 0.004
[15,   200] loss: 0.003
[15,   300] loss: 0.003
[15,   400] loss: 0.003
[16,   100] loss: 0.004
[16,   200] loss: 0.003
[16,   300] loss: 0.004
[16,   400] loss: 0.003
[17,   100] loss: 0.004
[17,   200] loss: 0.003
[17,   300] loss: 0.005
[17,   400] loss: 0.002
[18,   100] loss: 0.004
[18,   200] loss: 0.005
[18,   300] loss: 0.004
[18,   400] loss: 0.005
[19,   100] loss: 0.003
[19,   200] loss: 0.003
[19,   300] loss: 0.003
[19,   400] loss: 0.005
[20,   100] loss: 0.003
[20,   200] loss: 0.003
[20,   300] loss: 0.004
[20,   400] loss: 0.004
[21,   100] loss: 0.003
[21,   200] loss: 0.003
[21,   300] loss: 0.003
[21,   400] loss: 0.004
[22,   100] loss: 0.004
[22,   200] loss: 0.002
[22,   300] loss: 0.004
[22,   400] loss: 0.003
[23,   100] loss: 0.003
[23,   200] loss: 0.003
[23,   300] loss: 0.004
[23,   400] loss: 0.005
[24,   100] loss: 0.004
[24,   200] loss: 0.004
[24,   300] loss: 0.004
[24,   400] loss: 0.003
[25,   100] loss: 0.004
[25,   200] loss: 0.004
[25,   300] loss: 0.004
[25,   400] loss: 0.002
[26,   100] loss: 0.005
[26,   200] loss: 0.004
[26,   300] loss: 0.004
[26,   400] loss: 0.003
[27,   100] loss: 0.004
[27,   200] loss: 0.003
[27,   300] loss: 0.005
[27,   400] loss: 0.004
[28,   100] loss: 0.004
[28,   200] loss: 0.004
[28,   300] loss: 0.003
[28,   400] loss: 0.004
[29,   100] loss: 0.004
[29,   200] loss: 0.004
[29,   300] loss: 0.003
[29,   400] loss: 0.004
[30,   100] loss: 0.004
[30,   200] loss: 0.003
[30,   300] loss: 0.003
[30,   400] loss: 0.004
<class 'float'> 0.0
<class 'dict'>
Training 30 epoch(s) w/ 404 batches each
[1,   100] loss: 0.014
[1,   200] loss: 0.004
[1,   300] loss: 0.005
[1,   400] loss: 0.005
[2,   100] loss: 0.004
[2,   200] loss: 0.003
[2,   300] loss: 0.003
[2,   400] loss: 0.004
[3,   100] loss: 0.003
[3,   200] loss: 0.003
[3,   300] loss: 0.005
[3,   400] loss: 0.005
[4,   100] loss: 0.003
[4,   200] loss: 0.006
[4,   300] loss: 0.005
[4,   400] loss: 0.004
[5,   100] loss: 0.003
[5,   200] loss: 0.004
[5,   300] loss: 0.004
[5,   400] loss: 0.004
[6,   100] loss: 0.003
[6,   200] loss: 0.003
[6,   300] loss: 0.004
[6,   400] loss: 0.003
[7,   100] loss: 0.005
[7,   200] loss: 0.006
[7,   300] loss: 0.003
[7,   400] loss: 0.005
[8,   100] loss: 0.003
[8,   200] loss: 0.004
[8,   300] loss: 0.003
[8,   400] loss: 0.003
[9,   100] loss: 0.005
[9,   200] loss: 0.004
[9,   300] loss: 0.002
[9,   400] loss: 0.004
[10,   100] loss: 0.003
[10,   200] loss: 0.004
[10,   300] loss: 0.004
[10,   400] loss: 0.003
[11,   100] loss: 0.003
[11,   200] loss: 0.006
[11,   300] loss: 0.004
[11,   400] loss: 0.004
[12,   100] loss: 0.008
[12,   200] loss: 0.005
[12,   300] loss: 0.003
[12,   400] loss: 0.006
[13,   100] loss: 0.003
[13,   200] loss: 0.004
[13,   300] loss: 0.003
[13,   400] loss: 0.003
[14,   100] loss: 0.004
[14,   200] loss: 0.004
[14,   300] loss: 0.004
[14,   400] loss: 0.003
[15,   100] loss: 0.005
[15,   200] loss: 0.003
[15,   300] loss: 0.003
[15,   400] loss: 0.003
[16,   100] loss: 0.005
[16,   200] loss: 0.003
[16,   300] loss: 0.003
[16,   400] loss: 0.003
[17,   100] loss: 0.003
[17,   200] loss: 0.004
[17,   300] loss: 0.003
[17,   400] loss: 0.003
[18,   100] loss: 0.003
[18,   200] loss: 0.004
[18,   300] loss: 0.003
[18,   400] loss: 0.005
[19,   100] loss: 0.004
[19,   200] loss: 0.004
[19,   300] loss: 0.004
[19,   400] loss: 0.003
[20,   100] loss: 0.003
[20,   200] loss: 0.004
[20,   300] loss: 0.007
[20,   400] loss: 0.005
[21,   100] loss: 0.004
[21,   200] loss: 0.003
[21,   300] loss: 0.003
[21,   400] loss: 0.004
[22,   100] loss: 0.005
[22,   200] loss: 0.004
[22,   300] loss: 0.004
[22,   400] loss: 0.003
[23,   100] loss: 0.004
[23,   200] loss: 0.004
[23,   300] loss: 0.004
[23,   400] loss: 0.004
[24,   100] loss: 0.004
[24,   200] loss: 0.002
[24,   300] loss: 0.003
[24,   400] loss: 0.004
[25,   100] loss: 0.004
[25,   200] loss: 0.004
[25,   300] loss: 0.005
[25,   400] loss: 0.004
[26,   100] loss: 0.003
[26,   200] loss: 0.004
[26,   300] loss: 0.005
[26,   400] loss: 0.003
[27,   100] loss: 0.004
[27,   200] loss: 0.003
[27,   300] loss: 0.004
[27,   400] loss: 0.005
[28,   100] loss: 0.018
[28,   200] loss: 0.037
[28,   300] loss: 0.035
[28,   400] loss: 0.035
[29,   100] loss: 0.035
[29,   200] loss: 0.035
[29,   300] loss: 0.035
[29,   400] loss: 0.035
[30,   100] loss: 0.035
[30,   200] loss: 0.035
[30,   300] loss: 0.035
[30,   400] loss: 0.035
<class 'float'> 0.0
<class 'dict'>
Training 30 epoch(s) w/ 404 batches each
[1,   100] loss: 0.056
[1,   200] loss: 0.036
[1,   300] loss: 0.035
[1,   400] loss: 0.035
[2,   100] loss: 0.035
[2,   200] loss: 0.035
[2,   300] loss: 0.035
[2,   400] loss: 0.035
[3,   100] loss: 0.035
[3,   200] loss: 0.035
[3,   300] loss: 0.035
[3,   400] loss: 0.035
[4,   100] loss: 0.035
[4,   200] loss: 0.035
[4,   300] loss: 0.035
[4,   400] loss: 0.035
[5,   100] loss: 0.035
[5,   200] loss: 0.035
[5,   300] loss: 0.035
[5,   400] loss: 0.035
[6,   100] loss: 0.035
[6,   200] loss: 0.035
[6,   300] loss: 0.035
[6,   400] loss: 0.035
[7,   100] loss: 0.035
[7,   200] loss: 0.035
[7,   300] loss: 0.035
[7,   400] loss: 0.035
[8,   100] loss: 0.035
[8,   200] loss: 0.035
[8,   300] loss: 0.035
[8,   400] loss: 0.035
[9,   100] loss: 0.035
[9,   200] loss: 0.035
[9,   300] loss: 0.035
[9,   400] loss: 0.035
[10,   100] loss: 0.035
[10,   200] loss: 0.035
[10,   300] loss: 0.035
[10,   400] loss: 0.035
[11,   100] loss: 0.035
[11,   200] loss: 0.035
[11,   300] loss: 0.035
[11,   400] loss: 0.035
[12,   100] loss: 0.035
[12,   200] loss: 0.035
[12,   300] loss: 0.035
[12,   400] loss: 0.035
[13,   100] loss: 0.035
[13,   200] loss: 0.035
[13,   300] loss: 0.035
[13,   400] loss: 0.035
[14,   100] loss: 0.035
[14,   200] loss: 0.035
[14,   300] loss: 0.035
[14,   400] loss: 0.035
[15,   100] loss: 0.035
[15,   200] loss: 0.035
[15,   300] loss: 0.035
[15,   400] loss: 0.035
[16,   100] loss: 0.035
[16,   200] loss: 0.035
[16,   300] loss: 0.035
[16,   400] loss: 0.035
[17,   100] loss: 0.035
[17,   200] loss: 0.035
[17,   300] loss: 0.035
[17,   400] loss: 0.035
[18,   100] loss: 0.035
[18,   200] loss: 0.035
[18,   300] loss: 0.035
[18,   400] loss: 0.035
[19,   100] loss: 0.035
[19,   200] loss: 0.035
[19,   300] loss: 0.035
[19,   400] loss: 0.035
[20,   100] loss: 0.035
[20,   200] loss: 0.035
[20,   300] loss: 0.035
[20,   400] loss: 0.035
[21,   100] loss: 0.035
[21,   200] loss: 0.035
[21,   300] loss: 0.035
[21,   400] loss: 0.035
[22,   100] loss: 0.035
[22,   200] loss: 0.035
[22,   300] loss: 0.035
[22,   400] loss: 0.035
[23,   100] loss: 0.035
[23,   200] loss: 0.035
[23,   300] loss: 0.035
[23,   400] loss: 0.035
[24,   100] loss: 0.035
[24,   200] loss: 0.035
[24,   300] loss: 0.035
[24,   400] loss: 0.035
[25,   100] loss: 0.035
[25,   200] loss: 0.035
[25,   300] loss: 0.035
[25,   400] loss: 0.035
[26,   100] loss: 0.035
[26,   200] loss: 0.035
[26,   300] loss: 0.035
[26,   400] loss: 0.035
[27,   100] loss: 0.035
[27,   200] loss: 0.035
[27,   300] loss: 0.035
[27,   400] loss: 0.035
[28,   100] loss: 0.035
[28,   200] loss: 0.035
[28,   300] loss: 0.035
[28,   400] loss: 0.035
[29,   100] loss: 0.035
[29,   200] loss: 0.035
[29,   300] loss: 0.035
[29,   400] loss: 0.035
[30,   100] loss: 0.035
[30,   200] loss: 0.035
[30,   300] loss: 0.035
[30,   400] loss: 0.035
<class 'float'> 0.0
<class 'dict'>
Training 30 epoch(s) w/ 404 batches each
[1,   100] loss: 0.047
[1,   200] loss: 0.036
[1,   300] loss: 0.035
[1,   400] loss: 0.035
[2,   100] loss: 0.035
[2,   200] loss: 0.035
[2,   300] loss: 0.035
[2,   400] loss: 0.035
[3,   100] loss: 0.035
[3,   200] loss: 0.035
[3,   300] loss: 0.035
[3,   400] loss: 0.035
[4,   100] loss: 0.035
[4,   200] loss: 0.035
[4,   300] loss: 0.035
[4,   400] loss: 0.035
[5,   100] loss: 0.035
[5,   200] loss: 0.035
[5,   300] loss: 0.035
[5,   400] loss: 0.035
[6,   100] loss: 0.035
[6,   200] loss: 0.035
[6,   300] loss: 0.035
[6,   400] loss: 0.035
[7,   100] loss: 0.035
[7,   200] loss: 0.035
[7,   300] loss: 0.035
[7,   400] loss: 0.035
[8,   100] loss: 0.035
[8,   200] loss: 0.035
[8,   300] loss: 0.035
[8,   400] loss: 0.035
[9,   100] loss: 0.035
[9,   200] loss: 0.035
[9,   300] loss: 0.035
[9,   400] loss: 0.035
[10,   100] loss: 0.035
[10,   200] loss: 0.035
[10,   300] loss: 0.035
[10,   400] loss: 0.035
[11,   100] loss: 0.035
[11,   200] loss: 0.035
[11,   300] loss: 0.035
[11,   400] loss: 0.035
[12,   100] loss: 0.035
[12,   200] loss: 0.035
[12,   300] loss: 0.035
[12,   400] loss: 0.035
[13,   100] loss: 0.035
[13,   200] loss: 0.035
[13,   300] loss: 0.035
[13,   400] loss: 0.035
[14,   100] loss: 0.035
[14,   200] loss: 0.035
[14,   300] loss: 0.035
[14,   400] loss: 0.035
[15,   100] loss: 0.035
[15,   200] loss: 0.035
[15,   300] loss: 0.035
[15,   400] loss: 0.035
[16,   100] loss: 0.035
[16,   200] loss: 0.035
[16,   300] loss: 0.035
[16,   400] loss: 0.035
[17,   100] loss: 0.035
[17,   200] loss: 0.035
[17,   300] loss: 0.035
[17,   400] loss: 0.035
[18,   100] loss: 0.035
[18,   200] loss: 0.035
[18,   300] loss: 0.035
[18,   400] loss: 0.035
[19,   100] loss: 0.035
[19,   200] loss: 0.035
[19,   300] loss: 0.035
[19,   400] loss: 0.035
[20,   100] loss: 0.035
[20,   200] loss: 0.035
[20,   300] loss: 0.035
[20,   400] loss: 0.035
[21,   100] loss: 0.035
[21,   200] loss: 0.035
[21,   300] loss: 0.035
[21,   400] loss: 0.035
[22,   100] loss: 0.035
[22,   200] loss: 0.035
[22,   300] loss: 0.035
[22,   400] loss: 0.035
[23,   100] loss: 0.035
[23,   200] loss: 0.035
[23,   300] loss: 0.035
[23,   400] loss: 0.035
[24,   100] loss: 0.035
[24,   200] loss: 0.035
[24,   300] loss: 0.035
[24,   400] loss: 0.035
[25,   100] loss: 0.035
[25,   200] loss: 0.035
[25,   300] loss: 0.035
[25,   400] loss: 0.035
[26,   100] loss: 0.035
[26,   200] loss: 0.035
[26,   300] loss: 0.035
[26,   400] loss: 0.035
[27,   100] loss: 0.035
[27,   200] loss: 0.035
[27,   300] loss: 0.035
[27,   400] loss: 0.035
[28,   100] loss: 0.035
[28,   200] loss: 0.035
[28,   300] loss: 0.035
[28,   400] loss: 0.035
[29,   100] loss: 0.035
[29,   200] loss: 0.035
[29,   300] loss: 0.035
[29,   400] loss: 0.035
[30,   100] loss: 0.035
[30,   200] loss: 0.035
[30,   300] loss: 0.035
[30,   400] loss: 0.035
<class 'float'> 0.0
<class 'dict'>
<class 'float'> 0.0
<class 'dict'>
Training 30 epoch(s) w/ 404 batches each
[1,   100] loss: 0.085
[1,   200] loss: 0.036
[1,   300] loss: 0.036
[1,   400] loss: 0.035
[2,   100] loss: 0.035
[2,   200] loss: 0.036
[2,   300] loss: 0.035
[2,   400] loss: 0.035
[3,   100] loss: 0.035
[3,   200] loss: 0.035
[3,   300] loss: 0.035
[3,   400] loss: 0.035
[4,   100] loss: 0.035
[4,   200] loss: 0.035
[4,   300] loss: 0.035
[4,   400] loss: 0.035
[5,   100] loss: 0.035
[5,   200] loss: 0.035
[5,   300] loss: 0.035
[5,   400] loss: 0.035
[6,   100] loss: 0.035
[6,   200] loss: 0.035
[6,   300] loss: 0.035
[6,   400] loss: 0.035
[7,   100] loss: 0.035
[7,   200] loss: 0.035
[7,   300] loss: 0.035
[7,   400] loss: 0.035
[8,   100] loss: 0.035
[8,   200] loss: 0.035
[8,   300] loss: 0.035
[8,   400] loss: 0.035
[9,   100] loss: 0.035
[9,   200] loss: 0.035
[9,   300] loss: 0.035
[9,   400] loss: 0.035
[10,   100] loss: 0.035
[10,   200] loss: 0.035
[10,   300] loss: 0.035
[10,   400] loss: 0.035
[11,   100] loss: 0.035
[11,   200] loss: 0.035
[11,   300] loss: 0.035
[11,   400] loss: 0.035
[12,   100] loss: 0.035
[12,   200] loss: 0.035
[12,   300] loss: 0.035
[12,   400] loss: 0.035
[13,   100] loss: 0.035
[13,   200] loss: 0.035
[13,   300] loss: 0.035
[13,   400] loss: 0.035
[14,   100] loss: 0.035
[14,   200] loss: 0.035
[14,   300] loss: 0.035
[14,   400] loss: 0.035
[15,   100] loss: 0.035
[15,   200] loss: 0.035
[15,   300] loss: 0.035
[15,   400] loss: 0.035
[16,   100] loss: 0.035
[16,   200] loss: 0.035
[16,   300] loss: 0.035
[16,   400] loss: 0.035
[17,   100] loss: 0.035
[17,   200] loss: 0.035
[17,   300] loss: 0.035
[17,   400] loss: 0.035
[18,   100] loss: 0.035
[18,   200] loss: 0.035
[18,   300] loss: 0.035
[18,   400] loss: 0.035
[19,   100] loss: 0.035
[19,   200] loss: 0.035
[19,   300] loss: 0.035
[19,   400] loss: 0.035
[20,   100] loss: 0.035
[20,   200] loss: 0.035
[20,   300] loss: 0.035
[20,   400] loss: 0.035
[21,   100] loss: 0.035
[21,   200] loss: 0.035
[21,   300] loss: 0.035
[21,   400] loss: 0.035
[22,   100] loss: 0.035
[22,   200] loss: 0.035
[22,   300] loss: 0.035
[22,   400] loss: 0.035
[23,   100] loss: 0.035
[23,   200] loss: 0.035
[23,   300] loss: 0.035
[23,   400] loss: 0.035
[24,   100] loss: 0.035
[24,   200] loss: 0.035
[24,   300] loss: 0.035
[24,   400] loss: 0.035
[25,   100] loss: 0.035
[25,   200] loss: 0.035
[25,   300] loss: 0.035
[25,   400] loss: 0.035
[26,   100] loss: 0.035
[26,   200] loss: 0.035
[26,   300] loss: 0.035
[26,   400] loss: 0.035
[27,   100] loss: 0.035
[27,   200] loss: 0.035
[27,   300] loss: 0.035
[27,   400] loss: 0.035
[28,   100] loss: 0.035
[28,   200] loss: 0.035
[28,   300] loss: 0.035
[28,   400] loss: 0.035
[29,   100] loss: 0.035
[29,   200] loss: 0.035
[29,   300] loss: 0.035
[29,   400] loss: 0.035
[30,   100] loss: 0.035
[30,   200] loss: 0.035
[30,   300] loss: 0.035
[30,   400] loss: 0.035
<class 'float'> 0.0
<class 'dict'>
Training 30 epoch(s) w/ 404 batches each
[1,   100] loss: 0.078
[1,   200] loss: 0.036
[1,   300] loss: 0.036
[1,   400] loss: 0.035
[2,   100] loss: 0.035
[2,   200] loss: 0.035
[2,   300] loss: 0.035
[2,   400] loss: 0.035
[3,   100] loss: 0.035
[3,   200] loss: 0.035
[3,   300] loss: 0.036
[3,   400] loss: 0.035
[4,   100] loss: 0.035
[4,   200] loss: 0.035
[4,   300] loss: 0.035
[4,   400] loss: 0.035
[5,   100] loss: 0.035
[5,   200] loss: 0.035
[5,   300] loss: 0.035
[5,   400] loss: 0.035
[6,   100] loss: 0.035
[6,   200] loss: 0.035
[6,   300] loss: 0.035
[6,   400] loss: 0.035
[7,   100] loss: 0.035
[7,   200] loss: 0.035
[7,   300] loss: 0.035
[7,   400] loss: 0.035
[8,   100] loss: 0.035
[8,   200] loss: 0.035
[8,   300] loss: 0.035
[8,   400] loss: 0.035
[9,   100] loss: 0.035
[9,   200] loss: 0.035
[9,   300] loss: 0.035
[9,   400] loss: 0.035
[10,   100] loss: 0.035
[10,   200] loss: 0.035
[10,   300] loss: 0.035
[10,   400] loss: 0.035
[11,   100] loss: 0.035
[11,   200] loss: 0.035
[11,   300] loss: 0.035
[11,   400] loss: 0.035
[12,   100] loss: 0.035
[12,   200] loss: 0.035
[12,   300] loss: 0.035
[12,   400] loss: 0.035
[13,   100] loss: 0.035
[13,   200] loss: 0.035
[13,   300] loss: 0.035
[13,   400] loss: 0.035
[14,   100] loss: 0.035
[14,   200] loss: 0.035
[14,   300] loss: 0.035
[14,   400] loss: 0.035
[15,   100] loss: 0.035
[15,   200] loss: 0.035
[15,   300] loss: 0.035
[15,   400] loss: 0.035
[16,   100] loss: 0.035
[16,   200] loss: 0.035
[16,   300] loss: 0.035
[16,   400] loss: 0.035
[17,   100] loss: 0.035
[17,   200] loss: 0.035
[17,   300] loss: 0.035
[17,   400] loss: 0.035
[18,   100] loss: 0.035
[18,   200] loss: 0.035
[18,   300] loss: 0.035
[18,   400] loss: 0.036
[19,   100] loss: 0.035
[19,   200] loss: 0.035
[19,   300] loss: 0.035
[19,   400] loss: 0.035
[20,   100] loss: 0.035
[20,   200] loss: 0.035
[20,   300] loss: 0.035
[20,   400] loss: 0.035
[21,   100] loss: 0.035
[21,   200] loss: 0.035
[21,   300] loss: 0.035
[21,   400] loss: 0.035
[22,   100] loss: 0.035
[22,   200] loss: 0.035
[22,   300] loss: 0.035
[22,   400] loss: 0.035
[23,   100] loss: 0.035
[23,   200] loss: 0.035
[23,   300] loss: 0.035
[23,   400] loss: 0.035
[24,   100] loss: 0.035
[24,   200] loss: 0.035
[24,   300] loss: 0.035
[24,   400] loss: 0.035
[25,   100] loss: 0.035
[25,   200] loss: 0.035
[25,   300] loss: 0.035
[25,   400] loss: 0.035
[26,   100] loss: 0.035
[26,   200] loss: 0.035
[26,   300] loss: 0.035
[26,   400] loss: 0.035
[27,   100] loss: 0.035
[27,   200] loss: 0.035
[27,   300] loss: 0.035
[27,   400] loss: 0.035
[28,   100] loss: 0.035
[28,   200] loss: 0.035
[28,   300] loss: 0.035
[28,   400] loss: 0.035
[29,   100] loss: 0.035
[29,   200] loss: 0.035
[29,   300] loss: 0.035
[29,   400] loss: 0.035
[30,   100] loss: 0.035
[30,   200] loss: 0.035
[30,   300] loss: 0.035
[30,   400] loss: 0.035
<class 'float'> 0.0
<class 'dict'>
Training 30 epoch(s) w/ 404 batches each
[1,   100] loss: 0.074
[1,   200] loss: 0.036
[1,   300] loss: 0.036
[1,   400] loss: 0.035
[2,   100] loss: 0.035
[2,   200] loss: 0.035
[2,   300] loss: 0.035
[2,   400] loss: 0.035
[3,   100] loss: 0.035
[3,   200] loss: 0.035
[3,   300] loss: 0.035
[3,   400] loss: 0.035
[4,   100] loss: 0.035
[4,   200] loss: 0.035
[4,   300] loss: 0.035
[4,   400] loss: 0.035
[5,   100] loss: 0.035
[5,   200] loss: 0.035
[5,   300] loss: 0.035
[5,   400] loss: 0.035
[6,   100] loss: 0.035
[6,   200] loss: 0.035
[6,   300] loss: 0.035
[6,   400] loss: 0.035
[7,   100] loss: 0.035
[7,   200] loss: 0.035
[7,   300] loss: 0.035
[7,   400] loss: 0.035
[8,   100] loss: 0.035
[8,   200] loss: 0.035
[8,   300] loss: 0.035
[8,   400] loss: 0.035
[9,   100] loss: 0.035
[9,   200] loss: 0.035
[9,   300] loss: 0.035
[9,   400] loss: 0.035
[10,   100] loss: 0.035
[10,   200] loss: 0.035
[10,   300] loss: 0.035
[10,   400] loss: 0.035
[11,   100] loss: 0.035
[11,   200] loss: 0.035
[11,   300] loss: 0.035
[11,   400] loss: 0.035
[12,   100] loss: 0.035
[12,   200] loss: 0.035
[12,   300] loss: 0.035
[12,   400] loss: 0.035
[13,   100] loss: 0.035
[13,   200] loss: 0.035
[13,   300] loss: 0.035
[13,   400] loss: 0.035
[14,   100] loss: 0.035
[14,   200] loss: 0.035
[14,   300] loss: 0.035
[14,   400] loss: 0.035
[15,   100] loss: 0.035
[15,   200] loss: 0.035
[15,   300] loss: 0.035
[15,   400] loss: 0.035
[16,   100] loss: 0.035
[16,   200] loss: 0.035
[16,   300] loss: 0.035
[16,   400] loss: 0.035
[17,   100] loss: 0.035
[17,   200] loss: 0.035
[17,   300] loss: 0.035
[17,   400] loss: 0.035
[18,   100] loss: 0.035
[18,   200] loss: 0.035
[18,   300] loss: 0.035
[18,   400] loss: 0.035
[19,   100] loss: 0.035
[19,   200] loss: 0.035
[19,   300] loss: 0.035
[19,   400] loss: 0.035
[20,   100] loss: 0.035
[20,   200] loss: 0.035
[20,   300] loss: 0.035
[20,   400] loss: 0.035
[21,   100] loss: 0.035
[21,   200] loss: 0.035
[21,   300] loss: 0.035
[21,   400] loss: 0.035
[22,   100] loss: 0.035
[22,   200] loss: 0.035
[22,   300] loss: 0.035
[22,   400] loss: 0.035
[23,   100] loss: 0.035
[23,   200] loss: 0.035
[23,   300] loss: 0.035
[23,   400] loss: 0.035
[24,   100] loss: 0.035
[24,   200] loss: 0.035
[24,   300] loss: 0.035
[24,   400] loss: 0.035
[25,   100] loss: 0.035
[25,   200] loss: 0.035
[25,   300] loss: 0.035
[25,   400] loss: 0.035
[26,   100] loss: 0.035
[26,   200] loss: 0.035
[26,   300] loss: 0.035
[26,   400] loss: 0.035
[27,   100] loss: 0.035
[27,   200] loss: 0.035
[27,   300] loss: 0.035
[27,   400] loss: 0.035
[28,   100] loss: 0.035
[28,   200] loss: 0.035
[28,   300] loss: 0.035
[28,   400] loss: 0.035
[29,   100] loss: 0.035
[29,   200] loss: 0.035
[29,   300] loss: 0.035
[29,   400] loss: 0.035
[30,   100] loss: 0.035
[30,   200] loss: 0.035
[30,   300] loss: 0.035
[30,   400] loss: 0.035
<class 'float'> 0.0
<class 'dict'>
Training 30 epoch(s) w/ 404 batches each
[1,   100] loss: 0.070
[1,   200] loss: 0.036
[1,   300] loss: 0.036
[1,   400] loss: 0.035
[2,   100] loss: 0.035
[2,   200] loss: 0.035
[2,   300] loss: 0.035
[2,   400] loss: 0.035
[3,   100] loss: 0.035
[3,   200] loss: 0.035
[3,   300] loss: 0.035
[3,   400] loss: 0.035
[4,   100] loss: 0.035
[4,   200] loss: 0.035
[4,   300] loss: 0.035
[4,   400] loss: 0.035
[5,   100] loss: 0.035
[5,   200] loss: 0.036
[5,   300] loss: 0.035
[5,   400] loss: 0.035
[6,   100] loss: 0.035
[6,   200] loss: 0.035
[6,   300] loss: 0.035
[6,   400] loss: 0.035
[7,   100] loss: 0.035
[7,   200] loss: 0.035
[7,   300] loss: 0.035
[7,   400] loss: 0.035
[8,   100] loss: 0.035
[8,   200] loss: 0.035
[8,   300] loss: 0.035
[8,   400] loss: 0.035
[9,   100] loss: 0.035
[9,   200] loss: 0.035
[9,   300] loss: 0.035
[9,   400] loss: 0.035
[10,   100] loss: 0.035
[10,   200] loss: 0.035
[10,   300] loss: 0.035
[10,   400] loss: 0.035
[11,   100] loss: 0.035
[11,   200] loss: 0.035
[11,   300] loss: 0.035
[11,   400] loss: 0.035
[12,   100] loss: 0.035
[12,   200] loss: 0.035
[12,   300] loss: 0.035
[12,   400] loss: 0.035
[13,   100] loss: 0.035
[13,   200] loss: 0.035
[13,   300] loss: 0.035
[13,   400] loss: 0.035
[14,   100] loss: 0.035
[14,   200] loss: 0.035
[14,   300] loss: 0.035
[14,   400] loss: 0.035
[15,   100] loss: 0.035
[15,   200] loss: 0.035
[15,   300] loss: 0.035
[15,   400] loss: 0.035
[16,   100] loss: 0.035
[16,   200] loss: 0.035
[16,   300] loss: 0.035
[16,   400] loss: 0.035
[17,   100] loss: 0.035
[17,   200] loss: 0.035
[17,   300] loss: 0.035
[17,   400] loss: 0.035
[18,   100] loss: 0.035
[18,   200] loss: 0.035
[18,   300] loss: 0.035
[18,   400] loss: 0.035
[19,   100] loss: 0.035
[19,   200] loss: 0.035
[19,   300] loss: 0.035
[19,   400] loss: 0.035
[20,   100] loss: 0.035
[20,   200] loss: 0.035
[20,   300] loss: 0.035
[20,   400] loss: 0.035
[21,   100] loss: 0.035
[21,   200] loss: 0.035
[21,   300] loss: 0.035
[21,   400] loss: 0.035
[22,   100] loss: 0.035
[22,   200] loss: 0.035
[22,   300] loss: 0.035
[22,   400] loss: 0.035
[23,   100] loss: 0.035
[23,   200] loss: 0.035
[23,   300] loss: 0.035
[23,   400] loss: 0.035
[24,   100] loss: 0.035
[24,   200] loss: 0.035
[24,   300] loss: 0.035
[24,   400] loss: 0.035
[25,   100] loss: 0.035
[25,   200] loss: 0.035
[25,   300] loss: 0.035
[25,   400] loss: 0.035
[26,   100] loss: 0.035
[26,   200] loss: 0.035
[26,   300] loss: 0.035
[26,   400] loss: 0.035
[27,   100] loss: 0.035
[27,   200] loss: 0.035
[27,   300] loss: 0.035
[27,   400] loss: 0.035
[28,   100] loss: 0.035
[28,   200] loss: 0.035
[28,   300] loss: 0.035
[28,   400] loss: 0.035
[29,   100] loss: 0.035
[29,   200] loss: 0.035
[29,   300] loss: 0.035
[29,   400] loss: 0.035
[30,   100] loss: 0.035
[30,   200] loss: 0.035
[30,   300] loss: 0.035
[30,   400] loss: 0.035
<class 'float'> 0.0
<class 'dict'>
Training 30 epoch(s) w/ 404 batches each
[1,   100] loss: 0.068
[1,   200] loss: 0.036
[1,   300] loss: 0.036
[1,   400] loss: 0.035
[2,   100] loss: 0.035
[2,   200] loss: 0.035
[2,   300] loss: 0.035
[2,   400] loss: 0.035
[3,   100] loss: 0.035
[3,   200] loss: 0.036
[3,   300] loss: 0.035
[3,   400] loss: 0.035
[4,   100] loss: 0.035
[4,   200] loss: 0.035
[4,   300] loss: 0.035
[4,   400] loss: 0.035
[5,   100] loss: 0.035
[5,   200] loss: 0.035
[5,   300] loss: 0.035
[5,   400] loss: 0.035
[6,   100] loss: 0.035
[6,   200] loss: 0.035
[6,   300] loss: 0.035
[6,   400] loss: 0.035
[7,   100] loss: 0.035
[7,   200] loss: 0.035
[7,   300] loss: 0.035
[7,   400] loss: 0.035
[8,   100] loss: 0.035
[8,   200] loss: 0.035
[8,   300] loss: 0.035
[8,   400] loss: 0.035
[9,   100] loss: 0.035
[9,   200] loss: 0.035
[9,   300] loss: 0.035
[9,   400] loss: 0.035
[10,   100] loss: 0.035
[10,   200] loss: 0.036
[10,   300] loss: 0.035
[10,   400] loss: 0.035
[11,   100] loss: 0.035
[11,   200] loss: 0.035
[11,   300] loss: 0.035
[11,   400] loss: 0.035
[12,   100] loss: 0.035
[12,   200] loss: 0.035
[12,   300] loss: 0.035
[12,   400] loss: 0.035
[13,   100] loss: 0.035
[13,   200] loss: 0.035
[13,   300] loss: 0.035
[13,   400] loss: 0.035
[14,   100] loss: 0.035
[14,   200] loss: 0.035
[14,   300] loss: 0.035
[14,   400] loss: 0.035
[15,   100] loss: 0.035
[15,   200] loss: 0.035
[15,   300] loss: 0.035
[15,   400] loss: 0.035
[16,   100] loss: 0.035
[16,   200] loss: 0.035
[16,   300] loss: 0.035
[16,   400] loss: 0.035
[17,   100] loss: 0.035
[17,   200] loss: 0.035
[17,   300] loss: 0.035
[17,   400] loss: 0.035
[18,   100] loss: 0.035
[18,   200] loss: 0.035
[18,   300] loss: 0.035
[18,   400] loss: 0.035
[19,   100] loss: 0.035
[19,   200] loss: 0.035
[19,   300] loss: 0.035
[19,   400] loss: 0.035
[20,   100] loss: 0.035
[20,   200] loss: 0.035
[20,   300] loss: 0.035
[20,   400] loss: 0.035
[21,   100] loss: 0.035
[21,   200] loss: 0.035
[21,   300] loss: 0.035
[21,   400] loss: 0.035
[22,   100] loss: 0.035
[22,   200] loss: 0.035
[22,   300] loss: 0.035
[22,   400] loss: 0.035
[23,   100] loss: 0.035
[23,   200] loss: 0.035
[23,   300] loss: 0.035
[23,   400] loss: 0.035
[24,   100] loss: 0.035
[24,   200] loss: 0.035
[24,   300] loss: 0.035
[24,   400] loss: 0.035
[25,   100] loss: 0.035
[25,   200] loss: 0.035
[25,   300] loss: 0.035
[25,   400] loss: 0.035
[26,   100] loss: 0.035
[26,   200] loss: 0.035
[26,   300] loss: 0.035
[26,   400] loss: 0.035
[27,   100] loss: 0.035
[27,   200] loss: 0.035
[27,   300] loss: 0.035
[27,   400] loss: 0.035
[28,   100] loss: 0.035
[28,   200] loss: 0.035
[28,   300] loss: 0.035
[28,   400] loss: 0.035
[29,   100] loss: 0.035
[29,   200] loss: 0.035
[29,   300] loss: 0.035
[29,   400] loss: 0.035
[30,   100] loss: 0.035
[30,   200] loss: 0.035
[30,   300] loss: 0.035
[30,   400] loss: 0.035
<class 'float'> 0.0
<class 'dict'>
Training 30 epoch(s) w/ 404 batches each
[1,   100] loss: 0.058
[1,   200] loss: 0.036
[1,   300] loss: 0.035
[1,   400] loss: 0.035
[2,   100] loss: 0.035
[2,   200] loss: 0.035
[2,   300] loss: 0.035
[2,   400] loss: 0.035
[3,   100] loss: 0.035
[3,   200] loss: 0.035
[3,   300] loss: 0.035
[3,   400] loss: 0.036
[4,   100] loss: 0.035
[4,   200] loss: 0.035
[4,   300] loss: 0.035
[4,   400] loss: 0.035
[5,   100] loss: 0.035
[5,   200] loss: 0.035
[5,   300] loss: 0.035
[5,   400] loss: 0.035
[6,   100] loss: 0.035
[6,   200] loss: 0.035
[6,   300] loss: 0.035
[6,   400] loss: 0.035
[7,   100] loss: 0.035
[7,   200] loss: 0.035
[7,   300] loss: 0.035
[7,   400] loss: 0.035
[8,   100] loss: 0.035
[8,   200] loss: 0.035
[8,   300] loss: 0.035
[8,   400] loss: 0.035
[9,   100] loss: 0.035
[9,   200] loss: 0.035
[9,   300] loss: 0.035
[9,   400] loss: 0.035
[10,   100] loss: 0.035
[10,   200] loss: 0.035
[10,   300] loss: 0.035
[10,   400] loss: 0.035
[11,   100] loss: 0.035
[11,   200] loss: 0.035
[11,   300] loss: 0.035
[11,   400] loss: 0.035
[12,   100] loss: 0.035
[12,   200] loss: 0.035
[12,   300] loss: 0.035
[12,   400] loss: 0.035
[13,   100] loss: 0.035
[13,   200] loss: 0.035
[13,   300] loss: 0.035
[13,   400] loss: 0.035
[14,   100] loss: 0.035
[14,   200] loss: 0.035
[14,   300] loss: 0.035
[14,   400] loss: 0.035
[15,   100] loss: 0.035
[15,   200] loss: 0.035
[15,   300] loss: 0.035
[15,   400] loss: 0.035
[16,   100] loss: 0.035
[16,   200] loss: 0.035
[16,   300] loss: 0.035
[16,   400] loss: 0.035
[17,   100] loss: 0.035
[17,   200] loss: 0.035
[17,   300] loss: 0.035
[17,   400] loss: 0.035
[18,   100] loss: 0.035
[18,   200] loss: 0.035
[18,   300] loss: 0.035
[18,   400] loss: 0.035
[19,   100] loss: 0.035
[19,   200] loss: 0.035
[19,   300] loss: 0.035
[19,   400] loss: 0.035
[20,   100] loss: 0.035
[20,   200] loss: 0.035
[20,   300] loss: 0.035
[20,   400] loss: 0.035
[21,   100] loss: 0.035
[21,   200] loss: 0.035
[21,   300] loss: 0.035
[21,   400] loss: 0.035
[22,   100] loss: 0.035
[22,   200] loss: 0.035
[22,   300] loss: 0.035
[22,   400] loss: 0.035
[23,   100] loss: 0.035
[23,   200] loss: 0.035
[23,   300] loss: 0.035
[23,   400] loss: 0.035
[24,   100] loss: 0.035
[24,   200] loss: 0.035
[24,   300] loss: 0.035
[24,   400] loss: 0.035
[25,   100] loss: 0.035
[25,   200] loss: 0.035
[25,   300] loss: 0.035
[25,   400] loss: 0.035
[26,   100] loss: 0.035
[26,   200] loss: 0.035
[26,   300] loss: 0.035
[26,   400] loss: 0.035
[27,   100] loss: 0.035
[27,   200] loss: 0.035
[27,   300] loss: 0.035
[27,   400] loss: 0.035
[28,   100] loss: 0.035
[28,   200] loss: 0.035
[28,   300] loss: 0.036
[28,   400] loss: 0.035
[29,   100] loss: 0.035
[29,   200] loss: 0.035
[29,   300] loss: 0.035
[29,   400] loss: 0.035
[30,   100] loss: 0.035
[30,   200] loss: 0.035
[30,   300] loss: 0.035
[30,   400] loss: 0.035
<class 'float'> 0.0
<class 'dict'>
Training 30 epoch(s) w/ 404 batches each
[1,   100] loss: 0.045
[1,   200] loss: 0.035
[1,   300] loss: 0.035
[1,   400] loss: 0.035
[2,   100] loss: 0.035
[2,   200] loss: 0.035
[2,   300] loss: 0.035
[2,   400] loss: 0.035
[3,   100] loss: 0.035
[3,   200] loss: 0.035
[3,   300] loss: 0.035
[3,   400] loss: 0.035
[4,   100] loss: 0.035
[4,   200] loss: 0.035
[4,   300] loss: 0.035
[4,   400] loss: 0.035
[5,   100] loss: 0.035
[5,   200] loss: 0.035
[5,   300] loss: 0.035
[5,   400] loss: 0.035
[6,   100] loss: 0.035
[6,   200] loss: 0.035
[6,   300] loss: 0.035
[6,   400] loss: 0.035
[7,   100] loss: 0.035
[7,   200] loss: 0.035
[7,   300] loss: 0.035
[7,   400] loss: 0.035
[8,   100] loss: 0.035
[8,   200] loss: 0.035
[8,   300] loss: 0.035
[8,   400] loss: 0.035
[9,   100] loss: 0.035
[9,   200] loss: 0.035
[9,   300] loss: 0.035
[9,   400] loss: 0.035
[10,   100] loss: 0.035
[10,   200] loss: 0.035
[10,   300] loss: 0.035
[10,   400] loss: 0.035
[11,   100] loss: 0.035
[11,   200] loss: 0.035
[11,   300] loss: 0.035
[11,   400] loss: 0.035
[12,   100] loss: 0.035
[12,   200] loss: 0.035
[12,   300] loss: 0.035
[12,   400] loss: 0.035
[13,   100] loss: 0.035
[13,   200] loss: 0.035
[13,   300] loss: 0.035
[13,   400] loss: 0.035
[14,   100] loss: 0.035
[14,   200] loss: 0.035
[14,   300] loss: 0.035
[14,   400] loss: 0.035
[15,   100] loss: 0.035
[15,   200] loss: 0.035
[15,   300] loss: 0.035
[15,   400] loss: 0.035
[16,   100] loss: 0.035
[16,   200] loss: 0.035
[16,   300] loss: 0.035
[16,   400] loss: 0.035
[17,   100] loss: 0.035
[17,   200] loss: 0.035
[17,   300] loss: 0.035
[17,   400] loss: 0.035
[18,   100] loss: 0.035
[18,   200] loss: 0.035
[18,   300] loss: 0.035
[18,   400] loss: 0.035
[19,   100] loss: 0.035
[19,   200] loss: 0.035
[19,   300] loss: 0.035
[19,   400] loss: 0.035
[20,   100] loss: 0.035
[20,   200] loss: 0.035
[20,   300] loss: 0.035
[20,   400] loss: 0.035
[21,   100] loss: 0.035
[21,   200] loss: 0.035
[21,   300] loss: 0.035
[21,   400] loss: 0.035
[22,   100] loss: 0.035
[22,   200] loss: 0.035
[22,   300] loss: 0.035
[22,   400] loss: 0.035
[23,   100] loss: 0.035
[23,   200] loss: 0.035
[23,   300] loss: 0.035
[23,   400] loss: 0.035
[24,   100] loss: 0.035
[24,   200] loss: 0.035
[24,   300] loss: 0.035
[24,   400] loss: 0.035
[25,   100] loss: 0.035
[25,   200] loss: 0.035
[25,   300] loss: 0.035
[25,   400] loss: 0.035
[26,   100] loss: 0.035
[26,   200] loss: 0.035
[26,   300] loss: 0.035
[26,   400] loss: 0.035
[27,   100] loss: 0.035
[27,   200] loss: 0.035
[27,   300] loss: 0.035
[27,   400] loss: 0.035
[28,   100] loss: 0.035
[28,   200] loss: 0.035
[28,   300] loss: 0.035
[28,   400] loss: 0.035
[29,   100] loss: 0.035
[29,   200] loss: 0.035
[29,   300] loss: 0.035
[29,   400] loss: 0.035
[30,   100] loss: 0.035
[30,   200] loss: 0.035
[30,   300] loss: 0.035
[30,   400] loss: 0.035
<class 'float'> 0.0
<class 'dict'>
Training 30 epoch(s) w/ 404 batches each
[1,   100] loss: 0.043
[1,   200] loss: 0.035
[1,   300] loss: 0.035
[1,   400] loss: 0.035
[2,   100] loss: 0.035
[2,   200] loss: 0.035
[2,   300] loss: 0.035
[2,   400] loss: 0.035
[3,   100] loss: 0.035
[3,   200] loss: 0.035
[3,   300] loss: 0.035
[3,   400] loss: 0.035
[4,   100] loss: 0.035
[4,   200] loss: 0.035
[4,   300] loss: 0.035
[4,   400] loss: 0.035
[5,   100] loss: 0.035
[5,   200] loss: 0.035
[5,   300] loss: 0.035
[5,   400] loss: 0.035
[6,   100] loss: 0.035
[6,   200] loss: 0.035
[6,   300] loss: 0.035
[6,   400] loss: 0.035
[7,   100] loss: 0.035
[7,   200] loss: 0.035
[7,   300] loss: 0.035
[7,   400] loss: 0.035
[8,   100] loss: 0.035
[8,   200] loss: 0.035
[8,   300] loss: 0.035
[8,   400] loss: 0.035
[9,   100] loss: 0.035
[9,   200] loss: 0.035
[9,   300] loss: 0.035
[9,   400] loss: 0.035
[10,   100] loss: 0.035
[10,   200] loss: 0.035
[10,   300] loss: 0.035
[10,   400] loss: 0.035
[11,   100] loss: 0.035
[11,   200] loss: 0.035
[11,   300] loss: 0.035
[11,   400] loss: 0.035
[12,   100] loss: 0.035
[12,   200] loss: 0.035
[12,   300] loss: 0.035
[12,   400] loss: 0.035
[13,   100] loss: 0.035
[13,   200] loss: 0.035
[13,   300] loss: 0.035
[13,   400] loss: 0.035
[14,   100] loss: 0.035
[14,   200] loss: 0.035
[14,   300] loss: 0.035
[14,   400] loss: 0.035
[15,   100] loss: 0.035
[15,   200] loss: 0.035
[15,   300] loss: 0.035
[15,   400] loss: 0.035
[16,   100] loss: 0.035
[16,   200] loss: 0.035
[16,   300] loss: 0.035
[16,   400] loss: 0.035
[17,   100] loss: 0.035
[17,   200] loss: 0.035
[17,   300] loss: 0.035
[17,   400] loss: 0.035
[18,   100] loss: 0.035
[18,   200] loss: 0.035
[18,   300] loss: 0.035
[18,   400] loss: 0.035
[19,   100] loss: 0.035
[19,   200] loss: 0.035
[19,   300] loss: 0.035
[19,   400] loss: 0.035
[20,   100] loss: 0.035
[20,   200] loss: 0.035
[20,   300] loss: 0.035
[20,   400] loss: 0.035
[21,   100] loss: 0.035
[21,   200] loss: 0.035
[21,   300] loss: 0.035
[21,   400] loss: 0.035
[22,   100] loss: 0.035
[22,   200] loss: 0.035
[22,   300] loss: 0.035
[22,   400] loss: 0.035
[23,   100] loss: 0.035
[23,   200] loss: 0.035
[23,   300] loss: 0.035
[23,   400] loss: 0.035
[24,   100] loss: 0.035
[24,   200] loss: 0.035
[24,   300] loss: 0.035
[24,   400] loss: 0.035
[25,   100] loss: 0.035
[25,   200] loss: 0.035
[25,   300] loss: 0.035
[25,   400] loss: 0.035
[26,   100] loss: 0.035
[26,   200] loss: 0.035
[26,   300] loss: 0.035
[26,   400] loss: 0.035
[27,   100] loss: 0.035
[27,   200] loss: 0.035
[27,   300] loss: 0.035
[27,   400] loss: 0.035
[28,   100] loss: 0.035
[28,   200] loss: 0.035
[28,   300] loss: 0.035
[28,   400] loss: 0.035
[29,   100] loss: 0.035
[29,   200] loss: 0.035
[29,   300] loss: 0.035
[29,   400] loss: 0.035
[30,   100] loss: 0.035
[30,   200] loss: 0.035
[30,   300] loss: 0.035
[30,   400] loss: 0.035
<class 'float'> 0.0
<class 'dict'>
Training 30 epoch(s) w/ 404 batches each
[1,   100] loss: 0.045
[1,   200] loss: 0.036
[1,   300] loss: 0.036
[1,   400] loss: 0.035
[2,   100] loss: 0.035
[2,   200] loss: 0.035
[2,   300] loss: 0.035
[2,   400] loss: 0.035
[3,   100] loss: 0.035
[3,   200] loss: 0.035
[3,   300] loss: 0.035
[3,   400] loss: 0.035
[4,   100] loss: 0.035
[4,   200] loss: 0.035
[4,   300] loss: 0.035
[4,   400] loss: 0.035
[5,   100] loss: 0.035
[5,   200] loss: 0.035
[5,   300] loss: 0.035
[5,   400] loss: 0.035
[6,   100] loss: 0.035
[6,   200] loss: 0.035
[6,   300] loss: 0.035
[6,   400] loss: 0.035
[7,   100] loss: 0.035
[7,   200] loss: 0.035
[7,   300] loss: 0.035
[7,   400] loss: 0.035
[8,   100] loss: 0.035
[8,   200] loss: 0.035
[8,   300] loss: 0.035
[8,   400] loss: 0.035
[9,   100] loss: 0.035
[9,   200] loss: 0.035
[9,   300] loss: 0.035
[9,   400] loss: 0.035
[10,   100] loss: 0.035
[10,   200] loss: 0.035
[10,   300] loss: 0.035
[10,   400] loss: 0.035
[11,   100] loss: 0.035
[11,   200] loss: 0.035
[11,   300] loss: 0.035
[11,   400] loss: 0.035
[12,   100] loss: 0.035
[12,   200] loss: 0.035
[12,   300] loss: 0.035
[12,   400] loss: 0.035
[13,   100] loss: 0.035
[13,   200] loss: 0.035
[13,   300] loss: 0.035
[13,   400] loss: 0.035
[14,   100] loss: 0.035
[14,   200] loss: 0.035
[14,   300] loss: 0.035
[14,   400] loss: 0.035
[15,   100] loss: 0.035
[15,   200] loss: 0.035
[15,   300] loss: 0.035
[15,   400] loss: 0.035
[16,   100] loss: 0.035
[16,   200] loss: 0.035
[16,   300] loss: 0.035
[16,   400] loss: 0.035
[17,   100] loss: 0.035
[17,   200] loss: 0.035
[17,   300] loss: 0.035
[17,   400] loss: 0.035
[18,   100] loss: 0.035
[18,   200] loss: 0.035
[18,   300] loss: 0.035
[18,   400] loss: 0.035
[19,   100] loss: 0.035
[19,   200] loss: 0.035
[19,   300] loss: 0.035
[19,   400] loss: 0.035
[20,   100] loss: 0.035
[20,   200] loss: 0.035
[20,   300] loss: 0.035
[20,   400] loss: 0.035
[21,   100] loss: 0.035
[21,   200] loss: 0.035
[21,   300] loss: 0.035
[21,   400] loss: 0.035
[22,   100] loss: 0.035
[22,   200] loss: 0.035
[22,   300] loss: 0.035
[22,   400] loss: 0.035
[23,   100] loss: 0.035
[23,   200] loss: 0.035
[23,   300] loss: 0.035
[23,   400] loss: 0.035
[24,   100] loss: 0.035
[24,   200] loss: 0.035
[24,   300] loss: 0.035
[24,   400] loss: 0.035
[25,   100] loss: 0.035
[25,   200] loss: 0.035
[25,   300] loss: 0.035
[25,   400] loss: 0.035
[26,   100] loss: 0.035
[26,   200] loss: 0.035
[26,   300] loss: 0.035
[26,   400] loss: 0.035
[27,   100] loss: 0.035
[27,   200] loss: 0.035
[27,   300] loss: 0.035
[27,   400] loss: 0.035
[28,   100] loss: 0.035
[28,   200] loss: 0.035
[28,   300] loss: 0.035
[28,   400] loss: 0.035
[29,   100] loss: 0.035
[29,   200] loss: 0.035
[29,   300] loss: 0.035
[29,   400] loss: 0.035
[30,   100] loss: 0.035
[30,   200] loss: 0.035
[30,   300] loss: 0.035
[30,   400] loss: 0.035
<class 'float'> 0.0
<class 'dict'>
Training 30 epoch(s) w/ 404 batches each
[1,   100] loss: 0.043
[1,   200] loss: 0.035
[1,   300] loss: 0.035
[1,   400] loss: 0.035
[2,   100] loss: 0.035
[2,   200] loss: 0.035
[2,   300] loss: 0.035
[2,   400] loss: 0.035
[3,   100] loss: 0.035
[3,   200] loss: 0.035
[3,   300] loss: 0.035
[3,   400] loss: 0.035
[4,   100] loss: 0.035
[4,   200] loss: 0.035
[4,   300] loss: 0.035
[4,   400] loss: 0.035
[5,   100] loss: 0.035
[5,   200] loss: 0.035
[5,   300] loss: 0.035
[5,   400] loss: 0.035
[6,   100] loss: 0.035
[6,   200] loss: 0.035
[6,   300] loss: 0.035
[6,   400] loss: 0.035
[7,   100] loss: 0.035
[7,   200] loss: 0.035
[7,   300] loss: 0.035
[7,   400] loss: 0.035
[8,   100] loss: 0.035
[8,   200] loss: 0.035
[8,   300] loss: 0.035
[8,   400] loss: 0.035
[9,   100] loss: 0.035
[9,   200] loss: 0.035
[9,   300] loss: 0.035
[9,   400] loss: 0.035
[10,   100] loss: 0.035
[10,   200] loss: 0.035
[10,   300] loss: 0.035
[10,   400] loss: 0.035
[11,   100] loss: 0.035
[11,   200] loss: 0.035
[11,   300] loss: 0.035
[11,   400] loss: 0.035
[12,   100] loss: 0.035
[12,   200] loss: 0.035
[12,   300] loss: 0.035
[12,   400] loss: 0.035
[13,   100] loss: 0.035
[13,   200] loss: 0.035
[13,   300] loss: 0.035
[13,   400] loss: 0.035
[14,   100] loss: 0.035
[14,   200] loss: 0.035
[14,   300] loss: 0.035
[14,   400] loss: 0.035
[15,   100] loss: 0.035
[15,   200] loss: 0.035
[15,   300] loss: 0.035
[15,   400] loss: 0.035
[16,   100] loss: 0.035
[16,   200] loss: 0.035
[16,   300] loss: 0.035
[16,   400] loss: 0.035
[17,   100] loss: 0.035
[17,   200] loss: 0.035
[17,   300] loss: 0.035
[17,   400] loss: 0.035
[18,   100] loss: 0.035
[18,   200] loss: 0.035
[18,   300] loss: 0.035
[18,   400] loss: 0.035
[19,   100] loss: 0.035
[19,   200] loss: 0.035
[19,   300] loss: 0.035
[19,   400] loss: 0.035
[20,   100] loss: 0.035
[20,   200] loss: 0.035
[20,   300] loss: 0.035
[20,   400] loss: 0.035
[21,   100] loss: 0.035
[21,   200] loss: 0.035
[21,   300] loss: 0.035
[21,   400] loss: 0.035
[22,   100] loss: 0.035
[22,   200] loss: 0.035
[22,   300] loss: 0.035
[22,   400] loss: 0.035
[23,   100] loss: 0.035
[23,   200] loss: 0.035
[23,   300] loss: 0.035
[23,   400] loss: 0.035
[24,   100] loss: 0.035
[24,   200] loss: 0.035
[24,   300] loss: 0.035
[24,   400] loss: 0.035
[25,   100] loss: 0.035
[25,   200] loss: 0.035
[25,   300] loss: 0.035
[25,   400] loss: 0.035
[26,   100] loss: 0.035
[26,   200] loss: 0.035
[26,   300] loss: 0.035
[26,   400] loss: 0.035
[27,   100] loss: 0.035
[27,   200] loss: 0.035
[27,   300] loss: 0.035
[27,   400] loss: 0.035
[28,   100] loss: 0.035
[28,   200] loss: 0.035
[28,   300] loss: 0.035
[28,   400] loss: 0.035
[29,   100] loss: 0.035
[29,   200] loss: 0.035
[29,   300] loss: 0.035
[29,   400] loss: 0.035
[30,   100] loss: 0.035
[30,   200] loss: 0.035
[30,   300] loss: 0.035
[30,   400] loss: 0.035
<class 'float'> 0.0
<class 'dict'>
Training 30 epoch(s) w/ 404 batches each
[1,   100] loss: 0.046
[1,   200] loss: 0.036
[1,   300] loss: 0.035
[1,   400] loss: 0.035
[2,   100] loss: 0.035
[2,   200] loss: 0.035
[2,   300] loss: 0.035
[2,   400] loss: 0.035
[3,   100] loss: 0.035
[3,   200] loss: 0.035
[3,   300] loss: 0.035
[3,   400] loss: 0.035
[4,   100] loss: 0.035
[4,   200] loss: 0.035
[4,   300] loss: 0.035
[4,   400] loss: 0.035
[5,   100] loss: 0.036
[5,   200] loss: 0.035
[5,   300] loss: 0.035
[5,   400] loss: 0.035
[6,   100] loss: 0.035
[6,   200] loss: 0.035
[6,   300] loss: 0.035
[6,   400] loss: 0.035
[7,   100] loss: 0.035
[7,   200] loss: 0.035
[7,   300] loss: 0.035
[7,   400] loss: 0.035
[8,   100] loss: 0.035
[8,   200] loss: 0.035
[8,   300] loss: 0.035
[8,   400] loss: 0.035
[9,   100] loss: 0.035
[9,   200] loss: 0.035
[9,   300] loss: 0.035
[9,   400] loss: 0.035
[10,   100] loss: 0.035
[10,   200] loss: 0.035
[10,   300] loss: 0.035
[10,   400] loss: 0.035
[11,   100] loss: 0.035
[11,   200] loss: 0.035
[11,   300] loss: 0.035
[11,   400] loss: 0.035
[12,   100] loss: 0.035
[12,   200] loss: 0.035
[12,   300] loss: 0.035
[12,   400] loss: 0.035
[13,   100] loss: 0.035
[13,   200] loss: 0.035
[13,   300] loss: 0.035
[13,   400] loss: 0.035
[14,   100] loss: 0.035
[14,   200] loss: 0.035
[14,   300] loss: 0.035
[14,   400] loss: 0.035
[15,   100] loss: 0.035
[15,   200] loss: 0.035
[15,   300] loss: 0.035
[15,   400] loss: 0.035
[16,   100] loss: 0.035
[16,   200] loss: 0.035
[16,   300] loss: 0.035
[16,   400] loss: 0.035
[17,   100] loss: 0.035
[17,   200] loss: 0.035
[17,   300] loss: 0.035
[17,   400] loss: 0.035
[18,   100] loss: 0.035
[18,   200] loss: 0.035
[18,   300] loss: 0.035
[18,   400] loss: 0.035
[19,   100] loss: 0.035
[19,   200] loss: 0.035
[19,   300] loss: 0.035
[19,   400] loss: 0.035
[20,   100] loss: 0.035
[20,   200] loss: 0.035
[20,   300] loss: 0.035
[20,   400] loss: 0.035
[21,   100] loss: 0.035
[21,   200] loss: 0.035
[21,   300] loss: 0.035
[21,   400] loss: 0.035
[22,   100] loss: 0.035
[22,   200] loss: 0.035
[22,   300] loss: 0.035
[22,   400] loss: 0.035
[23,   100] loss: 0.035
[23,   200] loss: 0.035
[23,   300] loss: 0.035
[23,   400] loss: 0.035
[24,   100] loss: 0.035
[24,   200] loss: 0.035
[24,   300] loss: 0.035
[24,   400] loss: 0.035
[25,   100] loss: 0.035
[25,   200] loss: 0.035
[25,   300] loss: 0.035
[25,   400] loss: 0.035
[26,   100] loss: 0.035
[26,   200] loss: 0.035
[26,   300] loss: 0.035
[26,   400] loss: 0.035
[27,   100] loss: 0.035
[27,   200] loss: 0.035
[27,   300] loss: 0.035
[27,   400] loss: 0.035
[28,   100] loss: 0.035
[28,   200] loss: 0.035
[28,   300] loss: 0.035
[28,   400] loss: 0.035
[29,   100] loss: 0.036
[29,   200] loss: 0.035
[29,   300] loss: 0.035
[29,   400] loss: 0.035
[30,   100] loss: 0.035
[30,   200] loss: 0.035
[30,   300] loss: 0.035
[30,   400] loss: 0.035
<class 'float'> 0.0
<class 'dict'>
<class 'float'> 0.0
<class 'dict'>
Training 30 epoch(s) w/ 404 batches each
[1,   100] loss: 0.063
[1,   200] loss: 0.036
[1,   300] loss: 0.036
[1,   400] loss: 0.036
[2,   100] loss: 0.035
[2,   200] loss: 0.035
[2,   300] loss: 0.035
[2,   400] loss: 0.035
[3,   100] loss: 0.035
[3,   200] loss: 0.035
[3,   300] loss: 0.035
[3,   400] loss: 0.035
[4,   100] loss: 0.035
[4,   200] loss: 0.035
[4,   300] loss: 0.035
[4,   400] loss: 0.035
[5,   100] loss: 0.035
[5,   200] loss: 0.035
[5,   300] loss: 0.035
[5,   400] loss: 0.035
[6,   100] loss: 0.035
[6,   200] loss: 0.035
[6,   300] loss: 0.035
[6,   400] loss: 0.035
[7,   100] loss: 0.035
[7,   200] loss: 0.035
[7,   300] loss: 0.035
[7,   400] loss: 0.035
[8,   100] loss: 0.035
[8,   200] loss: 0.035
[8,   300] loss: 0.035
[8,   400] loss: 0.035
[9,   100] loss: 0.035
[9,   200] loss: 0.035
[9,   300] loss: 0.035
[9,   400] loss: 0.035
[10,   100] loss: 0.035
[10,   200] loss: 0.035
[10,   300] loss: 0.035
[10,   400] loss: 0.035
[11,   100] loss: 0.035
[11,   200] loss: 0.035
[11,   300] loss: 0.035
[11,   400] loss: 0.035
[12,   100] loss: 0.035
[12,   200] loss: 0.035
[12,   300] loss: 0.035
[12,   400] loss: 0.035
[13,   100] loss: 0.035
[13,   200] loss: 0.035
[13,   300] loss: 0.035
[13,   400] loss: 0.035
[14,   100] loss: 0.035
[14,   200] loss: 0.035
[14,   300] loss: 0.035
[14,   400] loss: 0.035
[15,   100] loss: 0.035
[15,   200] loss: 0.035
[15,   300] loss: 0.035
[15,   400] loss: 0.035
[16,   100] loss: 0.035
[16,   200] loss: 0.035
[16,   300] loss: 0.035
[16,   400] loss: 0.035
[17,   100] loss: 0.035
[17,   200] loss: 0.035
[17,   300] loss: 0.035
[17,   400] loss: 0.035
[18,   100] loss: 0.035
[18,   200] loss: 0.035
[18,   300] loss: 0.035
[18,   400] loss: 0.035
[19,   100] loss: 0.035
[19,   200] loss: 0.035
[19,   300] loss: 0.035
[19,   400] loss: 0.035
[20,   100] loss: 0.035
[20,   200] loss: 0.035
[20,   300] loss: 0.035
[20,   400] loss: 0.035
[21,   100] loss: 0.035
[21,   200] loss: 0.035
[21,   300] loss: 0.035
[21,   400] loss: 0.035
[22,   100] loss: 0.035
[22,   200] loss: 0.035
[22,   300] loss: 0.035
[22,   400] loss: 0.035
[23,   100] loss: 0.035
[23,   200] loss: 0.035
[23,   300] loss: 0.035
[23,   400] loss: 0.035
[24,   100] loss: 0.035
[24,   200] loss: 0.035
[24,   300] loss: 0.035
[24,   400] loss: 0.035
[25,   100] loss: 0.035
[25,   200] loss: 0.035
[25,   300] loss: 0.035
[25,   400] loss: 0.035
[26,   100] loss: 0.035
[26,   200] loss: 0.035
[26,   300] loss: 0.035
[26,   400] loss: 0.035
[27,   100] loss: 0.035
[27,   200] loss: 0.035
[27,   300] loss: 0.035
[27,   400] loss: 0.035
[28,   100] loss: 0.035
[28,   200] loss: 0.035
[28,   300] loss: 0.035
[28,   400] loss: 0.035
[29,   100] loss: 0.035
[29,   200] loss: 0.035
[29,   300] loss: 0.035
[29,   400] loss: 0.035
[30,   100] loss: 0.035
[30,   200] loss: 0.035
[30,   300] loss: 0.035
[30,   400] loss: 0.035
<class 'float'> 0.0
<class 'dict'>
Training 30 epoch(s) w/ 404 batches each
[1,   100] loss: 0.058
[1,   200] loss: 0.036
[1,   300] loss: 0.035
[1,   400] loss: 0.035
[2,   100] loss: 0.035
[2,   200] loss: 0.035
[2,   300] loss: 0.035
[2,   400] loss: 0.035
[3,   100] loss: 0.035
[3,   200] loss: 0.035
[3,   300] loss: 0.035
[3,   400] loss: 0.035
[4,   100] loss: 0.035
[4,   200] loss: 0.035
[4,   300] loss: 0.035
[4,   400] loss: 0.035
[5,   100] loss: 0.035
[5,   200] loss: 0.035
[5,   300] loss: 0.035
[5,   400] loss: 0.035
[6,   100] loss: 0.035
[6,   200] loss: 0.035
[6,   300] loss: 0.035
[6,   400] loss: 0.035
[7,   100] loss: 0.035
[7,   200] loss: 0.035
[7,   300] loss: 0.035
[7,   400] loss: 0.035
[8,   100] loss: 0.035
[8,   200] loss: 0.035
[8,   300] loss: 0.035
[8,   400] loss: 0.035
[9,   100] loss: 0.035
[9,   200] loss: 0.035
[9,   300] loss: 0.035
[9,   400] loss: 0.035
[10,   100] loss: 0.035
[10,   200] loss: 0.035
[10,   300] loss: 0.035
[10,   400] loss: 0.035
[11,   100] loss: 0.035
[11,   200] loss: 0.035
[11,   300] loss: 0.035
[11,   400] loss: 0.035
[12,   100] loss: 0.035
[12,   200] loss: 0.035
[12,   300] loss: 0.035
[12,   400] loss: 0.035
[13,   100] loss: 0.035
[13,   200] loss: 0.035
[13,   300] loss: 0.035
[13,   400] loss: 0.035
[14,   100] loss: 0.035
[14,   200] loss: 0.035
[14,   300] loss: 0.035
[14,   400] loss: 0.035
[15,   100] loss: 0.035
[15,   200] loss: 0.035
[15,   300] loss: 0.035
[15,   400] loss: 0.035
[16,   100] loss: 0.035
[16,   200] loss: 0.035
[16,   300] loss: 0.035
[16,   400] loss: 0.035
[17,   100] loss: 0.035
[17,   200] loss: 0.035
[17,   300] loss: 0.035
[17,   400] loss: 0.035
[18,   100] loss: 0.036
[18,   200] loss: 0.035
[18,   300] loss: 0.035
[18,   400] loss: 0.035
[19,   100] loss: 0.035
[19,   200] loss: 0.035
[19,   300] loss: 0.035
[19,   400] loss: 0.035
[20,   100] loss: 0.035
[20,   200] loss: 0.035
[20,   300] loss: 0.035
[20,   400] loss: 0.035
[21,   100] loss: 0.035
[21,   200] loss: 0.035
[21,   300] loss: 0.035
[21,   400] loss: 0.035
[22,   100] loss: 0.035
[22,   200] loss: 0.035
[22,   300] loss: 0.035
[22,   400] loss: 0.035
[23,   100] loss: 0.035
[23,   200] loss: 0.035
[23,   300] loss: 0.035
[23,   400] loss: 0.035
[24,   100] loss: 0.035
[24,   200] loss: 0.035
[24,   300] loss: 0.035
[24,   400] loss: 0.035
[25,   100] loss: 0.035
[25,   200] loss: 0.035
[25,   300] loss: 0.035
[25,   400] loss: 0.035
[26,   100] loss: 0.035
[26,   200] loss: 0.035
[26,   300] loss: 0.035
[26,   400] loss: 0.035
[27,   100] loss: 0.035
[27,   200] loss: 0.035
[27,   300] loss: 0.035
[27,   400] loss: 0.035
[28,   100] loss: 0.035
[28,   200] loss: 0.035
[28,   300] loss: 0.035
[28,   400] loss: 0.035
[29,   100] loss: 0.035
[29,   200] loss: 0.035
[29,   300] loss: 0.035
[29,   400] loss: 0.035
[30,   100] loss: 0.035
[30,   200] loss: 0.035
[30,   300] loss: 0.035
[30,   400] loss: 0.035
<class 'float'> 0.0
<class 'dict'>
Training 30 epoch(s) w/ 404 batches each
[1,   100] loss: 0.054
[1,   200] loss: 0.036
[1,   300] loss: 0.035
[1,   400] loss: 0.035
[2,   100] loss: 0.035
[2,   200] loss: 0.035
[2,   300] loss: 0.035
[2,   400] loss: 0.035
[3,   100] loss: 0.035
[3,   200] loss: 0.035
[3,   300] loss: 0.035
[3,   400] loss: 0.035
[4,   100] loss: 0.035
[4,   200] loss: 0.035
[4,   300] loss: 0.035
[4,   400] loss: 0.035
[5,   100] loss: 0.035
[5,   200] loss: 0.035
[5,   300] loss: 0.035
[5,   400] loss: 0.035
[6,   100] loss: 0.035
[6,   200] loss: 0.035
[6,   300] loss: 0.035
[6,   400] loss: 0.035
[7,   100] loss: 0.035
[7,   200] loss: 0.035
[7,   300] loss: 0.035
[7,   400] loss: 0.035
[8,   100] loss: 0.035
[8,   200] loss: 0.035
[8,   300] loss: 0.035
[8,   400] loss: 0.035
[9,   100] loss: 0.035
[9,   200] loss: 0.035
[9,   300] loss: 0.035
[9,   400] loss: 0.035
[10,   100] loss: 0.035
[10,   200] loss: 0.035
[10,   300] loss: 0.035
[10,   400] loss: 0.035
[11,   100] loss: 0.035
[11,   200] loss: 0.035
[11,   300] loss: 0.035
[11,   400] loss: 0.035
[12,   100] loss: 0.035
[12,   200] loss: 0.035
[12,   300] loss: 0.035
[12,   400] loss: 0.035
[13,   100] loss: 0.035
[13,   200] loss: 0.035
[13,   300] loss: 0.035
[13,   400] loss: 0.035
[14,   100] loss: 0.035
[14,   200] loss: 0.035
[14,   300] loss: 0.035
[14,   400] loss: 0.035
[15,   100] loss: 0.035
[15,   200] loss: 0.035
[15,   300] loss: 0.035
[15,   400] loss: 0.035
[16,   100] loss: 0.035
[16,   200] loss: 0.035
[16,   300] loss: 0.035
[16,   400] loss: 0.035
[17,   100] loss: 0.035
[17,   200] loss: 0.035
[17,   300] loss: 0.035
[17,   400] loss: 0.035
[18,   100] loss: 0.035
[18,   200] loss: 0.035
[18,   300] loss: 0.035
[18,   400] loss: 0.035
[19,   100] loss: 0.035
[19,   200] loss: 0.035
[19,   300] loss: 0.035
[19,   400] loss: 0.035
[20,   100] loss: 0.035
[20,   200] loss: 0.035
[20,   300] loss: 0.035
[20,   400] loss: 0.035
[21,   100] loss: 0.035
[21,   200] loss: 0.035
[21,   300] loss: 0.035
[21,   400] loss: 0.035
[22,   100] loss: 0.035
[22,   200] loss: 0.035
[22,   300] loss: 0.035
[22,   400] loss: 0.035
[23,   100] loss: 0.035
[23,   200] loss: 0.035
[23,   300] loss: 0.035
[23,   400] loss: 0.035
[24,   100] loss: 0.035
[24,   200] loss: 0.035
[24,   300] loss: 0.035
[24,   400] loss: 0.035
[25,   100] loss: 0.035
[25,   200] loss: 0.035
[25,   300] loss: 0.035
[25,   400] loss: 0.035
[26,   100] loss: 0.035
[26,   200] loss: 0.035
[26,   300] loss: 0.035
[26,   400] loss: 0.035
[27,   100] loss: 0.035
[27,   200] loss: 0.035
[27,   300] loss: 0.035
[27,   400] loss: 0.035
[28,   100] loss: 0.035
[28,   200] loss: 0.035
[28,   300] loss: 0.035
[28,   400] loss: 0.035
[29,   100] loss: 0.035
[29,   200] loss: 0.035
[29,   300] loss: 0.035
[29,   400] loss: 0.035
[30,   100] loss: 0.035
[30,   200] loss: 0.035
[30,   300] loss: 0.035
[30,   400] loss: 0.035
<class 'float'> 0.0
<class 'dict'>
Training 30 epoch(s) w/ 404 batches each
[1,   100] loss: 0.054
[1,   200] loss: 0.036
[1,   300] loss: 0.036
[1,   400] loss: 0.035
[2,   100] loss: 0.035
[2,   200] loss: 0.035
[2,   300] loss: 0.035
[2,   400] loss: 0.035
[3,   100] loss: 0.035
[3,   200] loss: 0.035
[3,   300] loss: 0.035
[3,   400] loss: 0.035
[4,   100] loss: 0.035
[4,   200] loss: 0.035
[4,   300] loss: 0.036
[4,   400] loss: 0.035
[5,   100] loss: 0.035
[5,   200] loss: 0.035
[5,   300] loss: 0.035
[5,   400] loss: 0.035
[6,   100] loss: 0.035
[6,   200] loss: 0.035
[6,   300] loss: 0.036
[6,   400] loss: 0.035
[7,   100] loss: 0.035
[7,   200] loss: 0.035
[7,   300] loss: 0.035
[7,   400] loss: 0.035
[8,   100] loss: 0.035
[8,   200] loss: 0.035
[8,   300] loss: 0.035
[8,   400] loss: 0.035
[9,   100] loss: 0.035
[9,   200] loss: 0.035
[9,   300] loss: 0.035
[9,   400] loss: 0.035
[10,   100] loss: 0.035
[10,   200] loss: 0.035
[10,   300] loss: 0.035
[10,   400] loss: 0.035
[11,   100] loss: 0.035
[11,   200] loss: 0.035
[11,   300] loss: 0.035
[11,   400] loss: 0.035
[12,   100] loss: 0.035
[12,   200] loss: 0.035
[12,   300] loss: 0.035
[12,   400] loss: 0.035
[13,   100] loss: 0.035
[13,   200] loss: 0.035
[13,   300] loss: 0.035
[13,   400] loss: 0.035
[14,   100] loss: 0.035
[14,   200] loss: 0.035
[14,   300] loss: 0.035
[14,   400] loss: 0.035
[15,   100] loss: 0.035
[15,   200] loss: 0.035
[15,   300] loss: 0.035
[15,   400] loss: 0.035
[16,   100] loss: 0.035
[16,   200] loss: 0.035
[16,   300] loss: 0.035
[16,   400] loss: 0.035
[17,   100] loss: 0.035
[17,   200] loss: 0.035
[17,   300] loss: 0.035
[17,   400] loss: 0.035
[18,   100] loss: 0.035
[18,   200] loss: 0.035
[18,   300] loss: 0.035
[18,   400] loss: 0.035
[19,   100] loss: 0.035
[19,   200] loss: 0.035
[19,   300] loss: 0.035
[19,   400] loss: 0.035
[20,   100] loss: 0.035
[20,   200] loss: 0.035
[20,   300] loss: 0.035
[20,   400] loss: 0.035
[21,   100] loss: 0.035
[21,   200] loss: 0.035
[21,   300] loss: 0.035
[21,   400] loss: 0.035
[22,   100] loss: 0.035
[22,   200] loss: 0.035
[22,   300] loss: 0.035
[22,   400] loss: 0.035
[23,   100] loss: 0.035
[23,   200] loss: 0.035
[23,   300] loss: 0.035
[23,   400] loss: 0.035
[24,   100] loss: 0.035
[24,   200] loss: 0.035
[24,   300] loss: 0.035
[24,   400] loss: 0.035
[25,   100] loss: 0.035
[25,   200] loss: 0.035
[25,   300] loss: 0.035
[25,   400] loss: 0.035
[26,   100] loss: 0.035
[26,   200] loss: 0.035
[26,   300] loss: 0.035
[26,   400] loss: 0.035
[27,   100] loss: 0.035
[27,   200] loss: 0.035
[27,   300] loss: 0.035
[27,   400] loss: 0.035
[28,   100] loss: 0.035
[28,   200] loss: 0.035
[28,   300] loss: 0.035
[28,   400] loss: 0.035
[29,   100] loss: 0.035
[29,   200] loss: 0.035
[29,   300] loss: 0.035
[29,   400] loss: 0.035
[30,   100] loss: 0.035
[30,   200] loss: 0.035
[30,   300] loss: 0.035
[30,   400] loss: 0.035
<class 'float'> 0.0
<class 'dict'>
Training 30 epoch(s) w/ 404 batches each
[1,   100] loss: 0.055
[1,   200] loss: 0.036
[1,   300] loss: 0.035
[1,   400] loss: 0.035
[2,   100] loss: 0.035
[2,   200] loss: 0.035
[2,   300] loss: 0.035
[2,   400] loss: 0.035
[3,   100] loss: 0.035
[3,   200] loss: 0.035
[3,   300] loss: 0.035
[3,   400] loss: 0.035
[4,   100] loss: 0.035
[4,   200] loss: 0.036
[4,   300] loss: 0.035
[4,   400] loss: 0.035
[5,   100] loss: 0.035
[5,   200] loss: 0.035
[5,   300] loss: 0.035
[5,   400] loss: 0.035
[6,   100] loss: 0.035
[6,   200] loss: 0.035
[6,   300] loss: 0.035
[6,   400] loss: 0.035
[7,   100] loss: 0.035
[7,   200] loss: 0.035
[7,   300] loss: 0.035
[7,   400] loss: 0.035
[8,   100] loss: 0.035
[8,   200] loss: 0.035
[8,   300] loss: 0.035
[8,   400] loss: 0.035
[9,   100] loss: 0.035
[9,   200] loss: 0.035
[9,   300] loss: 0.035
[9,   400] loss: 0.035
[10,   100] loss: 0.035
[10,   200] loss: 0.035
[10,   300] loss: 0.035
[10,   400] loss: 0.035
[11,   100] loss: 0.035
[11,   200] loss: 0.035
[11,   300] loss: 0.035
[11,   400] loss: 0.035
[12,   100] loss: 0.035
[12,   200] loss: 0.035
[12,   300] loss: 0.035
[12,   400] loss: 0.035
[13,   100] loss: 0.035
[13,   200] loss: 0.035
[13,   300] loss: 0.035
[13,   400] loss: 0.035
[14,   100] loss: 0.035
[14,   200] loss: 0.035
[14,   300] loss: 0.035
[14,   400] loss: 0.035
[15,   100] loss: 0.035
[15,   200] loss: 0.035
[15,   300] loss: 0.035
[15,   400] loss: 0.035
[16,   100] loss: 0.035
[16,   200] loss: 0.035
[16,   300] loss: 0.035
[16,   400] loss: 0.035
[17,   100] loss: 0.035
[17,   200] loss: 0.035
[17,   300] loss: 0.035
[17,   400] loss: 0.035
[18,   100] loss: 0.035
[18,   200] loss: 0.035
[18,   300] loss: 0.035
[18,   400] loss: 0.035
[19,   100] loss: 0.035
[19,   200] loss: 0.035
[19,   300] loss: 0.035
[19,   400] loss: 0.035
[20,   100] loss: 0.035
[20,   200] loss: 0.035
[20,   300] loss: 0.035
[20,   400] loss: 0.035
[21,   100] loss: 0.035
[21,   200] loss: 0.035
[21,   300] loss: 0.035
[21,   400] loss: 0.035
[22,   100] loss: 0.035
[22,   200] loss: 0.035
[22,   300] loss: 0.035
[22,   400] loss: 0.035
[23,   100] loss: 0.035
[23,   200] loss: 0.035
[23,   300] loss: 0.035
[23,   400] loss: 0.035
[24,   100] loss: 0.035
[24,   200] loss: 0.035
[24,   300] loss: 0.035
[24,   400] loss: 0.035
[25,   100] loss: 0.035
[25,   200] loss: 0.035
[25,   300] loss: 0.035
[25,   400] loss: 0.035
[26,   100] loss: 0.035
[26,   200] loss: 0.035
[26,   300] loss: 0.035
[26,   400] loss: 0.035
[27,   100] loss: 0.035
[27,   200] loss: 0.035
[27,   300] loss: 0.035
[27,   400] loss: 0.035
[28,   100] loss: 0.035
[28,   200] loss: 0.035
[28,   300] loss: 0.035
[28,   400] loss: 0.035
[29,   100] loss: 0.035
[29,   200] loss: 0.035
[29,   300] loss: 0.035
[29,   400] loss: 0.035
[30,   100] loss: 0.035
[30,   200] loss: 0.035
[30,   300] loss: 0.035
[30,   400] loss: 0.035
<class 'float'> 0.0
<class 'dict'>
Training 30 epoch(s) w/ 404 batches each
[1,   100] loss: 0.054
[1,   200] loss: 0.036
[1,   300] loss: 0.036
[1,   400] loss: 0.036
[2,   100] loss: 0.035
[2,   200] loss: 0.036
[2,   300] loss: 0.035
[2,   400] loss: 0.035
[3,   100] loss: 0.035
[3,   200] loss: 0.035
[3,   300] loss: 0.035
[3,   400] loss: 0.035
[4,   100] loss: 0.035
[4,   200] loss: 0.035
[4,   300] loss: 0.035
[4,   400] loss: 0.035
[5,   100] loss: 0.035
[5,   200] loss: 0.035
[5,   300] loss: 0.035
[5,   400] loss: 0.035
[6,   100] loss: 0.035
[6,   200] loss: 0.035
[6,   300] loss: 0.035
[6,   400] loss: 0.035
[7,   100] loss: 0.035
[7,   200] loss: 0.035
[7,   300] loss: 0.035
[7,   400] loss: 0.035
[8,   100] loss: 0.035
[8,   200] loss: 0.035
[8,   300] loss: 0.035
[8,   400] loss: 0.035
[9,   100] loss: 0.035
[9,   200] loss: 0.035
[9,   300] loss: 0.035
[9,   400] loss: 0.035
[10,   100] loss: 0.035
[10,   200] loss: 0.035
[10,   300] loss: 0.035
[10,   400] loss: 0.035
[11,   100] loss: 0.035
[11,   200] loss: 0.035
[11,   300] loss: 0.035
[11,   400] loss: 0.035
[12,   100] loss: 0.035
[12,   200] loss: 0.035
[12,   300] loss: 0.035
[12,   400] loss: 0.035
[13,   100] loss: 0.035
[13,   200] loss: 0.035
[13,   300] loss: 0.035
[13,   400] loss: 0.035
[14,   100] loss: 0.035
[14,   200] loss: 0.035
[14,   300] loss: 0.035
[14,   400] loss: 0.035
[15,   100] loss: 0.035
[15,   200] loss: 0.035
[15,   300] loss: 0.035
[15,   400] loss: 0.035
[16,   100] loss: 0.035
[16,   200] loss: 0.035
[16,   300] loss: 0.035
[16,   400] loss: 0.035
[17,   100] loss: 0.035
[17,   200] loss: 0.035
[17,   300] loss: 0.035
[17,   400] loss: 0.035
[18,   100] loss: 0.035
[18,   200] loss: 0.035
[18,   300] loss: 0.035
[18,   400] loss: 0.035
[19,   100] loss: 0.035
[19,   200] loss: 0.035
[19,   300] loss: 0.035
[19,   400] loss: 0.035
[20,   100] loss: 0.035
[20,   200] loss: 0.035
[20,   300] loss: 0.035
[20,   400] loss: 0.035
[21,   100] loss: 0.035
[21,   200] loss: 0.035
[21,   300] loss: 0.035
[21,   400] loss: 0.035
[22,   100] loss: 0.035
[22,   200] loss: 0.035
[22,   300] loss: 0.035
[22,   400] loss: 0.035
[23,   100] loss: 0.035
[23,   200] loss: 0.035
[23,   300] loss: 0.035
[23,   400] loss: 0.035
[24,   100] loss: 0.035
[24,   200] loss: 0.035
[24,   300] loss: 0.035
[24,   400] loss: 0.035
[25,   100] loss: 0.035
[25,   200] loss: 0.035
[25,   300] loss: 0.035
[25,   400] loss: 0.035
[26,   100] loss: 0.035
[26,   200] loss: 0.035
[26,   300] loss: 0.035
[26,   400] loss: 0.035
[27,   100] loss: 0.035
[27,   200] loss: 0.035
[27,   300] loss: 0.035
[27,   400] loss: 0.035
[28,   100] loss: 0.035
[28,   200] loss: 0.035
[28,   300] loss: 0.035
[28,   400] loss: 0.035
[29,   100] loss: 0.035
[29,   200] loss: 0.035
[29,   300] loss: 0.035
[29,   400] loss: 0.035
[30,   100] loss: 0.035
[30,   200] loss: 0.035
[30,   300] loss: 0.035
[30,   400] loss: 0.035
<class 'float'> 0.0
<class 'dict'>
<class 'float'> 0.0
<class 'dict'>
<class 'float'> 0.0
<class 'dict'>
Training 30 epoch(s) w/ 404 batches each
[1,   100] loss: 0.115
[1,   200] loss: 0.036
[1,   300] loss: 0.036
[1,   400] loss: 0.035
[2,   100] loss: 0.035
[2,   200] loss: 0.035
[2,   300] loss: 0.035
[2,   400] loss: 0.035
[3,   100] loss: 0.035
[3,   200] loss: 0.035
[3,   300] loss: 0.035
[3,   400] loss: 0.035
[4,   100] loss: 0.035
[4,   200] loss: 0.035
[4,   300] loss: 0.035
[4,   400] loss: 0.035
[5,   100] loss: 0.035
[5,   200] loss: 0.035
[5,   300] loss: 0.035
[5,   400] loss: 0.035
[6,   100] loss: 0.035
[6,   200] loss: 0.035
[6,   300] loss: 0.035
[6,   400] loss: 0.035
[7,   100] loss: 0.035
[7,   200] loss: 0.035
[7,   300] loss: 0.035
[7,   400] loss: 0.035
[8,   100] loss: 0.035
[8,   200] loss: 0.035
[8,   300] loss: 0.035
[8,   400] loss: 0.035
[9,   100] loss: 0.035
[9,   200] loss: 0.035
[9,   300] loss: 0.035
[9,   400] loss: 0.035
[10,   100] loss: 0.035
[10,   200] loss: 0.035
[10,   300] loss: 0.035
[10,   400] loss: 0.035
[11,   100] loss: 0.035
[11,   200] loss: 0.035
[11,   300] loss: 0.035
[11,   400] loss: 0.035
[12,   100] loss: 0.035
[12,   200] loss: 0.035
[12,   300] loss: 0.035
[12,   400] loss: 0.035
[13,   100] loss: 0.035
[13,   200] loss: 0.035
[13,   300] loss: 0.035
[13,   400] loss: 0.035
[14,   100] loss: 0.035
[14,   200] loss: 0.035
[14,   300] loss: 0.035
[14,   400] loss: 0.035
[15,   100] loss: 0.035
[15,   200] loss: 0.035
[15,   300] loss: 0.035
[15,   400] loss: 0.035
[16,   100] loss: 0.035
[16,   200] loss: 0.035
[16,   300] loss: 0.035
[16,   400] loss: 0.035
[17,   100] loss: 0.035
[17,   200] loss: 0.035
[17,   300] loss: 0.035
[17,   400] loss: 0.035
[18,   100] loss: 0.035
[18,   200] loss: 0.035
[18,   300] loss: 0.035
[18,   400] loss: 0.035
[19,   100] loss: 0.035
[19,   200] loss: 0.035
[19,   300] loss: 0.035
[19,   400] loss: 0.035
[20,   100] loss: 0.035
[20,   200] loss: 0.035
[20,   300] loss: 0.035
[20,   400] loss: 0.035
[21,   100] loss: 0.035
[21,   200] loss: 0.035
[21,   300] loss: 0.035
[21,   400] loss: 0.035
[22,   100] loss: 0.035
[22,   200] loss: 0.035
[22,   300] loss: 0.035
[22,   400] loss: 0.035
[23,   100] loss: 0.035
[23,   200] loss: 0.035
[23,   300] loss: 0.035
[23,   400] loss: 0.035
[24,   100] loss: 0.035
[24,   200] loss: 0.035
[24,   300] loss: 0.035
[24,   400] loss: 0.035
[25,   100] loss: 0.035
[25,   200] loss: 0.035
[25,   300] loss: 0.035
[25,   400] loss: 0.035
[26,   100] loss: 0.035
[26,   200] loss: 0.035
[26,   300] loss: 0.035
[26,   400] loss: 0.035
[27,   100] loss: 0.035
[27,   200] loss: 0.035
[27,   300] loss: 0.035
[27,   400] loss: 0.035
[28,   100] loss: 0.035
[28,   200] loss: 0.035
[28,   300] loss: 0.035
[28,   400] loss: 0.035
[29,   100] loss: 0.035
[29,   200] loss: 0.035
[29,   300] loss: 0.035
[29,   400] loss: 0.035
[30,   100] loss: 0.035
[30,   200] loss: 0.035
[30,   300] loss: 0.035
[30,   400] loss: 0.035
<class 'float'> 0.0
<class 'dict'>
Training 30 epoch(s) w/ 404 batches each
[1,   100] loss: 0.089
[1,   200] loss: 0.036
[1,   300] loss: 0.036
[1,   400] loss: 0.035
[2,   100] loss: 0.035
[2,   200] loss: 0.035
[2,   300] loss: 0.035
[2,   400] loss: 0.035
[3,   100] loss: 0.035
[3,   200] loss: 0.035
[3,   300] loss: 0.035
[3,   400] loss: 0.035
[4,   100] loss: 0.035
[4,   200] loss: 0.035
[4,   300] loss: 0.035
[4,   400] loss: 0.035
[5,   100] loss: 0.035
[5,   200] loss: 0.035
[5,   300] loss: 0.035
[5,   400] loss: 0.035
[6,   100] loss: 0.035
[6,   200] loss: 0.035
[6,   300] loss: 0.035
[6,   400] loss: 0.035
[7,   100] loss: 0.035
[7,   200] loss: 0.035
[7,   300] loss: 0.035
[7,   400] loss: 0.035
[8,   100] loss: 0.035
[8,   200] loss: 0.035
[8,   300] loss: 0.035
[8,   400] loss: 0.035
[9,   100] loss: 0.035
[9,   200] loss: 0.035
[9,   300] loss: 0.035
[9,   400] loss: 0.035
[10,   100] loss: 0.035
[10,   200] loss: 0.035
[10,   300] loss: 0.035
[10,   400] loss: 0.035
[11,   100] loss: 0.035
[11,   200] loss: 0.035
[11,   300] loss: 0.035
[11,   400] loss: 0.035
[12,   100] loss: 0.035
[12,   200] loss: 0.035
[12,   300] loss: 0.035
[12,   400] loss: 0.035
[13,   100] loss: 0.035
[13,   200] loss: 0.035
[13,   300] loss: 0.035
[13,   400] loss: 0.035
[14,   100] loss: 0.035
[14,   200] loss: 0.035
[14,   300] loss: 0.035
[14,   400] loss: 0.035
[15,   100] loss: 0.035
[15,   200] loss: 0.035
[15,   300] loss: 0.035
[15,   400] loss: 0.035
[16,   100] loss: 0.035
[16,   200] loss: 0.035
[16,   300] loss: 0.035
[16,   400] loss: 0.035
[17,   100] loss: 0.035
[17,   200] loss: 0.035
[17,   300] loss: 0.035
[17,   400] loss: 0.035
[18,   100] loss: 0.035
[18,   200] loss: 0.035
[18,   300] loss: 0.035
[18,   400] loss: 0.035
[19,   100] loss: 0.035
[19,   200] loss: 0.035
[19,   300] loss: 0.035
[19,   400] loss: 0.035
[20,   100] loss: 0.035
[20,   200] loss: 0.035
[20,   300] loss: 0.035
[20,   400] loss: 0.035
[21,   100] loss: 0.035
[21,   200] loss: 0.035
[21,   300] loss: 0.035
[21,   400] loss: 0.035
[22,   100] loss: 0.035
[22,   200] loss: 0.035
[22,   300] loss: 0.035
[22,   400] loss: 0.035
[23,   100] loss: 0.035
[23,   200] loss: 0.035
[23,   300] loss: 0.035
[23,   400] loss: 0.035
[24,   100] loss: 0.035
[24,   200] loss: 0.035
[24,   300] loss: 0.035
[24,   400] loss: 0.035
[25,   100] loss: 0.035
[25,   200] loss: 0.035
[25,   300] loss: 0.035
[25,   400] loss: 0.035
[26,   100] loss: 0.035
[26,   200] loss: 0.035
[26,   300] loss: 0.035
[26,   400] loss: 0.035
[27,   100] loss: 0.035
[27,   200] loss: 0.035
[27,   300] loss: 0.035
[27,   400] loss: 0.035
[28,   100] loss: 0.035
[28,   200] loss: 0.035
[28,   300] loss: 0.035
[28,   400] loss: 0.035
[29,   100] loss: 0.035
[29,   200] loss: 0.035
[29,   300] loss: 0.035
[29,   400] loss: 0.035
[30,   100] loss: 0.035
[30,   200] loss: 0.035
[30,   300] loss: 0.035
[30,   400] loss: 0.035
<class 'float'> 0.0
<class 'dict'>
Training 30 epoch(s) w/ 404 batches each
[1,   100] loss: 0.078
[1,   200] loss: 0.036
[1,   300] loss: 0.036
[1,   400] loss: 0.035
[2,   100] loss: 0.035
[2,   200] loss: 0.035
[2,   300] loss: 0.035
[2,   400] loss: 0.035
[3,   100] loss: 0.035
[3,   200] loss: 0.036
[3,   300] loss: 0.035
[3,   400] loss: 0.035
[4,   100] loss: 0.035
[4,   200] loss: 0.035
[4,   300] loss: 0.035
[4,   400] loss: 0.035
[5,   100] loss: 0.035
[5,   200] loss: 0.035
[5,   300] loss: 0.035
[5,   400] loss: 0.035
[6,   100] loss: 0.035
[6,   200] loss: 0.035
[6,   300] loss: 0.035
[6,   400] loss: 0.035
[7,   100] loss: 0.035
[7,   200] loss: 0.035
[7,   300] loss: 0.035
[7,   400] loss: 0.035
[8,   100] loss: 0.035
[8,   200] loss: 0.035
[8,   300] loss: 0.035
[8,   400] loss: 0.035
[9,   100] loss: 0.035
[9,   200] loss: 0.035
[9,   300] loss: 0.035
[9,   400] loss: 0.035
[10,   100] loss: 0.035
[10,   200] loss: 0.035
[10,   300] loss: 0.035
[10,   400] loss: 0.035
[11,   100] loss: 0.035
[11,   200] loss: 0.035
[11,   300] loss: 0.035
[11,   400] loss: 0.035
[12,   100] loss: 0.035
[12,   200] loss: 0.035
[12,   300] loss: 0.035
[12,   400] loss: 0.035
[13,   100] loss: 0.035
[13,   200] loss: 0.035
[13,   300] loss: 0.035
[13,   400] loss: 0.035
[14,   100] loss: 0.035
[14,   200] loss: 0.035
[14,   300] loss: 0.035
[14,   400] loss: 0.035
[15,   100] loss: 0.035
[15,   200] loss: 0.035
[15,   300] loss: 0.035
[15,   400] loss: 0.035
[16,   100] loss: 0.035
[16,   200] loss: 0.035
[16,   300] loss: 0.035
[16,   400] loss: 0.035
[17,   100] loss: 0.035
[17,   200] loss: 0.035
[17,   300] loss: 0.035
[17,   400] loss: 0.035
[18,   100] loss: 0.035
[18,   200] loss: 0.035
[18,   300] loss: 0.035
[18,   400] loss: 0.035
[19,   100] loss: 0.035
[19,   200] loss: 0.035
[19,   300] loss: 0.035
[19,   400] loss: 0.035
[20,   100] loss: 0.035
[20,   200] loss: 0.035
[20,   300] loss: 0.035
[20,   400] loss: 0.035
[21,   100] loss: 0.035
[21,   200] loss: 0.035
[21,   300] loss: 0.035
[21,   400] loss: 0.035
[22,   100] loss: 0.035
[22,   200] loss: 0.035
[22,   300] loss: 0.035
[22,   400] loss: 0.035
[23,   100] loss: 0.035
[23,   200] loss: 0.035
[23,   300] loss: 0.035
[23,   400] loss: 0.035
[24,   100] loss: 0.035
[24,   200] loss: 0.035
[24,   300] loss: 0.035
[24,   400] loss: 0.035
[25,   100] loss: 0.035
[25,   200] loss: 0.035
[25,   300] loss: 0.035
[25,   400] loss: 0.035
[26,   100] loss: 0.035
[26,   200] loss: 0.035
[26,   300] loss: 0.035
[26,   400] loss: 0.035
[27,   100] loss: 0.035
[27,   200] loss: 0.035
[27,   300] loss: 0.035
[27,   400] loss: 0.035
[28,   100] loss: 0.035
[28,   200] loss: 0.035
[28,   300] loss: 0.035
[28,   400] loss: 0.035
[29,   100] loss: 0.035
[29,   200] loss: 0.035
[29,   300] loss: 0.035
[29,   400] loss: 0.035
[30,   100] loss: 0.035
[30,   200] loss: 0.035
[30,   300] loss: 0.035
[30,   400] loss: 0.035
<class 'float'> 0.0
<class 'dict'>
Training 30 epoch(s) w/ 404 batches each
[1,   100] loss: 0.071
[1,   200] loss: 0.036
[1,   300] loss: 0.036
[1,   400] loss: 0.035
[2,   100] loss: 0.035
[2,   200] loss: 0.035
[2,   300] loss: 0.035
[2,   400] loss: 0.035
[3,   100] loss: 0.035
[3,   200] loss: 0.035
[3,   300] loss: 0.035
[3,   400] loss: 0.035
[4,   100] loss: 0.035
[4,   200] loss: 0.035
[4,   300] loss: 0.035
[4,   400] loss: 0.035
[5,   100] loss: 0.035
