Training 10 epoch(s) w/ 386 batches each
[1,   100] loss: 0.006
[1,   200] loss: 0.002
[1,   300] loss: 0.002
[2,   100] loss: 0.001
[2,   200] loss: 0.002
[2,   300] loss: 0.003
[3,   100] loss: 0.000
[3,   200] loss: 0.003
[3,   300] loss: 0.005
[4,   100] loss: 0.001
[4,   200] loss: 0.001
[4,   300] loss: 0.001
[5,   100] loss: 0.001
[5,   200] loss: 0.001
[5,   300] loss: 0.000
[6,   100] loss: 0.002
[6,   200] loss: 0.001
[6,   300] loss: 0.001
[7,   100] loss: 0.001
[7,   200] loss: 0.001
[7,   300] loss: 0.000
[8,   100] loss: 0.001
[8,   200] loss: 0.000
[8,   300] loss: 0.000
[9,   100] loss: 0.001
[9,   200] loss: 0.000
[9,   300] loss: 0.000
[10,   100] loss: 0.000
[10,   200] loss: 0.000
[10,   300] loss: 0.001
<class 'float'> 0.0
<class 'dict'>
