Training 10 epoch(s) w/ 111 batches each
[1,   100] loss: 0.073
[2,   100] loss: 0.007
[3,   100] loss: 0.004
[4,   100] loss: 0.003
[5,   100] loss: 0.002
[6,   100] loss: 0.002
[7,   100] loss: 0.002
[8,   100] loss: 0.002
[9,   100] loss: 0.001
[10,   100] loss: 0.001
<class 'float'> 0.9715909090909091
<class 'dict'>
Training 10 epoch(s) w/ 111 batches each
[1,   100] loss: 0.002
[2,   100] loss: 0.001
[3,   100] loss: 0.001
[4,   100] loss: 0.001
[5,   100] loss: 0.001
[6,   100] loss: 0.001
[7,   100] loss: 0.001
[8,   100] loss: 0.001
[9,   100] loss: 0.001
[10,   100] loss: 0.001
<class 'float'> 0.9772727272727273
<class 'dict'>
Training 10 epoch(s) w/ 111 batches each
[1,   100] loss: 0.001
[2,   100] loss: 0.001
[3,   100] loss: 0.001
[4,   100] loss: 0.001
[5,   100] loss: 0.001
[6,   100] loss: 0.001
[7,   100] loss: 0.001
[8,   100] loss: 0.001
[9,   100] loss: 0.000
[10,   100] loss: 0.000
<class 'float'> 0.9886363636363636
<class 'dict'>
Training 10 epoch(s) w/ 111 batches each
[1,   100] loss: 0.001
[2,   100] loss: 0.001
[3,   100] loss: 0.001
[4,   100] loss: 0.001
[5,   100] loss: 0.001
[6,   100] loss: 0.000
[7,   100] loss: 0.000
[8,   100] loss: 0.000
[9,   100] loss: 0.000
[10,   100] loss: 0.000
<class 'float'> 0.9943181818181818
<class 'dict'>
Training 10 epoch(s) w/ 111 batches each
[1,   100] loss: 0.001
[2,   100] loss: 0.000
[3,   100] loss: 0.000
[4,   100] loss: 0.000
[5,   100] loss: 0.000
[6,   100] loss: 0.000
[7,   100] loss: 0.000
[8,   100] loss: 0.000
[9,   100] loss: 0.000
[10,   100] loss: 0.000
<class 'float'> 0.9943181818181818
<class 'dict'>
Training 10 epoch(s) w/ 111 batches each
[1,   100] loss: 0.000
[2,   100] loss: 0.000
[3,   100] loss: 0.000
[4,   100] loss: 0.000
[5,   100] loss: 0.000
[6,   100] loss: 0.000
[7,   100] loss: 0.000
[8,   100] loss: 0.000
[9,   100] loss: 0.000
[10,   100] loss: 0.000
<class 'float'> 0.9943181818181818
<class 'dict'>
Training 10 epoch(s) w/ 111 batches each
[1,   100] loss: 0.000
[2,   100] loss: 0.000
[3,   100] loss: 0.000
[4,   100] loss: 0.000
[5,   100] loss: 0.000
[6,   100] loss: 0.000
[7,   100] loss: 0.000
[8,   100] loss: 0.000
[9,   100] loss: 0.000
[10,   100] loss: 0.000
<class 'float'> 0.9943181818181818
<class 'dict'>
Training 10 epoch(s) w/ 111 batches each
[1,   100] loss: 0.000
[2,   100] loss: 0.000
[3,   100] loss: 0.000
[4,   100] loss: 0.000
[5,   100] loss: 0.000
[6,   100] loss: 0.000
[7,   100] loss: 0.000
[8,   100] loss: 0.000
[9,   100] loss: 0.000
[10,   100] loss: 0.000
<class 'float'> 0.9943181818181818
<class 'dict'>
