Training 10 epoch(s) w/ 426 batches each
[1,   100] loss: 0.006
[1,   200] loss: 0.002
[1,   300] loss: 0.004
[1,   400] loss: 0.002
[2,   100] loss: 0.001
[2,   200] loss: 0.001
[2,   300] loss: 0.001
[2,   400] loss: 0.010
[3,   100] loss: 0.002
[3,   200] loss: 0.001
[3,   300] loss: 0.001
[3,   400] loss: 0.001
[4,   100] loss: 0.001
[4,   200] loss: 0.001
[4,   300] loss: 0.001
[4,   400] loss: 0.000
[5,   100] loss: 0.000
[5,   200] loss: 0.002
[5,   300] loss: 0.002
[5,   400] loss: 0.001
[6,   100] loss: 0.000
[6,   200] loss: 0.001
[6,   300] loss: 0.001
[6,   400] loss: 0.001
[7,   100] loss: 0.001
[7,   200] loss: 0.001
[7,   300] loss: 0.001
[7,   400] loss: 0.000
[8,   100] loss: 0.001
[8,   200] loss: 0.001
[8,   300] loss: 0.001
[8,   400] loss: 0.001
[9,   100] loss: 0.000
[9,   200] loss: 0.000
[9,   300] loss: 0.001
[9,   400] loss: 0.000
[10,   100] loss: 0.001
[10,   200] loss: 0.000
[10,   300] loss: 0.000
[10,   400] loss: 0.000
<class 'float'> 0.5022026431718062
<class 'dict'>
