Training 10 epoch(s) w/ 393 batches each
[1,   100] loss: 0.011
[1,   200] loss: 0.005
[1,   300] loss: 0.003
[2,   100] loss: 0.003
[2,   200] loss: 0.003
[2,   300] loss: 0.003
[3,   100] loss: 0.002
[3,   200] loss: 0.003
[3,   300] loss: 0.003
[4,   100] loss: 0.003
[4,   200] loss: 0.002
[4,   300] loss: 0.002
[5,   100] loss: 0.003
[5,   200] loss: 0.001
[5,   300] loss: 0.002
[6,   100] loss: 0.002
[6,   200] loss: 0.002
[6,   300] loss: 0.001
[7,   100] loss: 0.001
[7,   200] loss: 0.002
[7,   300] loss: 0.001
[8,   100] loss: 0.001
[8,   200] loss: 0.002
[8,   300] loss: 0.002
[9,   100] loss: 0.002
[9,   200] loss: 0.001
[9,   300] loss: 0.001
[10,   100] loss: 0.002
[10,   200] loss: 0.001
[10,   300] loss: 0.002
<class 'float'> 0.5111464968152867
<class 'dict'>
Training 10 epoch(s) w/ 393 batches each
[1,   100] loss: 0.012
[1,   200] loss: 0.003
[1,   300] loss: 0.003
[2,   100] loss: 0.003
[2,   200] loss: 0.003
[2,   300] loss: 0.004
[3,   100] loss: 0.002
[3,   200] loss: 0.004
[3,   300] loss: 0.002
[4,   100] loss: 0.002
[4,   200] loss: 0.002
[4,   300] loss: 0.001
[5,   100] loss: 0.002
[5,   200] loss: 0.001
[5,   300] loss: 0.002
[6,   100] loss: 0.002
[6,   200] loss: 0.002
[6,   300] loss: 0.002
[7,   100] loss: 0.002
[7,   200] loss: 0.002
[7,   300] loss: 0.002
[8,   100] loss: 0.001
[8,   200] loss: 0.002
[8,   300] loss: 0.002
[9,   100] loss: 0.001
[9,   200] loss: 0.001
[9,   300] loss: 0.001
[10,   100] loss: 0.001
[10,   200] loss: 0.001
[10,   300] loss: 0.001
<class 'float'> 0.0
<class 'dict'>
Training 10 epoch(s) w/ 393 batches each
[1,   100] loss: 0.014
[1,   200] loss: 0.003
[1,   300] loss: 0.002
[2,   100] loss: 0.002
[2,   200] loss: 0.001
[2,   300] loss: 0.002
[3,   100] loss: 0.001
[3,   200] loss: 0.002
[3,   300] loss: 0.002
[4,   100] loss: 0.002
[4,   200] loss: 0.001
[4,   300] loss: 0.002
[5,   100] loss: 0.001
[5,   200] loss: 0.002
[5,   300] loss: 0.002
[6,   100] loss: 0.001
[6,   200] loss: 0.002
[6,   300] loss: 0.001
[7,   100] loss: 0.001
[7,   200] loss: 0.001
[7,   300] loss: 0.001
[8,   100] loss: 0.001
[8,   200] loss: 0.002
[8,   300] loss: 0.002
[9,   100] loss: 0.001
[9,   200] loss: 0.001
[9,   300] loss: 0.000
[10,   100] loss: 0.001
[10,   200] loss: 0.001
[10,   300] loss: 0.001
<class 'float'> 0.0
<class 'dict'>
Training 10 epoch(s) w/ 393 batches each
[1,   100] loss: 0.018
[1,   200] loss: 0.002
[1,   300] loss: 0.002
[2,   100] loss: 0.001
[2,   200] loss: 0.001
[2,   300] loss: 0.002
[3,   100] loss: 0.002
[3,   200] loss: 0.001
[3,   300] loss: 0.001
[4,   100] loss: 0.002
[4,   200] loss: 0.002
[4,   300] loss: 0.002
[5,   100] loss: 0.001
[5,   200] loss: 0.001
[5,   300] loss: 0.001
[6,   100] loss: 0.001
[6,   200] loss: 0.001
[6,   300] loss: 0.001
[7,   100] loss: 0.001
[7,   200] loss: 0.001
[7,   300] loss: 0.001
[8,   100] loss: 0.001
[8,   200] loss: 0.000
[8,   300] loss: 0.001
[9,   100] loss: 0.001
[9,   200] loss: 0.002
[9,   300] loss: 0.001
[10,   100] loss: 0.001
[10,   200] loss: 0.003
[10,   300] loss: 0.001
<class 'float'> 0.0
<class 'dict'>
Training 10 epoch(s) w/ 393 batches each
[1,   100] loss: 0.015
[1,   200] loss: 0.002
[1,   300] loss: 0.002
[2,   100] loss: 0.001
[2,   200] loss: 0.001
[2,   300] loss: 0.002
[3,   100] loss: 0.001
[3,   200] loss: 0.001
[3,   300] loss: 0.001
[4,   100] loss: 0.001
[4,   200] loss: 0.001
[4,   300] loss: 0.001
[5,   100] loss: 0.001
[5,   200] loss: 0.001
[5,   300] loss: 0.001
[6,   100] loss: 0.001
[6,   200] loss: 0.001
[6,   300] loss: 0.001
[7,   100] loss: 0.002
[7,   200] loss: 0.001
[7,   300] loss: 0.001
[8,   100] loss: 0.000
[8,   200] loss: 0.002
[8,   300] loss: 0.001
[9,   100] loss: 0.001
[9,   200] loss: 0.001
[9,   300] loss: 0.001
[10,   100] loss: 0.001
[10,   200] loss: 0.002
[10,   300] loss: 0.001
<class 'float'> 0.0
<class 'dict'>
Training 10 epoch(s) w/ 393 batches each
[1,   100] loss: 0.020
[1,   200] loss: 0.002
[1,   300] loss: 0.001
[2,   100] loss: 0.001
[2,   200] loss: 0.001
[2,   300] loss: 0.002
[3,   100] loss: 0.001
[3,   200] loss: 0.001
[3,   300] loss: 0.001
[4,   100] loss: 0.001
[4,   200] loss: 0.001
[4,   300] loss: 0.002
[5,   100] loss: 0.001
[5,   200] loss: 0.001
[5,   300] loss: 0.001
[6,   100] loss: 0.001
[6,   200] loss: 0.000
[6,   300] loss: 0.000
[7,   100] loss: 0.001
[7,   200] loss: 0.001
[7,   300] loss: 0.001
[8,   100] loss: 0.001
[8,   200] loss: 0.001
[8,   300] loss: 0.001
[9,   100] loss: 0.000
[9,   200] loss: 0.001
[9,   300] loss: 0.001
[10,   100] loss: 0.001
[10,   200] loss: 0.001
[10,   300] loss: 0.001
<class 'float'> 0.0
<class 'dict'>
Training 10 epoch(s) w/ 393 batches each
[1,   100] loss: 0.029
[1,   200] loss: 0.001
[1,   300] loss: 0.001
[2,   100] loss: 0.002
[2,   200] loss: 0.001
[2,   300] loss: 0.000
[3,   100] loss: 0.001
[3,   200] loss: 0.001
[3,   300] loss: 0.001
[4,   100] loss: 0.001
[4,   200] loss: 0.001
[4,   300] loss: 0.001
[5,   100] loss: 0.000
[5,   200] loss: 0.001
[5,   300] loss: 0.001
[6,   100] loss: 0.001
[6,   200] loss: 0.001
[6,   300] loss: 0.000
[7,   100] loss: 0.001
[7,   200] loss: 0.001
[7,   300] loss: 0.001
[8,   100] loss: 0.002
[8,   200] loss: 0.001
[8,   300] loss: 0.001
[9,   100] loss: 0.001
[9,   200] loss: 0.001
[9,   300] loss: 0.001
[10,   100] loss: 0.001
[10,   200] loss: 0.001
[10,   300] loss: 0.001
<class 'float'> 0.0
<class 'dict'>
Training 10 epoch(s) w/ 393 batches each
[1,   100] loss: 0.028
[1,   200] loss: 0.002
[1,   300] loss: 0.001
[2,   100] loss: 0.001
[2,   200] loss: 0.000
[2,   300] loss: 0.001
[3,   100] loss: 0.000
[3,   200] loss: 0.001
[3,   300] loss: 0.001
[4,   100] loss: 0.001
[4,   200] loss: 0.001
[4,   300] loss: 0.001
[5,   100] loss: 0.001
[5,   200] loss: 0.000
[5,   300] loss: 0.001
[6,   100] loss: 0.000
[6,   200] loss: 0.000
[6,   300] loss: 0.001
[7,   100] loss: 0.001
[7,   200] loss: 0.001
[7,   300] loss: 0.001
[8,   100] loss: 0.001
[8,   200] loss: 0.000
[8,   300] loss: 0.001
[9,   100] loss: 0.000
[9,   200] loss: 0.001
[9,   300] loss: 0.001
[10,   100] loss: 0.000
[10,   200] loss: 0.001
[10,   300] loss: 0.001
<class 'float'> 0.0
<class 'dict'>
Training 10 epoch(s) w/ 393 batches each
[1,   100] loss: 0.015
[1,   200] loss: 0.003
[1,   300] loss: 0.001
[2,   100] loss: 0.001
[2,   200] loss: 0.001
[2,   300] loss: 0.000
[3,   100] loss: 0.001
[3,   200] loss: 0.000
[3,   300] loss: 0.001
[4,   100] loss: 0.000
[4,   200] loss: 0.000
[4,   300] loss: 0.001
[5,   100] loss: 0.001
[5,   200] loss: 0.001
[5,   300] loss: 0.001
[6,   100] loss: 0.000
[6,   200] loss: 0.001
[6,   300] loss: 0.001
[7,   100] loss: 0.000
[7,   200] loss: 0.001
[7,   300] loss: 0.001
[8,   100] loss: 0.001
[8,   200] loss: 0.001
[8,   300] loss: 0.000
[9,   100] loss: 0.000
[9,   200] loss: 0.000
[9,   300] loss: 0.001
[10,   100] loss: 0.001
[10,   200] loss: 0.000
[10,   300] loss: 0.000
<class 'float'> 0.0015923566878980893
<class 'dict'>
Training 10 epoch(s) w/ 393 batches each
[1,   100] loss: 0.019
[1,   200] loss: 0.003
[1,   300] loss: 0.002
[2,   100] loss: 0.001
[2,   200] loss: 0.000
[2,   300] loss: 0.001
[3,   100] loss: 0.001
[3,   200] loss: 0.000
[3,   300] loss: 0.001
[4,   100] loss: 0.001
[4,   200] loss: 0.001
[4,   300] loss: 0.001
[5,   100] loss: 0.001
[5,   200] loss: 0.000
[5,   300] loss: 0.000
[6,   100] loss: 0.001
[6,   200] loss: 0.001
[6,   300] loss: 0.000
[7,   100] loss: 0.001
[7,   200] loss: 0.000
[7,   300] loss: 0.001
[8,   100] loss: 0.001
[8,   200] loss: 0.000
[8,   300] loss: 0.001
[9,   100] loss: 0.000
[9,   200] loss: 0.001
[9,   300] loss: 0.002
[10,   100] loss: 0.000
[10,   200] loss: 0.001
[10,   300] loss: 0.000
<class 'float'> 0.0
<class 'dict'>
Training 10 epoch(s) w/ 393 batches each
[1,   100] loss: 0.014
[1,   200] loss: 0.002
[1,   300] loss: 0.002
[2,   100] loss: 0.002
[2,   200] loss: 0.001
[2,   300] loss: 0.001
[3,   100] loss: 0.001
[3,   200] loss: 0.001
[3,   300] loss: 0.002
[4,   100] loss: 0.000
[4,   200] loss: 0.001
[4,   300] loss: 0.001
[5,   100] loss: 0.001
[5,   200] loss: 0.000
[5,   300] loss: 0.001
[6,   100] loss: 0.001
[6,   200] loss: 0.000
[6,   300] loss: 0.001
[7,   100] loss: 0.000
[7,   200] loss: 0.001
[7,   300] loss: 0.001
[8,   100] loss: 0.000
[8,   200] loss: 0.001
[8,   300] loss: 0.001
[9,   100] loss: 0.000
[9,   200] loss: 0.000
[9,   300] loss: 0.001
[10,   100] loss: 0.000
[10,   200] loss: 0.001
[10,   300] loss: 0.001
<class 'float'> 0.0
<class 'dict'>
Training 10 epoch(s) w/ 393 batches each
[1,   100] loss: 0.026
[1,   200] loss: 0.001
[1,   300] loss: 0.002
[2,   100] loss: 0.002
[2,   200] loss: 0.001
[2,   300] loss: 0.001
[3,   100] loss: 0.001
[3,   200] loss: 0.001
[3,   300] loss: 0.002
[4,   100] loss: 0.001
[4,   200] loss: 0.001
[4,   300] loss: 0.001
[5,   100] loss: 0.000
[5,   200] loss: 0.001
[5,   300] loss: 0.001
[6,   100] loss: 0.001
[6,   200] loss: 0.001
[6,   300] loss: 0.001
[7,   100] loss: 0.001
[7,   200] loss: 0.000
[7,   300] loss: 0.000
[8,   100] loss: 0.000
[8,   200] loss: 0.001
[8,   300] loss: 0.000
[9,   100] loss: 0.001
[9,   200] loss: 0.000
[9,   300] loss: 0.001
[10,   100] loss: 0.000
[10,   200] loss: 0.000
[10,   300] loss: 0.000
<class 'float'> 0.0
<class 'dict'>
Training 10 epoch(s) w/ 393 batches each
[1,   100] loss: 0.023
[1,   200] loss: 0.002
[1,   300] loss: 0.002
[2,   100] loss: 0.001
[2,   200] loss: 0.001
[2,   300] loss: 0.001
[3,   100] loss: 0.001
[3,   200] loss: 0.001
[3,   300] loss: 0.001
[4,   100] loss: 0.000
[4,   200] loss: 0.001
[4,   300] loss: 0.001
[5,   100] loss: 0.000
[5,   200] loss: 0.000
[5,   300] loss: 0.000
[6,   100] loss: 0.000
[6,   200] loss: 0.002
[6,   300] loss: 0.001
[7,   100] loss: 0.001
[7,   200] loss: 0.001
[7,   300] loss: 0.000
[8,   100] loss: 0.000
[8,   200] loss: 0.000
[8,   300] loss: 0.001
[9,   100] loss: 0.001
[9,   200] loss: 0.000
[9,   300] loss: 0.001
[10,   100] loss: 0.001
[10,   200] loss: 0.001
[10,   300] loss: 0.000
<class 'float'> 0.0031847133757961785
<class 'dict'>
Training 10 epoch(s) w/ 393 batches each
[1,   100] loss: 0.020
[1,   200] loss: 0.002
[1,   300] loss: 0.002
[2,   100] loss: 0.001
[2,   200] loss: 0.001
[2,   300] loss: 0.001
[3,   100] loss: 0.001
[3,   200] loss: 0.000
[3,   300] loss: 0.000
[4,   100] loss: 0.002
[4,   200] loss: 0.000
[4,   300] loss: 0.000
[5,   100] loss: 0.000
[5,   200] loss: 0.000
[5,   300] loss: 0.001
[6,   100] loss: 0.000
[6,   200] loss: 0.000
[6,   300] loss: 0.000
[7,   100] loss: 0.000
[7,   200] loss: 0.000
[7,   300] loss: 0.003
[8,   100] loss: 0.000
[8,   200] loss: 0.002
[8,   300] loss: 0.001
[9,   100] loss: 0.001
[9,   200] loss: 0.001
[9,   300] loss: 0.001
[10,   100] loss: 0.000
[10,   200] loss: 0.001
[10,   300] loss: 0.001
<class 'float'> 0.0
<class 'dict'>
Training 10 epoch(s) w/ 393 batches each
[1,   100] loss: 0.026
[1,   200] loss: 0.002
[1,   300] loss: 0.004
[2,   100] loss: 0.003
[2,   200] loss: 0.001
[2,   300] loss: 0.002
[3,   100] loss: 0.001
[3,   200] loss: 0.001
[3,   300] loss: 0.001
[4,   100] loss: 0.000
[4,   200] loss: 0.003
[4,   300] loss: 0.001
[5,   100] loss: 0.001
[5,   200] loss: 0.001
[5,   300] loss: 0.001
[6,   100] loss: 0.001
[6,   200] loss: 0.000
[6,   300] loss: 0.001
[7,   100] loss: 0.000
[7,   200] loss: 0.001
[7,   300] loss: 0.000
[8,   100] loss: 0.000
[8,   200] loss: 0.000
[8,   300] loss: 0.000
[9,   100] loss: 0.000
[9,   200] loss: 0.000
[9,   300] loss: 0.000
[10,   100] loss: 0.001
[10,   200] loss: 0.000
[10,   300] loss: 0.000
<class 'float'> 0.020700636942675158
<class 'dict'>
Training 10 epoch(s) w/ 393 batches each
[1,   100] loss: 0.025
[1,   200] loss: 0.003
[1,   300] loss: 0.002
[2,   100] loss: 0.001
[2,   200] loss: 0.002
[2,   300] loss: 0.002
[3,   100] loss: 0.000
[3,   200] loss: 0.001
[3,   300] loss: 0.001
[4,   100] loss: 0.000
[4,   200] loss: 0.000
[4,   300] loss: 0.000
[5,   100] loss: 0.000
[5,   200] loss: 0.000
[5,   300] loss: 0.001
[6,   100] loss: 0.000
[6,   200] loss: 0.001
[6,   300] loss: 0.000
[7,   100] loss: 0.001
[7,   200] loss: 0.001
[7,   300] loss: 0.001
[8,   100] loss: 0.000
[8,   200] loss: 0.000
[8,   300] loss: 0.001
[9,   100] loss: 0.000
[9,   200] loss: 0.000
[9,   300] loss: 0.000
[10,   100] loss: 0.001
[10,   200] loss: 0.001
[10,   300] loss: 0.001
<class 'float'> 0.011146496815286623
<class 'dict'>
Training 10 epoch(s) w/ 393 batches each
[1,   100] loss: 0.037
[1,   200] loss: 0.003
[1,   300] loss: 0.002
[2,   100] loss: 0.001
[2,   200] loss: 0.000
[2,   300] loss: 0.000
[3,   100] loss: 0.000
[3,   200] loss: 0.001
[3,   300] loss: 0.001
[4,   100] loss: 0.001
[4,   200] loss: 0.000
[4,   300] loss: 0.001
[5,   100] loss: 0.000
[5,   200] loss: 0.001
[5,   300] loss: 0.001
[6,   100] loss: 0.000
[6,   200] loss: 0.001
[6,   300] loss: 0.002
[7,   100] loss: 0.000
[7,   200] loss: 0.001
[7,   300] loss: 0.001
[8,   100] loss: 0.000
[8,   200] loss: 0.000
[8,   300] loss: 0.001
[9,   100] loss: 0.000
[9,   200] loss: 0.001
[9,   300] loss: 0.001
[10,   100] loss: 0.000
[10,   200] loss: 0.001
[10,   300] loss: 0.000
<class 'float'> 0.0015923566878980893
<class 'dict'>
Training 10 epoch(s) w/ 393 batches each
[1,   100] loss: 0.028
[1,   200] loss: 0.002
[1,   300] loss: 0.001
[2,   100] loss: 0.001
[2,   200] loss: 0.001
[2,   300] loss: 0.001
[3,   100] loss: 0.001
[3,   200] loss: 0.001
[3,   300] loss: 0.001
[4,   100] loss: 0.000
[4,   200] loss: 0.000
[4,   300] loss: 0.001
[5,   100] loss: 0.000
[5,   200] loss: 0.000
[5,   300] loss: 0.000
[6,   100] loss: 0.000
[6,   200] loss: 0.000
[6,   300] loss: 0.000
[7,   100] loss: 0.001
[7,   200] loss: 0.001
[7,   300] loss: 0.001
[8,   100] loss: 0.001
[8,   200] loss: 0.001
[8,   300] loss: 0.001
[9,   100] loss: 0.000
[9,   200] loss: 0.000
[9,   300] loss: 0.000
[10,   100] loss: 0.000
[10,   200] loss: 0.000
[10,   300] loss: 0.000
<class 'float'> 0.07006369426751592
<class 'dict'>
Training 10 epoch(s) w/ 393 batches each
[1,   100] loss: 0.026
[1,   200] loss: 0.003
[1,   300] loss: 0.001
[2,   100] loss: 0.001
[2,   200] loss: 0.000
[2,   300] loss: 0.001
[3,   100] loss: 0.001
[3,   200] loss: 0.000
[3,   300] loss: 0.000
[4,   100] loss: 0.000
[4,   200] loss: 0.000
[4,   300] loss: 0.000
[5,   100] loss: 0.001
[5,   200] loss: 0.001
[5,   300] loss: 0.001
[6,   100] loss: 0.000
[6,   200] loss: 0.000
[6,   300] loss: 0.001
[7,   100] loss: 0.001
[7,   200] loss: 0.000
[7,   300] loss: 0.001
[8,   100] loss: 0.000
[8,   200] loss: 0.001
[8,   300] loss: 0.001
[9,   100] loss: 0.001
[9,   200] loss: 0.000
[9,   300] loss: 0.000
[10,   100] loss: 0.001
[10,   200] loss: 0.000
[10,   300] loss: 0.001
<class 'float'> 0.004777070063694267
<class 'dict'>
Training 10 epoch(s) w/ 393 batches each
[1,   100] loss: 0.046
[1,   200] loss: 0.004
[1,   300] loss: 0.003
[2,   100] loss: 0.001
[2,   200] loss: 0.001
[2,   300] loss: 0.001
[3,   100] loss: 0.001
[3,   200] loss: 0.000
[3,   300] loss: 0.000
[4,   100] loss: 0.000
[4,   200] loss: 0.000
[4,   300] loss: 0.000
[5,   100] loss: 0.001
[5,   200] loss: 0.000
[5,   300] loss: 0.000
[6,   100] loss: 0.000
[6,   200] loss: 0.001
[6,   300] loss: 0.001
[7,   100] loss: 0.000
[7,   200] loss: 0.000
[7,   300] loss: 0.000
[8,   100] loss: 0.000
[8,   200] loss: 0.001
[8,   300] loss: 0.001
[9,   100] loss: 0.001
[9,   200] loss: 0.002
[9,   300] loss: 0.001
[10,   100] loss: 0.000
[10,   200] loss: 0.000
[10,   300] loss: 0.000
<class 'float'> 0.01592356687898089
<class 'dict'>
Training 10 epoch(s) w/ 393 batches each
[1,   100] loss: 0.068
[1,   200] loss: 0.003
[1,   300] loss: 0.002
[2,   100] loss: 0.001
[2,   200] loss: 0.001
[2,   300] loss: 0.001
[3,   100] loss: 0.001
[3,   200] loss: 0.001
[3,   300] loss: 0.001
[4,   100] loss: 0.000
[4,   200] loss: 0.000
[4,   300] loss: 0.000
[5,   100] loss: 0.000
[5,   200] loss: 0.000
[5,   300] loss: 0.000
[6,   100] loss: 0.000
[6,   200] loss: 0.000
[6,   300] loss: 0.000
[7,   100] loss: 0.000
[7,   200] loss: 0.001
[7,   300] loss: 0.000
[8,   100] loss: 0.000
[8,   200] loss: 0.000
[8,   300] loss: 0.001
[9,   100] loss: 0.001
[9,   200] loss: 0.000
[9,   300] loss: 0.001
[10,   100] loss: 0.000
[10,   200] loss: 0.001
[10,   300] loss: 0.001
<class 'float'> 0.01751592356687898
<class 'dict'>
Training 10 epoch(s) w/ 393 batches each
[1,   100] loss: 0.043
[1,   200] loss: 0.004
[1,   300] loss: 0.002
[2,   100] loss: 0.001
[2,   200] loss: 0.001
[2,   300] loss: 0.001
[3,   100] loss: 0.000
[3,   200] loss: 0.000
[3,   300] loss: 0.001
[4,   100] loss: 0.000
[4,   200] loss: 0.000
[4,   300] loss: 0.000
[5,   100] loss: 0.000
[5,   200] loss: 0.001
[5,   300] loss: 0.000
[6,   100] loss: 0.001
[6,   200] loss: 0.000
[6,   300] loss: 0.000
[7,   100] loss: 0.000
[7,   200] loss: 0.000
[7,   300] loss: 0.000
[8,   100] loss: 0.000
[8,   200] loss: 0.000
[8,   300] loss: 0.001
[9,   100] loss: 0.000
[9,   200] loss: 0.000
[9,   300] loss: 0.000
[10,   100] loss: 0.000
[10,   200] loss: 0.000
[10,   300] loss: 0.001
<class 'float'> 0.014331210191082803
<class 'dict'>
Training 10 epoch(s) w/ 393 batches each
[1,   100] loss: 0.039
[1,   200] loss: 0.003
[1,   300] loss: 0.002
[2,   100] loss: 0.002
[2,   200] loss: 0.000
[2,   300] loss: 0.000
[3,   100] loss: 0.001
[3,   200] loss: 0.001
[3,   300] loss: 0.000
[4,   100] loss: 0.000
[4,   200] loss: 0.000
[4,   300] loss: 0.001
[5,   100] loss: 0.000
[5,   200] loss: 0.000
[5,   300] loss: 0.000
[6,   100] loss: 0.000
[6,   200] loss: 0.001
[6,   300] loss: 0.000
[7,   100] loss: 0.001
[7,   200] loss: 0.000
[7,   300] loss: 0.000
[8,   100] loss: 0.000
[8,   200] loss: 0.000
[8,   300] loss: 0.000
[9,   100] loss: 0.000
[9,   200] loss: 0.000
[9,   300] loss: 0.000
[10,   100] loss: 0.001
[10,   200] loss: 0.001
[10,   300] loss: 0.001
<class 'float'> 0.014331210191082803
<class 'dict'>
Training 10 epoch(s) w/ 393 batches each
[1,   100] loss: 0.051
[1,   200] loss: 0.002
[1,   300] loss: 0.002
[2,   100] loss: 0.001
[2,   200] loss: 0.000
[2,   300] loss: 0.001
[3,   100] loss: 0.001
[3,   200] loss: 0.000
[3,   300] loss: 0.000
[4,   100] loss: 0.000
[4,   200] loss: 0.000
[4,   300] loss: 0.000
[5,   100] loss: 0.001
[5,   200] loss: 0.000
[5,   300] loss: 0.000
[6,   100] loss: 0.000
[6,   200] loss: 0.001
[6,   300] loss: 0.000
[7,   100] loss: 0.000
[7,   200] loss: 0.000
[7,   300] loss: 0.002
[8,   100] loss: 0.000
[8,   200] loss: 0.000
[8,   300] loss: 0.001
[9,   100] loss: 0.000
[9,   200] loss: 0.000
[9,   300] loss: 0.000
[10,   100] loss: 0.000
[10,   200] loss: 0.000
[10,   300] loss: 0.001
<class 'float'> 0.0
<class 'dict'>
Training 10 epoch(s) w/ 393 batches each
[1,   100] loss: 0.038
[1,   200] loss: 0.002
[1,   300] loss: 0.001
[2,   100] loss: 0.001
[2,   200] loss: 0.001
[2,   300] loss: 0.001
[3,   100] loss: 0.000
[3,   200] loss: 0.000
[3,   300] loss: 0.001
[4,   100] loss: 0.000
[4,   200] loss: 0.001
[4,   300] loss: 0.000
[5,   100] loss: 0.000
[5,   200] loss: 0.001
[5,   300] loss: 0.000
[6,   100] loss: 0.000
[6,   200] loss: 0.000
[6,   300] loss: 0.000
[7,   100] loss: 0.000
[7,   200] loss: 0.001
[7,   300] loss: 0.000
[8,   100] loss: 0.001
[8,   200] loss: 0.000
[8,   300] loss: 0.001
[9,   100] loss: 0.000
[9,   200] loss: 0.000
[9,   300] loss: 0.000
[10,   100] loss: 0.001
[10,   200] loss: 0.001
[10,   300] loss: 0.000
<class 'float'> 0.0
<class 'dict'>
Training 10 epoch(s) w/ 393 batches each
[1,   100] loss: 0.060
[1,   200] loss: 0.003
[1,   300] loss: 0.004
[2,   100] loss: 0.001
[2,   200] loss: 0.001
[2,   300] loss: 0.000
[3,   100] loss: 0.001
[3,   200] loss: 0.001
[3,   300] loss: 0.001
[4,   100] loss: 0.000
[4,   200] loss: 0.001
[4,   300] loss: 0.001
[5,   100] loss: 0.000
[5,   200] loss: 0.000
[5,   300] loss: 0.000
[6,   100] loss: 0.000
[6,   200] loss: 0.000
[6,   300] loss: 0.000
[7,   100] loss: 0.000
[7,   200] loss: 0.000
[7,   300] loss: 0.000
[8,   100] loss: 0.000
[8,   200] loss: 0.000
[8,   300] loss: 0.000
[9,   100] loss: 0.001
[9,   200] loss: 0.001
[9,   300] loss: 0.001
[10,   100] loss: 0.000
[10,   200] loss: 0.000
[10,   300] loss: 0.001
<class 'float'> 0.0
<class 'dict'>
Training 10 epoch(s) w/ 393 batches each
[1,   100] loss: 0.068
[1,   200] loss: 0.003
[1,   300] loss: 0.002
[2,   100] loss: 0.000
[2,   200] loss: 0.001
[2,   300] loss: 0.001
[3,   100] loss: 0.001
[3,   200] loss: 0.000
[3,   300] loss: 0.000
[4,   100] loss: 0.001
[4,   200] loss: 0.000
[4,   300] loss: 0.001
[5,   100] loss: 0.001
[5,   200] loss: 0.000
[5,   300] loss: 0.000
[6,   100] loss: 0.000
[6,   200] loss: 0.000
[6,   300] loss: 0.000
[7,   100] loss: 0.000
[7,   200] loss: 0.000
[7,   300] loss: 0.000
[8,   100] loss: 0.001
[8,   200] loss: 0.000
[8,   300] loss: 0.000
[9,   100] loss: 0.000
[9,   200] loss: 0.000
[9,   300] loss: 0.000
[10,   100] loss: 0.001
[10,   200] loss: 0.001
[10,   300] loss: 0.001
<class 'float'> 0.0
<class 'dict'>
Training 10 epoch(s) w/ 393 batches each
[1,   100] loss: 0.029
[1,   200] loss: 0.004
[1,   300] loss: 0.001
[2,   100] loss: 0.002
[2,   200] loss: 0.000
[2,   300] loss: 0.001
[3,   100] loss: 0.000
[3,   200] loss: 0.000
[3,   300] loss: 0.000
[4,   100] loss: 0.000
[4,   200] loss: 0.000
[4,   300] loss: 0.001
[5,   100] loss: 0.000
[5,   200] loss: 0.000
[5,   300] loss: 0.000
[6,   100] loss: 0.002
[6,   200] loss: 0.001
[6,   300] loss: 0.000
[7,   100] loss: 0.000
[7,   200] loss: 0.000
[7,   300] loss: 0.001
[8,   100] loss: 0.000
[8,   200] loss: 0.000
[8,   300] loss: 0.000
[9,   100] loss: 0.001
[9,   200] loss: 0.001
[9,   300] loss: 0.000
[10,   100] loss: 0.000
[10,   200] loss: 0.000
[10,   300] loss: 0.001
<class 'float'> 0.0
<class 'dict'>
Training 10 epoch(s) w/ 393 batches each
[1,   100] loss: 0.103
[1,   200] loss: 0.003
[1,   300] loss: 0.002
[2,   100] loss: 0.001
[2,   200] loss: 0.000
[2,   300] loss: 0.000
[3,   100] loss: 0.001
[3,   200] loss: 0.000
[3,   300] loss: 0.001
[4,   100] loss: 0.001
[4,   200] loss: 0.001
[4,   300] loss: 0.001
[5,   100] loss: 0.000
[5,   200] loss: 0.000
[5,   300] loss: 0.001
[6,   100] loss: 0.000
[6,   200] loss: 0.005
[6,   300] loss: 0.001
[7,   100] loss: 0.000
[7,   200] loss: 0.000
[7,   300] loss: 0.000
[8,   100] loss: 0.000
[8,   200] loss: 0.000
[8,   300] loss: 0.000
[9,   100] loss: 0.000
[9,   200] loss: 0.000
[9,   300] loss: 0.000
[10,   100] loss: 0.000
[10,   200] loss: 0.000
[10,   300] loss: 0.000
<class 'float'> 0.0
<class 'dict'>
Training 10 epoch(s) w/ 393 batches each
[1,   100] loss: 0.066
[1,   200] loss: 0.002
[1,   300] loss: 0.002
[2,   100] loss: 0.001
[2,   200] loss: 0.001
[2,   300] loss: 0.000
[3,   100] loss: 0.000
[3,   200] loss: 0.000
[3,   300] loss: 0.000
[4,   100] loss: 0.001
[4,   200] loss: 0.000
[4,   300] loss: 0.000
[5,   100] loss: 0.000
[5,   200] loss: 0.000
[5,   300] loss: 0.000
[6,   100] loss: 0.000
[6,   200] loss: 0.000
[6,   300] loss: 0.001
[7,   100] loss: 0.000
[7,   200] loss: 0.000
[7,   300] loss: 0.000
[8,   100] loss: 0.001
[8,   200] loss: 0.000
[8,   300] loss: 0.000
[9,   100] loss: 0.000
[9,   200] loss: 0.008
[9,   300] loss: 0.001
[10,   100] loss: 0.002
[10,   200] loss: 0.000
[10,   300] loss: 0.000
<class 'float'> 0.0
<class 'dict'>
Training 10 epoch(s) w/ 393 batches each
[1,   100] loss: 0.067
[1,   200] loss: 0.002
[1,   300] loss: 0.003
[2,   100] loss: 0.001
[2,   200] loss: 0.000
[2,   300] loss: 0.000
[3,   100] loss: 0.000
[3,   200] loss: 0.000
[3,   300] loss: 0.001
[4,   100] loss: 0.000
[4,   200] loss: 0.000
[4,   300] loss: 0.000
[5,   100] loss: 0.000
[5,   200] loss: 0.000
[5,   300] loss: 0.000
[6,   100] loss: 0.000
[6,   200] loss: 0.000
[6,   300] loss: 0.000
[7,   100] loss: 0.001
[7,   200] loss: 0.000
[7,   300] loss: 0.000
[8,   100] loss: 0.000
[8,   200] loss: 0.001
[8,   300] loss: 0.000
[9,   100] loss: 0.000
[9,   200] loss: 0.001
[9,   300] loss: 0.000
[10,   100] loss: 0.001
[10,   200] loss: 0.000
[10,   300] loss: 0.000
<class 'float'> 0.0
<class 'dict'>
Training 10 epoch(s) w/ 393 batches each
[1,   100] loss: 0.046
[1,   200] loss: 0.002
[1,   300] loss: 0.001
[2,   100] loss: 0.001
[2,   200] loss: 0.001
[2,   300] loss: 0.001
[3,   100] loss: 0.000
[3,   200] loss: 0.001
[3,   300] loss: 0.001
[4,   100] loss: 0.001
[4,   200] loss: 0.001
[4,   300] loss: 0.000
[5,   100] loss: 0.000
[5,   200] loss: 0.000
[5,   300] loss: 0.000
[6,   100] loss: 0.000
[6,   200] loss: 0.001
[6,   300] loss: 0.000
[7,   100] loss: 0.000
[7,   200] loss: 0.000
[7,   300] loss: 0.001
[8,   100] loss: 0.001
[8,   200] loss: 0.000
[8,   300] loss: 0.001
[9,   100] loss: 0.000
[9,   200] loss: 0.000
[9,   300] loss: 0.001
[10,   100] loss: 0.000
[10,   200] loss: 0.000
[10,   300] loss: 0.000
<class 'float'> 0.0
<class 'dict'>
Training 10 epoch(s) w/ 393 batches each
[1,   100] loss: 0.085
[1,   200] loss: 0.005
[1,   300] loss: 0.002
[2,   100] loss: 0.001
[2,   200] loss: 0.001
[2,   300] loss: 0.000
[3,   100] loss: 0.001
[3,   200] loss: 0.000
[3,   300] loss: 0.001
[4,   100] loss: 0.000
[4,   200] loss: 0.000
[4,   300] loss: 0.000
[5,   100] loss: 0.000
[5,   200] loss: 0.000
[5,   300] loss: 0.000
[6,   100] loss: 0.000
[6,   200] loss: 0.000
[6,   300] loss: 0.000
[7,   100] loss: 0.000
[7,   200] loss: 0.000
[7,   300] loss: 0.000
[8,   100] loss: 0.001
[8,   200] loss: 0.000
[8,   300] loss: 0.001
[9,   100] loss: 0.001
[9,   200] loss: 0.000
[9,   300] loss: 0.001
[10,   100] loss: 0.000
[10,   200] loss: 0.001
[10,   300] loss: 0.000
<class 'float'> 0.0
<class 'dict'>
Training 10 epoch(s) w/ 393 batches each
[1,   100] loss: 0.120
[1,   200] loss: 0.003
[1,   300] loss: 0.003
[2,   100] loss: 0.001
[2,   200] loss: 0.001
[2,   300] loss: 0.001
[3,   100] loss: 0.001
[3,   200] loss: 0.001
[3,   300] loss: 0.000
[4,   100] loss: 0.000
[4,   200] loss: 0.000
[4,   300] loss: 0.000
[5,   100] loss: 0.001
[5,   200] loss: 0.000
[5,   300] loss: 0.000
[6,   100] loss: 0.000
[6,   200] loss: 0.000
[6,   300] loss: 0.000
[7,   100] loss: 0.001
[7,   200] loss: 0.000
[7,   300] loss: 0.000
[8,   100] loss: 0.000
[8,   200] loss: 0.000
[8,   300] loss: 0.000
[9,   100] loss: 0.000
[9,   200] loss: 0.000
[9,   300] loss: 0.000
[10,   100] loss: 0.000
[10,   200] loss: 0.000
[10,   300] loss: 0.000
<class 'float'> 0.0
<class 'dict'>
Training 10 epoch(s) w/ 393 batches each
[1,   100] loss: 0.124
[1,   200] loss: 0.003
[1,   300] loss: 0.002
[2,   100] loss: 0.001
[2,   200] loss: 0.001
[2,   300] loss: 0.001
[3,   100] loss: 0.001
[3,   200] loss: 0.000
[3,   300] loss: 0.000
[4,   100] loss: 0.000
[4,   200] loss: 0.000
[4,   300] loss: 0.000
[5,   100] loss: 0.000
[5,   200] loss: 0.000
[5,   300] loss: 0.000
[6,   100] loss: 0.000
[6,   200] loss: 0.000
[6,   300] loss: 0.000
[7,   100] loss: 0.000
[7,   200] loss: 0.000
[7,   300] loss: 0.000
[8,   100] loss: 0.000
[8,   200] loss: 0.000
[8,   300] loss: 0.000
[9,   100] loss: 0.001
[9,   200] loss: 0.002
[9,   300] loss: 0.001
[10,   100] loss: 0.001
[10,   200] loss: 0.002
[10,   300] loss: 0.001
<class 'float'> 0.0
<class 'dict'>
Training 10 epoch(s) w/ 393 batches each
[1,   100] loss: 0.101
[1,   200] loss: 0.002
[1,   300] loss: 0.001
[2,   100] loss: 0.001
[2,   200] loss: 0.001
[2,   300] loss: 0.001
[3,   100] loss: 0.001
[3,   200] loss: 0.000
[3,   300] loss: 0.001
[4,   100] loss: 0.000
[4,   200] loss: 0.000
[4,   300] loss: 0.000
[5,   100] loss: 0.000
[5,   200] loss: 0.000
[5,   300] loss: 0.000
[6,   100] loss: 0.000
[6,   200] loss: 0.000
[6,   300] loss: 0.000
[7,   100] loss: 0.001
[7,   200] loss: 0.000
[7,   300] loss: 0.000
[8,   100] loss: 0.000
[8,   200] loss: 0.000
[8,   300] loss: 0.000
[9,   100] loss: 0.000
[9,   200] loss: 0.000
[9,   300] loss: 0.001
[10,   100] loss: 0.001
[10,   200] loss: 0.003
[10,   300] loss: 0.002
<class 'float'> 0.0
<class 'dict'>
Training 10 epoch(s) w/ 393 batches each
[1,   100] loss: 0.075
[1,   200] loss: 0.002
[1,   300] loss: 0.001
[2,   100] loss: 0.001
[2,   200] loss: 0.001
[2,   300] loss: 0.000
[3,   100] loss: 0.000
[3,   200] loss: 0.000
[3,   300] loss: 0.000
[4,   100] loss: 0.000
[4,   200] loss: 0.000
[4,   300] loss: 0.000
[5,   100] loss: 0.000
[5,   200] loss: 0.000
[5,   300] loss: 0.000
[6,   100] loss: 0.000
[6,   200] loss: 0.000
[6,   300] loss: 0.000
[7,   100] loss: 0.000
[7,   200] loss: 0.000
[7,   300] loss: 0.000
[8,   100] loss: 0.000
[8,   200] loss: 0.000
[8,   300] loss: 0.000
[9,   100] loss: 0.000
[9,   200] loss: 0.000
[9,   300] loss: 0.001
[10,   100] loss: 0.001
[10,   200] loss: 0.001
[10,   300] loss: 0.000
<class 'float'> 0.0
<class 'dict'>
Training 10 epoch(s) w/ 393 batches each
[1,   100] loss: 0.089
[1,   200] loss: 0.003
[1,   300] loss: 0.002
[2,   100] loss: 0.001
[2,   200] loss: 0.001
[2,   300] loss: 0.000
[3,   100] loss: 0.000
[3,   200] loss: 0.000
[3,   300] loss: 0.000
[4,   100] loss: 0.000
[4,   200] loss: 0.000
[4,   300] loss: 0.000
[5,   100] loss: 0.000
[5,   200] loss: 0.000
[5,   300] loss: 0.000
[6,   100] loss: 0.000
[6,   200] loss: 0.000
[6,   300] loss: 0.001
[7,   100] loss: 0.000
[7,   200] loss: 0.000
[7,   300] loss: 0.000
[8,   100] loss: 0.000
[8,   200] loss: 0.000
[8,   300] loss: 0.000
[9,   100] loss: 0.001
[9,   200] loss: 0.000
[9,   300] loss: 0.000
[10,   100] loss: 0.000
[10,   200] loss: 0.005
[10,   300] loss: 0.001
<class 'float'> 0.0
<class 'dict'>
Training 10 epoch(s) w/ 393 batches each
[1,   100] loss: 0.105
[1,   200] loss: 0.003
[1,   300] loss: 0.002
[2,   100] loss: 0.000
[2,   200] loss: 0.000
[2,   300] loss: 0.005
[3,   100] loss: 0.000
[3,   200] loss: 0.000
[3,   300] loss: 0.000
[4,   100] loss: 0.000
[4,   200] loss: 0.001
[4,   300] loss: 0.000
[5,   100] loss: 0.000
[5,   200] loss: 0.000
[5,   300] loss: 0.000
[6,   100] loss: 0.000
[6,   200] loss: 0.000
[6,   300] loss: 0.000
[7,   100] loss: 0.000
[7,   200] loss: 0.000
[7,   300] loss: 0.000
[8,   100] loss: 0.000
[8,   200] loss: 0.000
[8,   300] loss: 0.000
[9,   100] loss: 0.000
[9,   200] loss: 0.000
[9,   300] loss: 0.001
[10,   100] loss: 0.000
[10,   200] loss: 0.001
[10,   300] loss: 0.000
<class 'float'> 0.0
<class 'dict'>
Training 10 epoch(s) w/ 393 batches each
[1,   100] loss: 0.096
[1,   200] loss: 0.002
[1,   300] loss: 0.002
[2,   100] loss: 0.001
[2,   200] loss: 0.000
[2,   300] loss: 0.000
[3,   100] loss: 0.000
[3,   200] loss: 0.000
[3,   300] loss: 0.000
[4,   100] loss: 0.000
[4,   200] loss: 0.000
[4,   300] loss: 0.000
[5,   100] loss: 0.000
[5,   200] loss: 0.000
[5,   300] loss: 0.000
[6,   100] loss: 0.000
[6,   200] loss: 0.000
[6,   300] loss: 0.000
[7,   100] loss: 0.000
[7,   200] loss: 0.000
[7,   300] loss: 0.000
[8,   100] loss: 0.000
[8,   200] loss: 0.000
[8,   300] loss: 0.000
[9,   100] loss: 0.000
[9,   200] loss: 0.001
[9,   300] loss: 0.000
[10,   100] loss: 0.000
[10,   200] loss: 0.000
[10,   300] loss: 0.000
<class 'float'> 0.0
<class 'dict'>
Training 10 epoch(s) w/ 393 batches each
[1,   100] loss: 0.172
[1,   200] loss: 0.004
[1,   300] loss: 0.002
[2,   100] loss: 0.001
[2,   200] loss: 0.001
[2,   300] loss: 0.000
[3,   100] loss: 0.000
[3,   200] loss: 0.000
[3,   300] loss: 0.000
[4,   100] loss: 0.000
[4,   200] loss: 0.000
[4,   300] loss: 0.000
[5,   100] loss: 0.000
[5,   200] loss: 0.000
[5,   300] loss: 0.000
[6,   100] loss: 0.000
[6,   200] loss: 0.000
[6,   300] loss: 0.000
[7,   100] loss: 0.000
[7,   200] loss: 0.000
[7,   300] loss: 0.000
[8,   100] loss: 0.001
[8,   200] loss: 0.002
[8,   300] loss: 0.000
[9,   100] loss: 0.000
[9,   200] loss: 0.001
[9,   300] loss: 0.000
[10,   100] loss: 0.000
[10,   200] loss: 0.000
[10,   300] loss: 0.000
<class 'float'> 0.0
<class 'dict'>
Training 10 epoch(s) w/ 393 batches each
[1,   100] loss: 0.124
[1,   200] loss: 0.005
[1,   300] loss: 0.002
[2,   100] loss: 0.000
[2,   200] loss: 0.000
[2,   300] loss: 0.000
[3,   100] loss: 0.001
[3,   200] loss: 0.000
[3,   300] loss: 0.000
[4,   100] loss: 0.000
[4,   200] loss: 0.000
[4,   300] loss: 0.000
[5,   100] loss: 0.000
[5,   200] loss: 0.000
[5,   300] loss: 0.000
[6,   100] loss: 0.000
[6,   200] loss: 0.000
[6,   300] loss: 0.000
[7,   100] loss: 0.000
[7,   200] loss: 0.000
[7,   300] loss: 0.000
[8,   100] loss: 0.001
[8,   200] loss: 0.000
[8,   300] loss: 0.000
[9,   100] loss: 0.000
[9,   200] loss: 0.000
[9,   300] loss: 0.000
[10,   100] loss: 0.001
[10,   200] loss: 0.000
[10,   300] loss: 0.000
<class 'float'> 0.0
<class 'dict'>
Training 10 epoch(s) w/ 393 batches each
[1,   100] loss: 0.110
[1,   200] loss: 0.003
[1,   300] loss: 0.003
[2,   100] loss: 0.001
[2,   200] loss: 0.002
[2,   300] loss: 0.001
[3,   100] loss: 0.001
[3,   200] loss: 0.001
[3,   300] loss: 0.001
[4,   100] loss: 0.000
[4,   200] loss: 0.000
[4,   300] loss: 0.000
[5,   100] loss: 0.000
[5,   200] loss: 0.000
[5,   300] loss: 0.000
[6,   100] loss: 0.000
[6,   200] loss: 0.000
[6,   300] loss: 0.000
[7,   100] loss: 0.000
[7,   200] loss: 0.000
[7,   300] loss: 0.000
[8,   100] loss: 0.000
[8,   200] loss: 0.000
[8,   300] loss: 0.000
[9,   100] loss: 0.000
[9,   200] loss: 0.000
[9,   300] loss: 0.000
[10,   100] loss: 0.001
[10,   200] loss: 0.000
[10,   300] loss: 0.000
<class 'float'> 0.0
<class 'dict'>
Training 10 epoch(s) w/ 393 batches each
[1,   100] loss: 0.109
[1,   200] loss: 0.002
[1,   300] loss: 0.005
[2,   100] loss: 0.001
[2,   200] loss: 0.001
[2,   300] loss: 0.000
[3,   100] loss: 0.000
[3,   200] loss: 0.001
[3,   300] loss: 0.001
[4,   100] loss: 0.000
[4,   200] loss: 0.000
[4,   300] loss: 0.001
[5,   100] loss: 0.000
[5,   200] loss: 0.000
[5,   300] loss: 0.000
[6,   100] loss: 0.000
[6,   200] loss: 0.000
[6,   300] loss: 0.001
[7,   100] loss: 0.000
[7,   200] loss: 0.000
[7,   300] loss: 0.000
[8,   100] loss: 0.000
[8,   200] loss: 0.000
[8,   300] loss: 0.000
[9,   100] loss: 0.000
[9,   200] loss: 0.000
[9,   300] loss: 0.000
[10,   100] loss: 0.000
[10,   200] loss: 0.000
[10,   300] loss: 0.000
<class 'float'> 0.0
<class 'dict'>
Training 10 epoch(s) w/ 393 batches each
[1,   100] loss: 0.208
[1,   200] loss: 0.005
[1,   300] loss: 0.002
[2,   100] loss: 0.001
[2,   200] loss: 0.001
[2,   300] loss: 0.000
[3,   100] loss: 0.000
[3,   200] loss: 0.000
[3,   300] loss: 0.002
[4,   100] loss: 0.000
[4,   200] loss: 0.000
[4,   300] loss: 0.000
[5,   100] loss: 0.001
[5,   200] loss: 0.000
[5,   300] loss: 0.000
[6,   100] loss: 0.000
[6,   200] loss: 0.000
[6,   300] loss: 0.000
[7,   100] loss: 0.000
[7,   200] loss: 0.000
[7,   300] loss: 0.000
[8,   100] loss: 0.000
[8,   200] loss: 0.001
[8,   300] loss: 0.000
[9,   100] loss: 0.000
[9,   200] loss: 0.000
[9,   300] loss: 0.000
[10,   100] loss: 0.000
[10,   200] loss: 0.000
[10,   300] loss: 0.001
<class 'float'> 0.0
<class 'dict'>
Training 10 epoch(s) w/ 393 batches each
[1,   100] loss: 0.140
[1,   200] loss: 0.004
[1,   300] loss: 0.003
[2,   100] loss: 0.001
[2,   200] loss: 0.002
[2,   300] loss: 0.000
[3,   100] loss: 0.000
[3,   200] loss: 0.001
[3,   300] loss: 0.000
[4,   100] loss: 0.000
[4,   200] loss: 0.000
[4,   300] loss: 0.000
[5,   100] loss: 0.000
[5,   200] loss: 0.000
[5,   300] loss: 0.000
[6,   100] loss: 0.000
[6,   200] loss: 0.000
[6,   300] loss: 0.000
[7,   100] loss: 0.000
[7,   200] loss: 0.000
[7,   300] loss: 0.000
[8,   100] loss: 0.000
[8,   200] loss: 0.000
[8,   300] loss: 0.000
[9,   100] loss: 0.000
[9,   200] loss: 0.000
[9,   300] loss: 0.000
[10,   100] loss: 0.000
[10,   200] loss: 0.001
[10,   300] loss: 0.001
<class 'float'> 0.0
<class 'dict'>
Training 10 epoch(s) w/ 393 batches each
[1,   100] loss: 0.159
[1,   200] loss: 0.003
[1,   300] loss: 0.003
[2,   100] loss: 0.001
[2,   200] loss: 0.001
[2,   300] loss: 0.001
[3,   100] loss: 0.000
[3,   200] loss: 0.000
[3,   300] loss: 0.001
[4,   100] loss: 0.000
[4,   200] loss: 0.000
[4,   300] loss: 0.000
[5,   100] loss: 0.001
[5,   200] loss: 0.000
[5,   300] loss: 0.000
[6,   100] loss: 0.000
[6,   200] loss: 0.000
[6,   300] loss: 0.000
[7,   100] loss: 0.000
[7,   200] loss: 0.000
[7,   300] loss: 0.000
[8,   100] loss: 0.000
[8,   200] loss: 0.000
[8,   300] loss: 0.000
[9,   100] loss: 0.000
[9,   200] loss: 0.000
[9,   300] loss: 0.000
[10,   100] loss: 0.000
[10,   200] loss: 0.000
[10,   300] loss: 0.000
<class 'float'> 0.0
<class 'dict'>
Training 10 epoch(s) w/ 393 batches each
[1,   100] loss: 0.132
[1,   200] loss: 0.002
[1,   300] loss: 0.001
[2,   100] loss: 0.001
[2,   200] loss: 0.001
[2,   300] loss: 0.001
[3,   100] loss: 0.000
[3,   200] loss: 0.001
[3,   300] loss: 0.000
[4,   100] loss: 0.000
[4,   200] loss: 0.000
[4,   300] loss: 0.000
[5,   100] loss: 0.000
[5,   200] loss: 0.000
[5,   300] loss: 0.000
[6,   100] loss: 0.000
[6,   200] loss: 0.000
[6,   300] loss: 0.000
[7,   100] loss: 0.000
[7,   200] loss: 0.000
[7,   300] loss: 0.000
[8,   100] loss: 0.001
[8,   200] loss: 0.002
[8,   300] loss: 0.001
[9,   100] loss: 0.000
[9,   200] loss: 0.001
[9,   300] loss: 0.000
[10,   100] loss: 0.001
[10,   200] loss: 0.001
[10,   300] loss: 0.001
<class 'float'> 0.0
<class 'dict'>
Training 10 epoch(s) w/ 393 batches each
[1,   100] loss: 0.105
[1,   200] loss: 0.002
[1,   300] loss: 0.002
[2,   100] loss: 0.001
[2,   200] loss: 0.001
[2,   300] loss: 0.000
[3,   100] loss: 0.000
[3,   200] loss: 0.000
[3,   300] loss: 0.000
[4,   100] loss: 0.000
[4,   200] loss: 0.008
[4,   300] loss: 0.000
[5,   100] loss: 0.000
[5,   200] loss: 0.000
[5,   300] loss: 0.001
[6,   100] loss: 0.000
[6,   200] loss: 0.000
[6,   300] loss: 0.000
[7,   100] loss: 0.000
[7,   200] loss: 0.000
[7,   300] loss: 0.000
[8,   100] loss: 0.000
[8,   200] loss: 0.000
[8,   300] loss: 0.000
[9,   100] loss: 0.000
[9,   200] loss: 0.000
[9,   300] loss: 0.000
[10,   100] loss: 0.000
[10,   200] loss: 0.000
[10,   300] loss: 0.000
<class 'float'> 0.0
<class 'dict'>
Training 10 epoch(s) w/ 393 batches each
[1,   100] loss: 0.073
[1,   200] loss: 0.003
[1,   300] loss: 0.000
[2,   100] loss: 0.001
[2,   200] loss: 0.000
[2,   300] loss: 0.000
[3,   100] loss: 0.000
[3,   200] loss: 0.000
[3,   300] loss: 0.000
[4,   100] loss: 0.000
[4,   200] loss: 0.000
[4,   300] loss: 0.000
[5,   100] loss: 0.000
[5,   200] loss: 0.000
[5,   300] loss: 0.000
[6,   100] loss: 0.000
[6,   200] loss: 0.000
[6,   300] loss: 0.000
[7,   100] loss: 0.000
[7,   200] loss: 0.005
[7,   300] loss: 0.001
[8,   100] loss: 0.000
[8,   200] loss: 0.001
[8,   300] loss: 0.001
[9,   100] loss: 0.002
[9,   200] loss: 0.000
[9,   300] loss: 0.000
[10,   100] loss: 0.000
[10,   200] loss: 0.000
[10,   300] loss: 0.000
<class 'float'> 0.0
<class 'dict'>
