Training 30 epoch(s) w/ 498 batches each
[1,   100] loss: 0.010
[1,   200] loss: 0.001
[1,   300] loss: 0.001
[1,   400] loss: 0.004
[2,   100] loss: 0.001
[2,   200] loss: 0.001
[2,   300] loss: 0.001
[2,   400] loss: 0.001
[3,   100] loss: 0.003
[3,   200] loss: 0.001
[3,   300] loss: 0.001
[3,   400] loss: 0.002
[4,   100] loss: 0.008
[4,   200] loss: 0.004
[4,   300] loss: 0.001
[4,   400] loss: 0.001
[5,   100] loss: 0.002
[5,   200] loss: 0.002
[5,   300] loss: 0.001
[5,   400] loss: 0.001
[6,   100] loss: 0.001
[6,   200] loss: 0.001
[6,   300] loss: 0.001
[6,   400] loss: 0.002
[7,   100] loss: 0.001
[7,   200] loss: 0.000
[7,   300] loss: 0.001
[7,   400] loss: 0.001
[8,   100] loss: 0.001
[8,   200] loss: 0.002
[8,   300] loss: 0.001
[8,   400] loss: 0.001
[9,   100] loss: 0.001
[9,   200] loss: 0.001
[9,   300] loss: 0.001
[9,   400] loss: 0.002
[10,   100] loss: 0.001
[10,   200] loss: 0.001
[10,   300] loss: 0.000
[10,   400] loss: 0.000
[11,   100] loss: 0.004
[11,   200] loss: 0.003
[11,   300] loss: 0.002
[11,   400] loss: 0.000
[12,   100] loss: 0.004
[12,   200] loss: 0.003
[12,   300] loss: 0.001
[12,   400] loss: 0.001
[13,   100] loss: 0.002
[13,   200] loss: 0.001
[13,   300] loss: 0.001
[13,   400] loss: 0.001
[14,   100] loss: 0.001
[14,   200] loss: 0.002
[14,   300] loss: 0.000
[14,   400] loss: 0.001
[15,   100] loss: 0.001
[15,   200] loss: 0.001
[15,   300] loss: 0.018
[15,   400] loss: 0.035
[16,   100] loss: 0.036
[16,   200] loss: 0.035
[16,   300] loss: 0.035
[16,   400] loss: 0.035
[17,   100] loss: 0.035
[17,   200] loss: 0.035
[17,   300] loss: 0.035
[17,   400] loss: 0.035
[18,   100] loss: 0.035
[18,   200] loss: 0.035
[18,   300] loss: 0.035
[18,   400] loss: 0.035
[19,   100] loss: 0.035
[19,   200] loss: 0.035
[19,   300] loss: 0.035
[19,   400] loss: 0.035
[20,   100] loss: 0.035
[20,   200] loss: 0.035
[20,   300] loss: 0.035
[20,   400] loss: 0.035
[21,   100] loss: 0.035
[21,   200] loss: 0.035
[21,   300] loss: 0.035
[21,   400] loss: 0.035
[22,   100] loss: 0.035
[22,   200] loss: 0.035
[22,   300] loss: 0.035
[22,   400] loss: 0.035
[23,   100] loss: 0.035
[23,   200] loss: 0.035
[23,   300] loss: 0.035
[23,   400] loss: 0.035
[24,   100] loss: 0.035
[24,   200] loss: 0.035
[24,   300] loss: 0.035
[24,   400] loss: 0.035
[25,   100] loss: 0.035
[25,   200] loss: 0.035
[25,   300] loss: 0.035
[25,   400] loss: 0.035
[26,   100] loss: 0.035
[26,   200] loss: 0.035
[26,   300] loss: 0.035
[26,   400] loss: 0.035
[27,   100] loss: 0.035
[27,   200] loss: 0.035
[27,   300] loss: 0.035
[27,   400] loss: 0.035
[28,   100] loss: 0.035
[28,   200] loss: 0.035
[28,   300] loss: 0.035
[28,   400] loss: 0.035
[29,   100] loss: 0.035
[29,   200] loss: 0.035
[29,   300] loss: 0.035
[29,   400] loss: 0.035
[30,   100] loss: 0.035
[30,   200] loss: 0.035
[30,   300] loss: 0.035
[30,   400] loss: 0.035
<class 'float'> 0.5119496855345912
<class 'dict'>
Training 30 epoch(s) w/ 498 batches each
[1,   100] loss: 0.009
[1,   200] loss: 0.001
[1,   300] loss: 0.001
[1,   400] loss: 0.001
[2,   100] loss: 0.001
[2,   200] loss: 0.001
[2,   300] loss: 0.001
[2,   400] loss: 0.002
[3,   100] loss: 0.001
[3,   200] loss: 0.001
[3,   300] loss: 0.001
[3,   400] loss: 0.003
[4,   100] loss: 0.001
[4,   200] loss: 0.015
[4,   300] loss: 0.002
[4,   400] loss: 0.002
[5,   100] loss: 0.001
[5,   200] loss: 0.004
[5,   300] loss: 0.001
[5,   400] loss: 0.002
[6,   100] loss: 0.001
[6,   200] loss: 0.002
[6,   300] loss: 0.001
[6,   400] loss: 0.001
[7,   100] loss: 0.004
[7,   200] loss: 0.003
[7,   300] loss: 0.002
[7,   400] loss: 0.002
[8,   100] loss: 0.003
[8,   200] loss: 0.011
[8,   300] loss: 0.005
[8,   400] loss: 0.002
[9,   100] loss: 0.003
[9,   200] loss: 0.003
[9,   300] loss: 0.001
[9,   400] loss: 0.002
[10,   100] loss: 0.002
[10,   200] loss: 0.001
[10,   300] loss: 0.001
[10,   400] loss: 0.000
[11,   100] loss: 0.001
[11,   200] loss: 0.002
[11,   300] loss: 0.001
[11,   400] loss: 0.001
[12,   100] loss: 0.000
[12,   200] loss: 0.001
[12,   300] loss: 0.001
[12,   400] loss: 0.002
[13,   100] loss: 0.001
[13,   200] loss: 0.001
[13,   300] loss: 0.001
[13,   400] loss: 0.001
[14,   100] loss: 0.002
[14,   200] loss: 0.001
[14,   300] loss: 0.001
[14,   400] loss: 0.001
[15,   100] loss: 0.037
[15,   200] loss: 0.035
[15,   300] loss: 0.036
[15,   400] loss: 0.035
[16,   100] loss: 0.035
[16,   200] loss: 0.035
[16,   300] loss: 0.035
[16,   400] loss: 0.035
[17,   100] loss: 0.035
[17,   200] loss: 0.035
[17,   300] loss: 0.035
[17,   400] loss: 0.035
[18,   100] loss: 0.035
[18,   200] loss: 0.035
[18,   300] loss: 0.035
[18,   400] loss: 0.035
[19,   100] loss: 0.035
[19,   200] loss: 0.035
[19,   300] loss: 0.035
[19,   400] loss: 0.035
[20,   100] loss: 0.035
[20,   200] loss: 0.035
[20,   300] loss: 0.035
[20,   400] loss: 0.035
[21,   100] loss: 0.035
[21,   200] loss: 0.035
[21,   300] loss: 0.035
[21,   400] loss: 0.035
[22,   100] loss: 0.035
[22,   200] loss: 0.035
[22,   300] loss: 0.035
[22,   400] loss: 0.035
[23,   100] loss: 0.035
[23,   200] loss: 0.035
[23,   300] loss: 0.035
[23,   400] loss: 0.035
[24,   100] loss: 0.035
[24,   200] loss: 0.035
[24,   300] loss: 0.035
[24,   400] loss: 0.035
[25,   100] loss: 0.035
[25,   200] loss: 0.035
[25,   300] loss: 0.035
[25,   400] loss: 0.035
[26,   100] loss: 0.035
[26,   200] loss: 0.035
[26,   300] loss: 0.035
[26,   400] loss: 0.035
[27,   100] loss: 0.035
[27,   200] loss: 0.035
[27,   300] loss: 0.035
[27,   400] loss: 0.035
[28,   100] loss: 0.035
[28,   200] loss: 0.035
[28,   300] loss: 0.035
[28,   400] loss: 0.035
[29,   100] loss: 0.035
[29,   200] loss: 0.035
[29,   300] loss: 0.035
[29,   400] loss: 0.035
[30,   100] loss: 0.035
[30,   200] loss: 0.035
[30,   300] loss: 0.035
[30,   400] loss: 0.035
<class 'float'> 0.5119496855345912
<class 'dict'>
<class 'float'> 0.0
<class 'dict'>
Training 30 epoch(s) w/ 498 batches each
[1,   100] loss: 0.033
[1,   200] loss: 0.004
[1,   300] loss: 0.003
[1,   400] loss: 0.002
[2,   100] loss: 0.021
[2,   200] loss: 0.005
[2,   300] loss: 0.003
[2,   400] loss: 0.004
[3,   100] loss: 0.002
[3,   200] loss: 0.003
[3,   300] loss: 0.013
[3,   400] loss: 0.003
[4,   100] loss: 0.003
[4,   200] loss: 0.002
[4,   300] loss: 0.002
[4,   400] loss: 0.003
[5,   100] loss: 0.001
[5,   200] loss: 0.001
[5,   300] loss: 0.002
[5,   400] loss: 0.002
[6,   100] loss: 0.001
[6,   200] loss: 0.002
[6,   300] loss: 0.002
[6,   400] loss: 0.001
[7,   100] loss: 0.001
[7,   200] loss: 0.001
[7,   300] loss: 0.001
[7,   400] loss: 0.002
[8,   100] loss: 0.025
[8,   200] loss: 0.001
[8,   300] loss: 0.002
[8,   400] loss: 0.039
[9,   100] loss: 0.036
[9,   200] loss: 0.035
[9,   300] loss: 0.035
[9,   400] loss: 0.035
[10,   100] loss: 0.035
[10,   200] loss: 0.035
[10,   300] loss: 0.035
[10,   400] loss: 0.035
[11,   100] loss: 0.035
[11,   200] loss: 0.035
[11,   300] loss: 0.035
[11,   400] loss: 0.035
[12,   100] loss: 0.035
[12,   200] loss: 0.035
[12,   300] loss: 0.035
[12,   400] loss: 0.035
[13,   100] loss: 0.035
[13,   200] loss: 0.035
[13,   300] loss: 0.035
[13,   400] loss: 0.035
[14,   100] loss: 0.035
[14,   200] loss: 0.035
[14,   300] loss: 0.035
[14,   400] loss: 0.035
[15,   100] loss: 0.035
[15,   200] loss: 0.035
[15,   300] loss: 0.035
[15,   400] loss: 0.035
[16,   100] loss: 0.035
[16,   200] loss: 0.035
[16,   300] loss: 0.035
[16,   400] loss: 0.035
[17,   100] loss: 0.035
[17,   200] loss: 0.035
[17,   300] loss: 0.035
[17,   400] loss: 0.035
[18,   100] loss: 0.035
[18,   200] loss: 0.035
[18,   300] loss: 0.035
[18,   400] loss: 0.035
[19,   100] loss: 0.035
[19,   200] loss: 0.035
[19,   300] loss: 0.035
[19,   400] loss: 0.035
[20,   100] loss: 0.035
[20,   200] loss: 0.035
[20,   300] loss: 0.035
[20,   400] loss: 0.035
[21,   100] loss: 0.035
[21,   200] loss: 0.035
[21,   300] loss: 0.035
[21,   400] loss: 0.035
[22,   100] loss: 0.035
[22,   200] loss: 0.035
[22,   300] loss: 0.035
[22,   400] loss: 0.035
[23,   100] loss: 0.035
[23,   200] loss: 0.035
[23,   300] loss: 0.035
[23,   400] loss: 0.035
[24,   100] loss: 0.035
[24,   200] loss: 0.035
[24,   300] loss: 0.035
[24,   400] loss: 0.035
[25,   100] loss: 0.035
[25,   200] loss: 0.035
[25,   300] loss: 0.035
[25,   400] loss: 0.035
[26,   100] loss: 0.035
[26,   200] loss: 0.035
[26,   300] loss: 0.035
[26,   400] loss: 0.035
[27,   100] loss: 0.035
[27,   200] loss: 0.035
[27,   300] loss: 0.035
[27,   400] loss: 0.035
[28,   100] loss: 0.035
[28,   200] loss: 0.035
[28,   300] loss: 0.035
[28,   400] loss: 0.035
[29,   100] loss: 0.035
[29,   200] loss: 0.035
[29,   300] loss: 0.035
[29,   400] loss: 0.035
[30,   100] loss: 0.035
[30,   200] loss: 0.035
[30,   300] loss: 0.035
[30,   400] loss: 0.035
<class 'float'> 0.0
<class 'dict'>
Training 30 epoch(s) w/ 498 batches each
[1,   100] loss: 0.048
[1,   200] loss: 0.036
[1,   300] loss: 0.036
[1,   400] loss: 0.035
[2,   100] loss: 0.035
[2,   200] loss: 0.035
[2,   300] loss: 0.035
[2,   400] loss: 0.035
[3,   100] loss: 0.035
[3,   200] loss: 0.035
[3,   300] loss: 0.035
[3,   400] loss: 0.035
[4,   100] loss: 0.035
[4,   200] loss: 0.035
[4,   300] loss: 0.035
[4,   400] loss: 0.035
[5,   100] loss: 0.035
[5,   200] loss: 0.035
[5,   300] loss: 0.035
[5,   400] loss: 0.035
[6,   100] loss: 0.035
[6,   200] loss: 0.035
[6,   300] loss: 0.035
[6,   400] loss: 0.035
[7,   100] loss: 0.035
[7,   200] loss: 0.035
[7,   300] loss: 0.035
[7,   400] loss: 0.035
[8,   100] loss: 0.035
[8,   200] loss: 0.035
[8,   300] loss: 0.035
[8,   400] loss: 0.035
[9,   100] loss: 0.035
[9,   200] loss: 0.035
[9,   300] loss: 0.035
[9,   400] loss: 0.035
[10,   100] loss: 0.035
[10,   200] loss: 0.035
[10,   300] loss: 0.035
[10,   400] loss: 0.035
[11,   100] loss: 0.035
[11,   200] loss: 0.035
[11,   300] loss: 0.035
[11,   400] loss: 0.035
[12,   100] loss: 0.035
[12,   200] loss: 0.035
[12,   300] loss: 0.035
[12,   400] loss: 0.035
[13,   100] loss: 0.035
[13,   200] loss: 0.035
[13,   300] loss: 0.035
[13,   400] loss: 0.035
[14,   100] loss: 0.035
[14,   200] loss: 0.035
[14,   300] loss: 0.035
[14,   400] loss: 0.035
[15,   100] loss: 0.035
[15,   200] loss: 0.035
[15,   300] loss: 0.035
[15,   400] loss: 0.035
[16,   100] loss: 0.035
[16,   200] loss: 0.035
[16,   300] loss: 0.035
[16,   400] loss: 0.035
[17,   100] loss: 0.035
[17,   200] loss: 0.035
[17,   300] loss: 0.035
[17,   400] loss: 0.035
[18,   100] loss: 0.035
[18,   200] loss: 0.035
[18,   300] loss: 0.035
[18,   400] loss: 0.035
[19,   100] loss: 0.035
[19,   200] loss: 0.035
[19,   300] loss: 0.035
[19,   400] loss: 0.035
[20,   100] loss: 0.035
[20,   200] loss: 0.035
[20,   300] loss: 0.035
[20,   400] loss: 0.035
[21,   100] loss: 0.035
[21,   200] loss: 0.035
[21,   300] loss: 0.035
[21,   400] loss: 0.035
[22,   100] loss: 0.035
[22,   200] loss: 0.035
[22,   300] loss: 0.035
[22,   400] loss: 0.035
[23,   100] loss: 0.035
[23,   200] loss: 0.035
[23,   300] loss: 0.035
[23,   400] loss: 0.035
[24,   100] loss: 0.035
[24,   200] loss: 0.035
[24,   300] loss: 0.035
[24,   400] loss: 0.035
[25,   100] loss: 0.035
[25,   200] loss: 0.035
[25,   300] loss: 0.035
[25,   400] loss: 0.035
[26,   100] loss: 0.035
[26,   200] loss: 0.035
[26,   300] loss: 0.035
[26,   400] loss: 0.035
[27,   100] loss: 0.035
[27,   200] loss: 0.035
[27,   300] loss: 0.035
[27,   400] loss: 0.035
[28,   100] loss: 0.035
[28,   200] loss: 0.035
[28,   300] loss: 0.035
[28,   400] loss: 0.035
[29,   100] loss: 0.035
[29,   200] loss: 0.035
[29,   300] loss: 0.035
[29,   400] loss: 0.035
[30,   100] loss: 0.035
[30,   200] loss: 0.035
[30,   300] loss: 0.035
[30,   400] loss: 0.035
<class 'float'> 0.5119496855345912
<class 'dict'>
Training 30 epoch(s) w/ 498 batches each
[1,   100] loss: 0.038
[1,   200] loss: 0.035
[1,   300] loss: 0.035
[1,   400] loss: 0.035
[2,   100] loss: 0.035
[2,   200] loss: 0.035
[2,   300] loss: 0.035
[2,   400] loss: 0.035
[3,   100] loss: 0.035
[3,   200] loss: 0.035
[3,   300] loss: 0.035
[3,   400] loss: 0.035
[4,   100] loss: 0.035
[4,   200] loss: 0.035
[4,   300] loss: 0.035
[4,   400] loss: 0.035
[5,   100] loss: 0.035
[5,   200] loss: 0.035
[5,   300] loss: 0.035
[5,   400] loss: 0.035
[6,   100] loss: 0.035
[6,   200] loss: 0.035
[6,   300] loss: 0.035
[6,   400] loss: 0.035
[7,   100] loss: 0.035
[7,   200] loss: 0.035
[7,   300] loss: 0.035
[7,   400] loss: 0.035
[8,   100] loss: 0.035
[8,   200] loss: 0.035
[8,   300] loss: 0.035
[8,   400] loss: 0.035
[9,   100] loss: 0.035
[9,   200] loss: 0.035
[9,   300] loss: 0.035
[9,   400] loss: 0.035
[10,   100] loss: 0.035
[10,   200] loss: 0.035
[10,   300] loss: 0.035
[10,   400] loss: 0.035
[11,   100] loss: 0.035
[11,   200] loss: 0.035
[11,   300] loss: 0.035
[11,   400] loss: 0.035
[12,   100] loss: 0.035
[12,   200] loss: 0.035
[12,   300] loss: 0.035
[12,   400] loss: 0.035
[13,   100] loss: 0.035
[13,   200] loss: 0.035
[13,   300] loss: 0.035
[13,   400] loss: 0.035
[14,   100] loss: 0.035
[14,   200] loss: 0.035
[14,   300] loss: 0.035
[14,   400] loss: 0.035
[15,   100] loss: 0.035
[15,   200] loss: 0.035
[15,   300] loss: 0.035
[15,   400] loss: 0.035
[16,   100] loss: 0.035
[16,   200] loss: 0.035
[16,   300] loss: 0.035
[16,   400] loss: 0.035
[17,   100] loss: 0.035
[17,   200] loss: 0.035
[17,   300] loss: 0.035
[17,   400] loss: 0.035
[18,   100] loss: 0.035
[18,   200] loss: 0.035
[18,   300] loss: 0.035
[18,   400] loss: 0.035
[19,   100] loss: 0.035
[19,   200] loss: 0.035
[19,   300] loss: 0.035
[19,   400] loss: 0.035
[20,   100] loss: 0.035
[20,   200] loss: 0.035
[20,   300] loss: 0.035
[20,   400] loss: 0.035
[21,   100] loss: 0.035
[21,   200] loss: 0.035
[21,   300] loss: 0.035
[21,   400] loss: 0.035
[22,   100] loss: 0.035
[22,   200] loss: 0.035
[22,   300] loss: 0.035
[22,   400] loss: 0.035
[23,   100] loss: 0.035
[23,   200] loss: 0.035
[23,   300] loss: 0.035
[23,   400] loss: 0.035
[24,   100] loss: 0.035
[24,   200] loss: 0.035
[24,   300] loss: 0.035
[24,   400] loss: 0.035
[25,   100] loss: 0.035
[25,   200] loss: 0.035
[25,   300] loss: 0.035
[25,   400] loss: 0.035
[26,   100] loss: 0.035
[26,   200] loss: 0.035
[26,   300] loss: 0.035
[26,   400] loss: 0.035
[27,   100] loss: 0.035
[27,   200] loss: 0.035
[27,   300] loss: 0.035
[27,   400] loss: 0.035
[28,   100] loss: 0.035
[28,   200] loss: 0.035
[28,   300] loss: 0.035
[28,   400] loss: 0.035
[29,   100] loss: 0.035
[29,   200] loss: 0.035
[29,   300] loss: 0.035
[29,   400] loss: 0.035
[30,   100] loss: 0.036
[30,   200] loss: 0.035
[30,   300] loss: 0.035
[30,   400] loss: 0.035
<class 'float'> 0.4880503144654088
<class 'dict'>
Training 30 epoch(s) w/ 498 batches each
[1,   100] loss: 0.037
[1,   200] loss: 0.035
[1,   300] loss: 0.035
[1,   400] loss: 0.035
[2,   100] loss: 0.035
[2,   200] loss: 0.035
[2,   300] loss: 0.035
[2,   400] loss: 0.035
[3,   100] loss: 0.035
[3,   200] loss: 0.035
[3,   300] loss: 0.035
[3,   400] loss: 0.035
[4,   100] loss: 0.035
[4,   200] loss: 0.035
[4,   300] loss: 0.035
[4,   400] loss: 0.035
[5,   100] loss: 0.035
[5,   200] loss: 0.035
[5,   300] loss: 0.035
[5,   400] loss: 0.035
[6,   100] loss: 0.035
[6,   200] loss: 0.035
[6,   300] loss: 0.035
[6,   400] loss: 0.035
[7,   100] loss: 0.035
[7,   200] loss: 0.035
[7,   300] loss: 0.035
[7,   400] loss: 0.035
[8,   100] loss: 0.035
[8,   200] loss: 0.035
[8,   300] loss: 0.035
[8,   400] loss: 0.035
[9,   100] loss: 0.035
[9,   200] loss: 0.035
[9,   300] loss: 0.035
[9,   400] loss: 0.035
[10,   100] loss: 0.035
[10,   200] loss: 0.035
[10,   300] loss: 0.035
[10,   400] loss: 0.035
[11,   100] loss: 0.035
[11,   200] loss: 0.035
[11,   300] loss: 0.035
[11,   400] loss: 0.035
[12,   100] loss: 0.035
[12,   200] loss: 0.035
[12,   300] loss: 0.035
[12,   400] loss: 0.035
[13,   100] loss: 0.035
[13,   200] loss: 0.035
[13,   300] loss: 0.035
[13,   400] loss: 0.035
[14,   100] loss: 0.035
[14,   200] loss: 0.035
[14,   300] loss: 0.035
[14,   400] loss: 0.035
[15,   100] loss: 0.035
[15,   200] loss: 0.035
[15,   300] loss: 0.035
[15,   400] loss: 0.035
[16,   100] loss: 0.035
[16,   200] loss: 0.035
[16,   300] loss: 0.035
[16,   400] loss: 0.035
[17,   100] loss: 0.035
[17,   200] loss: 0.035
[17,   300] loss: 0.035
[17,   400] loss: 0.035
[18,   100] loss: 0.035
[18,   200] loss: 0.035
[18,   300] loss: 0.035
[18,   400] loss: 0.035
[19,   100] loss: 0.035
[19,   200] loss: 0.035
[19,   300] loss: 0.035
[19,   400] loss: 0.035
[20,   100] loss: 0.035
[20,   200] loss: 0.035
[20,   300] loss: 0.035
[20,   400] loss: 0.035
[21,   100] loss: 0.035
[21,   200] loss: 0.035
[21,   300] loss: 0.035
[21,   400] loss: 0.035
[22,   100] loss: 0.035
[22,   200] loss: 0.035
[22,   300] loss: 0.035
[22,   400] loss: 0.035
[23,   100] loss: 0.035
[23,   200] loss: 0.035
[23,   300] loss: 0.035
[23,   400] loss: 0.035
[24,   100] loss: 0.035
[24,   200] loss: 0.035
[24,   300] loss: 0.035
[24,   400] loss: 0.035
[25,   100] loss: 0.035
[25,   200] loss: 0.035
[25,   300] loss: 0.035
[25,   400] loss: 0.035
[26,   100] loss: 0.035
[26,   200] loss: 0.035
[26,   300] loss: 0.035
[26,   400] loss: 0.035
[27,   100] loss: 0.035
[27,   200] loss: 0.035
[27,   300] loss: 0.035
[27,   400] loss: 0.035
[28,   100] loss: 0.035
[28,   200] loss: 0.035
[28,   300] loss: 0.035
[28,   400] loss: 0.035
[29,   100] loss: 0.035
[29,   200] loss: 0.035
[29,   300] loss: 0.035
[29,   400] loss: 0.035
[30,   100] loss: 0.035
[30,   200] loss: 0.035
[30,   300] loss: 0.035
[30,   400] loss: 0.035
<class 'float'> 0.4880503144654088
<class 'dict'>
Training 30 epoch(s) w/ 498 batches each
[1,   100] loss: 0.037
[1,   200] loss: 0.035
[1,   300] loss: 0.035
[1,   400] loss: 0.035
[2,   100] loss: 0.035
[2,   200] loss: 0.035
[2,   300] loss: 0.035
[2,   400] loss: 0.035
[3,   100] loss: 0.035
[3,   200] loss: 0.035
[3,   300] loss: 0.035
[3,   400] loss: 0.035
[4,   100] loss: 0.035
[4,   200] loss: 0.035
[4,   300] loss: 0.035
[4,   400] loss: 0.035
[5,   100] loss: 0.035
[5,   200] loss: 0.035
[5,   300] loss: 0.035
[5,   400] loss: 0.035
[6,   100] loss: 0.035
[6,   200] loss: 0.035
[6,   300] loss: 0.035
[6,   400] loss: 0.035
[7,   100] loss: 0.035
[7,   200] loss: 0.035
[7,   300] loss: 0.035
[7,   400] loss: 0.035
[8,   100] loss: 0.035
[8,   200] loss: 0.035
[8,   300] loss: 0.035
[8,   400] loss: 0.035
[9,   100] loss: 0.035
[9,   200] loss: 0.035
[9,   300] loss: 0.035
[9,   400] loss: 0.035
[10,   100] loss: 0.035
[10,   200] loss: 0.035
[10,   300] loss: 0.035
[10,   400] loss: 0.035
[11,   100] loss: 0.035
[11,   200] loss: 0.035
[11,   300] loss: 0.035
[11,   400] loss: 0.035
[12,   100] loss: 0.035
[12,   200] loss: 0.035
[12,   300] loss: 0.035
[12,   400] loss: 0.035
[13,   100] loss: 0.035
[13,   200] loss: 0.035
[13,   300] loss: 0.035
[13,   400] loss: 0.035
[14,   100] loss: 0.035
[14,   200] loss: 0.035
[14,   300] loss: 0.035
[14,   400] loss: 0.035
[15,   100] loss: 0.035
[15,   200] loss: 0.035
[15,   300] loss: 0.035
[15,   400] loss: 0.035
[16,   100] loss: 0.035
[16,   200] loss: 0.035
[16,   300] loss: 0.035
[16,   400] loss: 0.035
[17,   100] loss: 0.035
[17,   200] loss: 0.035
[17,   300] loss: 0.035
[17,   400] loss: 0.035
[18,   100] loss: 0.035
[18,   200] loss: 0.035
[18,   300] loss: 0.035
[18,   400] loss: 0.035
[19,   100] loss: 0.035
[19,   200] loss: 0.035
[19,   300] loss: 0.035
[19,   400] loss: 0.035
[20,   100] loss: 0.035
[20,   200] loss: 0.035
[20,   300] loss: 0.035
[20,   400] loss: 0.035
[21,   100] loss: 0.035
[21,   200] loss: 0.035
[21,   300] loss: 0.035
[21,   400] loss: 0.035
[22,   100] loss: 0.035
[22,   200] loss: 0.035
[22,   300] loss: 0.035
[22,   400] loss: 0.035
[23,   100] loss: 0.035
[23,   200] loss: 0.035
[23,   300] loss: 0.035
[23,   400] loss: 0.035
[24,   100] loss: 0.035
[24,   200] loss: 0.035
[24,   300] loss: 0.035
[24,   400] loss: 0.035
[25,   100] loss: 0.035
[25,   200] loss: 0.035
[25,   300] loss: 0.035
[25,   400] loss: 0.035
[26,   100] loss: 0.035
[26,   200] loss: 0.035
[26,   300] loss: 0.035
[26,   400] loss: 0.035
[27,   100] loss: 0.035
[27,   200] loss: 0.035
[27,   300] loss: 0.035
[27,   400] loss: 0.035
[28,   100] loss: 0.035
[28,   200] loss: 0.035
[28,   300] loss: 0.035
[28,   400] loss: 0.035
[29,   100] loss: 0.035
[29,   200] loss: 0.035
[29,   300] loss: 0.035
[29,   400] loss: 0.035
[30,   100] loss: 0.035
[30,   200] loss: 0.035
[30,   300] loss: 0.035
[30,   400] loss: 0.035
<class 'float'> 0.4880503144654088
<class 'dict'>
Training 30 epoch(s) w/ 498 batches each
[1,   100] loss: 0.037
[1,   200] loss: 0.035
[1,   300] loss: 0.035
[1,   400] loss: 0.035
[2,   100] loss: 0.035
[2,   200] loss: 0.035
[2,   300] loss: 0.035
[2,   400] loss: 0.035
[3,   100] loss: 0.035
[3,   200] loss: 0.035
[3,   300] loss: 0.035
[3,   400] loss: 0.035
[4,   100] loss: 0.035
[4,   200] loss: 0.035
[4,   300] loss: 0.035
[4,   400] loss: 0.035
[5,   100] loss: 0.035
[5,   200] loss: 0.035
[5,   300] loss: 0.035
[5,   400] loss: 0.035
[6,   100] loss: 0.035
[6,   200] loss: 0.035
[6,   300] loss: 0.035
[6,   400] loss: 0.035
[7,   100] loss: 0.035
[7,   200] loss: 0.035
[7,   300] loss: 0.035
[7,   400] loss: 0.035
[8,   100] loss: 0.035
[8,   200] loss: 0.035
[8,   300] loss: 0.035
[8,   400] loss: 0.035
[9,   100] loss: 0.035
[9,   200] loss: 0.035
[9,   300] loss: 0.035
[9,   400] loss: 0.035
[10,   100] loss: 0.035
[10,   200] loss: 0.035
[10,   300] loss: 0.035
[10,   400] loss: 0.035
[11,   100] loss: 0.035
[11,   200] loss: 0.035
[11,   300] loss: 0.035
[11,   400] loss: 0.035
[12,   100] loss: 0.035
[12,   200] loss: 0.035
[12,   300] loss: 0.035
[12,   400] loss: 0.035
[13,   100] loss: 0.035
[13,   200] loss: 0.035
[13,   300] loss: 0.035
[13,   400] loss: 0.035
[14,   100] loss: 0.035
[14,   200] loss: 0.035
[14,   300] loss: 0.035
[14,   400] loss: 0.035
[15,   100] loss: 0.035
[15,   200] loss: 0.035
[15,   300] loss: 0.035
[15,   400] loss: 0.035
[16,   100] loss: 0.035
[16,   200] loss: 0.035
[16,   300] loss: 0.035
[16,   400] loss: 0.035
[17,   100] loss: 0.035
[17,   200] loss: 0.035
[17,   300] loss: 0.035
[17,   400] loss: 0.035
[18,   100] loss: 0.035
[18,   200] loss: 0.035
[18,   300] loss: 0.035
[18,   400] loss: 0.035
[19,   100] loss: 0.035
[19,   200] loss: 0.035
[19,   300] loss: 0.035
[19,   400] loss: 0.035
[20,   100] loss: 0.035
[20,   200] loss: 0.035
[20,   300] loss: 0.035
[20,   400] loss: 0.035
[21,   100] loss: 0.035
[21,   200] loss: 0.035
[21,   300] loss: 0.035
[21,   400] loss: 0.035
[22,   100] loss: 0.035
[22,   200] loss: 0.035
[22,   300] loss: 0.035
[22,   400] loss: 0.035
[23,   100] loss: 0.035
[23,   200] loss: 0.035
[23,   300] loss: 0.035
[23,   400] loss: 0.035
[24,   100] loss: 0.035
[24,   200] loss: 0.035
[24,   300] loss: 0.035
[24,   400] loss: 0.035
[25,   100] loss: 0.035
[25,   200] loss: 0.035
[25,   300] loss: 0.035
[25,   400] loss: 0.035
[26,   100] loss: 0.035
[26,   200] loss: 0.035
[26,   300] loss: 0.035
[26,   400] loss: 0.035
[27,   100] loss: 0.035
[27,   200] loss: 0.035
[27,   300] loss: 0.035
[27,   400] loss: 0.035
[28,   100] loss: 0.035
[28,   200] loss: 0.035
[28,   300] loss: 0.035
[28,   400] loss: 0.035
[29,   100] loss: 0.035
[29,   200] loss: 0.035
[29,   300] loss: 0.035
[29,   400] loss: 0.035
[30,   100] loss: 0.035
[30,   200] loss: 0.035
[30,   300] loss: 0.035
[30,   400] loss: 0.035
<class 'float'> 0.4880503144654088
<class 'dict'>
Training 30 epoch(s) w/ 498 batches each
[1,   100] loss: 0.037
[1,   200] loss: 0.035
[1,   300] loss: 0.035
[1,   400] loss: 0.035
[2,   100] loss: 0.035
[2,   200] loss: 0.035
[2,   300] loss: 0.035
[2,   400] loss: 0.035
[3,   100] loss: 0.035
[3,   200] loss: 0.035
[3,   300] loss: 0.035
[3,   400] loss: 0.035
[4,   100] loss: 0.035
[4,   200] loss: 0.035
[4,   300] loss: 0.035
[4,   400] loss: 0.035
[5,   100] loss: 0.035
[5,   200] loss: 0.035
[5,   300] loss: 0.035
[5,   400] loss: 0.035
[6,   100] loss: 0.035
[6,   200] loss: 0.035
[6,   300] loss: 0.035
[6,   400] loss: 0.035
[7,   100] loss: 0.035
[7,   200] loss: 0.035
[7,   300] loss: 0.035
[7,   400] loss: 0.035
[8,   100] loss: 0.035
[8,   200] loss: 0.035
[8,   300] loss: 0.035
[8,   400] loss: 0.035
[9,   100] loss: 0.035
[9,   200] loss: 0.035
[9,   300] loss: 0.035
[9,   400] loss: 0.035
[10,   100] loss: 0.035
[10,   200] loss: 0.035
[10,   300] loss: 0.035
[10,   400] loss: 0.035
[11,   100] loss: 0.035
[11,   200] loss: 0.035
[11,   300] loss: 0.035
[11,   400] loss: 0.035
[12,   100] loss: 0.035
[12,   200] loss: 0.035
[12,   300] loss: 0.035
[12,   400] loss: 0.035
[13,   100] loss: 0.035
[13,   200] loss: 0.035
[13,   300] loss: 0.035
[13,   400] loss: 0.035
[14,   100] loss: 0.035
[14,   200] loss: 0.035
[14,   300] loss: 0.035
[14,   400] loss: 0.035
[15,   100] loss: 0.035
[15,   200] loss: 0.035
[15,   300] loss: 0.035
[15,   400] loss: 0.035
[16,   100] loss: 0.035
[16,   200] loss: 0.035
[16,   300] loss: 0.035
[16,   400] loss: 0.035
[17,   100] loss: 0.035
[17,   200] loss: 0.035
[17,   300] loss: 0.035
[17,   400] loss: 0.035
[18,   100] loss: 0.035
[18,   200] loss: 0.035
[18,   300] loss: 0.035
[18,   400] loss: 0.035
[19,   100] loss: 0.035
[19,   200] loss: 0.035
[19,   300] loss: 0.035
[19,   400] loss: 0.035
[20,   100] loss: 0.035
[20,   200] loss: 0.035
[20,   300] loss: 0.035
[20,   400] loss: 0.035
[21,   100] loss: 0.035
[21,   200] loss: 0.035
[21,   300] loss: 0.035
[21,   400] loss: 0.035
[22,   100] loss: 0.035
[22,   200] loss: 0.035
[22,   300] loss: 0.035
[22,   400] loss: 0.035
[23,   100] loss: 0.035
[23,   200] loss: 0.035
[23,   300] loss: 0.035
[23,   400] loss: 0.035
[24,   100] loss: 0.035
[24,   200] loss: 0.035
[24,   300] loss: 0.035
[24,   400] loss: 0.035
[25,   100] loss: 0.035
[25,   200] loss: 0.035
[25,   300] loss: 0.035
[25,   400] loss: 0.035
[26,   100] loss: 0.035
[26,   200] loss: 0.035
[26,   300] loss: 0.035
[26,   400] loss: 0.035
[27,   100] loss: 0.035
[27,   200] loss: 0.035
[27,   300] loss: 0.035
[27,   400] loss: 0.035
[28,   100] loss: 0.035
[28,   200] loss: 0.035
[28,   300] loss: 0.035
[28,   400] loss: 0.035
[29,   100] loss: 0.035
[29,   200] loss: 0.035
[29,   300] loss: 0.035
[29,   400] loss: 0.035
[30,   100] loss: 0.035
[30,   200] loss: 0.035
[30,   300] loss: 0.035
[30,   400] loss: 0.035
<class 'float'> 0.4880503144654088
<class 'dict'>
Training 30 epoch(s) w/ 498 batches each
[1,   100] loss: 0.037
[1,   200] loss: 0.035
[1,   300] loss: 0.035
[1,   400] loss: 0.035
[2,   100] loss: 0.035
[2,   200] loss: 0.035
[2,   300] loss: 0.035
[2,   400] loss: 0.035
[3,   100] loss: 0.035
[3,   200] loss: 0.035
[3,   300] loss: 0.035
[3,   400] loss: 0.035
[4,   100] loss: 0.035
[4,   200] loss: 0.035
[4,   300] loss: 0.035
[4,   400] loss: 0.035
[5,   100] loss: 0.035
[5,   200] loss: 0.035
[5,   300] loss: 0.035
[5,   400] loss: 0.035
[6,   100] loss: 0.035
[6,   200] loss: 0.035
[6,   300] loss: 0.035
[6,   400] loss: 0.035
[7,   100] loss: 0.035
[7,   200] loss: 0.035
[7,   300] loss: 0.035
[7,   400] loss: 0.035
[8,   100] loss: 0.035
[8,   200] loss: 0.035
[8,   300] loss: 0.035
[8,   400] loss: 0.035
[9,   100] loss: 0.035
[9,   200] loss: 0.035
[9,   300] loss: 0.035
[9,   400] loss: 0.035
[10,   100] loss: 0.035
[10,   200] loss: 0.035
[10,   300] loss: 0.035
[10,   400] loss: 0.035
[11,   100] loss: 0.035
[11,   200] loss: 0.035
[11,   300] loss: 0.035
[11,   400] loss: 0.035
[12,   100] loss: 0.035
[12,   200] loss: 0.035
[12,   300] loss: 0.035
[12,   400] loss: 0.035
[13,   100] loss: 0.035
[13,   200] loss: 0.035
[13,   300] loss: 0.035
[13,   400] loss: 0.035
[14,   100] loss: 0.035
[14,   200] loss: 0.035
[14,   300] loss: 0.035
[14,   400] loss: 0.035
[15,   100] loss: 0.035
[15,   200] loss: 0.035
[15,   300] loss: 0.035
[15,   400] loss: 0.035
[16,   100] loss: 0.035
[16,   200] loss: 0.035
[16,   300] loss: 0.035
[16,   400] loss: 0.035
[17,   100] loss: 0.035
[17,   200] loss: 0.035
[17,   300] loss: 0.035
[17,   400] loss: 0.035
[18,   100] loss: 0.035
[18,   200] loss: 0.035
[18,   300] loss: 0.035
[18,   400] loss: 0.035
[19,   100] loss: 0.035
[19,   200] loss: 0.035
[19,   300] loss: 0.035
[19,   400] loss: 0.035
[20,   100] loss: 0.035
[20,   200] loss: 0.035
[20,   300] loss: 0.035
[20,   400] loss: 0.035
[21,   100] loss: 0.035
[21,   200] loss: 0.035
[21,   300] loss: 0.035
[21,   400] loss: 0.035
[22,   100] loss: 0.035
[22,   200] loss: 0.035
[22,   300] loss: 0.035
[22,   400] loss: 0.035
[23,   100] loss: 0.035
[23,   200] loss: 0.035
[23,   300] loss: 0.035
[23,   400] loss: 0.035
[24,   100] loss: 0.035
[24,   200] loss: 0.035
[24,   300] loss: 0.035
[24,   400] loss: 0.035
[25,   100] loss: 0.035
[25,   200] loss: 0.035
[25,   300] loss: 0.035
[25,   400] loss: 0.035
[26,   100] loss: 0.035
[26,   200] loss: 0.035
[26,   300] loss: 0.035
[26,   400] loss: 0.035
[27,   100] loss: 0.035
[27,   200] loss: 0.035
[27,   300] loss: 0.035
[27,   400] loss: 0.035
[28,   100] loss: 0.035
[28,   200] loss: 0.035
[28,   300] loss: 0.035
[28,   400] loss: 0.035
[29,   100] loss: 0.035
[29,   200] loss: 0.035
[29,   300] loss: 0.035
[29,   400] loss: 0.035
[30,   100] loss: 0.035
[30,   200] loss: 0.035
[30,   300] loss: 0.035
[30,   400] loss: 0.035
<class 'float'> 0.5119496855345912
<class 'dict'>
<class 'float'> 0.0
<class 'dict'>
Training 30 epoch(s) w/ 498 batches each
[1,   100] loss: 0.054
[1,   200] loss: 0.036
[1,   300] loss: 0.036
[1,   400] loss: 0.035
[2,   100] loss: 0.035
[2,   200] loss: 0.035
[2,   300] loss: 0.035
[2,   400] loss: 0.035
[3,   100] loss: 0.035
[3,   200] loss: 0.035
[3,   300] loss: 0.035
[3,   400] loss: 0.035
[4,   100] loss: 0.035
[4,   200] loss: 0.035
[4,   300] loss: 0.035
[4,   400] loss: 0.035
[5,   100] loss: 0.035
[5,   200] loss: 0.035
[5,   300] loss: 0.035
[5,   400] loss: 0.035
[6,   100] loss: 0.035
[6,   200] loss: 0.035
[6,   300] loss: 0.036
[6,   400] loss: 0.035
[7,   100] loss: 0.035
[7,   200] loss: 0.035
[7,   300] loss: 0.035
[7,   400] loss: 0.035
[8,   100] loss: 0.035
[8,   200] loss: 0.035
[8,   300] loss: 0.035
[8,   400] loss: 0.035
[9,   100] loss: 0.035
[9,   200] loss: 0.035
[9,   300] loss: 0.035
[9,   400] loss: 0.035
[10,   100] loss: 0.035
[10,   200] loss: 0.035
[10,   300] loss: 0.035
[10,   400] loss: 0.035
[11,   100] loss: 0.035
[11,   200] loss: 0.035
[11,   300] loss: 0.035
[11,   400] loss: 0.035
[12,   100] loss: 0.035
[12,   200] loss: 0.035
[12,   300] loss: 0.035
[12,   400] loss: 0.035
[13,   100] loss: 0.035
[13,   200] loss: 0.035
[13,   300] loss: 0.035
[13,   400] loss: 0.035
[14,   100] loss: 0.035
[14,   200] loss: 0.035
[14,   300] loss: 0.035
[14,   400] loss: 0.035
[15,   100] loss: 0.035
[15,   200] loss: 0.035
[15,   300] loss: 0.035
[15,   400] loss: 0.035
[16,   100] loss: 0.035
[16,   200] loss: 0.035
[16,   300] loss: 0.035
[16,   400] loss: 0.035
[17,   100] loss: 0.035
[17,   200] loss: 0.035
[17,   300] loss: 0.035
[17,   400] loss: 0.035
[18,   100] loss: 0.035
[18,   200] loss: 0.035
[18,   300] loss: 0.035
[18,   400] loss: 0.035
[19,   100] loss: 0.035
[19,   200] loss: 0.035
[19,   300] loss: 0.035
[19,   400] loss: 0.035
[20,   100] loss: 0.035
[20,   200] loss: 0.035
[20,   300] loss: 0.035
[20,   400] loss: 0.035
[21,   100] loss: 0.035
[21,   200] loss: 0.035
[21,   300] loss: 0.035
[21,   400] loss: 0.035
[22,   100] loss: 0.035
[22,   200] loss: 0.035
[22,   300] loss: 0.035
[22,   400] loss: 0.035
[23,   100] loss: 0.035
[23,   200] loss: 0.035
[23,   300] loss: 0.035
[23,   400] loss: 0.035
[24,   100] loss: 0.035
[24,   200] loss: 0.035
[24,   300] loss: 0.035
[24,   400] loss: 0.035
[25,   100] loss: 0.035
[25,   200] loss: 0.035
[25,   300] loss: 0.035
[25,   400] loss: 0.035
[26,   100] loss: 0.035
[26,   200] loss: 0.035
[26,   300] loss: 0.035
[26,   400] loss: 0.035
[27,   100] loss: 0.035
[27,   200] loss: 0.035
[27,   300] loss: 0.035
[27,   400] loss: 0.035
[28,   100] loss: 0.035
[28,   200] loss: 0.035
[28,   300] loss: 0.035
[28,   400] loss: 0.035
[29,   100] loss: 0.035
[29,   200] loss: 0.035
[29,   300] loss: 0.035
[29,   400] loss: 0.035
[30,   100] loss: 0.035
[30,   200] loss: 0.035
[30,   300] loss: 0.035
[30,   400] loss: 0.035
<class 'float'> 0.5119496855345912
<class 'dict'>
<class 'float'> 0.0
<class 'dict'>
Training 30 epoch(s) w/ 498 batches each
[1,   100] loss: 0.055
[1,   200] loss: 0.036
[1,   300] loss: 0.035
[1,   400] loss: 0.035
[2,   100] loss: 0.035
[2,   200] loss: 0.035
[2,   300] loss: 0.035
[2,   400] loss: 0.035
[3,   100] loss: 0.035
[3,   200] loss: 0.035
[3,   300] loss: 0.035
[3,   400] loss: 0.035
[4,   100] loss: 0.035
[4,   200] loss: 0.035
[4,   300] loss: 0.035
[4,   400] loss: 0.035
[5,   100] loss: 0.035
[5,   200] loss: 0.035
[5,   300] loss: 0.035
[5,   400] loss: 0.035
[6,   100] loss: 0.035
[6,   200] loss: 0.035
[6,   300] loss: 0.035
[6,   400] loss: 0.035
[7,   100] loss: 0.035
[7,   200] loss: 0.035
[7,   300] loss: 0.035
[7,   400] loss: 0.035
[8,   100] loss: 0.035
[8,   200] loss: 0.035
[8,   300] loss: 0.035
[8,   400] loss: 0.035
[9,   100] loss: 0.035
[9,   200] loss: 0.035
[9,   300] loss: 0.035
[9,   400] loss: 0.035
[10,   100] loss: 0.035
[10,   200] loss: 0.035
[10,   300] loss: 0.035
[10,   400] loss: 0.035
[11,   100] loss: 0.035
[11,   200] loss: 0.035
[11,   300] loss: 0.035
[11,   400] loss: 0.035
[12,   100] loss: 0.035
[12,   200] loss: 0.035
[12,   300] loss: 0.035
[12,   400] loss: 0.035
[13,   100] loss: 0.035
[13,   200] loss: 0.035
[13,   300] loss: 0.035
[13,   400] loss: 0.035
[14,   100] loss: 0.035
[14,   200] loss: 0.035
[14,   300] loss: 0.035
[14,   400] loss: 0.035
[15,   100] loss: 0.035
[15,   200] loss: 0.035
[15,   300] loss: 0.035
[15,   400] loss: 0.035
[16,   100] loss: 0.035
[16,   200] loss: 0.035
[16,   300] loss: 0.035
[16,   400] loss: 0.035
[17,   100] loss: 0.035
[17,   200] loss: 0.035
[17,   300] loss: 0.035
[17,   400] loss: 0.035
[18,   100] loss: 0.035
[18,   200] loss: 0.035
[18,   300] loss: 0.035
[18,   400] loss: 0.035
[19,   100] loss: 0.035
[19,   200] loss: 0.035
[19,   300] loss: 0.035
[19,   400] loss: 0.035
[20,   100] loss: 0.035
[20,   200] loss: 0.035
[20,   300] loss: 0.035
[20,   400] loss: 0.035
[21,   100] loss: 0.035
[21,   200] loss: 0.035
[21,   300] loss: 0.035
[21,   400] loss: 0.035
[22,   100] loss: 0.035
[22,   200] loss: 0.035
[22,   300] loss: 0.035
[22,   400] loss: 0.035
[23,   100] loss: 0.035
[23,   200] loss: 0.035
[23,   300] loss: 0.035
[23,   400] loss: 0.035
[24,   100] loss: 0.035
[24,   200] loss: 0.035
[24,   300] loss: 0.035
[24,   400] loss: 0.035
[25,   100] loss: 0.035
[25,   200] loss: 0.035
[25,   300] loss: 0.035
[25,   400] loss: 0.035
[26,   100] loss: 0.035
[26,   200] loss: 0.035
[26,   300] loss: 0.035
[26,   400] loss: 0.035
[27,   100] loss: 0.035
[27,   200] loss: 0.035
[27,   300] loss: 0.035
[27,   400] loss: 0.035
[28,   100] loss: 0.035
[28,   200] loss: 0.035
[28,   300] loss: 0.035
[28,   400] loss: 0.035
[29,   100] loss: 0.035
[29,   200] loss: 0.035
[29,   300] loss: 0.035
[29,   400] loss: 0.035
[30,   100] loss: 0.035
[30,   200] loss: 0.035
[30,   300] loss: 0.035
[30,   400] loss: 0.035
<class 'float'> 0.0
<class 'dict'>
Training 30 epoch(s) w/ 498 batches each
[1,   100] loss: 0.046
[1,   200] loss: 0.035
[1,   300] loss: 0.035
[1,   400] loss: 0.035
[2,   100] loss: 0.035
[2,   200] loss: 0.035
[2,   300] loss: 0.035
[2,   400] loss: 0.035
[3,   100] loss: 0.035
[3,   200] loss: 0.035
[3,   300] loss: 0.035
[3,   400] loss: 0.035
[4,   100] loss: 0.035
[4,   200] loss: 0.035
[4,   300] loss: 0.035
[4,   400] loss: 0.035
[5,   100] loss: 0.035
[5,   200] loss: 0.035
[5,   300] loss: 0.035
[5,   400] loss: 0.035
[6,   100] loss: 0.035
[6,   200] loss: 0.035
[6,   300] loss: 0.035
[6,   400] loss: 0.035
[7,   100] loss: 0.035
[7,   200] loss: 0.035
[7,   300] loss: 0.035
[7,   400] loss: 0.035
[8,   100] loss: 0.035
[8,   200] loss: 0.035
[8,   300] loss: 0.035
[8,   400] loss: 0.035
[9,   100] loss: 0.035
[9,   200] loss: 0.035
[9,   300] loss: 0.035
[9,   400] loss: 0.035
[10,   100] loss: 0.035
[10,   200] loss: 0.035
[10,   300] loss: 0.035
[10,   400] loss: 0.035
[11,   100] loss: 0.035
[11,   200] loss: 0.035
[11,   300] loss: 0.035
[11,   400] loss: 0.035
[12,   100] loss: 0.035
[12,   200] loss: 0.035
[12,   300] loss: 0.035
[12,   400] loss: 0.035
[13,   100] loss: 0.035
[13,   200] loss: 0.035
[13,   300] loss: 0.035
[13,   400] loss: 0.035
[14,   100] loss: 0.035
[14,   200] loss: 0.035
[14,   300] loss: 0.035
[14,   400] loss: 0.035
[15,   100] loss: 0.035
[15,   200] loss: 0.035
[15,   300] loss: 0.035
[15,   400] loss: 0.035
[16,   100] loss: 0.035
[16,   200] loss: 0.035
[16,   300] loss: 0.035
[16,   400] loss: 0.035
[17,   100] loss: 0.035
[17,   200] loss: 0.035
[17,   300] loss: 0.035
[17,   400] loss: 0.035
[18,   100] loss: 0.035
[18,   200] loss: 0.035
[18,   300] loss: 0.035
[18,   400] loss: 0.035
[19,   100] loss: 0.035
[19,   200] loss: 0.035
[19,   300] loss: 0.035
[19,   400] loss: 0.035
[20,   100] loss: 0.035
[20,   200] loss: 0.035
[20,   300] loss: 0.035
[20,   400] loss: 0.035
[21,   100] loss: 0.035
[21,   200] loss: 0.035
[21,   300] loss: 0.035
[21,   400] loss: 0.035
[22,   100] loss: 0.035
[22,   200] loss: 0.035
[22,   300] loss: 0.035
[22,   400] loss: 0.035
[23,   100] loss: 0.035
[23,   200] loss: 0.035
[23,   300] loss: 0.035
[23,   400] loss: 0.035
[24,   100] loss: 0.035
[24,   200] loss: 0.035
[24,   300] loss: 0.035
[24,   400] loss: 0.035
[25,   100] loss: 0.035
[25,   200] loss: 0.035
[25,   300] loss: 0.035
[25,   400] loss: 0.035
[26,   100] loss: 0.035
[26,   200] loss: 0.035
[26,   300] loss: 0.035
[26,   400] loss: 0.035
[27,   100] loss: 0.035
[27,   200] loss: 0.035
[27,   300] loss: 0.035
[27,   400] loss: 0.035
[28,   100] loss: 0.035
[28,   200] loss: 0.035
[28,   300] loss: 0.035
[28,   400] loss: 0.035
[29,   100] loss: 0.035
[29,   200] loss: 0.035
[29,   300] loss: 0.035
[29,   400] loss: 0.035
[30,   100] loss: 0.035
[30,   200] loss: 0.035
[30,   300] loss: 0.035
[30,   400] loss: 0.035
<class 'float'> 0.4880503144654088
<class 'dict'>
Training 30 epoch(s) w/ 498 batches each
[1,   100] loss: 0.038
[1,   200] loss: 0.035
[1,   300] loss: 0.035
[1,   400] loss: 0.035
[2,   100] loss: 0.035
[2,   200] loss: 0.035
[2,   300] loss: 0.035
[2,   400] loss: 0.035
[3,   100] loss: 0.035
[3,   200] loss: 0.035
[3,   300] loss: 0.036
[3,   400] loss: 0.035
[4,   100] loss: 0.035
[4,   200] loss: 0.035
[4,   300] loss: 0.035
[4,   400] loss: 0.035
[5,   100] loss: 0.035
[5,   200] loss: 0.035
[5,   300] loss: 0.035
[5,   400] loss: 0.035
[6,   100] loss: 0.035
[6,   200] loss: 0.035
[6,   300] loss: 0.035
[6,   400] loss: 0.035
[7,   100] loss: 0.035
[7,   200] loss: 0.035
[7,   300] loss: 0.035
[7,   400] loss: 0.035
[8,   100] loss: 0.035
[8,   200] loss: 0.035
[8,   300] loss: 0.035
[8,   400] loss: 0.035
[9,   100] loss: 0.035
[9,   200] loss: 0.035
[9,   300] loss: 0.035
[9,   400] loss: 0.035
[10,   100] loss: 0.035
[10,   200] loss: 0.035
[10,   300] loss: 0.035
[10,   400] loss: 0.035
[11,   100] loss: 0.035
[11,   200] loss: 0.035
[11,   300] loss: 0.035
[11,   400] loss: 0.035
[12,   100] loss: 0.035
[12,   200] loss: 0.035
[12,   300] loss: 0.035
[12,   400] loss: 0.035
[13,   100] loss: 0.035
[13,   200] loss: 0.035
[13,   300] loss: 0.035
[13,   400] loss: 0.035
[14,   100] loss: 0.035
[14,   200] loss: 0.035
[14,   300] loss: 0.035
[14,   400] loss: 0.035
[15,   100] loss: 0.035
[15,   200] loss: 0.035
[15,   300] loss: 0.035
[15,   400] loss: 0.035
[16,   100] loss: 0.035
[16,   200] loss: 0.035
[16,   300] loss: 0.035
[16,   400] loss: 0.035
[17,   100] loss: 0.035
[17,   200] loss: 0.035
[17,   300] loss: 0.035
[17,   400] loss: 0.035
[18,   100] loss: 0.035
[18,   200] loss: 0.035
[18,   300] loss: 0.035
[18,   400] loss: 0.035
[19,   100] loss: 0.035
[19,   200] loss: 0.035
[19,   300] loss: 0.035
[19,   400] loss: 0.035
[20,   100] loss: 0.035
[20,   200] loss: 0.035
[20,   300] loss: 0.035
[20,   400] loss: 0.035
[21,   100] loss: 0.035
[21,   200] loss: 0.035
[21,   300] loss: 0.035
[21,   400] loss: 0.035
[22,   100] loss: 0.035
[22,   200] loss: 0.035
[22,   300] loss: 0.035
[22,   400] loss: 0.035
[23,   100] loss: 0.035
[23,   200] loss: 0.035
[23,   300] loss: 0.035
[23,   400] loss: 0.035
[24,   100] loss: 0.035
[24,   200] loss: 0.035
[24,   300] loss: 0.035
[24,   400] loss: 0.035
[25,   100] loss: 0.035
[25,   200] loss: 0.035
[25,   300] loss: 0.035
[25,   400] loss: 0.035
[26,   100] loss: 0.035
[26,   200] loss: 0.035
[26,   300] loss: 0.035
[26,   400] loss: 0.035
[27,   100] loss: 0.035
[27,   200] loss: 0.035
[27,   300] loss: 0.035
[27,   400] loss: 0.035
[28,   100] loss: 0.035
[28,   200] loss: 0.035
[28,   300] loss: 0.035
[28,   400] loss: 0.035
[29,   100] loss: 0.035
[29,   200] loss: 0.035
[29,   300] loss: 0.035
[29,   400] loss: 0.035
[30,   100] loss: 0.035
[30,   200] loss: 0.035
[30,   300] loss: 0.035
[30,   400] loss: 0.035
<class 'float'> 0.4880503144654088
<class 'dict'>
<class 'float'> 0.0
<class 'dict'>
Training 30 epoch(s) w/ 498 batches each
[1,   100] loss: 0.050
[1,   200] loss: 0.036
[1,   300] loss: 0.035
[1,   400] loss: 0.035
[2,   100] loss: 0.035
[2,   200] loss: 0.035
[2,   300] loss: 0.035
[2,   400] loss: 0.035
[3,   100] loss: 0.035
[3,   200] loss: 0.035
[3,   300] loss: 0.035
[3,   400] loss: 0.035
[4,   100] loss: 0.035
[4,   200] loss: 0.035
[4,   300] loss: 0.035
[4,   400] loss: 0.035
[5,   100] loss: 0.035
[5,   200] loss: 0.035
[5,   300] loss: 0.035
[5,   400] loss: 0.035
[6,   100] loss: 0.035
[6,   200] loss: 0.035
[6,   300] loss: 0.035
[6,   400] loss: 0.035
[7,   100] loss: 0.035
[7,   200] loss: 0.035
[7,   300] loss: 0.035
[7,   400] loss: 0.035
[8,   100] loss: 0.035
[8,   200] loss: 0.035
[8,   300] loss: 0.035
[8,   400] loss: 0.035
[9,   100] loss: 0.035
[9,   200] loss: 0.035
[9,   300] loss: 0.035
[9,   400] loss: 0.035
[10,   100] loss: 0.035
[10,   200] loss: 0.035
[10,   300] loss: 0.035
[10,   400] loss: 0.035
[11,   100] loss: 0.035
[11,   200] loss: 0.035
[11,   300] loss: 0.035
[11,   400] loss: 0.035
[12,   100] loss: 0.035
[12,   200] loss: 0.035
[12,   300] loss: 0.035
[12,   400] loss: 0.035
[13,   100] loss: 0.035
[13,   200] loss: 0.035
[13,   300] loss: 0.035
[13,   400] loss: 0.035
[14,   100] loss: 0.035
[14,   200] loss: 0.035
[14,   300] loss: 0.035
[14,   400] loss: 0.035
[15,   100] loss: 0.035
[15,   200] loss: 0.035
[15,   300] loss: 0.035
[15,   400] loss: 0.035
[16,   100] loss: 0.035
[16,   200] loss: 0.035
[16,   300] loss: 0.035
[16,   400] loss: 0.035
[17,   100] loss: 0.035
[17,   200] loss: 0.035
[17,   300] loss: 0.035
[17,   400] loss: 0.035
[18,   100] loss: 0.035
[18,   200] loss: 0.035
[18,   300] loss: 0.035
[18,   400] loss: 0.035
[19,   100] loss: 0.035
[19,   200] loss: 0.035
[19,   300] loss: 0.035
[19,   400] loss: 0.035
[20,   100] loss: 0.035
[20,   200] loss: 0.035
[20,   300] loss: 0.035
[20,   400] loss: 0.035
[21,   100] loss: 0.035
[21,   200] loss: 0.035
[21,   300] loss: 0.035
[21,   400] loss: 0.035
[22,   100] loss: 0.035
[22,   200] loss: 0.035
[22,   300] loss: 0.035
[22,   400] loss: 0.035
[23,   100] loss: 0.035
[23,   200] loss: 0.035
[23,   300] loss: 0.035
[23,   400] loss: 0.035
[24,   100] loss: 0.035
[24,   200] loss: 0.035
[24,   300] loss: 0.035
[24,   400] loss: 0.035
[25,   100] loss: 0.035
[25,   200] loss: 0.035
[25,   300] loss: 0.035
[25,   400] loss: 0.035
[26,   100] loss: 0.035
[26,   200] loss: 0.035
[26,   300] loss: 0.035
[26,   400] loss: 0.035
[27,   100] loss: 0.035
[27,   200] loss: 0.035
[27,   300] loss: 0.035
[27,   400] loss: 0.035
[28,   100] loss: 0.035
[28,   200] loss: 0.035
[28,   300] loss: 0.035
[28,   400] loss: 0.035
[29,   100] loss: 0.035
[29,   200] loss: 0.035
[29,   300] loss: 0.035
[29,   400] loss: 0.035
[30,   100] loss: 0.035
[30,   200] loss: 0.035
[30,   300] loss: 0.035
[30,   400] loss: 0.035
<class 'float'> 0.0
<class 'dict'>
<class 'float'> 0.0
<class 'dict'>
Training 30 epoch(s) w/ 498 batches each
[1,   100] loss: 0.067
[1,   200] loss: 0.036
[1,   300] loss: 0.035
[1,   400] loss: 0.035
[2,   100] loss: 0.035
[2,   200] loss: 0.035
[2,   300] loss: 0.035
[2,   400] loss: 0.035
[3,   100] loss: 0.035
[3,   200] loss: 0.035
[3,   300] loss: 0.035
[3,   400] loss: 0.035
[4,   100] loss: 0.036
[4,   200] loss: 0.035
[4,   300] loss: 0.035
[4,   400] loss: 0.035
[5,   100] loss: 0.035
[5,   200] loss: 0.035
[5,   300] loss: 0.035
[5,   400] loss: 0.035
[6,   100] loss: 0.035
[6,   200] loss: 0.035
[6,   300] loss: 0.035
[6,   400] loss: 0.035
[7,   100] loss: 0.035
[7,   200] loss: 0.035
[7,   300] loss: 0.035
[7,   400] loss: 0.035
[8,   100] loss: 0.035
[8,   200] loss: 0.035
[8,   300] loss: 0.035
[8,   400] loss: 0.035
[9,   100] loss: 0.035
[9,   200] loss: 0.035
[9,   300] loss: 0.035
[9,   400] loss: 0.035
[10,   100] loss: 0.035
[10,   200] loss: 0.035
[10,   300] loss: 0.035
[10,   400] loss: 0.035
[11,   100] loss: 0.035
[11,   200] loss: 0.035
[11,   300] loss: 0.035
[11,   400] loss: 0.035
[12,   100] loss: 0.035
[12,   200] loss: 0.035
[12,   300] loss: 0.035
[12,   400] loss: 0.035
[13,   100] loss: 0.035
[13,   200] loss: 0.035
[13,   300] loss: 0.035
[13,   400] loss: 0.035
[14,   100] loss: 0.035
[14,   200] loss: 0.035
[14,   300] loss: 0.035
[14,   400] loss: 0.035
[15,   100] loss: 0.035
[15,   200] loss: 0.035
[15,   300] loss: 0.035
[15,   400] loss: 0.035
[16,   100] loss: 0.035
[16,   200] loss: 0.035
[16,   300] loss: 0.035
[16,   400] loss: 0.035
[17,   100] loss: 0.035
[17,   200] loss: 0.035
[17,   300] loss: 0.035
[17,   400] loss: 0.035
[18,   100] loss: 0.035
[18,   200] loss: 0.035
[18,   300] loss: 0.035
[18,   400] loss: 0.035
[19,   100] loss: 0.035
[19,   200] loss: 0.035
[19,   300] loss: 0.035
[19,   400] loss: 0.035
[20,   100] loss: 0.035
[20,   200] loss: 0.035
[20,   300] loss: 0.035
[20,   400] loss: 0.035
[21,   100] loss: 0.035
[21,   200] loss: 0.035
[21,   300] loss: 0.035
[21,   400] loss: 0.035
[22,   100] loss: 0.035
[22,   200] loss: 0.035
[22,   300] loss: 0.035
[22,   400] loss: 0.035
[23,   100] loss: 0.035
[23,   200] loss: 0.035
[23,   300] loss: 0.035
[23,   400] loss: 0.035
[24,   100] loss: 0.035
[24,   200] loss: 0.035
[24,   300] loss: 0.035
[24,   400] loss: 0.035
[25,   100] loss: 0.035
[25,   200] loss: 0.035
[25,   300] loss: 0.035
[25,   400] loss: 0.035
[26,   100] loss: 0.035
[26,   200] loss: 0.035
[26,   300] loss: 0.035
[26,   400] loss: 0.035
[27,   100] loss: 0.035
[27,   200] loss: 0.035
[27,   300] loss: 0.035
[27,   400] loss: 0.035
[28,   100] loss: 0.035
[28,   200] loss: 0.035
[28,   300] loss: 0.035
[28,   400] loss: 0.035
[29,   100] loss: 0.035
[29,   200] loss: 0.035
[29,   300] loss: 0.035
[29,   400] loss: 0.035
[30,   100] loss: 0.035
[30,   200] loss: 0.035
[30,   300] loss: 0.035
[30,   400] loss: 0.035
<class 'float'> 0.0
<class 'dict'>
<class 'float'> 0.0
<class 'dict'>
<class 'float'> 0.0
<class 'dict'>
Training 30 epoch(s) w/ 498 batches each
[1,   100] loss: 0.137
[1,   200] loss: 0.036
[1,   300] loss: 0.036
[1,   400] loss: 0.035
[2,   100] loss: 0.035
[2,   200] loss: 0.035
[2,   300] loss: 0.035
[2,   400] loss: 0.035
[3,   100] loss: 0.035
[3,   200] loss: 0.035
[3,   300] loss: 0.035
[3,   400] loss: 0.035
[4,   100] loss: 0.035
[4,   200] loss: 0.035
[4,   300] loss: 0.035
[4,   400] loss: 0.035
[5,   100] loss: 0.035
[5,   200] loss: 0.035
[5,   300] loss: 0.035
[5,   400] loss: 0.035
[6,   100] loss: 0.035
[6,   200] loss: 0.035
[6,   300] loss: 0.035
[6,   400] loss: 0.035
[7,   100] loss: 0.035
[7,   200] loss: 0.035
[7,   300] loss: 0.035
[7,   400] loss: 0.035
[8,   100] loss: 0.035
[8,   200] loss: 0.035
[8,   300] loss: 0.035
[8,   400] loss: 0.035
[9,   100] loss: 0.035
[9,   200] loss: 0.036
[9,   300] loss: 0.035
[9,   400] loss: 0.035
[10,   100] loss: 0.035
[10,   200] loss: 0.035
[10,   300] loss: 0.035
[10,   400] loss: 0.035
[11,   100] loss: 0.035
[11,   200] loss: 0.035
[11,   300] loss: 0.035
[11,   400] loss: 0.035
[12,   100] loss: 0.035
[12,   200] loss: 0.035
[12,   300] loss: 0.035
[12,   400] loss: 0.035
[13,   100] loss: 0.035
[13,   200] loss: 0.035
[13,   300] loss: 0.035
[13,   400] loss: 0.035
[14,   100] loss: 0.035
[14,   200] loss: 0.035
[14,   300] loss: 0.035
[14,   400] loss: 0.035
[15,   100] loss: 0.035
[15,   200] loss: 0.035
[15,   300] loss: 0.035
[15,   400] loss: 0.035
[16,   100] loss: 0.035
[16,   200] loss: 0.035
[16,   300] loss: 0.035
[16,   400] loss: 0.035
[17,   100] loss: 0.035
[17,   200] loss: 0.035
[17,   300] loss: 0.035
[17,   400] loss: 0.035
[18,   100] loss: 0.035
[18,   200] loss: 0.035
[18,   300] loss: 0.035
[18,   400] loss: 0.035
[19,   100] loss: 0.035
[19,   200] loss: 0.035
[19,   300] loss: 0.035
[19,   400] loss: 0.035
[20,   100] loss: 0.035
[20,   200] loss: 0.035
[20,   300] loss: 0.035
[20,   400] loss: 0.035
[21,   100] loss: 0.035
[21,   200] loss: 0.035
[21,   300] loss: 0.035
[21,   400] loss: 0.035
[22,   100] loss: 0.035
[22,   200] loss: 0.035
[22,   300] loss: 0.035
[22,   400] loss: 0.035
[23,   100] loss: 0.035
[23,   200] loss: 0.035
[23,   300] loss: 0.035
[23,   400] loss: 0.035
[24,   100] loss: 0.035
[24,   200] loss: 0.035
[24,   300] loss: 0.035
[24,   400] loss: 0.035
[25,   100] loss: 0.035
[25,   200] loss: 0.035
[25,   300] loss: 0.035
[25,   400] loss: 0.035
[26,   100] loss: 0.035
[26,   200] loss: 0.035
[26,   300] loss: 0.035
[26,   400] loss: 0.035
[27,   100] loss: 0.035
[27,   200] loss: 0.035
[27,   300] loss: 0.035
[27,   400] loss: 0.035
[28,   100] loss: 0.035
[28,   200] loss: 0.035
[28,   300] loss: 0.035
[28,   400] loss: 0.035
[29,   100] loss: 0.035
[29,   200] loss: 0.035
[29,   300] loss: 0.035
[29,   400] loss: 0.035
[30,   100] loss: 0.035
[30,   200] loss: 0.035
[30,   300] loss: 0.035
[30,   400] loss: 0.035
<class 'float'> 0.0
<class 'dict'>
Training 30 epoch(s) w/ 498 batches each
[1,   100] loss: 0.080
[1,   200] loss: 0.036
[1,   300] loss: 0.036
[1,   400] loss: 0.035
[2,   100] loss: 0.035
[2,   200] loss: 0.035
[2,   300] loss: 0.035
[2,   400] loss: 0.035
[3,   100] loss: 0.036
[3,   200] loss: 0.035
[3,   300] loss: 0.035
[3,   400] loss: 0.035
[4,   100] loss: 0.035
[4,   200] loss: 0.035
[4,   300] loss: 0.035
[4,   400] loss: 0.035
[5,   100] loss: 0.035
[5,   200] loss: 0.035
[5,   300] loss: 0.035
[5,   400] loss: 0.035
[6,   100] loss: 0.035
[6,   200] loss: 0.035
[6,   300] loss: 0.035
[6,   400] loss: 0.035
[7,   100] loss: 0.035
[7,   200] loss: 0.035
[7,   300] loss: 0.035
[7,   400] loss: 0.035
[8,   100] loss: 0.035
[8,   200] loss: 0.035
[8,   300] loss: 0.035
[8,   400] loss: 0.035
[9,   100] loss: 0.035
[9,   200] loss: 0.035
[9,   300] loss: 0.035
[9,   400] loss: 0.035
[10,   100] loss: 0.035
[10,   200] loss: 0.035
[10,   300] loss: 0.035
[10,   400] loss: 0.035
[11,   100] loss: 0.035
[11,   200] loss: 0.035
[11,   300] loss: 0.035
[11,   400] loss: 0.035
[12,   100] loss: 0.035
[12,   200] loss: 0.035
[12,   300] loss: 0.035
[12,   400] loss: 0.035
[13,   100] loss: 0.035
[13,   200] loss: 0.035
[13,   300] loss: 0.035
[13,   400] loss: 0.035
[14,   100] loss: 0.035
[14,   200] loss: 0.035
[14,   300] loss: 0.035
[14,   400] loss: 0.035
[15,   100] loss: 0.035
[15,   200] loss: 0.035
[15,   300] loss: 0.035
[15,   400] loss: 0.035
[16,   100] loss: 0.035
[16,   200] loss: 0.035
[16,   300] loss: 0.035
[16,   400] loss: 0.035
[17,   100] loss: 0.035
[17,   200] loss: 0.035
[17,   300] loss: 0.035
[17,   400] loss: 0.035
[18,   100] loss: 0.035
[18,   200] loss: 0.035
[18,   300] loss: 0.035
[18,   400] loss: 0.035
[19,   100] loss: 0.035
[19,   200] loss: 0.035
[19,   300] loss: 0.035
[19,   400] loss: 0.035
[20,   100] loss: 0.035
[20,   200] loss: 0.035
[20,   300] loss: 0.035
[20,   400] loss: 0.035
[21,   100] loss: 0.035
[21,   200] loss: 0.035
[21,   300] loss: 0.035
[21,   400] loss: 0.035
[22,   100] loss: 0.035
[22,   200] loss: 0.035
[22,   300] loss: 0.035
[22,   400] loss: 0.035
[23,   100] loss: 0.035
[23,   200] loss: 0.035
[23,   300] loss: 0.035
[23,   400] loss: 0.035
[24,   100] loss: 0.035
[24,   200] loss: 0.035
[24,   300] loss: 0.035
[24,   400] loss: 0.035
[25,   100] loss: 0.035
[25,   200] loss: 0.035
[25,   300] loss: 0.035
[25,   400] loss: 0.035
[26,   100] loss: 0.035
[26,   200] loss: 0.035
[26,   300] loss: 0.035
[26,   400] loss: 0.035
[27,   100] loss: 0.035
[27,   200] loss: 0.035
[27,   300] loss: 0.035
[27,   400] loss: 0.035
[28,   100] loss: 0.035
[28,   200] loss: 0.035
[28,   300] loss: 0.035
[28,   400] loss: 0.035
[29,   100] loss: 0.035
[29,   200] loss: 0.035
[29,   300] loss: 0.035
[29,   400] loss: 0.035
[30,   100] loss: 0.035
[30,   200] loss: 0.035
[30,   300] loss: 0.035
[30,   400] loss: 0.035
<class 'float'> 0.0
<class 'dict'>
Training 30 epoch(s) w/ 498 batches each
[1,   100] loss: 0.046
[1,   200] loss: 0.036
[1,   300] loss: 0.035
[1,   400] loss: 0.035
[2,   100] loss: 0.035
[2,   200] loss: 0.035
[2,   300] loss: 0.035
[2,   400] loss: 0.035
[3,   100] loss: 0.035
[3,   200] loss: 0.035
[3,   300] loss: 0.035
[3,   400] loss: 0.036
[4,   100] loss: 0.035
[4,   200] loss: 0.035
[4,   300] loss: 0.035
[4,   400] loss: 0.035
[5,   100] loss: 0.035
[5,   200] loss: 0.035
[5,   300] loss: 0.035
[5,   400] loss: 0.035
[6,   100] loss: 0.035
[6,   200] loss: 0.035
[6,   300] loss: 0.035
[6,   400] loss: 0.035
[7,   100] loss: 0.035
[7,   200] loss: 0.035
[7,   300] loss: 0.035
[7,   400] loss: 0.035
[8,   100] loss: 0.035
[8,   200] loss: 0.035
[8,   300] loss: 0.035
[8,   400] loss: 0.035
[9,   100] loss: 0.035
[9,   200] loss: 0.035
[9,   300] loss: 0.035
[9,   400] loss: 0.035
[10,   100] loss: 0.035
[10,   200] loss: 0.035
[10,   300] loss: 0.035
[10,   400] loss: 0.035
[11,   100] loss: 0.035
[11,   200] loss: 0.035
[11,   300] loss: 0.035
[11,   400] loss: 0.035
[12,   100] loss: 0.035
[12,   200] loss: 0.035
[12,   300] loss: 0.035
[12,   400] loss: 0.035
[13,   100] loss: 0.035
[13,   200] loss: 0.035
[13,   300] loss: 0.035
[13,   400] loss: 0.035
[14,   100] loss: 0.035
[14,   200] loss: 0.035
[14,   300] loss: 0.035
[14,   400] loss: 0.035
[15,   100] loss: 0.035
[15,   200] loss: 0.035
[15,   300] loss: 0.035
[15,   400] loss: 0.035
[16,   100] loss: 0.035
[16,   200] loss: 0.035
[16,   300] loss: 0.035
[16,   400] loss: 0.035
[17,   100] loss: 0.035
[17,   200] loss: 0.035
[17,   300] loss: 0.035
[17,   400] loss: 0.035
[18,   100] loss: 0.035
[18,   200] loss: 0.035
[18,   300] loss: 0.035
[18,   400] loss: 0.035
[19,   100] loss: 0.035
[19,   200] loss: 0.035
[19,   300] loss: 0.035
[19,   400] loss: 0.035
[20,   100] loss: 0.035
[20,   200] loss: 0.035
[20,   300] loss: 0.035
[20,   400] loss: 0.035
[21,   100] loss: 0.035
[21,   200] loss: 0.035
[21,   300] loss: 0.035
[21,   400] loss: 0.035
[22,   100] loss: 0.035
[22,   200] loss: 0.035
[22,   300] loss: 0.035
[22,   400] loss: 0.035
[23,   100] loss: 0.035
[23,   200] loss: 0.035
[23,   300] loss: 0.035
[23,   400] loss: 0.035
[24,   100] loss: 0.035
[24,   200] loss: 0.035
[24,   300] loss: 0.035
[24,   400] loss: 0.035
[25,   100] loss: 0.035
[25,   200] loss: 0.035
[25,   300] loss: 0.035
[25,   400] loss: 0.035
[26,   100] loss: 0.035
[26,   200] loss: 0.035
[26,   300] loss: 0.035
[26,   400] loss: 0.035
[27,   100] loss: 0.035
[27,   200] loss: 0.035
[27,   300] loss: 0.035
[27,   400] loss: 0.035
[28,   100] loss: 0.035
[28,   200] loss: 0.035
[28,   300] loss: 0.035
[28,   400] loss: 0.035
[29,   100] loss: 0.035
[29,   200] loss: 0.035
[29,   300] loss: 0.035
[29,   400] loss: 0.035
[30,   100] loss: 0.035
[30,   200] loss: 0.035
[30,   300] loss: 0.035
[30,   400] loss: 0.035
<class 'float'> 0.0
<class 'dict'>
Training 30 epoch(s) w/ 498 batches each
[1,   100] loss: 0.042
[1,   200] loss: 0.035
[1,   300] loss: 0.035
[1,   400] loss: 0.035
[2,   100] loss: 0.035
[2,   200] loss: 0.035
[2,   300] loss: 0.035
[2,   400] loss: 0.035
[3,   100] loss: 0.035
[3,   200] loss: 0.035
[3,   300] loss: 0.035
[3,   400] loss: 0.035
[4,   100] loss: 0.035
[4,   200] loss: 0.035
[4,   300] loss: 0.035
[4,   400] loss: 0.035
[5,   100] loss: 0.035
[5,   200] loss: 0.035
[5,   300] loss: 0.035
[5,   400] loss: 0.035
[6,   100] loss: 0.035
[6,   200] loss: 0.035
[6,   300] loss: 0.035
[6,   400] loss: 0.035
[7,   100] loss: 0.035
[7,   200] loss: 0.035
[7,   300] loss: 0.035
[7,   400] loss: 0.035
[8,   100] loss: 0.035
[8,   200] loss: 0.035
[8,   300] loss: 0.035
[8,   400] loss: 0.035
[9,   100] loss: 0.035
[9,   200] loss: 0.035
[9,   300] loss: 0.035
[9,   400] loss: 0.035
[10,   100] loss: 0.035
[10,   200] loss: 0.035
[10,   300] loss: 0.035
[10,   400] loss: 0.035
[11,   100] loss: 0.035
[11,   200] loss: 0.035
[11,   300] loss: 0.035
[11,   400] loss: 0.035
[12,   100] loss: 0.035
[12,   200] loss: 0.035
[12,   300] loss: 0.035
[12,   400] loss: 0.035
[13,   100] loss: 0.035
[13,   200] loss: 0.035
[13,   300] loss: 0.035
[13,   400] loss: 0.035
[14,   100] loss: 0.035
[14,   200] loss: 0.035
[14,   300] loss: 0.035
[14,   400] loss: 0.035
[15,   100] loss: 0.035
[15,   200] loss: 0.035
[15,   300] loss: 0.035
[15,   400] loss: 0.035
[16,   100] loss: 0.035
[16,   200] loss: 0.035
[16,   300] loss: 0.035
[16,   400] loss: 0.035
[17,   100] loss: 0.035
[17,   200] loss: 0.035
[17,   300] loss: 0.035
[17,   400] loss: 0.035
[18,   100] loss: 0.035
[18,   200] loss: 0.035
[18,   300] loss: 0.035
[18,   400] loss: 0.035
[19,   100] loss: 0.035
[19,   200] loss: 0.035
[19,   300] loss: 0.035
[19,   400] loss: 0.035
[20,   100] loss: 0.035
[20,   200] loss: 0.035
[20,   300] loss: 0.035
[20,   400] loss: 0.035
[21,   100] loss: 0.035
[21,   200] loss: 0.035
[21,   300] loss: 0.035
[21,   400] loss: 0.035
[22,   100] loss: 0.036
[22,   200] loss: 0.035
[22,   300] loss: 0.035
[22,   400] loss: 0.035
[23,   100] loss: 0.035
[23,   200] loss: 0.035
[23,   300] loss: 0.035
[23,   400] loss: 0.035
[24,   100] loss: 0.035
[24,   200] loss: 0.035
[24,   300] loss: 0.035
[24,   400] loss: 0.035
[25,   100] loss: 0.035
[25,   200] loss: 0.035
[25,   300] loss: 0.035
[25,   400] loss: 0.035
[26,   100] loss: 0.035
[26,   200] loss: 0.035
[26,   300] loss: 0.035
[26,   400] loss: 0.035
[27,   100] loss: 0.035
[27,   200] loss: 0.035
[27,   300] loss: 0.035
[27,   400] loss: 0.035
[28,   100] loss: 0.035
[28,   200] loss: 0.035
[28,   300] loss: 0.035
[28,   400] loss: 0.035
[29,   100] loss: 0.035
[29,   200] loss: 0.035
[29,   300] loss: 0.035
[29,   400] loss: 0.035
[30,   100] loss: 0.035
[30,   200] loss: 0.035
[30,   300] loss: 0.035
[30,   400] loss: 0.035
<class 'float'> 0.5119496855345912
<class 'dict'>
Training 30 epoch(s) w/ 498 batches each
[1,   100] loss: 0.040
[1,   200] loss: 0.036
[1,   300] loss: 0.036
[1,   400] loss: 0.035
[2,   100] loss: 0.035
[2,   200] loss: 0.035
[2,   300] loss: 0.035
[2,   400] loss: 0.035
[3,   100] loss: 0.035
[3,   200] loss: 0.035
[3,   300] loss: 0.035
[3,   400] loss: 0.035
[4,   100] loss: 0.035
[4,   200] loss: 0.035
[4,   300] loss: 0.035
[4,   400] loss: 0.035
[5,   100] loss: 0.035
[5,   200] loss: 0.035
[5,   300] loss: 0.035
[5,   400] loss: 0.035
[6,   100] loss: 0.035
[6,   200] loss: 0.035
[6,   300] loss: 0.035
[6,   400] loss: 0.035
[7,   100] loss: 0.035
[7,   200] loss: 0.035
[7,   300] loss: 0.035
[7,   400] loss: 0.035
[8,   100] loss: 0.035
[8,   200] loss: 0.035
[8,   300] loss: 0.035
[8,   400] loss: 0.035
[9,   100] loss: 0.035
[9,   200] loss: 0.035
[9,   300] loss: 0.035
[9,   400] loss: 0.035
[10,   100] loss: 0.035
[10,   200] loss: 0.035
[10,   300] loss: 0.035
[10,   400] loss: 0.035
[11,   100] loss: 0.035
[11,   200] loss: 0.035
[11,   300] loss: 0.035
[11,   400] loss: 0.035
[12,   100] loss: 0.035
[12,   200] loss: 0.035
[12,   300] loss: 0.035
[12,   400] loss: 0.035
[13,   100] loss: 0.035
[13,   200] loss: 0.035
[13,   300] loss: 0.035
[13,   400] loss: 0.035
[14,   100] loss: 0.035
[14,   200] loss: 0.035
[14,   300] loss: 0.035
[14,   400] loss: 0.035
[15,   100] loss: 0.035
[15,   200] loss: 0.035
[15,   300] loss: 0.035
[15,   400] loss: 0.035
[16,   100] loss: 0.035
[16,   200] loss: 0.035
[16,   300] loss: 0.035
[16,   400] loss: 0.035
[17,   100] loss: 0.035
[17,   200] loss: 0.035
[17,   300] loss: 0.035
[17,   400] loss: 0.035
[18,   100] loss: 0.035
[18,   200] loss: 0.035
[18,   300] loss: 0.035
[18,   400] loss: 0.035
[19,   100] loss: 0.035
[19,   200] loss: 0.035
[19,   300] loss: 0.035
[19,   400] loss: 0.035
[20,   100] loss: 0.035
[20,   200] loss: 0.035
[20,   300] loss: 0.035
[20,   400] loss: 0.035
[21,   100] loss: 0.035
[21,   200] loss: 0.035
[21,   300] loss: 0.035
[21,   400] loss: 0.035
[22,   100] loss: 0.035
[22,   200] loss: 0.035
[22,   300] loss: 0.035
[22,   400] loss: 0.035
[23,   100] loss: 0.035
[23,   200] loss: 0.035
[23,   300] loss: 0.035
[23,   400] loss: 0.035
[24,   100] loss: 0.035
[24,   200] loss: 0.035
[24,   300] loss: 0.035
[24,   400] loss: 0.035
[25,   100] loss: 0.035
[25,   200] loss: 0.035
[25,   300] loss: 0.035
[25,   400] loss: 0.035
[26,   100] loss: 0.035
[26,   200] loss: 0.035
[26,   300] loss: 0.035
[26,   400] loss: 0.035
[27,   100] loss: 0.035
[27,   200] loss: 0.035
[27,   300] loss: 0.035
[27,   400] loss: 0.035
[28,   100] loss: 0.035
[28,   200] loss: 0.035
[28,   300] loss: 0.035
[28,   400] loss: 0.035
[29,   100] loss: 0.035
[29,   200] loss: 0.035
[29,   300] loss: 0.035
[29,   400] loss: 0.035
[30,   100] loss: 0.035
[30,   200] loss: 0.035
[30,   300] loss: 0.035
[30,   400] loss: 0.035
<class 'float'> 0.5119496855345912
<class 'dict'>
Training 30 epoch(s) w/ 498 batches each
[1,   100] loss: 0.038
[1,   200] loss: 0.035
[1,   300] loss: 0.035
[1,   400] loss: 0.035
[2,   100] loss: 0.035
[2,   200] loss: 0.035
[2,   300] loss: 0.035
[2,   400] loss: 0.035
[3,   100] loss: 0.035
[3,   200] loss: 0.036
[3,   300] loss: 0.035
[3,   400] loss: 0.035
[4,   100] loss: 0.035
[4,   200] loss: 0.035
[4,   300] loss: 0.035
[4,   400] loss: 0.035
[5,   100] loss: 0.035
[5,   200] loss: 0.035
[5,   300] loss: 0.035
[5,   400] loss: 0.035
[6,   100] loss: 0.035
[6,   200] loss: 0.035
[6,   300] loss: 0.035
[6,   400] loss: 0.035
[7,   100] loss: 0.035
[7,   200] loss: 0.035
[7,   300] loss: 0.035
[7,   400] loss: 0.035
[8,   100] loss: 0.035
[8,   200] loss: 0.035
[8,   300] loss: 0.035
[8,   400] loss: 0.035
[9,   100] loss: 0.035
[9,   200] loss: 0.035
[9,   300] loss: 0.035
[9,   400] loss: 0.035
[10,   100] loss: 0.035
[10,   200] loss: 0.035
[10,   300] loss: 0.035
[10,   400] loss: 0.035
[11,   100] loss: 0.035
[11,   200] loss: 0.035
[11,   300] loss: 0.035
[11,   400] loss: 0.035
[12,   100] loss: 0.035
[12,   200] loss: 0.035
[12,   300] loss: 0.035
[12,   400] loss: 0.035
[13,   100] loss: 0.035
[13,   200] loss: 0.035
[13,   300] loss: 0.035
[13,   400] loss: 0.035
[14,   100] loss: 0.035
[14,   200] loss: 0.035
[14,   300] loss: 0.035
[14,   400] loss: 0.035
[15,   100] loss: 0.035
[15,   200] loss: 0.035
[15,   300] loss: 0.035
[15,   400] loss: 0.035
[16,   100] loss: 0.035
[16,   200] loss: 0.035
[16,   300] loss: 0.035
[16,   400] loss: 0.035
[17,   100] loss: 0.035
[17,   200] loss: 0.035
[17,   300] loss: 0.035
[17,   400] loss: 0.035
[18,   100] loss: 0.035
[18,   200] loss: 0.035
[18,   300] loss: 0.035
[18,   400] loss: 0.035
[19,   100] loss: 0.035
[19,   200] loss: 0.035
[19,   300] loss: 0.035
[19,   400] loss: 0.035
[20,   100] loss: 0.035
[20,   200] loss: 0.035
[20,   300] loss: 0.035
[20,   400] loss: 0.035
[21,   100] loss: 0.035
[21,   200] loss: 0.035
[21,   300] loss: 0.035
[21,   400] loss: 0.035
[22,   100] loss: 0.035
[22,   200] loss: 0.035
[22,   300] loss: 0.035
[22,   400] loss: 0.035
[23,   100] loss: 0.035
[23,   200] loss: 0.035
[23,   300] loss: 0.035
[23,   400] loss: 0.035
[24,   100] loss: 0.035
[24,   200] loss: 0.035
[24,   300] loss: 0.035
[24,   400] loss: 0.035
[25,   100] loss: 0.035
[25,   200] loss: 0.035
[25,   300] loss: 0.035
[25,   400] loss: 0.035
[26,   100] loss: 0.035
[26,   200] loss: 0.035
[26,   300] loss: 0.035
[26,   400] loss: 0.035
[27,   100] loss: 0.035
[27,   200] loss: 0.035
[27,   300] loss: 0.035
[27,   400] loss: 0.035
[28,   100] loss: 0.035
[28,   200] loss: 0.035
[28,   300] loss: 0.035
[28,   400] loss: 0.035
[29,   100] loss: 0.035
[29,   200] loss: 0.035
[29,   300] loss: 0.035
[29,   400] loss: 0.035
[30,   100] loss: 0.035
[30,   200] loss: 0.035
[30,   300] loss: 0.035
[30,   400] loss: 0.035
<class 'float'> 0.5119496855345912
<class 'dict'>
Training 30 epoch(s) w/ 498 batches each
[1,   100] loss: 0.037
[1,   200] loss: 0.035
[1,   300] loss: 0.035
[1,   400] loss: 0.035
[2,   100] loss: 0.035
[2,   200] loss: 0.035
[2,   300] loss: 0.035
[2,   400] loss: 0.035
[3,   100] loss: 0.035
[3,   200] loss: 0.035
[3,   300] loss: 0.035
[3,   400] loss: 0.035
[4,   100] loss: 0.035
[4,   200] loss: 0.035
[4,   300] loss: 0.035
[4,   400] loss: 0.035
[5,   100] loss: 0.035
[5,   200] loss: 0.035
[5,   300] loss: 0.035
[5,   400] loss: 0.035
[6,   100] loss: 0.035
[6,   200] loss: 0.035
[6,   300] loss: 0.035
[6,   400] loss: 0.035
[7,   100] loss: 0.035
[7,   200] loss: 0.035
[7,   300] loss: 0.035
[7,   400] loss: 0.035
[8,   100] loss: 0.035
[8,   200] loss: 0.035
[8,   300] loss: 0.035
