Training 10 epoch(s) w/ 464 batches each
[1,   100] loss: 0.007
[1,   200] loss: 0.002
[1,   300] loss: 0.002
[1,   400] loss: 0.002
[2,   100] loss: 0.001
[2,   200] loss: 0.000
[2,   300] loss: 0.002
[2,   400] loss: 0.001
[3,   100] loss: 0.002
[3,   200] loss: 0.000
[3,   300] loss: 0.002
[3,   400] loss: 0.003
[4,   100] loss: 0.003
[4,   200] loss: 0.000
[4,   300] loss: 0.000
[4,   400] loss: 0.000
[5,   100] loss: 0.003
[5,   200] loss: 0.001
[5,   300] loss: 0.000
[5,   400] loss: 0.001
[6,   100] loss: 0.003
[6,   200] loss: 0.000
[6,   300] loss: 0.004
[6,   400] loss: 0.000
[7,   100] loss: 0.000
[7,   200] loss: 0.002
[7,   300] loss: 0.000
[7,   400] loss: 0.000
[8,   100] loss: 0.000
[8,   200] loss: 0.004
[8,   300] loss: 0.000
[8,   400] loss: 0.001
[9,   100] loss: 0.000
[9,   200] loss: 0.001
[9,   300] loss: 0.001
[9,   400] loss: 0.000
[10,   100] loss: 0.000
[10,   200] loss: 0.000
[10,   300] loss: 0.001
[10,   400] loss: 0.001
<class 'float'> 0.0
<class 'dict'>
Training 10 epoch(s) w/ 464 batches each
[1,   100] loss: 0.005
[1,   200] loss: 0.001
[1,   300] loss: 0.000
[1,   400] loss: 0.003
[2,   100] loss: 0.001
[2,   200] loss: 0.001
[2,   300] loss: 0.001
[2,   400] loss: 0.000
[3,   100] loss: 0.000
[3,   200] loss: 0.001
[3,   300] loss: 0.000
[3,   400] loss: 0.002
[4,   100] loss: 0.001
[4,   200] loss: 0.001
[4,   300] loss: 0.001
[4,   400] loss: 0.000
[5,   100] loss: 0.000
[5,   200] loss: 0.000
[5,   300] loss: 0.000
[5,   400] loss: 0.001
[6,   100] loss: 0.000
[6,   200] loss: 0.000
[6,   300] loss: 0.000
[6,   400] loss: 0.000
[7,   100] loss: 0.000
[7,   200] loss: 0.000
[7,   300] loss: 0.000
[7,   400] loss: 0.000
[8,   100] loss: 0.000
[8,   200] loss: 0.000
[8,   300] loss: 0.000
[8,   400] loss: 0.000
[9,   100] loss: 0.000
[9,   200] loss: 0.000
[9,   300] loss: 0.001
[9,   400] loss: 0.004
[10,   100] loss: 0.001
[10,   200] loss: 0.001
[10,   300] loss: 0.004
[10,   400] loss: 0.000
<class 'float'> 0.0
<class 'dict'>
Training 10 epoch(s) w/ 464 batches each
[1,   100] loss: 0.005
[1,   200] loss: 0.000
[1,   300] loss: 0.001
[1,   400] loss: 0.000
[2,   100] loss: 0.000
[2,   200] loss: 0.001
[2,   300] loss: 0.000
[2,   400] loss: 0.001
[3,   100] loss: 0.001
[3,   200] loss: 0.000
[3,   300] loss: 0.000
[3,   400] loss: 0.000
[4,   100] loss: 0.000
[4,   200] loss: 0.000
[4,   300] loss: 0.000
[4,   400] loss: 0.000
[5,   100] loss: 0.000
[5,   200] loss: 0.000
[5,   300] loss: 0.000
[5,   400] loss: 0.000
[6,   100] loss: 0.002
[6,   200] loss: 0.000
[6,   300] loss: 0.000
[6,   400] loss: 0.001
[7,   100] loss: 0.000
[7,   200] loss: 0.000
[7,   300] loss: 0.000
[7,   400] loss: 0.001
[8,   100] loss: 0.000
[8,   200] loss: 0.000
[8,   300] loss: 0.000
[8,   400] loss: 0.000
[9,   100] loss: 0.000
[9,   200] loss: 0.000
[9,   300] loss: 0.000
[9,   400] loss: 0.000
[10,   100] loss: 0.000
[10,   200] loss: 0.000
[10,   300] loss: 0.001
[10,   400] loss: 0.000
<class 'float'> 0.0
<class 'dict'>
Training 10 epoch(s) w/ 464 batches each
[1,   100] loss: 0.007
[1,   200] loss: 0.000
[1,   300] loss: 0.000
[1,   400] loss: 0.001
[2,   100] loss: 0.000
[2,   200] loss: 0.000
[2,   300] loss: 0.000
[2,   400] loss: 0.001
[3,   100] loss: 0.000
[3,   200] loss: 0.001
[3,   300] loss: 0.000
[3,   400] loss: 0.000
[4,   100] loss: 0.000
[4,   200] loss: 0.000
[4,   300] loss: 0.000
[4,   400] loss: 0.000
[5,   100] loss: 0.000
[5,   200] loss: 0.000
[5,   300] loss: 0.000
[5,   400] loss: 0.000
[6,   100] loss: 0.000
[6,   200] loss: 0.000
[6,   300] loss: 0.000
[6,   400] loss: 0.002
[7,   100] loss: 0.001
[7,   200] loss: 0.000
[7,   300] loss: 0.000
[7,   400] loss: 0.000
[8,   100] loss: 0.000
[8,   200] loss: 0.000
[8,   300] loss: 0.000
[8,   400] loss: 0.000
[9,   100] loss: 0.001
[9,   200] loss: 0.000
[9,   300] loss: 0.001
[9,   400] loss: 0.000
[10,   100] loss: 0.000
[10,   200] loss: 0.000
[10,   300] loss: 0.001
[10,   400] loss: 0.000
<class 'float'> 0.0
<class 'dict'>
Training 10 epoch(s) w/ 464 batches each
[1,   100] loss: 0.011
[1,   200] loss: 0.000
[1,   300] loss: 0.000
[1,   400] loss: 0.000
[2,   100] loss: 0.001
[2,   200] loss: 0.000
[2,   300] loss: 0.000
[2,   400] loss: 0.000
[3,   100] loss: 0.000
[3,   200] loss: 0.000
[3,   300] loss: 0.000
[3,   400] loss: 0.000
[4,   100] loss: 0.004
[4,   200] loss: 0.000
[4,   300] loss: 0.000
[4,   400] loss: 0.000
[5,   100] loss: 0.000
[5,   200] loss: 0.000
[5,   300] loss: 0.000
[5,   400] loss: 0.000
[6,   100] loss: 0.000
[6,   200] loss: 0.000
[6,   300] loss: 0.000
[6,   400] loss: 0.000
[7,   100] loss: 0.000
[7,   200] loss: 0.000
[7,   300] loss: 0.001
[7,   400] loss: 0.000
[8,   100] loss: 0.000
[8,   200] loss: 0.000
[8,   300] loss: 0.000
[8,   400] loss: 0.000
[9,   100] loss: 0.000
[9,   200] loss: 0.000
[9,   300] loss: 0.000
[9,   400] loss: 0.000
[10,   100] loss: 0.000
[10,   200] loss: 0.000
[10,   300] loss: 0.000
[10,   400] loss: 0.000
<class 'float'> 0.0
<class 'dict'>
Training 10 epoch(s) w/ 464 batches each
[1,   100] loss: 0.038
[1,   200] loss: 0.000
[1,   300] loss: 0.000
[1,   400] loss: 0.000
[2,   100] loss: 0.001
[2,   200] loss: 0.001
[2,   300] loss: 0.000
[2,   400] loss: 0.000
[3,   100] loss: 0.000
[3,   200] loss: 0.000
[3,   300] loss: 0.000
[3,   400] loss: 0.000
[4,   100] loss: 0.007
[4,   200] loss: 0.001
[4,   300] loss: 0.000
[4,   400] loss: 0.000
[5,   100] loss: 0.000
[5,   200] loss: 0.000
[5,   300] loss: 0.000
[5,   400] loss: 0.000
[6,   100] loss: 0.000
[6,   200] loss: 0.000
[6,   300] loss: 0.000
[6,   400] loss: 0.000
[7,   100] loss: 0.000
[7,   200] loss: 0.000
[7,   300] loss: 0.000
[7,   400] loss: 0.001
[8,   100] loss: 0.000
[8,   200] loss: 0.000
[8,   300] loss: 0.000
[8,   400] loss: 0.000
[9,   100] loss: 0.000
[9,   200] loss: 0.000
[9,   300] loss: 0.000
[9,   400] loss: 0.000
[10,   100] loss: 0.000
[10,   200] loss: 0.000
[10,   300] loss: 0.000
[10,   400] loss: 0.000
<class 'float'> 0.0
<class 'dict'>
Training 10 epoch(s) w/ 464 batches each
[1,   100] loss: 0.048
[1,   200] loss: 0.000
[1,   300] loss: 0.000
[1,   400] loss: 0.000
[2,   100] loss: 0.000
[2,   200] loss: 0.001
[2,   300] loss: 0.000
[2,   400] loss: 0.000
[3,   100] loss: 0.001
[3,   200] loss: 0.000
[3,   300] loss: 0.000
[3,   400] loss: 0.000
[4,   100] loss: 0.000
[4,   200] loss: 0.000
[4,   300] loss: 0.000
[4,   400] loss: 0.000
[5,   100] loss: 0.000
[5,   200] loss: 0.000
[5,   300] loss: 0.000
[5,   400] loss: 0.000
[6,   100] loss: 0.001
[6,   200] loss: 0.001
[6,   300] loss: 0.001
[6,   400] loss: 0.000
[7,   100] loss: 0.000
[7,   200] loss: 0.001
[7,   300] loss: 0.000
[7,   400] loss: 0.000
[8,   100] loss: 0.000
[8,   200] loss: 0.000
[8,   300] loss: 0.001
[8,   400] loss: 0.000
[9,   100] loss: 0.000
[9,   200] loss: 0.000
[9,   300] loss: 0.000
[9,   400] loss: 0.000
[10,   100] loss: 0.000
[10,   200] loss: 0.000
[10,   300] loss: 0.000
[10,   400] loss: 0.000
<class 'float'> 0.0
<class 'dict'>
Training 10 epoch(s) w/ 464 batches each
[1,   100] loss: 0.041
[1,   200] loss: 0.000
[1,   300] loss: 0.000
[1,   400] loss: 0.000
[2,   100] loss: 0.000
[2,   200] loss: 0.000
[2,   300] loss: 0.001
[2,   400] loss: 0.000
[3,   100] loss: 0.000
[3,   200] loss: 0.002
[3,   300] loss: 0.000
[3,   400] loss: 0.000
[4,   100] loss: 0.001
[4,   200] loss: 0.000
[4,   300] loss: 0.000
[4,   400] loss: 0.000
[5,   100] loss: 0.000
[5,   200] loss: 0.000
[5,   300] loss: 0.000
[5,   400] loss: 0.000
[6,   100] loss: 0.000
[6,   200] loss: 0.000
[6,   300] loss: 0.000
[6,   400] loss: 0.000
[7,   100] loss: 0.000
[7,   200] loss: 0.000
[7,   300] loss: 0.000
[7,   400] loss: 0.000
[8,   100] loss: 0.000
[8,   200] loss: 0.000
[8,   300] loss: 0.000
[8,   400] loss: 0.000
[9,   100] loss: 0.000
[9,   200] loss: 0.000
[9,   300] loss: 0.000
[9,   400] loss: 0.000
[10,   100] loss: 0.000
[10,   200] loss: 0.000
[10,   300] loss: 0.000
[10,   400] loss: 0.000
<class 'float'> 0.0
<class 'dict'>
Training 10 epoch(s) w/ 464 batches each
[1,   100] loss: 0.026
[1,   200] loss: 0.000
[1,   300] loss: 0.000
[1,   400] loss: 0.000
[2,   100] loss: 0.000
[2,   200] loss: 0.000
[2,   300] loss: 0.001
[2,   400] loss: 0.000
[3,   100] loss: 0.000
[3,   200] loss: 0.000
[3,   300] loss: 0.002
[3,   400] loss: 0.000
[4,   100] loss: 0.002
[4,   200] loss: 0.000
[4,   300] loss: 0.000
[4,   400] loss: 0.000
[5,   100] loss: 0.000
[5,   200] loss: 0.000
[5,   300] loss: 0.000
[5,   400] loss: 0.000
[6,   100] loss: 0.000
[6,   200] loss: 0.000
[6,   300] loss: 0.000
[6,   400] loss: 0.000
[7,   100] loss: 0.000
[7,   200] loss: 0.000
[7,   300] loss: 0.000
[7,   400] loss: 0.000
[8,   100] loss: 0.000
[8,   200] loss: 0.000
[8,   300] loss: 0.000
[8,   400] loss: 0.000
[9,   100] loss: 0.000
[9,   200] loss: 0.000
[9,   300] loss: 0.000
[9,   400] loss: 0.000
[10,   100] loss: 0.000
[10,   200] loss: 0.000
[10,   300] loss: 0.000
[10,   400] loss: 0.000
<class 'float'> 0.0
<class 'dict'>
Training 10 epoch(s) w/ 464 batches each
[1,   100] loss: 0.029
[1,   200] loss: 0.000
[1,   300] loss: 0.000
[1,   400] loss: 0.000
[2,   100] loss: 0.001
[2,   200] loss: 0.000
[2,   300] loss: 0.000
[2,   400] loss: 0.000
[3,   100] loss: 0.000
[3,   200] loss: 0.000
[3,   300] loss: 0.000
[3,   400] loss: 0.000
[4,   100] loss: 0.000
[4,   200] loss: 0.000
[4,   300] loss: 0.000
[4,   400] loss: 0.000
[5,   100] loss: 0.000
[5,   200] loss: 0.000
[5,   300] loss: 0.000
[5,   400] loss: 0.000
[6,   100] loss: 0.000
[6,   200] loss: 0.000
[6,   300] loss: 0.000
[6,   400] loss: 0.000
[7,   100] loss: 0.000
[7,   200] loss: 0.001
[7,   300] loss: 0.000
[7,   400] loss: 0.000
[8,   100] loss: 0.000
[8,   200] loss: 0.000
[8,   300] loss: 0.000
[8,   400] loss: 0.000
[9,   100] loss: 0.000
[9,   200] loss: 0.000
[9,   300] loss: 0.000
[9,   400] loss: 0.000
[10,   100] loss: 0.000
[10,   200] loss: 0.000
[10,   300] loss: 0.000
[10,   400] loss: 0.000
<class 'float'> 0.0
<class 'dict'>
Training 10 epoch(s) w/ 464 batches each
[1,   100] loss: 0.023
[1,   200] loss: 0.000
[1,   300] loss: 0.000
[1,   400] loss: 0.000
[2,   100] loss: 0.000
[2,   200] loss: 0.000
[2,   300] loss: 0.000
[2,   400] loss: 0.000
[3,   100] loss: 0.001
[3,   200] loss: 0.002
[3,   300] loss: 0.000
[3,   400] loss: 0.000
[4,   100] loss: 0.000
[4,   200] loss: 0.000
[4,   300] loss: 0.000
[4,   400] loss: 0.000
[5,   100] loss: 0.000
[5,   200] loss: 0.000
[5,   300] loss: 0.000
[5,   400] loss: 0.000
[6,   100] loss: 0.001
[6,   200] loss: 0.000
[6,   300] loss: 0.000
[6,   400] loss: 0.000
[7,   100] loss: 0.000
[7,   200] loss: 0.000
[7,   300] loss: 0.000
[7,   400] loss: 0.000
[8,   100] loss: 0.000
[8,   200] loss: 0.000
[8,   300] loss: 0.000
[8,   400] loss: 0.000
[9,   100] loss: 0.000
[9,   200] loss: 0.000
[9,   300] loss: 0.000
[9,   400] loss: 0.000
[10,   100] loss: 0.000
[10,   200] loss: 0.000
[10,   300] loss: 0.000
[10,   400] loss: 0.000
<class 'float'> 0.0
<class 'dict'>
Training 10 epoch(s) w/ 464 batches each
[1,   100] loss: 0.034
[1,   200] loss: 0.000
[1,   300] loss: 0.000
[1,   400] loss: 0.002
[2,   100] loss: 0.000
[2,   200] loss: 0.000
[2,   300] loss: 0.000
[2,   400] loss: 0.000
[3,   100] loss: 0.000
[3,   200] loss: 0.000
[3,   300] loss: 0.000
[3,   400] loss: 0.000
[4,   100] loss: 0.000
[4,   200] loss: 0.000
[4,   300] loss: 0.000
[4,   400] loss: 0.000
[5,   100] loss: 0.000
[5,   200] loss: 0.000
[5,   300] loss: 0.000
[5,   400] loss: 0.000
[6,   100] loss: 0.001
[6,   200] loss: 0.000
[6,   300] loss: 0.001
[6,   400] loss: 0.000
[7,   100] loss: 0.000
[7,   200] loss: 0.000
[7,   300] loss: 0.000
[7,   400] loss: 0.000
[8,   100] loss: 0.000
[8,   200] loss: 0.000
[8,   300] loss: 0.000
[8,   400] loss: 0.000
[9,   100] loss: 0.000
[9,   200] loss: 0.000
[9,   300] loss: 0.000
[9,   400] loss: 0.000
[10,   100] loss: 0.000
[10,   200] loss: 0.000
[10,   300] loss: 0.000
[10,   400] loss: 0.000
<class 'float'> 0.0
<class 'dict'>
Training 10 epoch(s) w/ 464 batches each
[1,   100] loss: 0.061
[1,   200] loss: 0.000
[1,   300] loss: 0.000
[1,   400] loss: 0.000
[2,   100] loss: 0.001
[2,   200] loss: 0.000
[2,   300] loss: 0.000
[2,   400] loss: 0.000
[3,   100] loss: 0.000
[3,   200] loss: 0.000
[3,   300] loss: 0.000
[3,   400] loss: 0.000
[4,   100] loss: 0.000
[4,   200] loss: 0.000
[4,   300] loss: 0.000
[4,   400] loss: 0.000
[5,   100] loss: 0.000
[5,   200] loss: 0.000
[5,   300] loss: 0.000
[5,   400] loss: 0.000
[6,   100] loss: 0.000
[6,   200] loss: 0.000
[6,   300] loss: 0.000
[6,   400] loss: 0.000
[7,   100] loss: 0.000
[7,   200] loss: 0.000
[7,   300] loss: 0.000
[7,   400] loss: 0.000
[8,   100] loss: 0.000
[8,   200] loss: 0.000
[8,   300] loss: 0.000
[8,   400] loss: 0.000
[9,   100] loss: 0.000
[9,   200] loss: 0.000
[9,   300] loss: 0.000
[9,   400] loss: 0.000
[10,   100] loss: 0.000
[10,   200] loss: 0.000
[10,   300] loss: 0.000
[10,   400] loss: 0.000
<class 'float'> 0.0
<class 'dict'>
Training 10 epoch(s) w/ 464 batches each
[1,   100] loss: 0.075
[1,   200] loss: 0.000
[1,   300] loss: 0.000
[1,   400] loss: 0.000
[2,   100] loss: 0.000
[2,   200] loss: 0.000
[2,   300] loss: 0.000
[2,   400] loss: 0.000
[3,   100] loss: 0.000
[3,   200] loss: 0.000
[3,   300] loss: 0.000
[3,   400] loss: 0.000
[4,   100] loss: 0.000
[4,   200] loss: 0.000
[4,   300] loss: 0.000
[4,   400] loss: 0.000
[5,   100] loss: 0.000
[5,   200] loss: 0.000
[5,   300] loss: 0.000
[5,   400] loss: 0.000
[6,   100] loss: 0.000
[6,   200] loss: 0.000
[6,   300] loss: 0.000
[6,   400] loss: 0.000
[7,   100] loss: 0.000
[7,   200] loss: 0.000
[7,   300] loss: 0.000
[7,   400] loss: 0.000
[8,   100] loss: 0.000
[8,   200] loss: 0.000
[8,   300] loss: 0.000
[8,   400] loss: 0.000
[9,   100] loss: 0.001
[9,   200] loss: 0.000
[9,   300] loss: 0.000
[9,   400] loss: 0.000
[10,   100] loss: 0.000
[10,   200] loss: 0.000
[10,   300] loss: 0.000
[10,   400] loss: 0.000
<class 'float'> 0.0
<class 'dict'>
Training 10 epoch(s) w/ 464 batches each
[1,   100] loss: 0.063
[1,   200] loss: 0.000
[1,   300] loss: 0.000
[1,   400] loss: 0.000
[2,   100] loss: 0.000
[2,   200] loss: 0.000
[2,   300] loss: 0.000
[2,   400] loss: 0.000
[3,   100] loss: 0.000
[3,   200] loss: 0.000
[3,   300] loss: 0.001
[3,   400] loss: 0.000
[4,   100] loss: 0.000
[4,   200] loss: 0.000
[4,   300] loss: 0.000
[4,   400] loss: 0.001
[5,   100] loss: 0.000
[5,   200] loss: 0.000
[5,   300] loss: 0.000
[5,   400] loss: 0.000
[6,   100] loss: 0.000
[6,   200] loss: 0.000
[6,   300] loss: 0.000
[6,   400] loss: 0.000
[7,   100] loss: 0.000
[7,   200] loss: 0.000
[7,   300] loss: 0.000
[7,   400] loss: 0.000
[8,   100] loss: 0.000
[8,   200] loss: 0.000
[8,   300] loss: 0.001
[8,   400] loss: 0.000
[9,   100] loss: 0.000
[9,   200] loss: 0.000
[9,   300] loss: 0.000
[9,   400] loss: 0.000
[10,   100] loss: 0.000
[10,   200] loss: 0.000
[10,   300] loss: 0.000
[10,   400] loss: 0.000
<class 'float'> 0.0
<class 'dict'>
Training 10 epoch(s) w/ 464 batches each
[1,   100] loss: 0.062
[1,   200] loss: 0.000
[1,   300] loss: 0.000
[1,   400] loss: 0.000
[2,   100] loss: 0.000
[2,   200] loss: 0.000
[2,   300] loss: 0.001
[2,   400] loss: 0.000
[3,   100] loss: 0.000
[3,   200] loss: 0.000
[3,   300] loss: 0.000
[3,   400] loss: 0.001
[4,   100] loss: 0.001
[4,   200] loss: 0.000
[4,   300] loss: 0.000
[4,   400] loss: 0.000
[5,   100] loss: 0.000
[5,   200] loss: 0.000
[5,   300] loss: 0.000
[5,   400] loss: 0.000
[6,   100] loss: 0.000
[6,   200] loss: 0.000
[6,   300] loss: 0.000
[6,   400] loss: 0.000
[7,   100] loss: 0.000
[7,   200] loss: 0.000
[7,   300] loss: 0.000
[7,   400] loss: 0.000
[8,   100] loss: 0.000
[8,   200] loss: 0.000
[8,   300] loss: 0.000
[8,   400] loss: 0.000
[9,   100] loss: 0.000
[9,   200] loss: 0.000
[9,   300] loss: 0.000
[9,   400] loss: 0.000
[10,   100] loss: 0.000
[10,   200] loss: 0.000
[10,   300] loss: 0.000
[10,   400] loss: 0.000
<class 'float'> 0.0
<class 'dict'>
Training 10 epoch(s) w/ 464 batches each
[1,   100] loss: 0.054
[1,   200] loss: 0.000
[1,   300] loss: 0.000
[1,   400] loss: 0.000
[2,   100] loss: 0.000
[2,   200] loss: 0.000
[2,   300] loss: 0.000
[2,   400] loss: 0.000
[3,   100] loss: 0.000
[3,   200] loss: 0.000
[3,   300] loss: 0.000
[3,   400] loss: 0.000
[4,   100] loss: 0.000
[4,   200] loss: 0.000
[4,   300] loss: 0.000
[4,   400] loss: 0.000
[5,   100] loss: 0.000
[5,   200] loss: 0.000
[5,   300] loss: 0.000
[5,   400] loss: 0.000
[6,   100] loss: 0.000
[6,   200] loss: 0.000
[6,   300] loss: 0.000
[6,   400] loss: 0.000
[7,   100] loss: 0.000
[7,   200] loss: 0.000
[7,   300] loss: 0.000
[7,   400] loss: 0.000
[8,   100] loss: 0.000
[8,   200] loss: 0.000
[8,   300] loss: 0.000
[8,   400] loss: 0.000
[9,   100] loss: 0.000
[9,   200] loss: 0.000
[9,   300] loss: 0.000
[9,   400] loss: 0.001
[10,   100] loss: 0.006
[10,   200] loss: 0.000
[10,   300] loss: 0.000
[10,   400] loss: 0.000
<class 'float'> 0.0
<class 'dict'>
Training 10 epoch(s) w/ 464 batches each
[1,   100] loss: 0.051
[1,   200] loss: 0.000
[1,   300] loss: 0.000
[1,   400] loss: 0.000
[2,   100] loss: 0.000
[2,   200] loss: 0.000
[2,   300] loss: 0.000
[2,   400] loss: 0.000
[3,   100] loss: 0.000
[3,   200] loss: 0.000
[3,   300] loss: 0.000
[3,   400] loss: 0.001
[4,   100] loss: 0.000
[4,   200] loss: 0.000
[4,   300] loss: 0.000
[4,   400] loss: 0.000
[5,   100] loss: 0.000
[5,   200] loss: 0.000
[5,   300] loss: 0.000
[5,   400] loss: 0.000
[6,   100] loss: 0.000
[6,   200] loss: 0.000
[6,   300] loss: 0.000
[6,   400] loss: 0.000
[7,   100] loss: 0.000
[7,   200] loss: 0.000
[7,   300] loss: 0.000
[7,   400] loss: 0.000
[8,   100] loss: 0.000
[8,   200] loss: 0.000
[8,   300] loss: 0.000
[8,   400] loss: 0.000
[9,   100] loss: 0.000
[9,   200] loss: 0.000
[9,   300] loss: 0.000
[9,   400] loss: 0.001
[10,   100] loss: 0.000
[10,   200] loss: 0.000
[10,   300] loss: 0.000
[10,   400] loss: 0.000
<class 'float'> 0.0
<class 'dict'>
Training 10 epoch(s) w/ 464 batches each
[1,   100] loss: 0.043
[1,   200] loss: 0.000
[1,   300] loss: 0.000
[1,   400] loss: 0.000
[2,   100] loss: 0.000
[2,   200] loss: 0.000
[2,   300] loss: 0.000
[2,   400] loss: 0.000
[3,   100] loss: 0.000
[3,   200] loss: 0.000
[3,   300] loss: 0.000
[3,   400] loss: 0.000
[4,   100] loss: 0.000
[4,   200] loss: 0.000
[4,   300] loss: 0.000
[4,   400] loss: 0.000
[5,   100] loss: 0.000
[5,   200] loss: 0.000
[5,   300] loss: 0.000
[5,   400] loss: 0.001
[6,   100] loss: 0.000
[6,   200] loss: 0.000
[6,   300] loss: 0.000
[6,   400] loss: 0.000
[7,   100] loss: 0.000
[7,   200] loss: 0.000
[7,   300] loss: 0.000
[7,   400] loss: 0.000
[8,   100] loss: 0.000
[8,   200] loss: 0.000
[8,   300] loss: 0.000
[8,   400] loss: 0.001
[9,   100] loss: 0.000
[9,   200] loss: 0.000
[9,   300] loss: 0.000
[9,   400] loss: 0.000
[10,   100] loss: 0.000
[10,   200] loss: 0.000
[10,   300] loss: 0.000
[10,   400] loss: 0.000
<class 'float'> 0.25067385444743934
<class 'dict'>
Training 10 epoch(s) w/ 464 batches each
[1,   100] loss: 0.042
[1,   200] loss: 0.000
[1,   300] loss: 0.000
[1,   400] loss: 0.000
[2,   100] loss: 0.000
[2,   200] loss: 0.000
[2,   300] loss: 0.000
[2,   400] loss: 0.000
[3,   100] loss: 0.000
[3,   200] loss: 0.001
[3,   300] loss: 0.000
[3,   400] loss: 0.000
[4,   100] loss: 0.000
[4,   200] loss: 0.000
[4,   300] loss: 0.001
[4,   400] loss: 0.000
[5,   100] loss: 0.000
[5,   200] loss: 0.000
[5,   300] loss: 0.000
[5,   400] loss: 0.000
[6,   100] loss: 0.000
[6,   200] loss: 0.000
[6,   300] loss: 0.000
[6,   400] loss: 0.000
[7,   100] loss: 0.000
[7,   200] loss: 0.000
[7,   300] loss: 0.000
[7,   400] loss: 0.001
[8,   100] loss: 0.000
[8,   200] loss: 0.000
[8,   300] loss: 0.000
[8,   400] loss: 0.000
[9,   100] loss: 0.000
[9,   200] loss: 0.008
[9,   300] loss: 0.000
[9,   400] loss: 0.000
[10,   100] loss: 0.000
[10,   200] loss: 0.000
[10,   300] loss: 0.000
[10,   400] loss: 0.000
<class 'float'> 0.20754716981132076
<class 'dict'>
Training 10 epoch(s) w/ 464 batches each
[1,   100] loss: 0.035
[1,   200] loss: 0.000
[1,   300] loss: 0.000
[1,   400] loss: 0.000
[2,   100] loss: 0.000
[2,   200] loss: 0.000
[2,   300] loss: 0.000
[2,   400] loss: 0.000
[3,   100] loss: 0.000
[3,   200] loss: 0.000
[3,   300] loss: 0.000
[3,   400] loss: 0.000
[4,   100] loss: 0.000
[4,   200] loss: 0.000
[4,   300] loss: 0.000
[4,   400] loss: 0.000
[5,   100] loss: 0.000
[5,   200] loss: 0.000
[5,   300] loss: 0.000
[5,   400] loss: 0.000
[6,   100] loss: 0.000
[6,   200] loss: 0.000
[6,   300] loss: 0.002
[6,   400] loss: 0.001
[7,   100] loss: 0.000
[7,   200] loss: 0.000
[7,   300] loss: 0.000
[7,   400] loss: 0.000
[8,   100] loss: 0.000
[8,   200] loss: 0.000
[8,   300] loss: 0.000
[8,   400] loss: 0.000
[9,   100] loss: 0.000
[9,   200] loss: 0.000
[9,   300] loss: 0.000
[9,   400] loss: 0.000
[10,   100] loss: 0.000
[10,   200] loss: 0.000
[10,   300] loss: 0.000
[10,   400] loss: 0.000
<class 'float'> 0.38274932614555257
<class 'dict'>
Training 10 epoch(s) w/ 464 batches each
[1,   100] loss: 0.041
[1,   200] loss: 0.000
[1,   300] loss: 0.000
[1,   400] loss: 0.000
[2,   100] loss: 0.000
[2,   200] loss: 0.000
[2,   300] loss: 0.000
[2,   400] loss: 0.000
[3,   100] loss: 0.000
[3,   200] loss: 0.000
[3,   300] loss: 0.000
[3,   400] loss: 0.000
[4,   100] loss: 0.000
[4,   200] loss: 0.000
[4,   300] loss: 0.000
[4,   400] loss: 0.000
[5,   100] loss: 0.000
[5,   200] loss: 0.000
[5,   300] loss: 0.000
[5,   400] loss: 0.000
[6,   100] loss: 0.000
[6,   200] loss: 0.000
[6,   300] loss: 0.000
[6,   400] loss: 0.000
[7,   100] loss: 0.000
[7,   200] loss: 0.000
[7,   300] loss: 0.000
[7,   400] loss: 0.000
[8,   100] loss: 0.000
[8,   200] loss: 0.000
[8,   300] loss: 0.000
[8,   400] loss: 0.000
[9,   100] loss: 0.000
[9,   200] loss: 0.000
[9,   300] loss: 0.000
[9,   400] loss: 0.000
[10,   100] loss: 0.000
[10,   200] loss: 0.000
[10,   300] loss: 0.000
[10,   400] loss: 0.000
<class 'float'> 0.005390835579514825
<class 'dict'>
Training 10 epoch(s) w/ 464 batches each
[1,   100] loss: 0.039
[1,   200] loss: 0.000
[1,   300] loss: 0.000
[1,   400] loss: 0.000
[2,   100] loss: 0.000
[2,   200] loss: 0.000
[2,   300] loss: 0.000
[2,   400] loss: 0.000
[3,   100] loss: 0.000
[3,   200] loss: 0.000
[3,   300] loss: 0.000
[3,   400] loss: 0.003
[4,   100] loss: 0.000
[4,   200] loss: 0.000
[4,   300] loss: 0.001
[4,   400] loss: 0.000
[5,   100] loss: 0.000
[5,   200] loss: 0.000
[5,   300] loss: 0.000
[5,   400] loss: 0.000
[6,   100] loss: 0.000
[6,   200] loss: 0.000
[6,   300] loss: 0.000
[6,   400] loss: 0.000
[7,   100] loss: 0.000
[7,   200] loss: 0.000
[7,   300] loss: 0.000
[7,   400] loss: 0.000
[8,   100] loss: 0.000
[8,   200] loss: 0.000
[8,   300] loss: 0.000
[8,   400] loss: 0.000
[9,   100] loss: 0.000
[9,   200] loss: 0.000
[9,   300] loss: 0.000
[9,   400] loss: 0.000
[10,   100] loss: 0.000
[10,   200] loss: 0.001
[10,   300] loss: 0.000
[10,   400] loss: 0.000
<class 'float'> 0.0
<class 'dict'>
Training 10 epoch(s) w/ 464 batches each
[1,   100] loss: 0.034
[1,   200] loss: 0.000
[1,   300] loss: 0.000
[1,   400] loss: 0.000
[2,   100] loss: 0.000
[2,   200] loss: 0.014
[2,   300] loss: 0.000
[2,   400] loss: 0.000
[3,   100] loss: 0.000
[3,   200] loss: 0.000
[3,   300] loss: 0.000
[3,   400] loss: 0.000
[4,   100] loss: 0.000
[4,   200] loss: 0.000
[4,   300] loss: 0.000
[4,   400] loss: 0.000
[5,   100] loss: 0.000
[5,   200] loss: 0.000
[5,   300] loss: 0.000
[5,   400] loss: 0.000
[6,   100] loss: 0.000
[6,   200] loss: 0.000
[6,   300] loss: 0.000
[6,   400] loss: 0.000
[7,   100] loss: 0.000
[7,   200] loss: 0.000
[7,   300] loss: 0.000
[7,   400] loss: 0.000
[8,   100] loss: 0.000
[8,   200] loss: 0.000
[8,   300] loss: 0.000
[8,   400] loss: 0.000
[9,   100] loss: 0.000
[9,   200] loss: 0.000
[9,   300] loss: 0.000
[9,   400] loss: 0.000
[10,   100] loss: 0.000
[10,   200] loss: 0.000
[10,   300] loss: 0.000
[10,   400] loss: 0.000
<class 'float'> 0.0
<class 'dict'>
Training 10 epoch(s) w/ 464 batches each
[1,   100] loss: 0.038
[1,   200] loss: 0.000
[1,   300] loss: 0.000
[1,   400] loss: 0.000
[2,   100] loss: 0.000
[2,   200] loss: 0.000
[2,   300] loss: 0.000
[2,   400] loss: 0.000
[3,   100] loss: 0.000
[3,   200] loss: 0.000
[3,   300] loss: 0.000
[3,   400] loss: 0.001
[4,   100] loss: 0.000
[4,   200] loss: 0.000
[4,   300] loss: 0.000
[4,   400] loss: 0.000
[5,   100] loss: 0.000
[5,   200] loss: 0.000
[5,   300] loss: 0.000
[5,   400] loss: 0.000
[6,   100] loss: 0.000
[6,   200] loss: 0.000
[6,   300] loss: 0.000
[6,   400] loss: 0.000
[7,   100] loss: 0.000
[7,   200] loss: 0.000
[7,   300] loss: 0.000
[7,   400] loss: 0.000
[8,   100] loss: 0.000
[8,   200] loss: 0.000
[8,   300] loss: 0.000
[8,   400] loss: 0.000
[9,   100] loss: 0.000
[9,   200] loss: 0.000
[9,   300] loss: 0.000
[9,   400] loss: 0.000
[10,   100] loss: 0.000
[10,   200] loss: 0.000
[10,   300] loss: 0.001
[10,   400] loss: 0.000
<class 'float'> 0.0
<class 'dict'>
Training 10 epoch(s) w/ 464 batches each
[1,   100] loss: 0.044
[1,   200] loss: 0.000
[1,   300] loss: 0.000
[1,   400] loss: 0.000
[2,   100] loss: 0.000
[2,   200] loss: 0.000
[2,   300] loss: 0.000
[2,   400] loss: 0.000
[3,   100] loss: 0.000
[3,   200] loss: 0.000
[3,   300] loss: 0.001
[3,   400] loss: 0.000
[4,   100] loss: 0.000
[4,   200] loss: 0.000
[4,   300] loss: 0.000
[4,   400] loss: 0.000
[5,   100] loss: 0.000
[5,   200] loss: 0.000
[5,   300] loss: 0.000
[5,   400] loss: 0.000
[6,   100] loss: 0.000
[6,   200] loss: 0.000
[6,   300] loss: 0.000
[6,   400] loss: 0.000
[7,   100] loss: 0.001
[7,   200] loss: 0.000
[7,   300] loss: 0.000
[7,   400] loss: 0.000
[8,   100] loss: 0.000
[8,   200] loss: 0.000
[8,   300] loss: 0.000
[8,   400] loss: 0.001
[9,   100] loss: 0.000
[9,   200] loss: 0.000
[9,   300] loss: 0.000
[9,   400] loss: 0.000
[10,   100] loss: 0.000
[10,   200] loss: 0.000
[10,   300] loss: 0.000
[10,   400] loss: 0.001
<class 'float'> 0.0
<class 'dict'>
Training 10 epoch(s) w/ 464 batches each
[1,   100] loss: 0.014
[1,   200] loss: 0.000
[1,   300] loss: 0.000
[1,   400] loss: 0.000
[2,   100] loss: 0.000
[2,   200] loss: 0.000
[2,   300] loss: 0.000
[2,   400] loss: 0.000
[3,   100] loss: 0.000
[3,   200] loss: 0.000
[3,   300] loss: 0.000
[3,   400] loss: 0.000
[4,   100] loss: 0.000
[4,   200] loss: 0.000
[4,   300] loss: 0.000
[4,   400] loss: 0.000
[5,   100] loss: 0.000
[5,   200] loss: 0.000
[5,   300] loss: 0.000
[5,   400] loss: 0.000
[6,   100] loss: 0.000
[6,   200] loss: 0.000
[6,   300] loss: 0.000
[6,   400] loss: 0.000
[7,   100] loss: 0.000
[7,   200] loss: 0.004
[7,   300] loss: 0.000
[7,   400] loss: 0.000
[8,   100] loss: 0.001
[8,   200] loss: 0.000
[8,   300] loss: 0.000
[8,   400] loss: 0.000
[9,   100] loss: 0.000
[9,   200] loss: 0.000
[9,   300] loss: 0.000
[9,   400] loss: 0.000
[10,   100] loss: 0.000
[10,   200] loss: 0.000
[10,   300] loss: 0.000
[10,   400] loss: 0.000
<class 'float'> 0.0
<class 'dict'>
Training 10 epoch(s) w/ 464 batches each
[1,   100] loss: 0.019
[1,   200] loss: 0.000
[1,   300] loss: 0.000
[1,   400] loss: 0.000
[2,   100] loss: 0.001
[2,   200] loss: 0.000
[2,   300] loss: 0.000
[2,   400] loss: 0.000
[3,   100] loss: 0.000
[3,   200] loss: 0.000
[3,   300] loss: 0.000
[3,   400] loss: 0.000
[4,   100] loss: 0.022
[4,   200] loss: 0.000
[4,   300] loss: 0.000
[4,   400] loss: 0.000
[5,   100] loss: 0.000
[5,   200] loss: 0.000
[5,   300] loss: 0.000
[5,   400] loss: 0.001
[6,   100] loss: 0.000
[6,   200] loss: 0.000
[6,   300] loss: 0.000
[6,   400] loss: 0.000
[7,   100] loss: 0.000
[7,   200] loss: 0.000
[7,   300] loss: 0.001
[7,   400] loss: 0.001
[8,   100] loss: 0.000
[8,   200] loss: 0.000
[8,   300] loss: 0.000
[8,   400] loss: 0.000
[9,   100] loss: 0.001
[9,   200] loss: 0.000
[9,   300] loss: 0.000
[9,   400] loss: 0.000
[10,   100] loss: 0.000
[10,   200] loss: 0.000
[10,   300] loss: 0.000
[10,   400] loss: 0.000
<class 'float'> 0.0013477088948787063
<class 'dict'>
Training 10 epoch(s) w/ 464 batches each
[1,   100] loss: 0.010
[1,   200] loss: 0.000
[1,   300] loss: 0.000
[1,   400] loss: 0.000
[2,   100] loss: 0.000
[2,   200] loss: 0.000
[2,   300] loss: 0.000
[2,   400] loss: 0.000
[3,   100] loss: 0.001
[3,   200] loss: 0.000
[3,   300] loss: 0.000
[3,   400] loss: 0.000
[4,   100] loss: 0.000
[4,   200] loss: 0.000
[4,   300] loss: 0.000
[4,   400] loss: 0.000
[5,   100] loss: 0.000
[5,   200] loss: 0.025
[5,   300] loss: 0.000
[5,   400] loss: 0.000
[6,   100] loss: 0.000
[6,   200] loss: 0.000
[6,   300] loss: 0.000
[6,   400] loss: 0.000
[7,   100] loss: 0.000
[7,   200] loss: 0.000
[7,   300] loss: 0.000
[7,   400] loss: 0.000
[8,   100] loss: 0.000
[8,   200] loss: 0.000
[8,   300] loss: 0.000
[8,   400] loss: 0.000
[9,   100] loss: 0.000
[9,   200] loss: 0.000
[9,   300] loss: 0.000
[9,   400] loss: 0.000
[10,   100] loss: 0.000
[10,   200] loss: 0.000
[10,   300] loss: 0.000
[10,   400] loss: 0.000
<class 'float'> 0.0215633423180593
<class 'dict'>
Training 10 epoch(s) w/ 464 batches each
[1,   100] loss: 0.012
[1,   200] loss: 0.000
[1,   300] loss: 0.000
[1,   400] loss: 0.000
[2,   100] loss: 0.000
[2,   200] loss: 0.000
[2,   300] loss: 0.000
[2,   400] loss: 0.000
[3,   100] loss: 0.000
[3,   200] loss: 0.000
[3,   300] loss: 0.000
[3,   400] loss: 0.000
[4,   100] loss: 0.000
[4,   200] loss: 0.000
[4,   300] loss: 0.000
[4,   400] loss: 0.001
[5,   100] loss: 0.000
[5,   200] loss: 0.001
[5,   300] loss: 0.000
[5,   400] loss: 0.000
[6,   100] loss: 0.000
[6,   200] loss: 0.000
[6,   300] loss: 0.000
[6,   400] loss: 0.000
[7,   100] loss: 0.000
[7,   200] loss: 0.000
[7,   300] loss: 0.000
[7,   400] loss: 0.000
[8,   100] loss: 0.000
[8,   200] loss: 0.000
[8,   300] loss: 0.000
[8,   400] loss: 0.000
[9,   100] loss: 0.000
[9,   200] loss: 0.001
[9,   300] loss: 0.000
[9,   400] loss: 0.000
[10,   100] loss: 0.000
[10,   200] loss: 0.000
[10,   300] loss: 0.000
[10,   400] loss: 0.000
<class 'float'> 0.0
<class 'dict'>
Training 10 epoch(s) w/ 464 batches each
[1,   100] loss: 0.008
[1,   200] loss: 0.000
[1,   300] loss: 0.001
[1,   400] loss: 0.000
[2,   100] loss: 0.000
[2,   200] loss: 0.000
[2,   300] loss: 0.000
[2,   400] loss: 0.000
[3,   100] loss: 0.000
[3,   200] loss: 0.000
[3,   300] loss: 0.000
[3,   400] loss: 0.000
[4,   100] loss: 0.000
[4,   200] loss: 0.000
[4,   300] loss: 0.000
[4,   400] loss: 0.001
[5,   100] loss: 0.002
[5,   200] loss: 0.000
[5,   300] loss: 0.000
[5,   400] loss: 0.000
[6,   100] loss: 0.000
[6,   200] loss: 0.003
[6,   300] loss: 0.000
[6,   400] loss: 0.000
[7,   100] loss: 0.000
[7,   200] loss: 0.000
[7,   300] loss: 0.000
[7,   400] loss: 0.000
[8,   100] loss: 0.004
[8,   200] loss: 0.000
[8,   300] loss: 0.000
[8,   400] loss: 0.001
[9,   100] loss: 0.000
[9,   200] loss: 0.000
[9,   300] loss: 0.000
[9,   400] loss: 0.000
[10,   100] loss: 0.000
[10,   200] loss: 0.000
[10,   300] loss: 0.000
[10,   400] loss: 0.000
<class 'float'> 0.4757412398921833
<class 'dict'>
Training 10 epoch(s) w/ 464 batches each
[1,   100] loss: 0.006
[1,   200] loss: 0.001
[1,   300] loss: 0.000
[1,   400] loss: 0.000
[2,   100] loss: 0.000
[2,   200] loss: 0.000
[2,   300] loss: 0.000
[2,   400] loss: 0.000
[3,   100] loss: 0.000
[3,   200] loss: 0.000
[3,   300] loss: 0.000
[3,   400] loss: 0.000
[4,   100] loss: 0.000
[4,   200] loss: 0.000
[4,   300] loss: 0.000
[4,   400] loss: 0.000
[5,   100] loss: 0.000
[5,   200] loss: 0.000
[5,   300] loss: 0.000
[5,   400] loss: 0.000
[6,   100] loss: 0.000
[6,   200] loss: 0.000
[6,   300] loss: 0.000
[6,   400] loss: 0.000
[7,   100] loss: 0.000
[7,   200] loss: 0.000
[7,   300] loss: 0.000
[7,   400] loss: 0.000
[8,   100] loss: 0.000
[8,   200] loss: 0.000
[8,   300] loss: 0.000
[8,   400] loss: 0.000
[9,   100] loss: 0.000
[9,   200] loss: 0.001
[9,   300] loss: 0.000
[9,   400] loss: 0.000
[10,   100] loss: 0.000
[10,   200] loss: 0.000
[10,   300] loss: 0.000
[10,   400] loss: 0.001
<class 'float'> 0.4757412398921833
<class 'dict'>
Training 10 epoch(s) w/ 464 batches each
[1,   100] loss: 0.008
[1,   200] loss: 0.000
[1,   300] loss: 0.000
[1,   400] loss: 0.000
[2,   100] loss: 0.000
[2,   200] loss: 0.000
[2,   300] loss: 0.000
[2,   400] loss: 0.000
[3,   100] loss: 0.001
[3,   200] loss: 0.000
[3,   300] loss: 0.000
[3,   400] loss: 0.000
[4,   100] loss: 0.000
[4,   200] loss: 0.000
[4,   300] loss: 0.000
[4,   400] loss: 0.000
[5,   100] loss: 0.000
[5,   200] loss: 0.000
[5,   300] loss: 0.000
[5,   400] loss: 0.000
[6,   100] loss: 0.000
[6,   200] loss: 0.000
[6,   300] loss: 0.000
[6,   400] loss: 0.000
[7,   100] loss: 0.000
[7,   200] loss: 0.000
[7,   300] loss: 0.001
[7,   400] loss: 0.000
[8,   100] loss: 0.000
[8,   200] loss: 0.000
[8,   300] loss: 0.000
[8,   400] loss: 0.000
[9,   100] loss: 0.000
[9,   200] loss: 0.000
[9,   300] loss: 0.000
[9,   400] loss: 0.000
[10,   100] loss: 0.000
[10,   200] loss: 0.000
[10,   300] loss: 0.000
[10,   400] loss: 0.000
<class 'float'> 0.4757412398921833
<class 'dict'>
Training 10 epoch(s) w/ 464 batches each
[1,   100] loss: 0.007
[1,   200] loss: 0.000
[1,   300] loss: 0.000
[1,   400] loss: 0.000
[2,   100] loss: 0.000
[2,   200] loss: 0.000
[2,   300] loss: 0.000
[2,   400] loss: 0.000
[3,   100] loss: 0.000
[3,   200] loss: 0.000
[3,   300] loss: 0.000
[3,   400] loss: 0.000
[4,   100] loss: 0.001
[4,   200] loss: 0.001
[4,   300] loss: 0.000
[4,   400] loss: 0.000
[5,   100] loss: 0.000
[5,   200] loss: 0.000
[5,   300] loss: 0.000
[5,   400] loss: 0.000
[6,   100] loss: 0.000
[6,   200] loss: 0.000
[6,   300] loss: 0.000
[6,   400] loss: 0.000
[7,   100] loss: 0.000
[7,   200] loss: 0.000
[7,   300] loss: 0.000
[7,   400] loss: 0.000
[8,   100] loss: 0.000
[8,   200] loss: 0.000
[8,   300] loss: 0.000
[8,   400] loss: 0.000
[9,   100] loss: 0.000
[9,   200] loss: 0.000
[9,   300] loss: 0.000
[9,   400] loss: 0.000
[10,   100] loss: 0.000
[10,   200] loss: 0.000
[10,   300] loss: 0.001
[10,   400] loss: 0.000
<class 'float'> 0.4757412398921833
<class 'dict'>
Training 10 epoch(s) w/ 464 batches each
[1,   100] loss: 0.009
[1,   200] loss: 0.000
[1,   300] loss: 0.000
[1,   400] loss: 0.000
[2,   100] loss: 0.000
[2,   200] loss: 0.000
[2,   300] loss: 0.000
[2,   400] loss: 0.000
[3,   100] loss: 0.000
[3,   200] loss: 0.000
[3,   300] loss: 0.000
[3,   400] loss: 0.000
[4,   100] loss: 0.000
[4,   200] loss: 0.000
[4,   300] loss: 0.000
[4,   400] loss: 0.000
[5,   100] loss: 0.000
[5,   200] loss: 0.001
[5,   300] loss: 0.000
[5,   400] loss: 0.000
[6,   100] loss: 0.000
[6,   200] loss: 0.000
[6,   300] loss: 0.000
[6,   400] loss: 0.000
[7,   100] loss: 0.000
[7,   200] loss: 0.000
[7,   300] loss: 0.000
[7,   400] loss: 0.000
[8,   100] loss: 0.000
[8,   200] loss: 0.000
[8,   300] loss: 0.000
[8,   400] loss: 0.000
[9,   100] loss: 0.000
[9,   200] loss: 0.000
[9,   300] loss: 0.000
[9,   400] loss: 0.000
[10,   100] loss: 0.000
[10,   200] loss: 0.000
[10,   300] loss: 0.000
[10,   400] loss: 0.000
<class 'float'> 0.4757412398921833
<class 'dict'>
Training 10 epoch(s) w/ 464 batches each
[1,   100] loss: 0.008
[1,   200] loss: 0.000
[1,   300] loss: 0.000
[1,   400] loss: 0.000
[2,   100] loss: 0.000
[2,   200] loss: 0.000
[2,   300] loss: 0.000
[2,   400] loss: 0.000
[3,   100] loss: 0.000
[3,   200] loss: 0.000
[3,   300] loss: 0.000
[3,   400] loss: 0.000
[4,   100] loss: 0.000
[4,   200] loss: 0.000
[4,   300] loss: 0.000
[4,   400] loss: 0.000
[5,   100] loss: 0.000
[5,   200] loss: 0.000
[5,   300] loss: 0.000
[5,   400] loss: 0.000
[6,   100] loss: 0.000
[6,   200] loss: 0.000
[6,   300] loss: 0.003
[6,   400] loss: 0.000
[7,   100] loss: 0.000
[7,   200] loss: 0.000
[7,   300] loss: 0.000
[7,   400] loss: 0.000
[8,   100] loss: 0.000
[8,   200] loss: 0.000
[8,   300] loss: 0.000
[8,   400] loss: 0.000
[9,   100] loss: 0.000
[9,   200] loss: 0.000
[9,   300] loss: 0.000
[9,   400] loss: 0.000
[10,   100] loss: 0.000
[10,   200] loss: 0.000
[10,   300] loss: 0.000
[10,   400] loss: 0.000
<class 'float'> 0.4757412398921833
<class 'dict'>
Training 10 epoch(s) w/ 464 batches each
[1,   100] loss: 0.010
[1,   200] loss: 0.000
[1,   300] loss: 0.000
[1,   400] loss: 0.000
[2,   100] loss: 0.000
[2,   200] loss: 0.000
[2,   300] loss: 0.000
[2,   400] loss: 0.000
[3,   100] loss: 0.000
[3,   200] loss: 0.000
[3,   300] loss: 0.000
[3,   400] loss: 0.001
[4,   100] loss: 0.000
[4,   200] loss: 0.000
[4,   300] loss: 0.000
[4,   400] loss: 0.000
[5,   100] loss: 0.000
[5,   200] loss: 0.000
[5,   300] loss: 0.000
[5,   400] loss: 0.000
[6,   100] loss: 0.000
[6,   200] loss: 0.000
[6,   300] loss: 0.000
[6,   400] loss: 0.000
[7,   100] loss: 0.000
[7,   200] loss: 0.000
[7,   300] loss: 0.000
[7,   400] loss: 0.000
[8,   100] loss: 0.000
[8,   200] loss: 0.000
[8,   300] loss: 0.000
[8,   400] loss: 0.000
[9,   100] loss: 0.000
[9,   200] loss: 0.000
[9,   300] loss: 0.000
[9,   400] loss: 0.000
[10,   100] loss: 0.000
[10,   200] loss: 0.000
[10,   300] loss: 0.000
[10,   400] loss: 0.000
<class 'float'> 0.4757412398921833
<class 'dict'>
Training 10 epoch(s) w/ 464 batches each
[1,   100] loss: 0.011
[1,   200] loss: 0.000
[1,   300] loss: 0.000
[1,   400] loss: 0.000
[2,   100] loss: 0.000
[2,   200] loss: 0.000
[2,   300] loss: 0.000
[2,   400] loss: 0.000
[3,   100] loss: 0.000
[3,   200] loss: 0.000
[3,   300] loss: 0.000
[3,   400] loss: 0.000
[4,   100] loss: 0.000
[4,   200] loss: 0.000
[4,   300] loss: 0.000
[4,   400] loss: 0.000
[5,   100] loss: 0.000
[5,   200] loss: 0.000
[5,   300] loss: 0.000
[5,   400] loss: 0.000
[6,   100] loss: 0.000
[6,   200] loss: 0.000
[6,   300] loss: 0.000
[6,   400] loss: 0.000
[7,   100] loss: 0.000
[7,   200] loss: 0.000
[7,   300] loss: 0.000
[7,   400] loss: 0.000
[8,   100] loss: 0.000
[8,   200] loss: 0.000
[8,   300] loss: 0.000
[8,   400] loss: 0.002
[9,   100] loss: 0.000
[9,   200] loss: 0.000
[9,   300] loss: 0.000
[9,   400] loss: 0.000
[10,   100] loss: 0.000
[10,   200] loss: 0.000
[10,   300] loss: 0.000
[10,   400] loss: 0.000
<class 'float'> 0.4757412398921833
<class 'dict'>
Training 10 epoch(s) w/ 464 batches each
[1,   100] loss: 0.007
[1,   200] loss: 0.000
[1,   300] loss: 0.000
[1,   400] loss: 0.000
[2,   100] loss: 0.000
[2,   200] loss: 0.000
[2,   300] loss: 0.000
[2,   400] loss: 0.000
[3,   100] loss: 0.000
[3,   200] loss: 0.000
[3,   300] loss: 0.000
[3,   400] loss: 0.000
[4,   100] loss: 0.000
[4,   200] loss: 0.000
[4,   300] loss: 0.000
[4,   400] loss: 0.000
[5,   100] loss: 0.000
[5,   200] loss: 0.000
[5,   300] loss: 0.000
[5,   400] loss: 0.000
[6,   100] loss: 0.000
[6,   200] loss: 0.000
[6,   300] loss: 0.000
[6,   400] loss: 0.000
[7,   100] loss: 0.000
[7,   200] loss: 0.000
[7,   300] loss: 0.000
[7,   400] loss: 0.000
[8,   100] loss: 0.000
[8,   200] loss: 0.000
[8,   300] loss: 0.001
[8,   400] loss: 0.000
[9,   100] loss: 0.000
[9,   200] loss: 0.000
[9,   300] loss: 0.000
[9,   400] loss: 0.000
[10,   100] loss: 0.000
[10,   200] loss: 0.000
[10,   300] loss: 0.001
[10,   400] loss: 0.000
<class 'float'> 0.0026954177897574125
<class 'dict'>
Training 10 epoch(s) w/ 464 batches each
[1,   100] loss: 0.004
[1,   200] loss: 0.000
[1,   300] loss: 0.000
[1,   400] loss: 0.000
[2,   100] loss: 0.000
[2,   200] loss: 0.001
[2,   300] loss: 0.000
[2,   400] loss: 0.000
[3,   100] loss: 0.000
[3,   200] loss: 0.000
[3,   300] loss: 0.000
[3,   400] loss: 0.000
[4,   100] loss: 0.000
[4,   200] loss: 0.000
[4,   300] loss: 0.000
[4,   400] loss: 0.000
[5,   100] loss: 0.000
[5,   200] loss: 0.000
[5,   300] loss: 0.000
[5,   400] loss: 0.000
[6,   100] loss: 0.000
[6,   200] loss: 0.000
[6,   300] loss: 0.000
[6,   400] loss: 0.000
[7,   100] loss: 0.000
[7,   200] loss: 0.000
[7,   300] loss: 0.000
[7,   400] loss: 0.000
[8,   100] loss: 0.000
[8,   200] loss: 0.000
[8,   300] loss: 0.001
[8,   400] loss: 0.000
[9,   100] loss: 0.000
[9,   200] loss: 0.000
[9,   300] loss: 0.000
[9,   400] loss: 0.000
[10,   100] loss: 0.000
[10,   200] loss: 0.000
[10,   300] loss: 0.000
[10,   400] loss: 0.001
<class 'float'> 0.10107816711590296
<class 'dict'>
Training 10 epoch(s) w/ 464 batches each
[1,   100] loss: 0.003
[1,   200] loss: 0.000
[1,   300] loss: 0.000
[1,   400] loss: 0.000
[2,   100] loss: 0.000
[2,   200] loss: 0.000
[2,   300] loss: 0.000
[2,   400] loss: 0.000
[3,   100] loss: 0.000
[3,   200] loss: 0.000
[3,   300] loss: 0.000
[3,   400] loss: 0.000
[4,   100] loss: 0.000
[4,   200] loss: 0.000
[4,   300] loss: 0.001
[4,   400] loss: 0.000
[5,   100] loss: 0.000
[5,   200] loss: 0.000
[5,   300] loss: 0.000
[5,   400] loss: 0.000
[6,   100] loss: 0.000
[6,   200] loss: 0.000
[6,   300] loss: 0.000
[6,   400] loss: 0.000
[7,   100] loss: 0.000
[7,   200] loss: 0.000
[7,   300] loss: 0.000
[7,   400] loss: 0.000
[8,   100] loss: 0.003
[8,   200] loss: 0.000
[8,   300] loss: 0.000
[8,   400] loss: 0.000
[9,   100] loss: 0.000
[9,   200] loss: 0.000
[9,   300] loss: 0.000
[9,   400] loss: 0.000
[10,   100] loss: 0.000
[10,   200] loss: 0.000
[10,   300] loss: 0.000
[10,   400] loss: 0.003
<class 'float'> 0.004043126684636119
<class 'dict'>
Training 10 epoch(s) w/ 464 batches each
[1,   100] loss: 0.004
[1,   200] loss: 0.000
[1,   300] loss: 0.000
[1,   400] loss: 0.000
[2,   100] loss: 0.000
[2,   200] loss: 0.000
[2,   300] loss: 0.000
[2,   400] loss: 0.000
[3,   100] loss: 0.000
[3,   200] loss: 0.000
[3,   300] loss: 0.000
[3,   400] loss: 0.000
[4,   100] loss: 0.000
[4,   200] loss: 0.000
[4,   300] loss: 0.000
[4,   400] loss: 0.000
[5,   100] loss: 0.000
[5,   200] loss: 0.000
[5,   300] loss: 0.000
[5,   400] loss: 0.006
[6,   100] loss: 0.000
[6,   200] loss: 0.000
[6,   300] loss: 0.000
[6,   400] loss: 0.000
[7,   100] loss: 0.000
[7,   200] loss: 0.000
[7,   300] loss: 0.000
[7,   400] loss: 0.000
[8,   100] loss: 0.000
[8,   200] loss: 0.000
[8,   300] loss: 0.000
[8,   400] loss: 0.000
[9,   100] loss: 0.000
[9,   200] loss: 0.000
[9,   300] loss: 0.000
[9,   400] loss: 0.000
[10,   100] loss: 0.000
[10,   200] loss: 0.000
[10,   300] loss: 0.000
[10,   400] loss: 0.000
<class 'float'> 0.21293800539083557
<class 'dict'>
Training 10 epoch(s) w/ 464 batches each
[1,   100] loss: 0.003
[1,   200] loss: 0.000
[1,   300] loss: 0.000
[1,   400] loss: 0.000
[2,   100] loss: 0.000
[2,   200] loss: 0.000
[2,   300] loss: 0.000
[2,   400] loss: 0.000
[3,   100] loss: 0.000
[3,   200] loss: 0.000
[3,   300] loss: 0.000
[3,   400] loss: 0.000
[4,   100] loss: 0.000
[4,   200] loss: 0.000
[4,   300] loss: 0.000
[4,   400] loss: 0.000
[5,   100] loss: 0.000
[5,   200] loss: 0.000
[5,   300] loss: 0.000
[5,   400] loss: 0.000
[6,   100] loss: 0.000
[6,   200] loss: 0.000
[6,   300] loss: 0.000
[6,   400] loss: 0.000
[7,   100] loss: 0.000
[7,   200] loss: 0.000
[7,   300] loss: 0.000
[7,   400] loss: 0.000
[8,   100] loss: 0.000
[8,   200] loss: 0.000
[8,   300] loss: 0.000
[8,   400] loss: 0.000
[9,   100] loss: 0.000
[9,   200] loss: 0.000
[9,   300] loss: 0.000
[9,   400] loss: 0.000
[10,   100] loss: 0.001
[10,   200] loss: 0.000
[10,   300] loss: 0.000
[10,   400] loss: 0.000
<class 'float'> 0.16981132075471697
<class 'dict'>
Training 10 epoch(s) w/ 464 batches each
[1,   100] loss: 0.003
[1,   200] loss: 0.000
[1,   300] loss: 0.000
[1,   400] loss: 0.000
[2,   100] loss: 0.000
[2,   200] loss: 0.000
[2,   300] loss: 0.000
[2,   400] loss: 0.000
[3,   100] loss: 0.001
[3,   200] loss: 0.000
[3,   300] loss: 0.000
[3,   400] loss: 0.000
[4,   100] loss: 0.000
[4,   200] loss: 0.000
[4,   300] loss: 0.000
[4,   400] loss: 0.000
[5,   100] loss: 0.000
[5,   200] loss: 0.000
[5,   300] loss: 0.000
[5,   400] loss: 0.000
[6,   100] loss: 0.000
[6,   200] loss: 0.000
[6,   300] loss: 0.000
[6,   400] loss: 0.000
[7,   100] loss: 0.000
[7,   200] loss: 0.000
[7,   300] loss: 0.000
[7,   400] loss: 0.000
[8,   100] loss: 0.000
[8,   200] loss: 0.000
[8,   300] loss: 0.000
[8,   400] loss: 0.000
[9,   100] loss: 0.002
[9,   200] loss: 0.000
[9,   300] loss: 0.000
[9,   400] loss: 0.000
[10,   100] loss: 0.000
[10,   200] loss: 0.000
[10,   300] loss: 0.000
[10,   400] loss: 0.000
<class 'float'> 0.018867924528301886
<class 'dict'>
Training 10 epoch(s) w/ 464 batches each
[1,   100] loss: 0.004
[1,   200] loss: 0.000
[1,   300] loss: 0.000
[1,   400] loss: 0.000
[2,   100] loss: 0.000
[2,   200] loss: 0.000
[2,   300] loss: 0.000
[2,   400] loss: 0.000
[3,   100] loss: 0.000
[3,   200] loss: 0.000
[3,   300] loss: 0.069
[3,   400] loss: 0.001
[4,   100] loss: 0.000
[4,   200] loss: 0.000
[4,   300] loss: 0.000
[4,   400] loss: 0.000
[5,   100] loss: 0.000
[5,   200] loss: 0.000
[5,   300] loss: 0.000
[5,   400] loss: 0.000
[6,   100] loss: 0.000
[6,   200] loss: 0.000
[6,   300] loss: 0.000
[6,   400] loss: 0.000
[7,   100] loss: 0.000
[7,   200] loss: 0.000
[7,   300] loss: 0.000
[7,   400] loss: 0.000
[8,   100] loss: 0.000
[8,   200] loss: 0.002
[8,   300] loss: 0.000
[8,   400] loss: 0.000
[9,   100] loss: 0.000
[9,   200] loss: 0.000
[9,   300] loss: 0.000
[9,   400] loss: 0.000
[10,   100] loss: 0.000
[10,   200] loss: 0.000
[10,   300] loss: 0.000
[10,   400] loss: 0.000
<class 'float'> 0.1522911051212938
<class 'dict'>
Training 10 epoch(s) w/ 464 batches each
[1,   100] loss: 0.002
[1,   200] loss: 0.000
[1,   300] loss: 0.000
[1,   400] loss: 0.000
[2,   100] loss: 0.000
[2,   200] loss: 0.000
[2,   300] loss: 0.000
[2,   400] loss: 0.000
[3,   100] loss: 0.000
[3,   200] loss: 0.000
[3,   300] loss: 0.000
[3,   400] loss: 0.000
[4,   100] loss: 0.000
[4,   200] loss: 0.000
[4,   300] loss: 0.000
[4,   400] loss: 0.001
[5,   100] loss: 0.000
[5,   200] loss: 0.000
[5,   300] loss: 0.000
[5,   400] loss: 0.000
[6,   100] loss: 0.001
[6,   200] loss: 0.001
[6,   300] loss: 0.000
[6,   400] loss: 0.003
[7,   100] loss: 0.000
[7,   200] loss: 0.000
[7,   300] loss: 0.000
[7,   400] loss: 0.000
[8,   100] loss: 0.000
[8,   200] loss: 0.000
[8,   300] loss: 0.000
[8,   400] loss: 0.000
[9,   100] loss: 0.000
[9,   200] loss: 0.000
[9,   300] loss: 0.000
[9,   400] loss: 0.000
[10,   100] loss: 0.000
[10,   200] loss: 0.000
[10,   300] loss: 0.000
[10,   400] loss: 0.000
<class 'float'> 0.06334231805929919
<class 'dict'>
Training 10 epoch(s) w/ 464 batches each
[1,   100] loss: 0.003
[1,   200] loss: 0.000
[1,   300] loss: 0.000
[1,   400] loss: 0.000
[2,   100] loss: 0.000
[2,   200] loss: 0.000
[2,   300] loss: 0.000
[2,   400] loss: 0.000
[3,   100] loss: 0.000
[3,   200] loss: 0.000
[3,   300] loss: 0.000
[3,   400] loss: 0.000
[4,   100] loss: 0.000
[4,   200] loss: 0.000
[4,   300] loss: 0.000
[4,   400] loss: 0.000
[5,   100] loss: 0.000
[5,   200] loss: 0.000
[5,   300] loss: 0.000
[5,   400] loss: 0.000
[6,   100] loss: 0.000
[6,   200] loss: 0.000
[6,   300] loss: 0.000
[6,   400] loss: 0.000
[7,   100] loss: 0.001
[7,   200] loss: 0.000
[7,   300] loss: 0.000
[7,   400] loss: 0.000
[8,   100] loss: 0.000
[8,   200] loss: 0.000
[8,   300] loss: 0.000
[8,   400] loss: 0.000
[9,   100] loss: 0.000
[9,   200] loss: 0.000
[9,   300] loss: 0.001
[9,   400] loss: 0.000
[10,   100] loss: 0.000
[10,   200] loss: 0.000
[10,   300] loss: 0.000
[10,   400] loss: 0.000
<class 'float'> 0.10242587601078167
<class 'dict'>
Training 10 epoch(s) w/ 464 batches each
[1,   100] loss: 0.003
[1,   200] loss: 0.000
[1,   300] loss: 0.000
[1,   400] loss: 0.000
[2,   100] loss: 0.000
[2,   200] loss: 0.000
[2,   300] loss: 0.000
[2,   400] loss: 0.000
[3,   100] loss: 0.000
[3,   200] loss: 0.000
[3,   300] loss: 0.000
[3,   400] loss: 0.000
[4,   100] loss: 0.000
[4,   200] loss: 0.000
[4,   300] loss: 0.000
[4,   400] loss: 0.000
[5,   100] loss: 0.000
[5,   200] loss: 0.000
[5,   300] loss: 0.000
[5,   400] loss: 0.000
[6,   100] loss: 0.000
[6,   200] loss: 0.000
[6,   300] loss: 0.000
[6,   400] loss: 0.000
[7,   100] loss: 0.000
[7,   200] loss: 0.000
[7,   300] loss: 0.000
[7,   400] loss: 0.000
[8,   100] loss: 0.001
[8,   200] loss: 0.001
[8,   300] loss: 0.000
[8,   400] loss: 0.000
[9,   100] loss: 0.000
[9,   200] loss: 0.000
[9,   300] loss: 0.000
[9,   400] loss: 0.000
[10,   100] loss: 0.000
[10,   200] loss: 0.001
[10,   300] loss: 0.000
[10,   400] loss: 0.000
<class 'float'> 0.022911051212938006
<class 'dict'>
Training 10 epoch(s) w/ 464 batches each
[1,   100] loss: 0.003
[1,   200] loss: 0.000
[1,   300] loss: 0.000
[1,   400] loss: 0.000
[2,   100] loss: 0.000
[2,   200] loss: 0.000
[2,   300] loss: 0.000
[2,   400] loss: 0.000
[3,   100] loss: 0.000
[3,   200] loss: 0.000
[3,   300] loss: 0.000
[3,   400] loss: 0.000
[4,   100] loss: 0.000
[4,   200] loss: 0.000
[4,   300] loss: 0.000
[4,   400] loss: 0.000
[5,   100] loss: 0.000
[5,   200] loss: 0.000
[5,   300] loss: 0.000
[5,   400] loss: 0.000
[6,   100] loss: 0.000
[6,   200] loss: 0.000
[6,   300] loss: 0.000
[6,   400] loss: 0.000
[7,   100] loss: 0.000
[7,   200] loss: 0.000
[7,   300] loss: 0.000
[7,   400] loss: 0.000
[8,   100] loss: 0.000
[8,   200] loss: 0.000
[8,   300] loss: 0.000
[8,   400] loss: 0.000
[9,   100] loss: 0.000
[9,   200] loss: 0.000
[9,   300] loss: 0.000
[9,   400] loss: 0.000
[10,   100] loss: 0.000
[10,   200] loss: 0.000
[10,   300] loss: 0.000
[10,   400] loss: 0.000
<class 'float'> 0.006738544474393531
<class 'dict'>
Training 10 epoch(s) w/ 464 batches each
[1,   100] loss: 0.004
[1,   200] loss: 0.000
[1,   300] loss: 0.000
[1,   400] loss: 0.000
[2,   100] loss: 0.000
[2,   200] loss: 0.000
[2,   300] loss: 0.000
[2,   400] loss: 0.000
[3,   100] loss: 0.000
[3,   200] loss: 0.000
[3,   300] loss: 0.000
[3,   400] loss: 0.000
[4,   100] loss: 0.000
[4,   200] loss: 0.000
[4,   300] loss: 0.000
[4,   400] loss: 0.000
[5,   100] loss: 0.000
[5,   200] loss: 0.000
[5,   300] loss: 0.000
[5,   400] loss: 0.000
[6,   100] loss: 0.000
[6,   200] loss: 0.000
[6,   300] loss: 0.000
[6,   400] loss: 0.000
[7,   100] loss: 0.000
[7,   200] loss: 0.000
[7,   300] loss: 0.000
[7,   400] loss: 0.000
[8,   100] loss: 0.006
[8,   200] loss: 0.000
[8,   300] loss: 0.000
[8,   400] loss: 0.000
[9,   100] loss: 0.000
[9,   200] loss: 0.000
[9,   300] loss: 0.000
[9,   400] loss: 0.000
[10,   100] loss: 0.000
[10,   200] loss: 0.000
[10,   300] loss: 0.000
[10,   400] loss: 0.000
<class 'float'> 0.0
<class 'dict'>
