Training 10 epoch(s) w/ 399 batches each
[1,   100] loss: 0.010
[1,   200] loss: 0.009
[1,   300] loss: 0.008
[2,   100] loss: 0.005
[2,   200] loss: 0.005
[2,   300] loss: 0.005
[3,   100] loss: 0.004
[3,   200] loss: 0.005
[3,   300] loss: 0.004
[4,   100] loss: 0.004
[4,   200] loss: 0.004
[4,   300] loss: 0.004
[5,   100] loss: 0.004
[5,   200] loss: 0.005
[5,   300] loss: 0.004
[6,   100] loss: 0.003
[6,   200] loss: 0.005
[6,   300] loss: 0.003
[7,   100] loss: 0.003
[7,   200] loss: 0.003
[7,   300] loss: 0.003
[8,   100] loss: 0.004
[8,   200] loss: 0.003
[8,   300] loss: 0.003
[9,   100] loss: 0.004
[9,   200] loss: 0.003
[9,   300] loss: 0.004
[10,   100] loss: 0.003
[10,   200] loss: 0.003
[10,   300] loss: 0.002
<class 'float'> 0.0
<class 'dict'>
