Training 30 epoch(s) w/ 493 batches each
[1,   100] loss: 0.011
[1,   200] loss: 0.008
[1,   300] loss: 0.007
[1,   400] loss: 0.005
[2,   100] loss: 0.006
[2,   200] loss: 0.006
[2,   300] loss: 0.006
[2,   400] loss: 0.006
[3,   100] loss: 0.005
[3,   200] loss: 0.005
[3,   300] loss: 0.006
[3,   400] loss: 0.005
[4,   100] loss: 0.005
[4,   200] loss: 0.005
[4,   300] loss: 0.004
[4,   400] loss: 0.006
[5,   100] loss: 0.005
[5,   200] loss: 0.004
[5,   300] loss: 0.007
[5,   400] loss: 0.006
[6,   100] loss: 0.004
[6,   200] loss: 0.005
[6,   300] loss: 0.005
[6,   400] loss: 0.005
[7,   100] loss: 0.004
[7,   200] loss: 0.005
[7,   300] loss: 0.005
[7,   400] loss: 0.005
[8,   100] loss: 0.005
[8,   200] loss: 0.004
[8,   300] loss: 0.005
[8,   400] loss: 0.006
[9,   100] loss: 0.005
[9,   200] loss: 0.005
[9,   300] loss: 0.005
[9,   400] loss: 0.004
[10,   100] loss: 0.005
[10,   200] loss: 0.005
[10,   300] loss: 0.005
[10,   400] loss: 0.004
[11,   100] loss: 0.004
[11,   200] loss: 0.006
[11,   300] loss: 0.005
[11,   400] loss: 0.004
[12,   100] loss: 0.006
[12,   200] loss: 0.005
[12,   300] loss: 0.004
[12,   400] loss: 0.005
[13,   100] loss: 0.004
[13,   200] loss: 0.004
[13,   300] loss: 0.005
[13,   400] loss: 0.004
[14,   100] loss: 0.005
[14,   200] loss: 0.005
[14,   300] loss: 0.006
[14,   400] loss: 0.003
[15,   100] loss: 0.005
[15,   200] loss: 0.005
[15,   300] loss: 0.005
[15,   400] loss: 0.006
[16,   100] loss: 0.005
[16,   200] loss: 0.005
[16,   300] loss: 0.003
[16,   400] loss: 0.005
[17,   100] loss: 0.003
[17,   200] loss: 0.005
[17,   300] loss: 0.004
[17,   400] loss: 0.005
[18,   100] loss: 0.005
[18,   200] loss: 0.004
[18,   300] loss: 0.004
[18,   400] loss: 0.006
[19,   100] loss: 0.004
[19,   200] loss: 0.005
[19,   300] loss: 0.005
[19,   400] loss: 0.004
[20,   100] loss: 0.004
[20,   200] loss: 0.005
[20,   300] loss: 0.006
[20,   400] loss: 0.004
[21,   100] loss: 0.006
[21,   200] loss: 0.005
[21,   300] loss: 0.005
[21,   400] loss: 0.006
[22,   100] loss: 0.006
[22,   200] loss: 0.005
[22,   300] loss: 0.005
[22,   400] loss: 0.005
[23,   100] loss: 0.004
[23,   200] loss: 0.006
[23,   300] loss: 0.006
[23,   400] loss: 0.004
[24,   100] loss: 0.007
[24,   200] loss: 0.005
[24,   300] loss: 0.003
[24,   400] loss: 0.004
[25,   100] loss: 0.006
[25,   200] loss: 0.005
[25,   300] loss: 0.004
[25,   400] loss: 0.004
[26,   100] loss: 0.006
[26,   200] loss: 0.005
[26,   300] loss: 0.005
[26,   400] loss: 0.005
[27,   100] loss: 0.005
[27,   200] loss: 0.004
[27,   300] loss: 0.006
[27,   400] loss: 0.005
[28,   100] loss: 0.005
[28,   200] loss: 0.005
[28,   300] loss: 0.005
[28,   400] loss: 0.005
[29,   100] loss: 0.006
[29,   200] loss: 0.005
[29,   300] loss: 0.005
[29,   400] loss: 0.004
[30,   100] loss: 0.005
[30,   200] loss: 0.005
[30,   300] loss: 0.004
[30,   400] loss: 0.006
<class 'float'> 0.0
<class 'dict'>
Training 30 epoch(s) w/ 493 batches each
[1,   100] loss: 0.010
[1,   200] loss: 0.005
[1,   300] loss: 0.006
[1,   400] loss: 0.007
[2,   100] loss: 0.006
[2,   200] loss: 0.006
[2,   300] loss: 0.005
[2,   400] loss: 0.006
[3,   100] loss: 0.006
[3,   200] loss: 0.005
[3,   300] loss: 0.006
[3,   400] loss: 0.005
[4,   100] loss: 0.005
[4,   200] loss: 0.005
[4,   300] loss: 0.005
[4,   400] loss: 0.006
[5,   100] loss: 0.005
[5,   200] loss: 0.004
[5,   300] loss: 0.005
[5,   400] loss: 0.006
[6,   100] loss: 0.006
[6,   200] loss: 0.004
[6,   300] loss: 0.005
[6,   400] loss: 0.005
[7,   100] loss: 0.005
[7,   200] loss: 0.004
[7,   300] loss: 0.006
[7,   400] loss: 0.005
[8,   100] loss: 0.006
[8,   200] loss: 0.004
[8,   300] loss: 0.004
[8,   400] loss: 0.005
[9,   100] loss: 0.005
[9,   200] loss: 0.006
[9,   300] loss: 0.005
[9,   400] loss: 0.005
[10,   100] loss: 0.005
[10,   200] loss: 0.005
[10,   300] loss: 0.006
[10,   400] loss: 0.006
[11,   100] loss: 0.005
[11,   200] loss: 0.005
[11,   300] loss: 0.004
[11,   400] loss: 0.005
[12,   100] loss: 0.005
[12,   200] loss: 0.007
[12,   300] loss: 0.005
[12,   400] loss: 0.005
[13,   100] loss: 0.005
[13,   200] loss: 0.005
[13,   300] loss: 0.005
[13,   400] loss: 0.004
[14,   100] loss: 0.005
[14,   200] loss: 0.005
[14,   300] loss: 0.006
[14,   400] loss: 0.005
[15,   100] loss: 0.006
[15,   200] loss: 0.006
[15,   300] loss: 0.005
[15,   400] loss: 0.006
[16,   100] loss: 0.004
[16,   200] loss: 0.005
[16,   300] loss: 0.006
[16,   400] loss: 0.006
[17,   100] loss: 0.005
[17,   200] loss: 0.004
[17,   300] loss: 0.005
[17,   400] loss: 0.005
[18,   100] loss: 0.005
[18,   200] loss: 0.005
[18,   300] loss: 0.006
[18,   400] loss: 0.006
[19,   100] loss: 0.006
[19,   200] loss: 0.006
[19,   300] loss: 0.004
[19,   400] loss: 0.006
[20,   100] loss: 0.005
[20,   200] loss: 0.004
[20,   300] loss: 0.006
[20,   400] loss: 0.004
[21,   100] loss: 0.005
[21,   200] loss: 0.005
[21,   300] loss: 0.005
[21,   400] loss: 0.007
[22,   100] loss: 0.005
[22,   200] loss: 0.004
[22,   300] loss: 0.005
[22,   400] loss: 0.005
[23,   100] loss: 0.004
[23,   200] loss: 0.005
[23,   300] loss: 0.006
[23,   400] loss: 0.006
[24,   100] loss: 0.006
[24,   200] loss: 0.005
[24,   300] loss: 0.005
[24,   400] loss: 0.005
[25,   100] loss: 0.005
[25,   200] loss: 0.005
[25,   300] loss: 0.005
[25,   400] loss: 0.004
[26,   100] loss: 0.006
[26,   200] loss: 0.007
[26,   300] loss: 0.007
[26,   400] loss: 0.005
[27,   100] loss: 0.006
[27,   200] loss: 0.005
[27,   300] loss: 0.005
[27,   400] loss: 0.007
[28,   100] loss: 0.005
[28,   200] loss: 0.005
[28,   300] loss: 0.005
[28,   400] loss: 0.006
[29,   100] loss: 0.005
[29,   200] loss: 0.004
[29,   300] loss: 0.005
[29,   400] loss: 0.006
[30,   100] loss: 0.006
[30,   200] loss: 0.004
[30,   300] loss: 0.005
[30,   400] loss: 0.005
<class 'float'> 0.5101522842639594
<class 'dict'>
Training 30 epoch(s) w/ 493 batches each
[1,   100] loss: 0.011
[1,   200] loss: 0.006
[1,   300] loss: 0.007
[1,   400] loss: 0.007
[2,   100] loss: 0.005
[2,   200] loss: 0.005
[2,   300] loss: 0.005
[2,   400] loss: 0.005
[3,   100] loss: 0.006
[3,   200] loss: 0.005
[3,   300] loss: 0.006
[3,   400] loss: 0.004
[4,   100] loss: 0.005
[4,   200] loss: 0.005
[4,   300] loss: 0.005
[4,   400] loss: 0.006
[5,   100] loss: 0.006
[5,   200] loss: 0.005
[5,   300] loss: 0.006
[5,   400] loss: 0.005
[6,   100] loss: 0.006
[6,   200] loss: 0.004
[6,   300] loss: 0.006
[6,   400] loss: 0.005
[7,   100] loss: 0.005
[7,   200] loss: 0.006
[7,   300] loss: 0.004
[7,   400] loss: 0.006
[8,   100] loss: 0.005
[8,   200] loss: 0.005
[8,   300] loss: 0.006
[8,   400] loss: 0.006
[9,   100] loss: 0.005
[9,   200] loss: 0.005
[9,   300] loss: 0.005
[9,   400] loss: 0.006
[10,   100] loss: 0.005
[10,   200] loss: 0.005
[10,   300] loss: 0.004
[10,   400] loss: 0.006
[11,   100] loss: 0.006
[11,   200] loss: 0.007
[11,   300] loss: 0.005
[11,   400] loss: 0.005
[12,   100] loss: 0.006
[12,   200] loss: 0.006
[12,   300] loss: 0.005
[12,   400] loss: 0.004
[13,   100] loss: 0.004
[13,   200] loss: 0.005
[13,   300] loss: 0.008
[13,   400] loss: 0.006
[14,   100] loss: 0.006
[14,   200] loss: 0.007
[14,   300] loss: 0.005
[14,   400] loss: 0.005
[15,   100] loss: 0.006
[15,   200] loss: 0.005
[15,   300] loss: 0.003
[15,   400] loss: 0.005
[16,   100] loss: 0.035
[16,   200] loss: 0.035
[16,   300] loss: 0.035
[16,   400] loss: 0.035
[17,   100] loss: 0.035
[17,   200] loss: 0.027
[17,   300] loss: 0.008
[17,   400] loss: 0.007
[18,   100] loss: 0.006
[18,   200] loss: 0.006
[18,   300] loss: 0.006
[18,   400] loss: 0.005
[19,   100] loss: 0.012
[19,   200] loss: 0.006
[19,   300] loss: 0.006
[19,   400] loss: 0.006
[20,   100] loss: 0.006
[20,   200] loss: 0.006
[20,   300] loss: 0.005
[20,   400] loss: 0.005
[21,   100] loss: 0.006
[21,   200] loss: 0.006
[21,   300] loss: 0.005
[21,   400] loss: 0.006
[22,   100] loss: 0.006
[22,   200] loss: 0.005
[22,   300] loss: 0.005
[22,   400] loss: 0.006
[23,   100] loss: 0.006
[23,   200] loss: 0.006
[23,   300] loss: 0.006
[23,   400] loss: 0.005
[24,   100] loss: 0.006
[24,   200] loss: 0.005
[24,   300] loss: 0.006
[24,   400] loss: 0.006
[25,   100] loss: 0.020
[25,   200] loss: 0.017
[25,   300] loss: 0.010
[25,   400] loss: 0.007
[26,   100] loss: 0.009
[26,   200] loss: 0.006
[26,   300] loss: 0.006
[26,   400] loss: 0.006
[27,   100] loss: 0.007
[27,   200] loss: 0.007
[27,   300] loss: 0.005
[27,   400] loss: 0.010
[28,   100] loss: 0.007
[28,   200] loss: 0.006
[28,   300] loss: 0.005
[28,   400] loss: 0.006
[29,   100] loss: 0.007
[29,   200] loss: 0.008
[29,   300] loss: 0.007
[29,   400] loss: 0.006
[30,   100] loss: 0.020
[30,   200] loss: 0.008
[30,   300] loss: 0.006
[30,   400] loss: 0.006
