Training 10 epoch(s) w/ 108 batches each
[1,   100] loss: 0.090
[2,   100] loss: 0.026
[3,   100] loss: 0.007
[4,   100] loss: 0.005
[5,   100] loss: 0.004
[6,   100] loss: 0.003
[7,   100] loss: 0.003
[8,   100] loss: 0.002
[9,   100] loss: 0.002
[10,   100] loss: 0.002
<class 'float'> 0.9767441860465116
<class 'dict'>
Training 10 epoch(s) w/ 108 batches each
[1,   100] loss: 0.002
[2,   100] loss: 0.002
[3,   100] loss: 0.002
[4,   100] loss: 0.002
[5,   100] loss: 0.001
[6,   100] loss: 0.001
[7,   100] loss: 0.001
[8,   100] loss: 0.001
[9,   100] loss: 0.001
[10,   100] loss: 0.001
<class 'float'> 0.9767441860465116
<class 'dict'>
Training 10 epoch(s) w/ 108 batches each
[1,   100] loss: 0.001
[2,   100] loss: 0.001
[3,   100] loss: 0.001
[4,   100] loss: 0.001
[5,   100] loss: 0.001
[6,   100] loss: 0.001
[7,   100] loss: 0.001
[8,   100] loss: 0.001
[9,   100] loss: 0.001
[10,   100] loss: 0.001
<class 'float'> 0.9767441860465116
<class 'dict'>
Training 10 epoch(s) w/ 108 batches each
[1,   100] loss: 0.001
[2,   100] loss: 0.001
[3,   100] loss: 0.001
[4,   100] loss: 0.001
[5,   100] loss: 0.001
[6,   100] loss: 0.001
[7,   100] loss: 0.001
[8,   100] loss: 0.000
[9,   100] loss: 0.000
[10,   100] loss: 0.000
<class 'float'> 0.9883720930232558
<class 'dict'>
Training 10 epoch(s) w/ 108 batches each
[1,   100] loss: 0.001
[2,   100] loss: 0.001
[3,   100] loss: 0.001
[4,   100] loss: 0.000
[5,   100] loss: 0.001
[6,   100] loss: 0.000
[7,   100] loss: 0.000
[8,   100] loss: 0.000
[9,   100] loss: 0.000
[10,   100] loss: 0.000
<class 'float'> 0.9941860465116279
<class 'dict'>
Training 10 epoch(s) w/ 108 batches each
[1,   100] loss: 0.001
[2,   100] loss: 0.001
[3,   100] loss: 0.001
[4,   100] loss: 0.000
[5,   100] loss: 0.000
[6,   100] loss: 0.000
[7,   100] loss: 0.000
[8,   100] loss: 0.000
[9,   100] loss: 0.000
[10,   100] loss: 0.000
<class 'float'> 0.9941860465116279
<class 'dict'>
Training 10 epoch(s) w/ 108 batches each
[1,   100] loss: 0.001
[2,   100] loss: 0.000
[3,   100] loss: 0.000
[4,   100] loss: 0.000
[5,   100] loss: 0.000
[6,   100] loss: 0.000
[7,   100] loss: 0.000
[8,   100] loss: 0.000
[9,   100] loss: 0.000
[10,   100] loss: 0.000
<class 'float'> 0.9825581395348837
<class 'dict'>
Training 10 epoch(s) w/ 108 batches each
[1,   100] loss: 0.000
[2,   100] loss: 0.000
[3,   100] loss: 0.000
[4,   100] loss: 0.000
[5,   100] loss: 0.000
[6,   100] loss: 0.000
[7,   100] loss: 0.000
[8,   100] loss: 0.000
[9,   100] loss: 0.000
[10,   100] loss: 0.000
<class 'float'> 0.9941860465116279
<class 'dict'>
Training 10 epoch(s) w/ 108 batches each
[1,   100] loss: 0.000
[2,   100] loss: 0.000
[3,   100] loss: 0.000
[4,   100] loss: 0.000
[5,   100] loss: 0.000
[6,   100] loss: 0.000
[7,   100] loss: 0.000
[8,   100] loss: 0.000
[9,   100] loss: 0.000
[10,   100] loss: 0.000
<class 'float'> 0.9941860465116279
<class 'dict'>
Training 10 epoch(s) w/ 108 batches each
[1,   100] loss: 0.000
[2,   100] loss: 0.000
[3,   100] loss: 0.000
[4,   100] loss: 0.000
[5,   100] loss: 0.000
[6,   100] loss: 0.000
[7,   100] loss: 0.000
[8,   100] loss: 0.000
[9,   100] loss: 0.000
[10,   100] loss: 0.000
<class 'float'> 0.9883720930232558
<class 'dict'>
Training 10 epoch(s) w/ 108 batches each
[1,   100] loss: 0.000
[2,   100] loss: 0.000
[3,   100] loss: 0.000
[4,   100] loss: 0.000
[5,   100] loss: 0.000
[6,   100] loss: 0.000
[7,   100] loss: 0.000
[8,   100] loss: 0.000
[9,   100] loss: 0.000
[10,   100] loss: 0.000
<class 'float'> 0.9941860465116279
<class 'dict'>
Training 10 epoch(s) w/ 108 batches each
[1,   100] loss: 0.000
[2,   100] loss: 0.000
[3,   100] loss: 0.000
[4,   100] loss: 0.000
[5,   100] loss: 0.000
[6,   100] loss: 0.000
[7,   100] loss: 0.000
[8,   100] loss: 0.000
[9,   100] loss: 0.000
[10,   100] loss: 0.000
<class 'float'> 0.9941860465116279
<class 'dict'>
Training 10 epoch(s) w/ 108 batches each
[1,   100] loss: 0.000
[2,   100] loss: 0.000
[3,   100] loss: 0.000
[4,   100] loss: 0.000
[5,   100] loss: 0.000
[6,   100] loss: 0.000
[7,   100] loss: 0.000
[8,   100] loss: 0.000
[9,   100] loss: 0.000
[10,   100] loss: 0.000
<class 'float'> 0.9883720930232558
<class 'dict'>
Training 10 epoch(s) w/ 108 batches each
[1,   100] loss: 0.000
[2,   100] loss: 0.000
[3,   100] loss: 0.000
[4,   100] loss: 0.000
[5,   100] loss: 0.000
[6,   100] loss: 0.000
[7,   100] loss: 0.000
[8,   100] loss: 0.000
[9,   100] loss: 0.000
[10,   100] loss: 0.000
<class 'float'> 0.9883720930232558
<class 'dict'>
Training 10 epoch(s) w/ 108 batches each
[1,   100] loss: 0.000
[2,   100] loss: 0.000
[3,   100] loss: 0.000
[4,   100] loss: 0.000
[5,   100] loss: 0.000
[6,   100] loss: 0.000
[7,   100] loss: 0.000
[8,   100] loss: 0.000
[9,   100] loss: 0.000
[10,   100] loss: 0.000
<class 'float'> 0.9883720930232558
<class 'dict'>
Training 10 epoch(s) w/ 108 batches each
[1,   100] loss: 0.000
[2,   100] loss: 0.000
[3,   100] loss: 0.000
[4,   100] loss: 0.000
[5,   100] loss: 0.000
[6,   100] loss: 0.000
[7,   100] loss: 0.000
[8,   100] loss: 0.000
[9,   100] loss: 0.000
[10,   100] loss: 0.000
<class 'float'> 0.9883720930232558
<class 'dict'>
Training 10 epoch(s) w/ 108 batches each
[1,   100] loss: 0.000
[2,   100] loss: 0.000
[3,   100] loss: 0.000
[4,   100] loss: 0.000
[5,   100] loss: 0.000
[6,   100] loss: 0.000
[7,   100] loss: 0.000
[8,   100] loss: 0.000
[9,   100] loss: 0.000
[10,   100] loss: 0.000
<class 'float'> 0.9883720930232558
<class 'dict'>
Training 10 epoch(s) w/ 108 batches each
[1,   100] loss: 0.000
[2,   100] loss: 0.000
[3,   100] loss: 0.000
[4,   100] loss: 0.000
[5,   100] loss: 0.000
[6,   100] loss: 0.000
[7,   100] loss: 0.000
[8,   100] loss: 0.000
[9,   100] loss: 0.000
[10,   100] loss: 0.000
<class 'float'> 0.9883720930232558
<class 'dict'>
Training 10 epoch(s) w/ 108 batches each
[1,   100] loss: 0.000
[2,   100] loss: 0.000
[3,   100] loss: 0.000
[4,   100] loss: 0.000
[5,   100] loss: 0.000
[6,   100] loss: 0.000
[7,   100] loss: 0.000
[8,   100] loss: 0.000
[9,   100] loss: 0.000
[10,   100] loss: 0.000
<class 'float'> 0.9883720930232558
<class 'dict'>
Training 10 epoch(s) w/ 108 batches each
[1,   100] loss: 0.000
[2,   100] loss: 0.000
[3,   100] loss: 0.000
[4,   100] loss: 0.000
[5,   100] loss: 0.000
[6,   100] loss: 0.000
[7,   100] loss: 0.000
[8,   100] loss: 0.000
[9,   100] loss: 0.000
[10,   100] loss: 0.000
<class 'float'> 0.9883720930232558
<class 'dict'>
Training 10 epoch(s) w/ 108 batches each
[1,   100] loss: 0.000
[2,   100] loss: 0.000
[3,   100] loss: 0.000
[4,   100] loss: 0.000
[5,   100] loss: 0.000
[6,   100] loss: 0.000
[7,   100] loss: 0.000
[8,   100] loss: 0.000
[9,   100] loss: 0.000
[10,   100] loss: 0.000
<class 'float'> 0.9883720930232558
<class 'dict'>
Training 10 epoch(s) w/ 108 batches each
[1,   100] loss: 0.000
[2,   100] loss: 0.000
[3,   100] loss: 0.000
[4,   100] loss: 0.000
[5,   100] loss: 0.000
[6,   100] loss: 0.000
[7,   100] loss: 0.000
[8,   100] loss: 0.000
[9,   100] loss: 0.000
[10,   100] loss: 0.000
<class 'float'> 0.9883720930232558
<class 'dict'>
Training 10 epoch(s) w/ 108 batches each
[1,   100] loss: 0.000
[2,   100] loss: 0.000
[3,   100] loss: 0.000
[4,   100] loss: 0.000
[5,   100] loss: 0.000
[6,   100] loss: 0.000
[7,   100] loss: 0.000
[8,   100] loss: 0.000
[9,   100] loss: 0.000
[10,   100] loss: 0.000
<class 'float'> 0.9883720930232558
<class 'dict'>
Training 10 epoch(s) w/ 108 batches each
[1,   100] loss: 0.000
[2,   100] loss: 0.000
[3,   100] loss: 0.000
[4,   100] loss: 0.000
[5,   100] loss: 0.000
[6,   100] loss: 0.000
[7,   100] loss: 0.000
[8,   100] loss: 0.000
[9,   100] loss: 0.000
[10,   100] loss: 0.000
<class 'float'> 0.9883720930232558
<class 'dict'>
Training 10 epoch(s) w/ 108 batches each
[1,   100] loss: 0.000
[2,   100] loss: 0.000
[3,   100] loss: 0.000
[4,   100] loss: 0.000
[5,   100] loss: 0.000
[6,   100] loss: 0.000
[7,   100] loss: 0.000
[8,   100] loss: 0.000
[9,   100] loss: 0.000
[10,   100] loss: 0.000
<class 'float'> 0.9883720930232558
<class 'dict'>
Training 10 epoch(s) w/ 108 batches each
[1,   100] loss: 0.000
[2,   100] loss: 0.000
[3,   100] loss: 0.000
[4,   100] loss: 0.000
[5,   100] loss: 0.000
[6,   100] loss: 0.000
[7,   100] loss: 0.000
[8,   100] loss: 0.000
[9,   100] loss: 0.000
[10,   100] loss: 0.000
<class 'float'> 0.9883720930232558
<class 'dict'>
Training 10 epoch(s) w/ 108 batches each
[1,   100] loss: 0.000
[2,   100] loss: 0.000
[3,   100] loss: 0.000
[4,   100] loss: 0.000
[5,   100] loss: 0.000
[6,   100] loss: 0.000
[7,   100] loss: 0.000
[8,   100] loss: 0.000
[9,   100] loss: 0.000
[10,   100] loss: 0.000
<class 'float'> 0.9883720930232558
<class 'dict'>
Training 10 epoch(s) w/ 108 batches each
[1,   100] loss: 0.000
[2,   100] loss: 0.000
[3,   100] loss: 0.000
[4,   100] loss: 0.000
[5,   100] loss: 0.000
[6,   100] loss: 0.000
[7,   100] loss: 0.000
[8,   100] loss: 0.000
[9,   100] loss: 0.000
[10,   100] loss: 0.000
<class 'float'> 0.9883720930232558
<class 'dict'>
Training 10 epoch(s) w/ 108 batches each
[1,   100] loss: 0.000
[2,   100] loss: 0.000
[3,   100] loss: 0.000
[4,   100] loss: 0.000
[5,   100] loss: 0.000
[6,   100] loss: 0.000
[7,   100] loss: 0.000
[8,   100] loss: 0.000
[9,   100] loss: 0.000
[10,   100] loss: 0.000
<class 'float'> 0.9883720930232558
<class 'dict'>
Training 10 epoch(s) w/ 108 batches each
[1,   100] loss: 0.000
[2,   100] loss: 0.000
[3,   100] loss: 0.000
[4,   100] loss: 0.000
[5,   100] loss: 0.000
[6,   100] loss: 0.000
[7,   100] loss: 0.000
[8,   100] loss: 0.000
[9,   100] loss: 0.000
[10,   100] loss: 0.000
<class 'float'> 0.9883720930232558
<class 'dict'>
Training 10 epoch(s) w/ 108 batches each
[1,   100] loss: 0.000
[2,   100] loss: 0.000
[3,   100] loss: 0.000
[4,   100] loss: 0.000
[5,   100] loss: 0.000
[6,   100] loss: 0.000
[7,   100] loss: 0.000
[8,   100] loss: 0.000
[9,   100] loss: 0.000
[10,   100] loss: 0.000
<class 'float'> 0.9883720930232558
<class 'dict'>
Training 10 epoch(s) w/ 108 batches each
[1,   100] loss: 0.000
[2,   100] loss: 0.000
[3,   100] loss: 0.000
[4,   100] loss: 0.000
[5,   100] loss: 0.000
[6,   100] loss: 0.000
[7,   100] loss: 0.000
[8,   100] loss: 0.000
[9,   100] loss: 0.000
[10,   100] loss: 0.000
<class 'float'> 0.9883720930232558
<class 'dict'>
Training 10 epoch(s) w/ 108 batches each
[1,   100] loss: 0.000
[2,   100] loss: 0.000
[3,   100] loss: 0.000
[4,   100] loss: 0.000
[5,   100] loss: 0.000
[6,   100] loss: 0.000
[7,   100] loss: 0.000
[8,   100] loss: 0.000
[9,   100] loss: 0.000
[10,   100] loss: 0.000
<class 'float'> 0.9883720930232558
<class 'dict'>
Training 10 epoch(s) w/ 108 batches each
[1,   100] loss: 0.000
[2,   100] loss: 0.000
[3,   100] loss: 0.000
[4,   100] loss: 0.000
[5,   100] loss: 0.000
[6,   100] loss: 0.000
[7,   100] loss: 0.000
[8,   100] loss: 0.000
[9,   100] loss: 0.000
[10,   100] loss: 0.000
<class 'float'> 0.9883720930232558
<class 'dict'>
Training 10 epoch(s) w/ 108 batches each
[1,   100] loss: 0.000
[2,   100] loss: 0.000
[3,   100] loss: 0.000
[4,   100] loss: 0.000
[5,   100] loss: 0.000
[6,   100] loss: 0.000
[7,   100] loss: 0.000
[8,   100] loss: 0.000
[9,   100] loss: 0.000
[10,   100] loss: 0.000
<class 'float'> 0.9883720930232558
<class 'dict'>
Training 10 epoch(s) w/ 108 batches each
[1,   100] loss: 0.000
[2,   100] loss: 0.000
[3,   100] loss: 0.000
[4,   100] loss: 0.000
[5,   100] loss: 0.000
[6,   100] loss: 0.000
[7,   100] loss: 0.000
[8,   100] loss: 0.000
[9,   100] loss: 0.000
[10,   100] loss: 0.000
<class 'float'> 0.9883720930232558
<class 'dict'>
Training 10 epoch(s) w/ 108 batches each
[1,   100] loss: 0.000
[2,   100] loss: 0.000
[3,   100] loss: 0.000
[4,   100] loss: 0.000
[5,   100] loss: 0.000
[6,   100] loss: 0.000
[7,   100] loss: 0.000
[8,   100] loss: 0.000
[9,   100] loss: 0.000
[10,   100] loss: 0.000
<class 'float'> 0.9883720930232558
<class 'dict'>
Training 10 epoch(s) w/ 108 batches each
[1,   100] loss: 0.000
[2,   100] loss: 0.000
[3,   100] loss: 0.000
[4,   100] loss: 0.000
[5,   100] loss: 0.000
[6,   100] loss: 0.000
[7,   100] loss: 0.000
[8,   100] loss: 0.000
[9,   100] loss: 0.000
[10,   100] loss: 0.000
<class 'float'> 0.9883720930232558
<class 'dict'>
Training 10 epoch(s) w/ 108 batches each
[1,   100] loss: 0.000
[2,   100] loss: 0.000
[3,   100] loss: 0.000
[4,   100] loss: 0.000
[5,   100] loss: 0.000
[6,   100] loss: 0.000
[7,   100] loss: 0.000
[8,   100] loss: 0.000
[9,   100] loss: 0.000
[10,   100] loss: 0.000
<class 'float'> 0.9883720930232558
<class 'dict'>
Training 10 epoch(s) w/ 108 batches each
[1,   100] loss: 0.000
[2,   100] loss: 0.000
[3,   100] loss: 0.000
[4,   100] loss: 0.000
[5,   100] loss: 0.000
[6,   100] loss: 0.000
[7,   100] loss: 0.000
[8,   100] loss: 0.000
[9,   100] loss: 0.000
[10,   100] loss: 0.000
<class 'float'> 0.9883720930232558
<class 'dict'>
