Training 10 epoch(s) w/ 402 batches each
[1,   100] loss: 0.008
[1,   200] loss: 0.006
[1,   300] loss: 0.005
[1,   400] loss: 0.002
[2,   100] loss: 0.003
[2,   200] loss: 0.003
[2,   300] loss: 0.002
[2,   400] loss: 0.002
[3,   100] loss: 0.003
[3,   200] loss: 0.003
[3,   300] loss: 0.002
[3,   400] loss: 0.002
[4,   100] loss: 0.002
[4,   200] loss: 0.002
[4,   300] loss: 0.003
[4,   400] loss: 0.002
[5,   100] loss: 0.001
[5,   200] loss: 0.002
[5,   300] loss: 0.003
[5,   400] loss: 0.003
[6,   100] loss: 0.001
[6,   200] loss: 0.001
[6,   300] loss: 0.001
[6,   400] loss: 0.002
[7,   100] loss: 0.002
[7,   200] loss: 0.002
[7,   300] loss: 0.003
[7,   400] loss: 0.002
[8,   100] loss: 0.002
[8,   200] loss: 0.002
[8,   300] loss: 0.003
[8,   400] loss: 0.002
[9,   100] loss: 0.001
[9,   200] loss: 0.001
[9,   300] loss: 0.003
[9,   400] loss: 0.002
[10,   100] loss: 0.001
[10,   200] loss: 0.001
[10,   300] loss: 0.001
[10,   400] loss: 0.001
<class 'float'> 0.0
<class 'dict'>
