Training 10 epoch(s) w/ 384 batches each
[1,   100] loss: 0.005
[1,   200] loss: 0.001
[1,   300] loss: 0.001
[2,   100] loss: 0.001
[2,   200] loss: 0.001
[2,   300] loss: 0.000
[3,   100] loss: 0.029
[3,   200] loss: 0.035
[3,   300] loss: 0.036
[4,   100] loss: 0.035
[4,   200] loss: 0.035
[4,   300] loss: 0.035
[5,   100] loss: 0.035
[5,   200] loss: 0.035
[5,   300] loss: 0.035
[6,   100] loss: 0.035
[6,   200] loss: 0.035
[6,   300] loss: 0.035
[7,   100] loss: 0.035
[7,   200] loss: 0.035
[7,   300] loss: 0.035
[8,   100] loss: 0.035
[8,   200] loss: 0.035
[8,   300] loss: 0.035
[9,   100] loss: 0.035
[9,   200] loss: 0.035
[9,   300] loss: 0.035
[10,   100] loss: 0.035
[10,   200] loss: 0.035
[10,   300] loss: 0.035
<class 'float'> 0.0
<class 'dict'>
