Training 30 epoch(s) w/ 396 batches each
[1,   100] loss: 0.006
[1,   200] loss: 0.002
[1,   300] loss: 0.003
[2,   100] loss: 0.002
[2,   200] loss: 0.003
[2,   300] loss: 0.002
[3,   100] loss: 0.002
[3,   200] loss: 0.001
[3,   300] loss: 0.001
[4,   100] loss: 0.002
[4,   200] loss: 0.002
[4,   300] loss: 0.001
[5,   100] loss: 0.002
[5,   200] loss: 0.001
[5,   300] loss: 0.001
[6,   100] loss: 0.001
[6,   200] loss: 0.001
[6,   300] loss: 0.001
[7,   100] loss: 0.001
[7,   200] loss: 0.001
[7,   300] loss: 0.001
[8,   100] loss: 0.002
[8,   200] loss: 0.001
[8,   300] loss: 0.001
[9,   100] loss: 0.001
[9,   200] loss: 0.001
[9,   300] loss: 0.001
[10,   100] loss: 0.001
[10,   200] loss: 0.000
[10,   300] loss: 0.001
[11,   100] loss: 0.002
[11,   200] loss: 0.001
[11,   300] loss: 0.001
[12,   100] loss: 0.035
[12,   200] loss: 0.035
[12,   300] loss: 0.035
[13,   100] loss: 0.036
[13,   200] loss: 0.035
[13,   300] loss: 0.035
[14,   100] loss: 0.035
[14,   200] loss: 0.035
[14,   300] loss: 0.035
[15,   100] loss: 0.035
[15,   200] loss: 0.035
[15,   300] loss: 0.035
[16,   100] loss: 0.035
[16,   200] loss: 0.035
[16,   300] loss: 0.035
[17,   100] loss: 0.035
[17,   200] loss: 0.035
[17,   300] loss: 0.035
[18,   100] loss: 0.035
[18,   200] loss: 0.035
[18,   300] loss: 0.035
[19,   100] loss: 0.035
[19,   200] loss: 0.035
[19,   300] loss: 0.035
[20,   100] loss: 0.035
[20,   200] loss: 0.035
[20,   300] loss: 0.035
[21,   100] loss: 0.035
[21,   200] loss: 0.035
[21,   300] loss: 0.035
[22,   100] loss: 0.035
[22,   200] loss: 0.035
[22,   300] loss: 0.035
[23,   100] loss: 0.035
[23,   200] loss: 0.035
[23,   300] loss: 0.035
[24,   100] loss: 0.035
[24,   200] loss: 0.035
[24,   300] loss: 0.035
[25,   100] loss: 0.035
[25,   200] loss: 0.035
[25,   300] loss: 0.035
[26,   100] loss: 0.035
[26,   200] loss: 0.035
[26,   300] loss: 0.035
[27,   100] loss: 0.035
[27,   200] loss: 0.035
[27,   300] loss: 0.035
[28,   100] loss: 0.035
[28,   200] loss: 0.035
[28,   300] loss: 0.035
[29,   100] loss: 0.035
[29,   200] loss: 0.035
[29,   300] loss: 0.035
[30,   100] loss: 0.035
[30,   200] loss: 0.035
[30,   300] loss: 0.035
<class 'float'> 0.0
<class 'dict'>
Training 30 epoch(s) w/ 396 batches each
[1,   100] loss: 0.008
[1,   200] loss: 0.002
[1,   300] loss: 0.001
[2,   100] loss: 0.002
[2,   200] loss: 0.003
[2,   300] loss: 0.002
[3,   100] loss: 0.001
[3,   200] loss: 0.002
[3,   300] loss: 0.011
[4,   100] loss: 0.035
[4,   200] loss: 0.035
[4,   300] loss: 0.036
[5,   100] loss: 0.035
[5,   200] loss: 0.035
[5,   300] loss: 0.035
[6,   100] loss: 0.035
[6,   200] loss: 0.035
[6,   300] loss: 0.035
[7,   100] loss: 0.035
[7,   200] loss: 0.035
[7,   300] loss: 0.035
[8,   100] loss: 0.035
[8,   200] loss: 0.035
[8,   300] loss: 0.035
[9,   100] loss: 0.035
[9,   200] loss: 0.035
[9,   300] loss: 0.035
[10,   100] loss: 0.035
[10,   200] loss: 0.035
[10,   300] loss: 0.035
[11,   100] loss: 0.035
[11,   200] loss: 0.035
[11,   300] loss: 0.035
[12,   100] loss: 0.035
[12,   200] loss: 0.035
[12,   300] loss: 0.035
[13,   100] loss: 0.035
[13,   200] loss: 0.035
[13,   300] loss: 0.035
[14,   100] loss: 0.035
[14,   200] loss: 0.035
[14,   300] loss: 0.035
[15,   100] loss: 0.035
[15,   200] loss: 0.035
[15,   300] loss: 0.035
[16,   100] loss: 0.035
[16,   200] loss: 0.035
[16,   300] loss: 0.035
[17,   100] loss: 0.035
[17,   200] loss: 0.035
[17,   300] loss: 0.035
[18,   100] loss: 0.035
[18,   200] loss: 0.035
[18,   300] loss: 0.035
[19,   100] loss: 0.035
[19,   200] loss: 0.035
[19,   300] loss: 0.035
[20,   100] loss: 0.035
[20,   200] loss: 0.035
[20,   300] loss: 0.035
[21,   100] loss: 0.035
[21,   200] loss: 0.035
[21,   300] loss: 0.035
[22,   100] loss: 0.035
[22,   200] loss: 0.035
[22,   300] loss: 0.035
[23,   100] loss: 0.035
[23,   200] loss: 0.035
[23,   300] loss: 0.035
[24,   100] loss: 0.035
[24,   200] loss: 0.035
[24,   300] loss: 0.035
[25,   100] loss: 0.035
[25,   200] loss: 0.035
[25,   300] loss: 0.035
[26,   100] loss: 0.035
[26,   200] loss: 0.035
[26,   300] loss: 0.035
[27,   100] loss: 0.035
[27,   200] loss: 0.035
[27,   300] loss: 0.035
[28,   100] loss: 0.035
[28,   200] loss: 0.035
[28,   300] loss: 0.035
[29,   100] loss: 0.035
[29,   200] loss: 0.035
[29,   300] loss: 0.035
[30,   100] loss: 0.035
[30,   200] loss: 0.035
[30,   300] loss: 0.035
<class 'float'> 0.0
<class 'dict'>
Training 30 epoch(s) w/ 396 batches each
[1,   100] loss: 0.010
[1,   200] loss: 0.001
[1,   300] loss: 0.002
[2,   100] loss: 0.001
[2,   200] loss: 0.001
[2,   300] loss: 0.001
[3,   100] loss: 0.002
[3,   200] loss: 0.001
[3,   300] loss: 0.001
[4,   100] loss: 0.001
[4,   200] loss: 0.002
[4,   300] loss: 0.002
[5,   100] loss: 0.001
[5,   200] loss: 0.001
[5,   300] loss: 0.002
[6,   100] loss: 0.001
[6,   200] loss: 0.002
[6,   300] loss: 0.000
[7,   100] loss: 0.001
[7,   200] loss: 0.001
[7,   300] loss: 0.001
[8,   100] loss: 0.001
[8,   200] loss: 0.001
[8,   300] loss: 0.001
[9,   100] loss: 0.001
[9,   200] loss: 0.001
[9,   300] loss: 0.001
[10,   100] loss: 0.001
[10,   200] loss: 0.001
[10,   300] loss: 0.002
[11,   100] loss: 0.001
[11,   200] loss: 0.002
[11,   300] loss: 0.004
[12,   100] loss: 0.002
[12,   200] loss: 0.001
[12,   300] loss: 0.001
[13,   100] loss: 0.002
[13,   200] loss: 0.001
[13,   300] loss: 0.002
[14,   100] loss: 0.001
[14,   200] loss: 0.002
[14,   300] loss: 0.001
[15,   100] loss: 0.002
[15,   200] loss: 0.003
[15,   300] loss: 0.001
[16,   100] loss: 0.001
[16,   200] loss: 0.002
[16,   300] loss: 0.001
[17,   100] loss: 0.001
[17,   200] loss: 0.001
[17,   300] loss: 0.001
[18,   100] loss: 0.002
[18,   200] loss: 0.001
[18,   300] loss: 0.001
[19,   100] loss: 0.001
[19,   200] loss: 0.001
[19,   300] loss: 0.000
[20,   100] loss: 0.001
[20,   200] loss: 0.000
[20,   300] loss: 0.002
[21,   100] loss: 0.001
[21,   200] loss: 0.002
[21,   300] loss: 0.001
[22,   100] loss: 0.001
[22,   200] loss: 0.001
[22,   300] loss: 0.001
[23,   100] loss: 0.002
[23,   200] loss: 0.002
[23,   300] loss: 0.002
[24,   100] loss: 0.002
[24,   200] loss: 0.002
[24,   300] loss: 0.002
[25,   100] loss: 0.002
[25,   200] loss: 0.001
[25,   300] loss: 0.002
[26,   100] loss: 0.001
[26,   200] loss: 0.001
[26,   300] loss: 0.002
[27,   100] loss: 0.001
[27,   200] loss: 0.001
[27,   300] loss: 0.001
[28,   100] loss: 0.003
[28,   200] loss: 0.001
[28,   300] loss: 0.002
[29,   100] loss: 0.001
[29,   200] loss: 0.002
[29,   300] loss: 0.001
[30,   100] loss: 0.001
[30,   200] loss: 0.002
[30,   300] loss: 0.001
