Training 30 epoch(s) w/ 489 batches each
[1,   100] loss: 0.012
[1,   200] loss: 0.007
[1,   300] loss: 0.006
[1,   400] loss: 0.007
[2,   100] loss: 0.006
[2,   200] loss: 0.005
[2,   300] loss: 0.006
[2,   400] loss: 0.004
[3,   100] loss: 0.005
[3,   200] loss: 0.004
[3,   300] loss: 0.005
[3,   400] loss: 0.005
[4,   100] loss: 0.005
[4,   200] loss: 0.004
[4,   300] loss: 0.005
[4,   400] loss: 0.003
[5,   100] loss: 0.005
[5,   200] loss: 0.004
[5,   300] loss: 0.003
[5,   400] loss: 0.004
[6,   100] loss: 0.003
[6,   200] loss: 0.004
[6,   300] loss: 0.005
[6,   400] loss: 0.005
[7,   100] loss: 0.004
[7,   200] loss: 0.004
[7,   300] loss: 0.005
[7,   400] loss: 0.004
[8,   100] loss: 0.003
[8,   200] loss: 0.004
[8,   300] loss: 0.004
[8,   400] loss: 0.004
[9,   100] loss: 0.005
[9,   200] loss: 0.006
[9,   300] loss: 0.004
[9,   400] loss: 0.005
[10,   100] loss: 0.004
[10,   200] loss: 0.005
[10,   300] loss: 0.004
[10,   400] loss: 0.005
[11,   100] loss: 0.003
[11,   200] loss: 0.006
[11,   300] loss: 0.004
[11,   400] loss: 0.004
[12,   100] loss: 0.005
[12,   200] loss: 0.004
[12,   300] loss: 0.004
[12,   400] loss: 0.004
[13,   100] loss: 0.004
[13,   200] loss: 0.005
[13,   300] loss: 0.005
[13,   400] loss: 0.005
[14,   100] loss: 0.004
[14,   200] loss: 0.006
[14,   300] loss: 0.004
[14,   400] loss: 0.004
[15,   100] loss: 0.004
[15,   200] loss: 0.004
[15,   300] loss: 0.006
[15,   400] loss: 0.005
[16,   100] loss: 0.003
[16,   200] loss: 0.004
[16,   300] loss: 0.004
[16,   400] loss: 0.004
[17,   100] loss: 0.004
[17,   200] loss: 0.005
[17,   300] loss: 0.005
[17,   400] loss: 0.006
[18,   100] loss: 0.007
[18,   200] loss: 0.005
[18,   300] loss: 0.004
[18,   400] loss: 0.005
[19,   100] loss: 0.004
[19,   200] loss: 0.005
[19,   300] loss: 0.004
[19,   400] loss: 0.004
[20,   100] loss: 0.004
[20,   200] loss: 0.005
[20,   300] loss: 0.005
[20,   400] loss: 0.003
[21,   100] loss: 0.005
[21,   200] loss: 0.004
[21,   300] loss: 0.005
[21,   400] loss: 0.004
[22,   100] loss: 0.005
[22,   200] loss: 0.005
[22,   300] loss: 0.005
[22,   400] loss: 0.004
[23,   100] loss: 0.004
[23,   200] loss: 0.005
[23,   300] loss: 0.004
[23,   400] loss: 0.004
[24,   100] loss: 0.005
[24,   200] loss: 0.004
[24,   300] loss: 0.005
[24,   400] loss: 0.005
[25,   100] loss: 0.005
[25,   200] loss: 0.004
[25,   300] loss: 0.004
[25,   400] loss: 0.004
[26,   100] loss: 0.004
[26,   200] loss: 0.005
[26,   300] loss: 0.005
[26,   400] loss: 0.005
[27,   100] loss: 0.005
[27,   200] loss: 0.004
[27,   300] loss: 0.005
[27,   400] loss: 0.005
[28,   100] loss: 0.006
[28,   200] loss: 0.005
[28,   300] loss: 0.005
[28,   400] loss: 0.004
[29,   100] loss: 0.005
[29,   200] loss: 0.005
[29,   300] loss: 0.006
[29,   400] loss: 0.005
[30,   100] loss: 0.004
[30,   200] loss: 0.005
[30,   300] loss: 0.006
[30,   400] loss: 0.006
<class 'float'> 0.0
<class 'dict'>
Training 30 epoch(s) w/ 489 batches each
[1,   100] loss: 0.011
[1,   200] loss: 0.005
[1,   300] loss: 0.006
[1,   400] loss: 0.006
[2,   100] loss: 0.005
[2,   200] loss: 0.006
[2,   300] loss: 0.006
[2,   400] loss: 0.006
[3,   100] loss: 0.006
[3,   200] loss: 0.006
[3,   300] loss: 0.006
[3,   400] loss: 0.006
[4,   100] loss: 0.006
[4,   200] loss: 0.005
[4,   300] loss: 0.006
[4,   400] loss: 0.006
[5,   100] loss: 0.005
[5,   200] loss: 0.006
[5,   300] loss: 0.005
[5,   400] loss: 0.005
[6,   100] loss: 0.006
[6,   200] loss: 0.006
[6,   300] loss: 0.005
[6,   400] loss: 0.005
[7,   100] loss: 0.014
[7,   200] loss: 0.009
[7,   300] loss: 0.006
[7,   400] loss: 0.007
[8,   100] loss: 0.007
[8,   200] loss: 0.007
[8,   300] loss: 0.007
[8,   400] loss: 0.007
[9,   100] loss: 0.006
[9,   200] loss: 0.006
[9,   300] loss: 0.007
[9,   400] loss: 0.005
[10,   100] loss: 0.008
[10,   200] loss: 0.007
[10,   300] loss: 0.006
[10,   400] loss: 0.005
[11,   100] loss: 0.006
[11,   200] loss: 0.006
[11,   300] loss: 0.005
[11,   400] loss: 0.007
[12,   100] loss: 0.006
[12,   200] loss: 0.007
[12,   300] loss: 0.006
[12,   400] loss: 0.033
[13,   100] loss: 0.035
[13,   200] loss: 0.035
[13,   300] loss: 0.035
[13,   400] loss: 0.035
[14,   100] loss: 0.035
[14,   200] loss: 0.035
[14,   300] loss: 0.035
[14,   400] loss: 0.035
[15,   100] loss: 0.035
[15,   200] loss: 0.035
[15,   300] loss: 0.035
[15,   400] loss: 0.035
[16,   100] loss: 0.035
[16,   200] loss: 0.035
[16,   300] loss: 0.035
[16,   400] loss: 0.035
[17,   100] loss: 0.035
[17,   200] loss: 0.035
[17,   300] loss: 0.035
[17,   400] loss: 0.035
[18,   100] loss: 0.035
[18,   200] loss: 0.035
[18,   300] loss: 0.035
[18,   400] loss: 0.035
[19,   100] loss: 0.035
[19,   200] loss: 0.035
[19,   300] loss: 0.035
[19,   400] loss: 0.035
[20,   100] loss: 0.035
[20,   200] loss: 0.035
[20,   300] loss: 0.035
[20,   400] loss: 0.035
[21,   100] loss: 0.035
[21,   200] loss: 0.035
[21,   300] loss: 0.035
[21,   400] loss: 0.035
[22,   100] loss: 0.035
[22,   200] loss: 0.035
[22,   300] loss: 0.035
[22,   400] loss: 0.035
[23,   100] loss: 0.035
[23,   200] loss: 0.035
[23,   300] loss: 0.035
[23,   400] loss: 0.035
[24,   100] loss: 0.035
[24,   200] loss: 0.035
[24,   300] loss: 0.035
[24,   400] loss: 0.035
[25,   100] loss: 0.035
[25,   200] loss: 0.035
[25,   300] loss: 0.035
[25,   400] loss: 0.035
[26,   100] loss: 0.035
[26,   200] loss: 0.035
[26,   300] loss: 0.035
[26,   400] loss: 0.035
[27,   100] loss: 0.035
[27,   200] loss: 0.035
[27,   300] loss: 0.035
[27,   400] loss: 0.035
[28,   100] loss: 0.035
[28,   200] loss: 0.035
[28,   300] loss: 0.035
[28,   400] loss: 0.035
[29,   100] loss: 0.035
[29,   200] loss: 0.035
[29,   300] loss: 0.035
[29,   400] loss: 0.035
[30,   100] loss: 0.035
[30,   200] loss: 0.035
[30,   300] loss: 0.035
[30,   400] loss: 0.035
<class 'float'> 0.0
<class 'dict'>
Training 30 epoch(s) w/ 489 batches each
[1,   100] loss: 0.010
[1,   200] loss: 0.007
[1,   300] loss: 0.007
[1,   400] loss: 0.007
[2,   100] loss: 0.005
[2,   200] loss: 0.006
[2,   300] loss: 0.006
[2,   400] loss: 0.005
[3,   100] loss: 0.005
[3,   200] loss: 0.005
[3,   300] loss: 0.006
[3,   400] loss: 0.005
[4,   100] loss: 0.005
[4,   200] loss: 0.005
[4,   300] loss: 0.006
[4,   400] loss: 0.004
[5,   100] loss: 0.007
[5,   200] loss: 0.005
[5,   300] loss: 0.006
[5,   400] loss: 0.005
[6,   100] loss: 0.005
[6,   200] loss: 0.005
[6,   300] loss: 0.006
[6,   400] loss: 0.005
[7,   100] loss: 0.005
[7,   200] loss: 0.005
[7,   300] loss: 0.005
[7,   400] loss: 0.006
[8,   100] loss: 0.006
[8,   200] loss: 0.005
[8,   300] loss: 0.005
[8,   400] loss: 0.005
[9,   100] loss: 0.006
[9,   200] loss: 0.007
[9,   300] loss: 0.006
[9,   400] loss: 0.006
[10,   100] loss: 0.005
[10,   200] loss: 0.005
[10,   300] loss: 0.005
[10,   400] loss: 0.005
[11,   100] loss: 0.006
[11,   200] loss: 0.005
[11,   300] loss: 0.005
[11,   400] loss: 0.006
[12,   100] loss: 0.035
[12,   200] loss: 0.036
[12,   300] loss: 0.035
[12,   400] loss: 0.035
[13,   100] loss: 0.035
[13,   200] loss: 0.035
[13,   300] loss: 0.035
[13,   400] loss: 0.035
[14,   100] loss: 0.035
[14,   200] loss: 0.035
[14,   300] loss: 0.035
[14,   400] loss: 0.035
[15,   100] loss: 0.035
[15,   200] loss: 0.035
[15,   300] loss: 0.035
[15,   400] loss: 0.035
[16,   100] loss: 0.035
[16,   200] loss: 0.035
[16,   300] loss: 0.035
[16,   400] loss: 0.035
[17,   100] loss: 0.035
[17,   200] loss: 0.035
[17,   300] loss: 0.035
[17,   400] loss: 0.035
[18,   100] loss: 0.035
[18,   200] loss: 0.035
[18,   300] loss: 0.035
[18,   400] loss: 0.035
[19,   100] loss: 0.035
[19,   200] loss: 0.035
[19,   300] loss: 0.035
[19,   400] loss: 0.035
[20,   100] loss: 0.035
[20,   200] loss: 0.035
[20,   300] loss: 0.035
[20,   400] loss: 0.035
[21,   100] loss: 0.035
[21,   200] loss: 0.035
[21,   300] loss: 0.035
[21,   400] loss: 0.035
[22,   100] loss: 0.035
[22,   200] loss: 0.035
[22,   300] loss: 0.035
[22,   400] loss: 0.035
[23,   100] loss: 0.035
[23,   200] loss: 0.035
[23,   300] loss: 0.035
[23,   400] loss: 0.035
[24,   100] loss: 0.035
[24,   200] loss: 0.035
[24,   300] loss: 0.035
[24,   400] loss: 0.035
[25,   100] loss: 0.035
[25,   200] loss: 0.035
[25,   300] loss: 0.035
[25,   400] loss: 0.035
[26,   100] loss: 0.035
[26,   200] loss: 0.035
[26,   300] loss: 0.035
[26,   400] loss: 0.035
[27,   100] loss: 0.035
[27,   200] loss: 0.035
[27,   300] loss: 0.035
[27,   400] loss: 0.035
[28,   100] loss: 0.035
[28,   200] loss: 0.035
[28,   300] loss: 0.035
[28,   400] loss: 0.035
[29,   100] loss: 0.035
[29,   200] loss: 0.035
[29,   300] loss: 0.035
[29,   400] loss: 0.035
[30,   100] loss: 0.035
[30,   200] loss: 0.035
[30,   300] loss: 0.035
[30,   400] loss: 0.035
<class 'float'> 0.5160051216389244
<class 'dict'>
Training 30 epoch(s) w/ 489 batches each
[1,   100] loss: 0.011
[1,   200] loss: 0.008
[1,   300] loss: 0.007
[1,   400] loss: 0.007
[2,   100] loss: 0.006
[2,   200] loss: 0.005
[2,   300] loss: 0.005
[2,   400] loss: 0.006
[3,   100] loss: 0.006
[3,   200] loss: 0.005
[3,   300] loss: 0.005
[3,   400] loss: 0.006
[4,   100] loss: 0.037
[4,   200] loss: 0.035
[4,   300] loss: 0.035
[4,   400] loss: 0.035
[5,   100] loss: 0.036
[5,   200] loss: 0.035
[5,   300] loss: 0.035
[5,   400] loss: 0.035
[6,   100] loss: 0.035
[6,   200] loss: 0.035
[6,   300] loss: 0.035
[6,   400] loss: 0.035
[7,   100] loss: 0.035
[7,   200] loss: 0.035
[7,   300] loss: 0.035
[7,   400] loss: 0.035
[8,   100] loss: 0.035
[8,   200] loss: 0.035
[8,   300] loss: 0.035
[8,   400] loss: 0.035
[9,   100] loss: 0.035
[9,   200] loss: 0.035
[9,   300] loss: 0.035
[9,   400] loss: 0.035
[10,   100] loss: 0.035
[10,   200] loss: 0.035
[10,   300] loss: 0.035
[10,   400] loss: 0.035
[11,   100] loss: 0.035
[11,   200] loss: 0.035
[11,   300] loss: 0.035
[11,   400] loss: 0.035
[12,   100] loss: 0.035
[12,   200] loss: 0.035
[12,   300] loss: 0.035
[12,   400] loss: 0.035
[13,   100] loss: 0.035
[13,   200] loss: 0.035
[13,   300] loss: 0.035
[13,   400] loss: 0.035
[14,   100] loss: 0.035
[14,   200] loss: 0.035
[14,   300] loss: 0.035
[14,   400] loss: 0.035
[15,   100] loss: 0.035
[15,   200] loss: 0.035
[15,   300] loss: 0.035
[15,   400] loss: 0.035
[16,   100] loss: 0.035
[16,   200] loss: 0.035
[16,   300] loss: 0.035
[16,   400] loss: 0.035
[17,   100] loss: 0.035
[17,   200] loss: 0.035
[17,   300] loss: 0.035
[17,   400] loss: 0.035
[18,   100] loss: 0.035
[18,   200] loss: 0.035
[18,   300] loss: 0.035
[18,   400] loss: 0.035
[19,   100] loss: 0.035
[19,   200] loss: 0.035
[19,   300] loss: 0.035
[19,   400] loss: 0.035
[20,   100] loss: 0.035
[20,   200] loss: 0.035
[20,   300] loss: 0.035
[20,   400] loss: 0.035
[21,   100] loss: 0.035
[21,   200] loss: 0.035
[21,   300] loss: 0.035
[21,   400] loss: 0.035
[22,   100] loss: 0.035
[22,   200] loss: 0.035
[22,   300] loss: 0.035
[22,   400] loss: 0.035
[23,   100] loss: 0.035
[23,   200] loss: 0.035
[23,   300] loss: 0.035
[23,   400] loss: 0.035
[24,   100] loss: 0.035
[24,   200] loss: 0.035
[24,   300] loss: 0.035
[24,   400] loss: 0.035
[25,   100] loss: 0.035
[25,   200] loss: 0.035
[25,   300] loss: 0.035
[25,   400] loss: 0.035
[26,   100] loss: 0.036
[26,   200] loss: 0.035
[26,   300] loss: 0.035
[26,   400] loss: 0.035
[27,   100] loss: 0.035
[27,   200] loss: 0.035
[27,   300] loss: 0.035
[27,   400] loss: 0.035
[28,   100] loss: 0.035
[28,   200] loss: 0.035
[28,   300] loss: 0.035
[28,   400] loss: 0.035
[29,   100] loss: 0.035
[29,   200] loss: 0.035
[29,   300] loss: 0.035
[29,   400] loss: 0.035
[30,   100] loss: 0.035
[30,   200] loss: 0.035
[30,   300] loss: 0.035
[30,   400] loss: 0.035
<class 'float'> 0.4839948783610755
<class 'dict'>
<class 'float'> 0.0
<class 'dict'>
Training 30 epoch(s) w/ 489 batches each
[1,   100] loss: 0.049
[1,   200] loss: 0.036
[1,   300] loss: 0.035
[1,   400] loss: 0.035
[2,   100] loss: 0.035
[2,   200] loss: 0.035
[2,   300] loss: 0.035
[2,   400] loss: 0.035
[3,   100] loss: 0.035
[3,   200] loss: 0.035
[3,   300] loss: 0.035
[3,   400] loss: 0.035
[4,   100] loss: 0.035
[4,   200] loss: 0.035
[4,   300] loss: 0.035
[4,   400] loss: 0.035
[5,   100] loss: 0.035
[5,   200] loss: 0.035
[5,   300] loss: 0.035
[5,   400] loss: 0.035
[6,   100] loss: 0.035
[6,   200] loss: 0.035
[6,   300] loss: 0.035
[6,   400] loss: 0.035
[7,   100] loss: 0.035
[7,   200] loss: 0.035
[7,   300] loss: 0.035
[7,   400] loss: 0.035
[8,   100] loss: 0.035
[8,   200] loss: 0.035
[8,   300] loss: 0.035
[8,   400] loss: 0.035
[9,   100] loss: 0.035
[9,   200] loss: 0.035
[9,   300] loss: 0.035
[9,   400] loss: 0.035
[10,   100] loss: 0.035
[10,   200] loss: 0.035
[10,   300] loss: 0.035
[10,   400] loss: 0.035
[11,   100] loss: 0.035
[11,   200] loss: 0.035
[11,   300] loss: 0.035
[11,   400] loss: 0.035
[12,   100] loss: 0.035
[12,   200] loss: 0.035
[12,   300] loss: 0.035
[12,   400] loss: 0.035
[13,   100] loss: 0.035
[13,   200] loss: 0.035
[13,   300] loss: 0.035
[13,   400] loss: 0.035
[14,   100] loss: 0.035
[14,   200] loss: 0.035
[14,   300] loss: 0.035
[14,   400] loss: 0.035
[15,   100] loss: 0.035
[15,   200] loss: 0.035
[15,   300] loss: 0.035
[15,   400] loss: 0.035
[16,   100] loss: 0.035
[16,   200] loss: 0.035
[16,   300] loss: 0.035
[16,   400] loss: 0.035
[17,   100] loss: 0.035
[17,   200] loss: 0.035
[17,   300] loss: 0.035
[17,   400] loss: 0.035
[18,   100] loss: 0.035
[18,   200] loss: 0.035
[18,   300] loss: 0.035
[18,   400] loss: 0.035
[19,   100] loss: 0.035
[19,   200] loss: 0.035
[19,   300] loss: 0.035
[19,   400] loss: 0.035
[20,   100] loss: 0.035
[20,   200] loss: 0.035
[20,   300] loss: 0.035
[20,   400] loss: 0.035
[21,   100] loss: 0.035
[21,   200] loss: 0.035
[21,   300] loss: 0.035
[21,   400] loss: 0.035
[22,   100] loss: 0.036
[22,   200] loss: 0.035
[22,   300] loss: 0.035
[22,   400] loss: 0.035
[23,   100] loss: 0.035
[23,   200] loss: 0.035
[23,   300] loss: 0.035
[23,   400] loss: 0.035
[24,   100] loss: 0.035
[24,   200] loss: 0.035
[24,   300] loss: 0.035
[24,   400] loss: 0.035
[25,   100] loss: 0.035
[25,   200] loss: 0.035
[25,   300] loss: 0.035
[25,   400] loss: 0.035
[26,   100] loss: 0.035
[26,   200] loss: 0.035
[26,   300] loss: 0.035
[26,   400] loss: 0.035
[27,   100] loss: 0.035
[27,   200] loss: 0.035
[27,   300] loss: 0.035
[27,   400] loss: 0.035
[28,   100] loss: 0.035
[28,   200] loss: 0.035
[28,   300] loss: 0.035
[28,   400] loss: 0.035
[29,   100] loss: 0.035
[29,   200] loss: 0.035
[29,   300] loss: 0.035
[29,   400] loss: 0.035
[30,   100] loss: 0.035
[30,   200] loss: 0.035
[30,   300] loss: 0.035
[30,   400] loss: 0.035
<class 'float'> 0.0
<class 'dict'>
Training 30 epoch(s) w/ 489 batches each
[1,   100] loss: 0.045
[1,   200] loss: 0.035
[1,   300] loss: 0.035
[1,   400] loss: 0.035
[2,   100] loss: 0.035
[2,   200] loss: 0.035
[2,   300] loss: 0.035
[2,   400] loss: 0.035
[3,   100] loss: 0.035
[3,   200] loss: 0.035
[3,   300] loss: 0.035
[3,   400] loss: 0.035
[4,   100] loss: 0.035
[4,   200] loss: 0.035
[4,   300] loss: 0.035
[4,   400] loss: 0.035
[5,   100] loss: 0.035
[5,   200] loss: 0.035
[5,   300] loss: 0.035
[5,   400] loss: 0.035
[6,   100] loss: 0.035
[6,   200] loss: 0.035
[6,   300] loss: 0.035
[6,   400] loss: 0.035
[7,   100] loss: 0.035
[7,   200] loss: 0.035
[7,   300] loss: 0.035
[7,   400] loss: 0.035
[8,   100] loss: 0.035
[8,   200] loss: 0.035
[8,   300] loss: 0.035
[8,   400] loss: 0.035
[9,   100] loss: 0.035
[9,   200] loss: 0.035
[9,   300] loss: 0.035
[9,   400] loss: 0.035
[10,   100] loss: 0.035
[10,   200] loss: 0.035
[10,   300] loss: 0.035
[10,   400] loss: 0.035
[11,   100] loss: 0.035
[11,   200] loss: 0.035
[11,   300] loss: 0.035
[11,   400] loss: 0.035
[12,   100] loss: 0.035
[12,   200] loss: 0.035
[12,   300] loss: 0.035
[12,   400] loss: 0.035
[13,   100] loss: 0.035
[13,   200] loss: 0.035
[13,   300] loss: 0.035
[13,   400] loss: 0.035
[14,   100] loss: 0.035
[14,   200] loss: 0.035
[14,   300] loss: 0.035
[14,   400] loss: 0.035
[15,   100] loss: 0.035
[15,   200] loss: 0.035
[15,   300] loss: 0.035
[15,   400] loss: 0.035
[16,   100] loss: 0.035
[16,   200] loss: 0.035
[16,   300] loss: 0.035
[16,   400] loss: 0.035
[17,   100] loss: 0.035
[17,   200] loss: 0.035
[17,   300] loss: 0.035
[17,   400] loss: 0.035
[18,   100] loss: 0.035
[18,   200] loss: 0.035
[18,   300] loss: 0.035
[18,   400] loss: 0.035
[19,   100] loss: 0.035
[19,   200] loss: 0.035
[19,   300] loss: 0.035
[19,   400] loss: 0.035
[20,   100] loss: 0.035
[20,   200] loss: 0.035
[20,   300] loss: 0.035
[20,   400] loss: 0.035
[21,   100] loss: 0.035
[21,   200] loss: 0.035
[21,   300] loss: 0.035
[21,   400] loss: 0.035
[22,   100] loss: 0.035
[22,   200] loss: 0.035
[22,   300] loss: 0.035
[22,   400] loss: 0.035
[23,   100] loss: 0.035
[23,   200] loss: 0.035
[23,   300] loss: 0.035
[23,   400] loss: 0.035
[24,   100] loss: 0.035
[24,   200] loss: 0.035
[24,   300] loss: 0.035
[24,   400] loss: 0.035
[25,   100] loss: 0.035
[25,   200] loss: 0.035
[25,   300] loss: 0.035
[25,   400] loss: 0.035
[26,   100] loss: 0.035
[26,   200] loss: 0.035
[26,   300] loss: 0.035
[26,   400] loss: 0.035
[27,   100] loss: 0.035
[27,   200] loss: 0.035
[27,   300] loss: 0.035
[27,   400] loss: 0.035
[28,   100] loss: 0.035
[28,   200] loss: 0.035
[28,   300] loss: 0.035
[28,   400] loss: 0.035
[29,   100] loss: 0.035
[29,   200] loss: 0.035
[29,   300] loss: 0.035
[29,   400] loss: 0.035
[30,   100] loss: 0.035
[30,   200] loss: 0.035
[30,   300] loss: 0.035
[30,   400] loss: 0.035
<class 'float'> 0.0
<class 'dict'>
Training 30 epoch(s) w/ 489 batches each
[1,   100] loss: 0.042
[1,   200] loss: 0.036
[1,   300] loss: 0.035
[1,   400] loss: 0.035
[2,   100] loss: 0.035
[2,   200] loss: 0.035
[2,   300] loss: 0.035
[2,   400] loss: 0.035
[3,   100] loss: 0.035
[3,   200] loss: 0.035
[3,   300] loss: 0.035
[3,   400] loss: 0.035
[4,   100] loss: 0.035
[4,   200] loss: 0.035
[4,   300] loss: 0.035
[4,   400] loss: 0.035
[5,   100] loss: 0.035
[5,   200] loss: 0.035
[5,   300] loss: 0.035
[5,   400] loss: 0.035
[6,   100] loss: 0.035
[6,   200] loss: 0.035
[6,   300] loss: 0.035
[6,   400] loss: 0.035
[7,   100] loss: 0.035
[7,   200] loss: 0.035
[7,   300] loss: 0.035
[7,   400] loss: 0.035
[8,   100] loss: 0.035
[8,   200] loss: 0.035
[8,   300] loss: 0.035
[8,   400] loss: 0.035
[9,   100] loss: 0.035
[9,   200] loss: 0.035
[9,   300] loss: 0.035
[9,   400] loss: 0.035
[10,   100] loss: 0.035
[10,   200] loss: 0.035
[10,   300] loss: 0.035
[10,   400] loss: 0.035
[11,   100] loss: 0.035
[11,   200] loss: 0.035
[11,   300] loss: 0.035
[11,   400] loss: 0.035
[12,   100] loss: 0.035
[12,   200] loss: 0.035
[12,   300] loss: 0.035
[12,   400] loss: 0.035
[13,   100] loss: 0.035
[13,   200] loss: 0.035
[13,   300] loss: 0.035
[13,   400] loss: 0.035
[14,   100] loss: 0.035
[14,   200] loss: 0.035
[14,   300] loss: 0.035
[14,   400] loss: 0.035
[15,   100] loss: 0.035
[15,   200] loss: 0.035
[15,   300] loss: 0.035
[15,   400] loss: 0.035
[16,   100] loss: 0.035
[16,   200] loss: 0.035
[16,   300] loss: 0.035
[16,   400] loss: 0.035
[17,   100] loss: 0.035
[17,   200] loss: 0.035
[17,   300] loss: 0.035
[17,   400] loss: 0.035
[18,   100] loss: 0.035
[18,   200] loss: 0.035
[18,   300] loss: 0.035
[18,   400] loss: 0.035
[19,   100] loss: 0.035
[19,   200] loss: 0.035
[19,   300] loss: 0.035
[19,   400] loss: 0.035
[20,   100] loss: 0.035
[20,   200] loss: 0.035
[20,   300] loss: 0.035
[20,   400] loss: 0.035
[21,   100] loss: 0.035
[21,   200] loss: 0.035
[21,   300] loss: 0.035
[21,   400] loss: 0.035
[22,   100] loss: 0.035
[22,   200] loss: 0.035
[22,   300] loss: 0.035
[22,   400] loss: 0.035
[23,   100] loss: 0.035
[23,   200] loss: 0.035
[23,   300] loss: 0.035
[23,   400] loss: 0.035
[24,   100] loss: 0.035
[24,   200] loss: 0.035
[24,   300] loss: 0.035
[24,   400] loss: 0.035
[25,   100] loss: 0.035
[25,   200] loss: 0.035
[25,   300] loss: 0.035
[25,   400] loss: 0.035
[26,   100] loss: 0.035
[26,   200] loss: 0.035
[26,   300] loss: 0.035
[26,   400] loss: 0.035
[27,   100] loss: 0.035
[27,   200] loss: 0.035
[27,   300] loss: 0.035
[27,   400] loss: 0.035
[28,   100] loss: 0.035
[28,   200] loss: 0.035
[28,   300] loss: 0.035
[28,   400] loss: 0.035
[29,   100] loss: 0.035
[29,   200] loss: 0.035
[29,   300] loss: 0.035
[29,   400] loss: 0.035
[30,   100] loss: 0.035
[30,   200] loss: 0.035
[30,   300] loss: 0.035
[30,   400] loss: 0.035
<class 'float'> 0.0
<class 'dict'>
Training 30 epoch(s) w/ 489 batches each
[1,   100] loss: 0.041
[1,   200] loss: 0.035
[1,   300] loss: 0.035
[1,   400] loss: 0.035
[2,   100] loss: 0.035
[2,   200] loss: 0.035
[2,   300] loss: 0.035
[2,   400] loss: 0.035
[3,   100] loss: 0.035
[3,   200] loss: 0.035
[3,   300] loss: 0.035
[3,   400] loss: 0.035
[4,   100] loss: 0.035
[4,   200] loss: 0.035
[4,   300] loss: 0.035
[4,   400] loss: 0.035
[5,   100] loss: 0.035
[5,   200] loss: 0.035
[5,   300] loss: 0.035
[5,   400] loss: 0.035
[6,   100] loss: 0.035
[6,   200] loss: 0.035
[6,   300] loss: 0.035
[6,   400] loss: 0.035
[7,   100] loss: 0.035
[7,   200] loss: 0.035
[7,   300] loss: 0.035
[7,   400] loss: 0.035
[8,   100] loss: 0.035
[8,   200] loss: 0.035
[8,   300] loss: 0.035
[8,   400] loss: 0.035
[9,   100] loss: 0.035
[9,   200] loss: 0.035
[9,   300] loss: 0.035
[9,   400] loss: 0.035
[10,   100] loss: 0.035
[10,   200] loss: 0.035
[10,   300] loss: 0.035
[10,   400] loss: 0.035
[11,   100] loss: 0.035
[11,   200] loss: 0.035
[11,   300] loss: 0.035
[11,   400] loss: 0.035
[12,   100] loss: 0.035
[12,   200] loss: 0.035
[12,   300] loss: 0.035
[12,   400] loss: 0.035
[13,   100] loss: 0.035
[13,   200] loss: 0.035
[13,   300] loss: 0.035
[13,   400] loss: 0.035
[14,   100] loss: 0.035
[14,   200] loss: 0.035
[14,   300] loss: 0.035
[14,   400] loss: 0.035
[15,   100] loss: 0.035
[15,   200] loss: 0.035
[15,   300] loss: 0.035
[15,   400] loss: 0.035
[16,   100] loss: 0.035
[16,   200] loss: 0.035
[16,   300] loss: 0.035
[16,   400] loss: 0.035
[17,   100] loss: 0.035
[17,   200] loss: 0.035
[17,   300] loss: 0.035
[17,   400] loss: 0.035
[18,   100] loss: 0.035
[18,   200] loss: 0.035
[18,   300] loss: 0.035
[18,   400] loss: 0.035
[19,   100] loss: 0.035
[19,   200] loss: 0.035
[19,   300] loss: 0.035
[19,   400] loss: 0.035
[20,   100] loss: 0.035
[20,   200] loss: 0.035
[20,   300] loss: 0.035
[20,   400] loss: 0.035
[21,   100] loss: 0.035
[21,   200] loss: 0.035
[21,   300] loss: 0.035
[21,   400] loss: 0.035
[22,   100] loss: 0.035
[22,   200] loss: 0.035
[22,   300] loss: 0.035
[22,   400] loss: 0.035
[23,   100] loss: 0.035
[23,   200] loss: 0.035
[23,   300] loss: 0.035
[23,   400] loss: 0.035
[24,   100] loss: 0.035
[24,   200] loss: 0.035
[24,   300] loss: 0.035
[24,   400] loss: 0.035
[25,   100] loss: 0.035
[25,   200] loss: 0.035
[25,   300] loss: 0.035
[25,   400] loss: 0.035
[26,   100] loss: 0.035
[26,   200] loss: 0.035
[26,   300] loss: 0.035
[26,   400] loss: 0.035
[27,   100] loss: 0.035
[27,   200] loss: 0.035
[27,   300] loss: 0.035
[27,   400] loss: 0.035
[28,   100] loss: 0.035
[28,   200] loss: 0.035
[28,   300] loss: 0.035
[28,   400] loss: 0.035
[29,   100] loss: 0.035
[29,   200] loss: 0.035
[29,   300] loss: 0.035
[29,   400] loss: 0.035
[30,   100] loss: 0.035
[30,   200] loss: 0.035
[30,   300] loss: 0.035
[30,   400] loss: 0.035
<class 'float'> 0.0
<class 'dict'>
Training 30 epoch(s) w/ 489 batches each
[1,   100] loss: 0.040
[1,   200] loss: 0.035
[1,   300] loss: 0.035
[1,   400] loss: 0.035
[2,   100] loss: 0.035
[2,   200] loss: 0.035
[2,   300] loss: 0.035
[2,   400] loss: 0.035
[3,   100] loss: 0.035
[3,   200] loss: 0.035
[3,   300] loss: 0.035
[3,   400] loss: 0.035
[4,   100] loss: 0.035
[4,   200] loss: 0.035
[4,   300] loss: 0.035
[4,   400] loss: 0.035
[5,   100] loss: 0.035
[5,   200] loss: 0.035
[5,   300] loss: 0.035
[5,   400] loss: 0.035
[6,   100] loss: 0.036
[6,   200] loss: 0.035
[6,   300] loss: 0.035
[6,   400] loss: 0.035
[7,   100] loss: 0.035
[7,   200] loss: 0.035
[7,   300] loss: 0.035
[7,   400] loss: 0.035
[8,   100] loss: 0.035
[8,   200] loss: 0.035
[8,   300] loss: 0.035
[8,   400] loss: 0.035
[9,   100] loss: 0.035
[9,   200] loss: 0.035
[9,   300] loss: 0.035
[9,   400] loss: 0.035
[10,   100] loss: 0.035
[10,   200] loss: 0.035
[10,   300] loss: 0.035
[10,   400] loss: 0.035
[11,   100] loss: 0.035
[11,   200] loss: 0.035
[11,   300] loss: 0.035
[11,   400] loss: 0.035
[12,   100] loss: 0.035
[12,   200] loss: 0.035
[12,   300] loss: 0.035
[12,   400] loss: 0.035
[13,   100] loss: 0.035
[13,   200] loss: 0.035
[13,   300] loss: 0.035
[13,   400] loss: 0.035
[14,   100] loss: 0.035
[14,   200] loss: 0.035
[14,   300] loss: 0.035
[14,   400] loss: 0.035
[15,   100] loss: 0.035
[15,   200] loss: 0.035
[15,   300] loss: 0.035
[15,   400] loss: 0.035
[16,   100] loss: 0.035
[16,   200] loss: 0.035
[16,   300] loss: 0.035
[16,   400] loss: 0.035
[17,   100] loss: 0.035
[17,   200] loss: 0.035
[17,   300] loss: 0.035
[17,   400] loss: 0.035
[18,   100] loss: 0.035
[18,   200] loss: 0.035
[18,   300] loss: 0.035
[18,   400] loss: 0.035
[19,   100] loss: 0.035
[19,   200] loss: 0.035
[19,   300] loss: 0.035
[19,   400] loss: 0.035
[20,   100] loss: 0.035
[20,   200] loss: 0.035
[20,   300] loss: 0.035
[20,   400] loss: 0.035
[21,   100] loss: 0.035
[21,   200] loss: 0.035
[21,   300] loss: 0.035
[21,   400] loss: 0.035
[22,   100] loss: 0.035
[22,   200] loss: 0.035
[22,   300] loss: 0.035
[22,   400] loss: 0.035
[23,   100] loss: 0.035
[23,   200] loss: 0.035
[23,   300] loss: 0.035
[23,   400] loss: 0.035
[24,   100] loss: 0.035
[24,   200] loss: 0.035
[24,   300] loss: 0.035
[24,   400] loss: 0.035
[25,   100] loss: 0.035
[25,   200] loss: 0.035
[25,   300] loss: 0.035
[25,   400] loss: 0.035
[26,   100] loss: 0.035
[26,   200] loss: 0.035
[26,   300] loss: 0.035
[26,   400] loss: 0.035
[27,   100] loss: 0.035
[27,   200] loss: 0.035
[27,   300] loss: 0.035
[27,   400] loss: 0.035
[28,   100] loss: 0.035
[28,   200] loss: 0.035
[28,   300] loss: 0.035
[28,   400] loss: 0.035
[29,   100] loss: 0.035
[29,   200] loss: 0.035
[29,   300] loss: 0.035
[29,   400] loss: 0.035
[30,   100] loss: 0.035
[30,   200] loss: 0.035
[30,   300] loss: 0.035
[30,   400] loss: 0.035
<class 'float'> 0.0
<class 'dict'>
Training 30 epoch(s) w/ 489 batches each
[1,   100] loss: 0.040
[1,   200] loss: 0.035
[1,   300] loss: 0.035
[1,   400] loss: 0.035
[2,   100] loss: 0.036
[2,   200] loss: 0.035
[2,   300] loss: 0.035
[2,   400] loss: 0.035
[3,   100] loss: 0.035
[3,   200] loss: 0.035
[3,   300] loss: 0.035
[3,   400] loss: 0.035
[4,   100] loss: 0.035
[4,   200] loss: 0.035
[4,   300] loss: 0.035
[4,   400] loss: 0.035
[5,   100] loss: 0.035
[5,   200] loss: 0.035
[5,   300] loss: 0.035
[5,   400] loss: 0.035
[6,   100] loss: 0.035
[6,   200] loss: 0.035
[6,   300] loss: 0.035
[6,   400] loss: 0.035
[7,   100] loss: 0.035
[7,   200] loss: 0.035
[7,   300] loss: 0.035
[7,   400] loss: 0.035
[8,   100] loss: 0.035
[8,   200] loss: 0.035
[8,   300] loss: 0.035
[8,   400] loss: 0.035
[9,   100] loss: 0.035
[9,   200] loss: 0.035
[9,   300] loss: 0.035
[9,   400] loss: 0.035
[10,   100] loss: 0.035
[10,   200] loss: 0.035
[10,   300] loss: 0.035
[10,   400] loss: 0.035
[11,   100] loss: 0.035
[11,   200] loss: 0.035
[11,   300] loss: 0.035
[11,   400] loss: 0.035
[12,   100] loss: 0.035
[12,   200] loss: 0.035
[12,   300] loss: 0.035
[12,   400] loss: 0.035
[13,   100] loss: 0.035
[13,   200] loss: 0.035
[13,   300] loss: 0.035
[13,   400] loss: 0.035
[14,   100] loss: 0.035
[14,   200] loss: 0.035
[14,   300] loss: 0.035
[14,   400] loss: 0.035
[15,   100] loss: 0.035
[15,   200] loss: 0.035
[15,   300] loss: 0.035
[15,   400] loss: 0.035
[16,   100] loss: 0.035
[16,   200] loss: 0.035
[16,   300] loss: 0.035
[16,   400] loss: 0.035
[17,   100] loss: 0.035
[17,   200] loss: 0.035
[17,   300] loss: 0.035
[17,   400] loss: 0.035
[18,   100] loss: 0.035
[18,   200] loss: 0.035
[18,   300] loss: 0.035
[18,   400] loss: 0.035
[19,   100] loss: 0.035
[19,   200] loss: 0.035
[19,   300] loss: 0.035
[19,   400] loss: 0.035
[20,   100] loss: 0.035
[20,   200] loss: 0.035
[20,   300] loss: 0.035
[20,   400] loss: 0.035
[21,   100] loss: 0.035
[21,   200] loss: 0.035
[21,   300] loss: 0.035
[21,   400] loss: 0.035
[22,   100] loss: 0.035
[22,   200] loss: 0.035
[22,   300] loss: 0.035
[22,   400] loss: 0.035
[23,   100] loss: 0.035
[23,   200] loss: 0.035
[23,   300] loss: 0.035
[23,   400] loss: 0.035
[24,   100] loss: 0.035
[24,   200] loss: 0.035
[24,   300] loss: 0.035
[24,   400] loss: 0.035
[25,   100] loss: 0.035
[25,   200] loss: 0.035
[25,   300] loss: 0.035
[25,   400] loss: 0.035
[26,   100] loss: 0.035
[26,   200] loss: 0.035
[26,   300] loss: 0.035
[26,   400] loss: 0.035
[27,   100] loss: 0.035
[27,   200] loss: 0.035
[27,   300] loss: 0.035
[27,   400] loss: 0.035
[28,   100] loss: 0.035
[28,   200] loss: 0.035
[28,   300] loss: 0.035
[28,   400] loss: 0.035
[29,   100] loss: 0.035
[29,   200] loss: 0.035
[29,   300] loss: 0.035
[29,   400] loss: 0.035
[30,   100] loss: 0.035
[30,   200] loss: 0.035
[30,   300] loss: 0.035
[30,   400] loss: 0.035
<class 'float'> 0.0
<class 'dict'>
Training 30 epoch(s) w/ 489 batches each
[1,   100] loss: 0.039
[1,   200] loss: 0.035
[1,   300] loss: 0.035
[1,   400] loss: 0.035
[2,   100] loss: 0.035
[2,   200] loss: 0.035
[2,   300] loss: 0.035
[2,   400] loss: 0.035
[3,   100] loss: 0.035
[3,   200] loss: 0.035
[3,   300] loss: 0.035
[3,   400] loss: 0.035
[4,   100] loss: 0.035
[4,   200] loss: 0.035
[4,   300] loss: 0.035
[4,   400] loss: 0.035
[5,   100] loss: 0.035
[5,   200] loss: 0.035
[5,   300] loss: 0.035
[5,   400] loss: 0.035
[6,   100] loss: 0.035
[6,   200] loss: 0.035
[6,   300] loss: 0.035
[6,   400] loss: 0.035
[7,   100] loss: 0.035
[7,   200] loss: 0.035
[7,   300] loss: 0.035
[7,   400] loss: 0.035
[8,   100] loss: 0.035
[8,   200] loss: 0.035
[8,   300] loss: 0.035
[8,   400] loss: 0.035
[9,   100] loss: 0.035
[9,   200] loss: 0.035
[9,   300] loss: 0.035
[9,   400] loss: 0.035
[10,   100] loss: 0.035
[10,   200] loss: 0.035
[10,   300] loss: 0.035
[10,   400] loss: 0.035
[11,   100] loss: 0.035
[11,   200] loss: 0.035
[11,   300] loss: 0.035
[11,   400] loss: 0.035
[12,   100] loss: 0.035
[12,   200] loss: 0.035
[12,   300] loss: 0.035
[12,   400] loss: 0.035
[13,   100] loss: 0.035
[13,   200] loss: 0.035
[13,   300] loss: 0.035
[13,   400] loss: 0.035
[14,   100] loss: 0.035
[14,   200] loss: 0.035
[14,   300] loss: 0.035
[14,   400] loss: 0.035
[15,   100] loss: 0.035
[15,   200] loss: 0.035
[15,   300] loss: 0.035
[15,   400] loss: 0.035
[16,   100] loss: 0.035
[16,   200] loss: 0.035
[16,   300] loss: 0.035
[16,   400] loss: 0.035
[17,   100] loss: 0.035
[17,   200] loss: 0.035
[17,   300] loss: 0.035
[17,   400] loss: 0.035
[18,   100] loss: 0.035
[18,   200] loss: 0.035
[18,   300] loss: 0.035
[18,   400] loss: 0.035
[19,   100] loss: 0.035
[19,   200] loss: 0.035
[19,   300] loss: 0.035
[19,   400] loss: 0.035
[20,   100] loss: 0.035
[20,   200] loss: 0.035
[20,   300] loss: 0.035
[20,   400] loss: 0.035
[21,   100] loss: 0.035
[21,   200] loss: 0.035
[21,   300] loss: 0.035
[21,   400] loss: 0.035
[22,   100] loss: 0.035
[22,   200] loss: 0.035
[22,   300] loss: 0.035
[22,   400] loss: 0.035
[23,   100] loss: 0.035
[23,   200] loss: 0.035
[23,   300] loss: 0.035
[23,   400] loss: 0.035
[24,   100] loss: 0.035
[24,   200] loss: 0.035
[24,   300] loss: 0.035
[24,   400] loss: 0.035
[25,   100] loss: 0.035
[25,   200] loss: 0.035
[25,   300] loss: 0.035
[25,   400] loss: 0.035
[26,   100] loss: 0.035
[26,   200] loss: 0.035
[26,   300] loss: 0.035
[26,   400] loss: 0.035
[27,   100] loss: 0.035
[27,   200] loss: 0.035
[27,   300] loss: 0.035
[27,   400] loss: 0.035
[28,   100] loss: 0.035
[28,   200] loss: 0.035
[28,   300] loss: 0.035
[28,   400] loss: 0.035
[29,   100] loss: 0.035
[29,   200] loss: 0.035
[29,   300] loss: 0.035
[29,   400] loss: 0.035
[30,   100] loss: 0.035
[30,   200] loss: 0.035
[30,   300] loss: 0.035
[30,   400] loss: 0.035
<class 'float'> 0.4839948783610755
<class 'dict'>
<class 'float'> 0.0
<class 'dict'>
Training 30 epoch(s) w/ 489 batches each
[1,   100] loss: 0.044
[1,   200] loss: 0.035
[1,   300] loss: 0.035
[1,   400] loss: 0.035
[2,   100] loss: 0.035
[2,   200] loss: 0.035
[2,   300] loss: 0.035
[2,   400] loss: 0.035
[3,   100] loss: 0.035
[3,   200] loss: 0.035
[3,   300] loss: 0.035
[3,   400] loss: 0.035
[4,   100] loss: 0.035
[4,   200] loss: 0.035
[4,   300] loss: 0.035
[4,   400] loss: 0.035
[5,   100] loss: 0.035
[5,   200] loss: 0.035
[5,   300] loss: 0.035
[5,   400] loss: 0.035
[6,   100] loss: 0.035
[6,   200] loss: 0.035
[6,   300] loss: 0.035
[6,   400] loss: 0.035
[7,   100] loss: 0.036
[7,   200] loss: 0.035
[7,   300] loss: 0.035
[7,   400] loss: 0.035
[8,   100] loss: 0.035
[8,   200] loss: 0.035
[8,   300] loss: 0.035
[8,   400] loss: 0.035
[9,   100] loss: 0.035
[9,   200] loss: 0.035
[9,   300] loss: 0.035
[9,   400] loss: 0.035
[10,   100] loss: 0.035
[10,   200] loss: 0.035
[10,   300] loss: 0.035
[10,   400] loss: 0.035
[11,   100] loss: 0.035
[11,   200] loss: 0.035
[11,   300] loss: 0.035
[11,   400] loss: 0.035
[12,   100] loss: 0.035
[12,   200] loss: 0.035
[12,   300] loss: 0.035
[12,   400] loss: 0.035
[13,   100] loss: 0.035
[13,   200] loss: 0.035
[13,   300] loss: 0.035
[13,   400] loss: 0.035
[14,   100] loss: 0.035
[14,   200] loss: 0.035
[14,   300] loss: 0.035
[14,   400] loss: 0.035
[15,   100] loss: 0.035
[15,   200] loss: 0.035
[15,   300] loss: 0.035
[15,   400] loss: 0.035
[16,   100] loss: 0.035
[16,   200] loss: 0.035
[16,   300] loss: 0.035
[16,   400] loss: 0.035
[17,   100] loss: 0.035
[17,   200] loss: 0.035
[17,   300] loss: 0.035
[17,   400] loss: 0.035
[18,   100] loss: 0.035
[18,   200] loss: 0.035
[18,   300] loss: 0.035
[18,   400] loss: 0.035
[19,   100] loss: 0.035
[19,   200] loss: 0.035
[19,   300] loss: 0.035
[19,   400] loss: 0.035
[20,   100] loss: 0.035
[20,   200] loss: 0.035
[20,   300] loss: 0.035
[20,   400] loss: 0.035
[21,   100] loss: 0.035
[21,   200] loss: 0.035
[21,   300] loss: 0.035
[21,   400] loss: 0.035
[22,   100] loss: 0.035
[22,   200] loss: 0.035
[22,   300] loss: 0.035
[22,   400] loss: 0.035
[23,   100] loss: 0.035
[23,   200] loss: 0.035
[23,   300] loss: 0.035
[23,   400] loss: 0.035
[24,   100] loss: 0.035
[24,   200] loss: 0.035
[24,   300] loss: 0.035
[24,   400] loss: 0.035
[25,   100] loss: 0.035
[25,   200] loss: 0.035
[25,   300] loss: 0.035
[25,   400] loss: 0.035
[26,   100] loss: 0.035
[26,   200] loss: 0.035
[26,   300] loss: 0.035
[26,   400] loss: 0.035
[27,   100] loss: 0.035
[27,   200] loss: 0.035
[27,   300] loss: 0.035
[27,   400] loss: 0.035
[28,   100] loss: 0.035
[28,   200] loss: 0.035
[28,   300] loss: 0.035
[28,   400] loss: 0.035
[29,   100] loss: 0.035
[29,   200] loss: 0.035
[29,   300] loss: 0.035
[29,   400] loss: 0.035
[30,   100] loss: 0.035
[30,   200] loss: 0.035
[30,   300] loss: 0.035
[30,   400] loss: 0.035
<class 'float'> 0.4839948783610755
<class 'dict'>
Training 30 epoch(s) w/ 489 batches each
[1,   100] loss: 0.038
[1,   200] loss: 0.035
[1,   300] loss: 0.035
[1,   400] loss: 0.035
[2,   100] loss: 0.035
[2,   200] loss: 0.035
[2,   300] loss: 0.035
[2,   400] loss: 0.035
[3,   100] loss: 0.035
[3,   200] loss: 0.035
[3,   300] loss: 0.035
[3,   400] loss: 0.035
[4,   100] loss: 0.035
[4,   200] loss: 0.035
[4,   300] loss: 0.035
[4,   400] loss: 0.035
[5,   100] loss: 0.035
[5,   200] loss: 0.035
[5,   300] loss: 0.035
[5,   400] loss: 0.035
[6,   100] loss: 0.035
[6,   200] loss: 0.035
[6,   300] loss: 0.035
[6,   400] loss: 0.035
[7,   100] loss: 0.035
[7,   200] loss: 0.035
[7,   300] loss: 0.035
[7,   400] loss: 0.035
[8,   100] loss: 0.035
[8,   200] loss: 0.035
[8,   300] loss: 0.035
[8,   400] loss: 0.035
[9,   100] loss: 0.035
[9,   200] loss: 0.035
[9,   300] loss: 0.035
[9,   400] loss: 0.035
[10,   100] loss: 0.035
[10,   200] loss: 0.035
[10,   300] loss: 0.035
[10,   400] loss: 0.035
[11,   100] loss: 0.035
[11,   200] loss: 0.035
[11,   300] loss: 0.035
[11,   400] loss: 0.035
[12,   100] loss: 0.035
[12,   200] loss: 0.035
[12,   300] loss: 0.035
[12,   400] loss: 0.035
[13,   100] loss: 0.035
[13,   200] loss: 0.035
[13,   300] loss: 0.035
[13,   400] loss: 0.035
[14,   100] loss: 0.035
[14,   200] loss: 0.035
[14,   300] loss: 0.035
[14,   400] loss: 0.035
[15,   100] loss: 0.035
[15,   200] loss: 0.035
[15,   300] loss: 0.035
[15,   400] loss: 0.035
[16,   100] loss: 0.035
[16,   200] loss: 0.035
[16,   300] loss: 0.035
[16,   400] loss: 0.035
[17,   100] loss: 0.035
[17,   200] loss: 0.035
[17,   300] loss: 0.035
[17,   400] loss: 0.035
[18,   100] loss: 0.035
[18,   200] loss: 0.035
[18,   300] loss: 0.035
[18,   400] loss: 0.035
[19,   100] loss: 0.035
[19,   200] loss: 0.035
[19,   300] loss: 0.035
[19,   400] loss: 0.035
[20,   100] loss: 0.035
[20,   200] loss: 0.035
[20,   300] loss: 0.035
[20,   400] loss: 0.035
[21,   100] loss: 0.035
[21,   200] loss: 0.035
[21,   300] loss: 0.035
[21,   400] loss: 0.035
[22,   100] loss: 0.035
[22,   200] loss: 0.035
[22,   300] loss: 0.035
[22,   400] loss: 0.035
[23,   100] loss: 0.035
[23,   200] loss: 0.035
[23,   300] loss: 0.035
[23,   400] loss: 0.035
[24,   100] loss: 0.035
[24,   200] loss: 0.035
[24,   300] loss: 0.035
[24,   400] loss: 0.035
[25,   100] loss: 0.035
[25,   200] loss: 0.035
[25,   300] loss: 0.035
[25,   400] loss: 0.035
[26,   100] loss: 0.035
[26,   200] loss: 0.036
[26,   300] loss: 0.035
[26,   400] loss: 0.035
[27,   100] loss: 0.035
[27,   200] loss: 0.035
[27,   300] loss: 0.035
[27,   400] loss: 0.035
[28,   100] loss: 0.035
[28,   200] loss: 0.035
[28,   300] loss: 0.035
[28,   400] loss: 0.035
[29,   100] loss: 0.035
[29,   200] loss: 0.035
[29,   300] loss: 0.035
[29,   400] loss: 0.035
[30,   100] loss: 0.035
[30,   200] loss: 0.035
[30,   300] loss: 0.035
[30,   400] loss: 0.035
<class 'float'> 0.4839948783610755
<class 'dict'>
<class 'float'> 0.0
<class 'dict'>
<class 'float'> 0.0
<class 'dict'>
Training 30 epoch(s) w/ 489 batches each
[1,   100] loss: 0.091
[1,   200] loss: 0.036
[1,   300] loss: 0.036
[1,   400] loss: 0.036
[2,   100] loss: 0.035
[2,   200] loss: 0.035
[2,   300] loss: 0.035
[2,   400] loss: 0.035
[3,   100] loss: 0.035
[3,   200] loss: 0.035
[3,   300] loss: 0.035
[3,   400] loss: 0.035
[4,   100] loss: 0.035
[4,   200] loss: 0.035
[4,   300] loss: 0.035
[4,   400] loss: 0.035
[5,   100] loss: 0.035
[5,   200] loss: 0.035
[5,   300] loss: 0.035
[5,   400] loss: 0.035
[6,   100] loss: 0.035
[6,   200] loss: 0.035
[6,   300] loss: 0.035
[6,   400] loss: 0.035
[7,   100] loss: 0.035
[7,   200] loss: 0.035
[7,   300] loss: 0.035
[7,   400] loss: 0.035
[8,   100] loss: 0.035
[8,   200] loss: 0.035
[8,   300] loss: 0.035
[8,   400] loss: 0.035
[9,   100] loss: 0.035
[9,   200] loss: 0.035
[9,   300] loss: 0.035
[9,   400] loss: 0.035
[10,   100] loss: 0.035
[10,   200] loss: 0.035
[10,   300] loss: 0.035
[10,   400] loss: 0.035
[11,   100] loss: 0.035
[11,   200] loss: 0.035
[11,   300] loss: 0.035
[11,   400] loss: 0.035
[12,   100] loss: 0.035
[12,   200] loss: 0.035
[12,   300] loss: 0.035
[12,   400] loss: 0.035
[13,   100] loss: 0.035
[13,   200] loss: 0.035
[13,   300] loss: 0.035
[13,   400] loss: 0.035
[14,   100] loss: 0.035
[14,   200] loss: 0.035
[14,   300] loss: 0.035
[14,   400] loss: 0.035
[15,   100] loss: 0.036
[15,   200] loss: 0.035
[15,   300] loss: 0.035
[15,   400] loss: 0.035
[16,   100] loss: 0.035
[16,   200] loss: 0.035
[16,   300] loss: 0.035
[16,   400] loss: 0.035
[17,   100] loss: 0.035
[17,   200] loss: 0.035
[17,   300] loss: 0.035
[17,   400] loss: 0.035
[18,   100] loss: 0.035
[18,   200] loss: 0.035
[18,   300] loss: 0.035
[18,   400] loss: 0.035
[19,   100] loss: 0.035
[19,   200] loss: 0.035
[19,   300] loss: 0.035
[19,   400] loss: 0.035
[20,   100] loss: 0.035
[20,   200] loss: 0.035
[20,   300] loss: 0.035
[20,   400] loss: 0.035
[21,   100] loss: 0.035
[21,   200] loss: 0.035
[21,   300] loss: 0.035
[21,   400] loss: 0.035
[22,   100] loss: 0.035
[22,   200] loss: 0.035
[22,   300] loss: 0.035
[22,   400] loss: 0.035
[23,   100] loss: 0.035
[23,   200] loss: 0.035
[23,   300] loss: 0.035
[23,   400] loss: 0.035
[24,   100] loss: 0.035
[24,   200] loss: 0.035
[24,   300] loss: 0.035
[24,   400] loss: 0.035
[25,   100] loss: 0.035
[25,   200] loss: 0.035
[25,   300] loss: 0.035
[25,   400] loss: 0.035
[26,   100] loss: 0.035
[26,   200] loss: 0.035
[26,   300] loss: 0.035
[26,   400] loss: 0.035
[27,   100] loss: 0.035
[27,   200] loss: 0.035
[27,   300] loss: 0.035
[27,   400] loss: 0.035
[28,   100] loss: 0.035
[28,   200] loss: 0.035
[28,   300] loss: 0.035
[28,   400] loss: 0.035
[29,   100] loss: 0.035
[29,   200] loss: 0.035
[29,   300] loss: 0.035
[29,   400] loss: 0.035
[30,   100] loss: 0.035
[30,   200] loss: 0.035
[30,   300] loss: 0.035
[30,   400] loss: 0.035
<class 'float'> 0.0
<class 'dict'>
Training 30 epoch(s) w/ 489 batches each
[1,   100] loss: 0.054
[1,   200] loss: 0.036
[1,   300] loss: 0.036
[1,   400] loss: 0.035
[2,   100] loss: 0.035
[2,   200] loss: 0.035
[2,   300] loss: 0.035
[2,   400] loss: 0.035
[3,   100] loss: 0.035
[3,   200] loss: 0.035
[3,   300] loss: 0.035
[3,   400] loss: 0.035
[4,   100] loss: 0.035
[4,   200] loss: 0.035
[4,   300] loss: 0.035
[4,   400] loss: 0.035
[5,   100] loss: 0.035
[5,   200] loss: 0.035
[5,   300] loss: 0.035
[5,   400] loss: 0.035
[6,   100] loss: 0.035
[6,   200] loss: 0.035
[6,   300] loss: 0.035
[6,   400] loss: 0.035
[7,   100] loss: 0.035
[7,   200] loss: 0.035
[7,   300] loss: 0.035
[7,   400] loss: 0.035
[8,   100] loss: 0.035
[8,   200] loss: 0.035
[8,   300] loss: 0.035
[8,   400] loss: 0.035
[9,   100] loss: 0.035
[9,   200] loss: 0.035
[9,   300] loss: 0.035
[9,   400] loss: 0.035
[10,   100] loss: 0.035
[10,   200] loss: 0.035
[10,   300] loss: 0.035
[10,   400] loss: 0.035
[11,   100] loss: 0.035
[11,   200] loss: 0.035
[11,   300] loss: 0.035
[11,   400] loss: 0.035
[12,   100] loss: 0.035
[12,   200] loss: 0.035
[12,   300] loss: 0.035
[12,   400] loss: 0.035
[13,   100] loss: 0.035
[13,   200] loss: 0.035
[13,   300] loss: 0.035
[13,   400] loss: 0.035
[14,   100] loss: 0.035
[14,   200] loss: 0.035
[14,   300] loss: 0.035
[14,   400] loss: 0.035
[15,   100] loss: 0.035
[15,   200] loss: 0.035
[15,   300] loss: 0.035
[15,   400] loss: 0.035
[16,   100] loss: 0.035
[16,   200] loss: 0.035
[16,   300] loss: 0.035
[16,   400] loss: 0.035
[17,   100] loss: 0.035
[17,   200] loss: 0.035
[17,   300] loss: 0.035
[17,   400] loss: 0.035
[18,   100] loss: 0.035
[18,   200] loss: 0.035
[18,   300] loss: 0.035
[18,   400] loss: 0.035
[19,   100] loss: 0.035
[19,   200] loss: 0.035
[19,   300] loss: 0.035
[19,   400] loss: 0.035
[20,   100] loss: 0.035
[20,   200] loss: 0.035
[20,   300] loss: 0.035
[20,   400] loss: 0.035
[21,   100] loss: 0.035
[21,   200] loss: 0.035
[21,   300] loss: 0.035
[21,   400] loss: 0.035
[22,   100] loss: 0.035
[22,   200] loss: 0.035
[22,   300] loss: 0.035
[22,   400] loss: 0.035
[23,   100] loss: 0.035
[23,   200] loss: 0.035
[23,   300] loss: 0.035
[23,   400] loss: 0.035
[24,   100] loss: 0.035
[24,   200] loss: 0.035
[24,   300] loss: 0.035
[24,   400] loss: 0.035
[25,   100] loss: 0.035
[25,   200] loss: 0.035
[25,   300] loss: 0.035
[25,   400] loss: 0.035
[26,   100] loss: 0.035
[26,   200] loss: 0.035
[26,   300] loss: 0.035
[26,   400] loss: 0.035
[27,   100] loss: 0.035
[27,   200] loss: 0.035
[27,   300] loss: 0.035
[27,   400] loss: 0.035
[28,   100] loss: 0.035
[28,   200] loss: 0.035
[28,   300] loss: 0.035
[28,   400] loss: 0.035
[29,   100] loss: 0.035
[29,   200] loss: 0.035
[29,   300] loss: 0.035
[29,   400] loss: 0.035
[30,   100] loss: 0.035
[30,   200] loss: 0.035
[30,   300] loss: 0.035
[30,   400] loss: 0.035
<class 'float'> 0.0
<class 'dict'>
Training 30 epoch(s) w/ 489 batches each
[1,   100] loss: 0.045
[1,   200] loss: 0.035
[1,   300] loss: 0.035
[1,   400] loss: 0.035
[2,   100] loss: 0.035
[2,   200] loss: 0.035
[2,   300] loss: 0.035
[2,   400] loss: 0.035
[3,   100] loss: 0.035
[3,   200] loss: 0.035
[3,   300] loss: 0.035
[3,   400] loss: 0.035
[4,   100] loss: 0.035
[4,   200] loss: 0.035
[4,   300] loss: 0.035
[4,   400] loss: 0.035
[5,   100] loss: 0.035
[5,   200] loss: 0.035
[5,   300] loss: 0.035
[5,   400] loss: 0.035
[6,   100] loss: 0.035
[6,   200] loss: 0.036
[6,   300] loss: 0.035
[6,   400] loss: 0.035
[7,   100] loss: 0.035
[7,   200] loss: 0.035
[7,   300] loss: 0.035
[7,   400] loss: 0.035
[8,   100] loss: 0.035
[8,   200] loss: 0.035
[8,   300] loss: 0.035
[8,   400] loss: 0.035
[9,   100] loss: 0.035
[9,   200] loss: 0.035
[9,   300] loss: 0.035
[9,   400] loss: 0.035
[10,   100] loss: 0.035
[10,   200] loss: 0.035
[10,   300] loss: 0.035
[10,   400] loss: 0.035
[11,   100] loss: 0.035
[11,   200] loss: 0.035
[11,   300] loss: 0.035
[11,   400] loss: 0.035
[12,   100] loss: 0.035
[12,   200] loss: 0.035
[12,   300] loss: 0.035
[12,   400] loss: 0.035
[13,   100] loss: 0.035
[13,   200] loss: 0.035
[13,   300] loss: 0.035
[13,   400] loss: 0.035
[14,   100] loss: 0.035
[14,   200] loss: 0.035
[14,   300] loss: 0.035
[14,   400] loss: 0.035
[15,   100] loss: 0.035
[15,   200] loss: 0.035
[15,   300] loss: 0.035
[15,   400] loss: 0.035
[16,   100] loss: 0.035
[16,   200] loss: 0.035
[16,   300] loss: 0.035
[16,   400] loss: 0.035
[17,   100] loss: 0.035
[17,   200] loss: 0.035
[17,   300] loss: 0.035
[17,   400] loss: 0.035
[18,   100] loss: 0.035
[18,   200] loss: 0.035
[18,   300] loss: 0.035
[18,   400] loss: 0.035
[19,   100] loss: 0.035
[19,   200] loss: 0.035
[19,   300] loss: 0.035
[19,   400] loss: 0.035
[20,   100] loss: 0.035
[20,   200] loss: 0.035
[20,   300] loss: 0.035
[20,   400] loss: 0.035
[21,   100] loss: 0.035
[21,   200] loss: 0.035
[21,   300] loss: 0.035
[21,   400] loss: 0.035
[22,   100] loss: 0.035
[22,   200] loss: 0.035
[22,   300] loss: 0.035
[22,   400] loss: 0.035
[23,   100] loss: 0.035
[23,   200] loss: 0.035
[23,   300] loss: 0.035
[23,   400] loss: 0.035
[24,   100] loss: 0.035
[24,   200] loss: 0.035
[24,   300] loss: 0.035
[24,   400] loss: 0.035
[25,   100] loss: 0.035
[25,   200] loss: 0.035
[25,   300] loss: 0.035
[25,   400] loss: 0.035
[26,   100] loss: 0.035
[26,   200] loss: 0.035
[26,   300] loss: 0.035
[26,   400] loss: 0.035
[27,   100] loss: 0.035
[27,   200] loss: 0.035
[27,   300] loss: 0.035
[27,   400] loss: 0.035
[28,   100] loss: 0.035
[28,   200] loss: 0.035
[28,   300] loss: 0.035
[28,   400] loss: 0.035
[29,   100] loss: 0.035
[29,   200] loss: 0.035
[29,   300] loss: 0.035
[29,   400] loss: 0.035
[30,   100] loss: 0.035
[30,   200] loss: 0.035
[30,   300] loss: 0.035
[30,   400] loss: 0.035
<class 'float'> 0.0
<class 'dict'>
Training 30 epoch(s) w/ 489 batches each
[1,   100] loss: 0.040
[1,   200] loss: 0.035
[1,   300] loss: 0.035
[1,   400] loss: 0.035
[2,   100] loss: 0.035
[2,   200] loss: 0.035
[2,   300] loss: 0.035
[2,   400] loss: 0.035
[3,   100] loss: 0.035
[3,   200] loss: 0.035
[3,   300] loss: 0.035
[3,   400] loss: 0.035
[4,   100] loss: 0.035
[4,   200] loss: 0.035
[4,   300] loss: 0.035
[4,   400] loss: 0.035
[5,   100] loss: 0.035
[5,   200] loss: 0.035
[5,   300] loss: 0.035
[5,   400] loss: 0.035
[6,   100] loss: 0.035
[6,   200] loss: 0.035
[6,   300] loss: 0.035
[6,   400] loss: 0.035
[7,   100] loss: 0.035
[7,   200] loss: 0.035
[7,   300] loss: 0.035
[7,   400] loss: 0.035
[8,   100] loss: 0.035
[8,   200] loss: 0.035
[8,   300] loss: 0.035
[8,   400] loss: 0.035
[9,   100] loss: 0.035
[9,   200] loss: 0.035
[9,   300] loss: 0.035
[9,   400] loss: 0.035
[10,   100] loss: 0.035
[10,   200] loss: 0.035
[10,   300] loss: 0.035
[10,   400] loss: 0.035
[11,   100] loss: 0.035
[11,   200] loss: 0.035
[11,   300] loss: 0.035
[11,   400] loss: 0.035
[12,   100] loss: 0.035
[12,   200] loss: 0.035
[12,   300] loss: 0.035
[12,   400] loss: 0.035
[13,   100] loss: 0.035
[13,   200] loss: 0.035
[13,   300] loss: 0.035
[13,   400] loss: 0.035
[14,   100] loss: 0.035
[14,   200] loss: 0.035
[14,   300] loss: 0.035
[14,   400] loss: 0.035
[15,   100] loss: 0.035
[15,   200] loss: 0.035
[15,   300] loss: 0.035
[15,   400] loss: 0.035
[16,   100] loss: 0.035
[16,   200] loss: 0.035
[16,   300] loss: 0.035
[16,   400] loss: 0.035
[17,   100] loss: 0.035
[17,   200] loss: 0.035
[17,   300] loss: 0.035
[17,   400] loss: 0.035
[18,   100] loss: 0.035
[18,   200] loss: 0.035
[18,   300] loss: 0.035
[18,   400] loss: 0.035
[19,   100] loss: 0.035
[19,   200] loss: 0.035
[19,   300] loss: 0.035
[19,   400] loss: 0.035
[20,   100] loss: 0.035
[20,   200] loss: 0.035
[20,   300] loss: 0.035
[20,   400] loss: 0.035
[21,   100] loss: 0.035
[21,   200] loss: 0.035
[21,   300] loss: 0.035
[21,   400] loss: 0.035
[22,   100] loss: 0.035
[22,   200] loss: 0.035
[22,   300] loss: 0.035
[22,   400] loss: 0.035
[23,   100] loss: 0.035
[23,   200] loss: 0.035
[23,   300] loss: 0.035
[23,   400] loss: 0.035
[24,   100] loss: 0.035
[24,   200] loss: 0.035
[24,   300] loss: 0.035
[24,   400] loss: 0.035
[25,   100] loss: 0.035
[25,   200] loss: 0.035
[25,   300] loss: 0.035
[25,   400] loss: 0.035
[26,   100] loss: 0.035
[26,   200] loss: 0.035
[26,   300] loss: 0.035
[26,   400] loss: 0.035
[27,   100] loss: 0.035
[27,   200] loss: 0.035
[27,   300] loss: 0.035
[27,   400] loss: 0.035
[28,   100] loss: 0.035
[28,   200] loss: 0.035
[28,   300] loss: 0.035
[28,   400] loss: 0.035
[29,   100] loss: 0.035
[29,   200] loss: 0.035
[29,   300] loss: 0.035
[29,   400] loss: 0.035
[30,   100] loss: 0.035
[30,   200] loss: 0.035
[30,   300] loss: 0.035
[30,   400] loss: 0.035
<class 'float'> 0.5160051216389244
<class 'dict'>
Training 30 epoch(s) w/ 489 batches each
[1,   100] loss: 0.038
[1,   200] loss: 0.035
[1,   300] loss: 0.035
[1,   400] loss: 0.035
[2,   100] loss: 0.035
[2,   200] loss: 0.035
[2,   300] loss: 0.035
[2,   400] loss: 0.035
[3,   100] loss: 0.035
[3,   200] loss: 0.035
[3,   300] loss: 0.035
[3,   400] loss: 0.035
[4,   100] loss: 0.035
[4,   200] loss: 0.035
[4,   300] loss: 0.035
[4,   400] loss: 0.035
[5,   100] loss: 0.035
[5,   200] loss: 0.035
[5,   300] loss: 0.035
[5,   400] loss: 0.035
[6,   100] loss: 0.035
[6,   200] loss: 0.035
[6,   300] loss: 0.035
[6,   400] loss: 0.035
[7,   100] loss: 0.035
[7,   200] loss: 0.035
[7,   300] loss: 0.035
[7,   400] loss: 0.035
[8,   100] loss: 0.035
[8,   200] loss: 0.035
[8,   300] loss: 0.035
[8,   400] loss: 0.035
[9,   100] loss: 0.035
[9,   200] loss: 0.035
[9,   300] loss: 0.035
[9,   400] loss: 0.035
[10,   100] loss: 0.035
[10,   200] loss: 0.035
[10,   300] loss: 0.035
[10,   400] loss: 0.035
[11,   100] loss: 0.035
[11,   200] loss: 0.035
[11,   300] loss: 0.035
[11,   400] loss: 0.035
[12,   100] loss: 0.035
[12,   200] loss: 0.035
[12,   300] loss: 0.035
[12,   400] loss: 0.035
[13,   100] loss: 0.035
[13,   200] loss: 0.035
[13,   300] loss: 0.035
[13,   400] loss: 0.035
[14,   100] loss: 0.035
[14,   200] loss: 0.035
[14,   300] loss: 0.035
[14,   400] loss: 0.035
[15,   100] loss: 0.035
[15,   200] loss: 0.035
[15,   300] loss: 0.035
[15,   400] loss: 0.035
[16,   100] loss: 0.035
[16,   200] loss: 0.035
[16,   300] loss: 0.035
[16,   400] loss: 0.035
[17,   100] loss: 0.035
[17,   200] loss: 0.035
[17,   300] loss: 0.035
[17,   400] loss: 0.035
[18,   100] loss: 0.035
[18,   200] loss: 0.035
[18,   300] loss: 0.035
[18,   400] loss: 0.035
[19,   100] loss: 0.035
[19,   200] loss: 0.035
[19,   300] loss: 0.035
[19,   400] loss: 0.035
[20,   100] loss: 0.035
[20,   200] loss: 0.035
[20,   300] loss: 0.035
[20,   400] loss: 0.035
[21,   100] loss: 0.035
[21,   200] loss: 0.035
[21,   300] loss: 0.035
[21,   400] loss: 0.035
[22,   100] loss: 0.035
[22,   200] loss: 0.035
[22,   300] loss: 0.035
[22,   400] loss: 0.035
[23,   100] loss: 0.035
[23,   200] loss: 0.035
[23,   300] loss: 0.035
[23,   400] loss: 0.035
[24,   100] loss: 0.035
[24,   200] loss: 0.035
[24,   300] loss: 0.035
[24,   400] loss: 0.035
[25,   100] loss: 0.035
[25,   200] loss: 0.035
[25,   300] loss: 0.035
[25,   400] loss: 0.035
[26,   100] loss: 0.035
[26,   200] loss: 0.035
[26,   300] loss: 0.035
[26,   400] loss: 0.035
[27,   100] loss: 0.035
[27,   200] loss: 0.035
[27,   300] loss: 0.035
[27,   400] loss: 0.035
[28,   100] loss: 0.035
[28,   200] loss: 0.035
[28,   300] loss: 0.035
[28,   400] loss: 0.035
[29,   100] loss: 0.035
[29,   200] loss: 0.035
[29,   300] loss: 0.035
[29,   400] loss: 0.035
[30,   100] loss: 0.035
[30,   200] loss: 0.036
[30,   300] loss: 0.035
[30,   400] loss: 0.035
<class 'float'> 0.5160051216389244
<class 'dict'>
Training 30 epoch(s) w/ 489 batches each
[1,   100] loss: 0.037
[1,   200] loss: 0.035
[1,   300] loss: 0.035
[1,   400] loss: 0.035
[2,   100] loss: 0.035
[2,   200] loss: 0.035
[2,   300] loss: 0.035
[2,   400] loss: 0.035
[3,   100] loss: 0.035
[3,   200] loss: 0.035
[3,   300] loss: 0.035
[3,   400] loss: 0.035
[4,   100] loss: 0.035
[4,   200] loss: 0.035
[4,   300] loss: 0.035
[4,   400] loss: 0.035
[5,   100] loss: 0.035
[5,   200] loss: 0.035
[5,   300] loss: 0.035
[5,   400] loss: 0.035
[6,   100] loss: 0.035
[6,   200] loss: 0.035
[6,   300] loss: 0.035
[6,   400] loss: 0.035
[7,   100] loss: 0.035
[7,   200] loss: 0.035
[7,   300] loss: 0.035
[7,   400] loss: 0.035
[8,   100] loss: 0.035
[8,   200] loss: 0.035
[8,   300] loss: 0.035
[8,   400] loss: 0.035
[9,   100] loss: 0.035
[9,   200] loss: 0.035
[9,   300] loss: 0.035
[9,   400] loss: 0.035
[10,   100] loss: 0.035
[10,   200] loss: 0.035
[10,   300] loss: 0.035
[10,   400] loss: 0.035
[11,   100] loss: 0.035
[11,   200] loss: 0.035
[11,   300] loss: 0.035
[11,   400] loss: 0.035
[12,   100] loss: 0.035
[12,   200] loss: 0.035
[12,   300] loss: 0.035
[12,   400] loss: 0.035
[13,   100] loss: 0.035
[13,   200] loss: 0.035
[13,   300] loss: 0.035
[13,   400] loss: 0.035
[14,   100] loss: 0.035
[14,   200] loss: 0.035
[14,   300] loss: 0.035
[14,   400] loss: 0.035
[15,   100] loss: 0.035
[15,   200] loss: 0.035
[15,   300] loss: 0.035
[15,   400] loss: 0.035
[16,   100] loss: 0.035
[16,   200] loss: 0.035
[16,   300] loss: 0.035
[16,   400] loss: 0.035
[17,   100] loss: 0.035
[17,   200] loss: 0.035
[17,   300] loss: 0.035
[17,   400] loss: 0.035
[18,   100] loss: 0.035
[18,   200] loss: 0.035
[18,   300] loss: 0.035
[18,   400] loss: 0.035
[19,   100] loss: 0.035
[19,   200] loss: 0.035
[19,   300] loss: 0.035
[19,   400] loss: 0.035
[20,   100] loss: 0.035
[20,   200] loss: 0.035
[20,   300] loss: 0.035
[20,   400] loss: 0.035
[21,   100] loss: 0.035
[21,   200] loss: 0.035
[21,   300] loss: 0.035
[21,   400] loss: 0.035
[22,   100] loss: 0.035
[22,   200] loss: 0.035
[22,   300] loss: 0.035
[22,   400] loss: 0.035
[23,   100] loss: 0.035
[23,   200] loss: 0.035
[23,   300] loss: 0.035
[23,   400] loss: 0.035
[24,   100] loss: 0.035
[24,   200] loss: 0.035
[24,   300] loss: 0.035
[24,   400] loss: 0.035
[25,   100] loss: 0.035
[25,   200] loss: 0.035
[25,   300] loss: 0.035
[25,   400] loss: 0.035
[26,   100] loss: 0.035
[26,   200] loss: 0.035
[26,   300] loss: 0.035
[26,   400] loss: 0.035
[27,   100] loss: 0.035
[27,   200] loss: 0.035
[27,   300] loss: 0.035
[27,   400] loss: 0.035
[28,   100] loss: 0.035
[28,   200] loss: 0.035
[28,   300] loss: 0.035
[28,   400] loss: 0.035
[29,   100] loss: 0.035
[29,   200] loss: 0.035
[29,   300] loss: 0.035
[29,   400] loss: 0.035
[30,   100] loss: 0.035
[30,   200] loss: 0.035
[30,   300] loss: 0.035
[30,   400] loss: 0.035
<class 'float'> 0.5160051216389244
<class 'dict'>
Training 30 epoch(s) w/ 489 batches each
[1,   100] loss: 0.036
[1,   200] loss: 0.035
[1,   300] loss: 0.036
[1,   400] loss: 0.035
[2,   100] loss: 0.035
[2,   200] loss: 0.035
[2,   300] loss: 0.035
[2,   400] loss: 0.035
[3,   100] loss: 0.035
[3,   200] loss: 0.035
[3,   300] loss: 0.035
[3,   400] loss: 0.035
[4,   100] loss: 0.035
[4,   200] loss: 0.035
[4,   300] loss: 0.035
[4,   400] loss: 0.035
[5,   100] loss: 0.035
[5,   200] loss: 0.035
[5,   300] loss: 0.035
[5,   400] loss: 0.035
[6,   100] loss: 0.035
[6,   200] loss: 0.035
[6,   300] loss: 0.035
[6,   400] loss: 0.035
[7,   100] loss: 0.035
[7,   200] loss: 0.035
[7,   300] loss: 0.035
[7,   400] loss: 0.035
[8,   100] loss: 0.035
[8,   200] loss: 0.035
[8,   300] loss: 0.035
[8,   400] loss: 0.035
[9,   100] loss: 0.035
[9,   200] loss: 0.035
[9,   300] loss: 0.035
[9,   400] loss: 0.035
[10,   100] loss: 0.035
[10,   200] loss: 0.035
[10,   300] loss: 0.035
[10,   400] loss: 0.035
[11,   100] loss: 0.035
[11,   200] loss: 0.035
[11,   300] loss: 0.035
[11,   400] loss: 0.035
[12,   100] loss: 0.035
[12,   200] loss: 0.035
[12,   300] loss: 0.035
[12,   400] loss: 0.035
[13,   100] loss: 0.035
[13,   200] loss: 0.035
[13,   300] loss: 0.035
[13,   400] loss: 0.035
[14,   100] loss: 0.035
[14,   200] loss: 0.035
[14,   300] loss: 0.035
[14,   400] loss: 0.035
[15,   100] loss: 0.035
[15,   200] loss: 0.035
[15,   300] loss: 0.035
[15,   400] loss: 0.035
[16,   100] loss: 0.035
[16,   200] loss: 0.035
[16,   300] loss: 0.035
[16,   400] loss: 0.035
[17,   100] loss: 0.036
[17,   200] loss: 0.035
[17,   300] loss: 0.035
[17,   400] loss: 0.035
[18,   100] loss: 0.035
[18,   200] loss: 0.035
[18,   300] loss: 0.035
[18,   400] loss: 0.035
[19,   100] loss: 0.035
[19,   200] loss: 0.035
[19,   300] loss: 0.035
[19,   400] loss: 0.035
[20,   100] loss: 0.035
[20,   200] loss: 0.035
[20,   300] loss: 0.035
[20,   400] loss: 0.035
[21,   100] loss: 0.035
[21,   200] loss: 0.035
[21,   300] loss: 0.035
[21,   400] loss: 0.035
[22,   100] loss: 0.035
[22,   200] loss: 0.035
[22,   300] loss: 0.035
[22,   400] loss: 0.035
[23,   100] loss: 0.035
[23,   200] loss: 0.035
[23,   300] loss: 0.035
[23,   400] loss: 0.035
[24,   100] loss: 0.035
[24,   200] loss: 0.035
[24,   300] loss: 0.035
[24,   400] loss: 0.035
[25,   100] loss: 0.035
[25,   200] loss: 0.035
[25,   300] loss: 0.035
[25,   400] loss: 0.035
[26,   100] loss: 0.035
[26,   200] loss: 0.035
[26,   300] loss: 0.035
[26,   400] loss: 0.035
[27,   100] loss: 0.035
[27,   200] loss: 0.035
[27,   300] loss: 0.035
[27,   400] loss: 0.035
[28,   100] loss: 0.035
[28,   200] loss: 0.035
[28,   300] loss: 0.035
[28,   400] loss: 0.035
[29,   100] loss: 0.035
[29,   200] loss: 0.035
[29,   300] loss: 0.035
[29,   400] loss: 0.035
[30,   100] loss: 0.035
[30,   200] loss: 0.035
[30,   300] loss: 0.035
[30,   400] loss: 0.035
<class 'float'> 0.5160051216389244
<class 'dict'>
<class 'float'> 0.0
<class 'dict'>
Training 30 epoch(s) w/ 489 batches each
[1,   100] loss: 0.045
[1,   200] loss: 0.035
[1,   300] loss: 0.035
[1,   400] loss: 0.035
[2,   100] loss: 0.035
[2,   200] loss: 0.035
[2,   300] loss: 0.035
[2,   400] loss: 0.035
[3,   100] loss: 0.035
[3,   200] loss: 0.035
[3,   300] loss: 0.035
[3,   400] loss: 0.035
[4,   100] loss: 0.035
[4,   200] loss: 0.035
[4,   300] loss: 0.035
[4,   400] loss: 0.035
[5,   100] loss: 0.035
[5,   200] loss: 0.035
[5,   300] loss: 0.035
[5,   400] loss: 0.035
[6,   100] loss: 0.035
[6,   200] loss: 0.035
[6,   300] loss: 0.035
[6,   400] loss: 0.035
[7,   100] loss: 0.035
[7,   200] loss: 0.035
[7,   300] loss: 0.035
[7,   400] loss: 0.035
[8,   100] loss: 0.035
[8,   200] loss: 0.035
[8,   300] loss: 0.035
[8,   400] loss: 0.035
[9,   100] loss: 0.035
[9,   200] loss: 0.035
[9,   300] loss: 0.035
[9,   400] loss: 0.035
[10,   100] loss: 0.035
[10,   200] loss: 0.035
[10,   300] loss: 0.035
[10,   400] loss: 0.035
[11,   100] loss: 0.035
[11,   200] loss: 0.035
[11,   300] loss: 0.035
[11,   400] loss: 0.035
[12,   100] loss: 0.035
[12,   200] loss: 0.035
[12,   300] loss: 0.035
[12,   400] loss: 0.035
[13,   100] loss: 0.035
[13,   200] loss: 0.035
[13,   300] loss: 0.035
[13,   400] loss: 0.035
[14,   100] loss: 0.035
[14,   200] loss: 0.035
[14,   300] loss: 0.035
[14,   400] loss: 0.035
[15,   100] loss: 0.035
[15,   200] loss: 0.035
[15,   300] loss: 0.035
[15,   400] loss: 0.035
[16,   100] loss: 0.035
[16,   200] loss: 0.035
[16,   300] loss: 0.035
[16,   400] loss: 0.035
[17,   100] loss: 0.035
[17,   200] loss: 0.035
[17,   300] loss: 0.035
[17,   400] loss: 0.035
[18,   100] loss: 0.035
[18,   200] loss: 0.035
[18,   300] loss: 0.035
[18,   400] loss: 0.035
[19,   100] loss: 0.035
[19,   200] loss: 0.035
[19,   300] loss: 0.035
[19,   400] loss: 0.035
[20,   100] loss: 0.035
[20,   200] loss: 0.035
[20,   300] loss: 0.035
[20,   400] loss: 0.035
[21,   100] loss: 0.035
[21,   200] loss: 0.035
[21,   300] loss: 0.035
[21,   400] loss: 0.035
[22,   100] loss: 0.035
[22,   200] loss: 0.035
[22,   300] loss: 0.035
[22,   400] loss: 0.035
[23,   100] loss: 0.035
[23,   200] loss: 0.035
[23,   300] loss: 0.035
[23,   400] loss: 0.035
[24,   100] loss: 0.035
[24,   200] loss: 0.035
[24,   300] loss: 0.035
[24,   400] loss: 0.036
[25,   100] loss: 0.035
[25,   200] loss: 0.035
[25,   300] loss: 0.035
[25,   400] loss: 0.035
[26,   100] loss: 0.035
[26,   200] loss: 0.035
[26,   300] loss: 0.035
[26,   400] loss: 0.035
[27,   100] loss: 0.035
[27,   200] loss: 0.035
[27,   300] loss: 0.035
[27,   400] loss: 0.035
[28,   100] loss: 0.035
[28,   200] loss: 0.035
[28,   300] loss: 0.035
[28,   400] loss: 0.035
[29,   100] loss: 0.035
[29,   200] loss: 0.035
[29,   300] loss: 0.035
[29,   400] loss: 0.035
[30,   100] loss: 0.035
[30,   200] loss: 0.035
[30,   300] loss: 0.035
[30,   400] loss: 0.035
<class 'float'> 0.0
<class 'dict'>
Training 30 epoch(s) w/ 489 batches each
[1,   100] loss: 0.041
[1,   200] loss: 0.036
[1,   300] loss: 0.035
[1,   400] loss: 0.035
[2,   100] loss: 0.035
[2,   200] loss: 0.035
[2,   300] loss: 0.035
[2,   400] loss: 0.035
[3,   100] loss: 0.035
[3,   200] loss: 0.035
[3,   300] loss: 0.035
[3,   400] loss: 0.035
[4,   100] loss: 0.035
[4,   200] loss: 0.035
[4,   300] loss: 0.035
[4,   400] loss: 0.035
[5,   100] loss: 0.035
[5,   200] loss: 0.035
[5,   300] loss: 0.035
[5,   400] loss: 0.035
[6,   100] loss: 0.035
[6,   200] loss: 0.035
[6,   300] loss: 0.035
[6,   400] loss: 0.035
[7,   100] loss: 0.035
[7,   200] loss: 0.035
[7,   300] loss: 0.035
[7,   400] loss: 0.035
[8,   100] loss: 0.035
[8,   200] loss: 0.035
[8,   300] loss: 0.035
[8,   400] loss: 0.035
[9,   100] loss: 0.035
[9,   200] loss: 0.035
[9,   300] loss: 0.035
[9,   400] loss: 0.035
[10,   100] loss: 0.035
[10,   200] loss: 0.035
[10,   300] loss: 0.035
[10,   400] loss: 0.035
[11,   100] loss: 0.035
[11,   200] loss: 0.035
[11,   300] loss: 0.035
[11,   400] loss: 0.035
[12,   100] loss: 0.035
[12,   200] loss: 0.035
[12,   300] loss: 0.035
[12,   400] loss: 0.035
[13,   100] loss: 0.035
[13,   200] loss: 0.035
[13,   300] loss: 0.035
[13,   400] loss: 0.035
[14,   100] loss: 0.035
[14,   200] loss: 0.036
[14,   300] loss: 0.035
[14,   400] loss: 0.035
[15,   100] loss: 0.035
[15,   200] loss: 0.035
[15,   300] loss: 0.035
[15,   400] loss: 0.035
[16,   100] loss: 0.035
[16,   200] loss: 0.035
[16,   300] loss: 0.035
[16,   400] loss: 0.035
[17,   100] loss: 0.035
[17,   200] loss: 0.035
[17,   300] loss: 0.035
[17,   400] loss: 0.035
[18,   100] loss: 0.035
[18,   200] loss: 0.035
[18,   300] loss: 0.035
[18,   400] loss: 0.035
[19,   100] loss: 0.035
[19,   200] loss: 0.035
[19,   300] loss: 0.035
[19,   400] loss: 0.035
[20,   100] loss: 0.035
[20,   200] loss: 0.035
[20,   300] loss: 0.035
[20,   400] loss: 0.035
[21,   100] loss: 0.035
[21,   200] loss: 0.035
[21,   300] loss: 0.035
[21,   400] loss: 0.035
[22,   100] loss: 0.035
[22,   200] loss: 0.035
[22,   300] loss: 0.035
[22,   400] loss: 0.035
[23,   100] loss: 0.035
[23,   200] loss: 0.035
[23,   300] loss: 0.035
[23,   400] loss: 0.035
[24,   100] loss: 0.035
[24,   200] loss: 0.035
[24,   300] loss: 0.035
[24,   400] loss: 0.035
[25,   100] loss: 0.035
[25,   200] loss: 0.035
[25,   300] loss: 0.035
[25,   400] loss: 0.035
[26,   100] loss: 0.035
[26,   200] loss: 0.035
[26,   300] loss: 0.035
[26,   400] loss: 0.035
[27,   100] loss: 0.035
[27,   200] loss: 0.035
[27,   300] loss: 0.035
[27,   400] loss: 0.035
[28,   100] loss: 0.035
[28,   200] loss: 0.035
[28,   300] loss: 0.035
[28,   400] loss: 0.035
[29,   100] loss: 0.035
[29,   200] loss: 0.035
[29,   300] loss: 0.035
[29,   400] loss: 0.035
[30,   100] loss: 0.035
[30,   200] loss: 0.035
[30,   300] loss: 0.035
[30,   400] loss: 0.035
<class 'float'> 0.0
<class 'dict'>
<class 'float'> 0.0
<class 'dict'>
Training 30 epoch(s) w/ 489 batches each
[1,   100] loss: 0.064
[1,   200] loss: 0.036
[1,   300] loss: 0.036
[1,   400] loss: 0.035
[2,   100] loss: 0.035
[2,   200] loss: 0.035
[2,   300] loss: 0.035
[2,   400] loss: 0.035
[3,   100] loss: 0.035
[3,   200] loss: 0.035
[3,   300] loss: 0.035
[3,   400] loss: 0.035
[4,   100] loss: 0.035
[4,   200] loss: 0.035
[4,   300] loss: 0.035
[4,   400] loss: 0.035
[5,   100] loss: 0.035
[5,   200] loss: 0.035
[5,   300] loss: 0.035
[5,   400] loss: 0.036
[6,   100] loss: 0.035
[6,   200] loss: 0.035
[6,   300] loss: 0.035
[6,   400] loss: 0.036
[7,   100] loss: 0.035
[7,   200] loss: 0.035
[7,   300] loss: 0.035
[7,   400] loss: 0.035
[8,   100] loss: 0.035
[8,   200] loss: 0.035
[8,   300] loss: 0.035
[8,   400] loss: 0.035
[9,   100] loss: 0.035
[9,   200] loss: 0.035
[9,   300] loss: 0.035
[9,   400] loss: 0.035
[10,   100] loss: 0.035
[10,   200] loss: 0.035
[10,   300] loss: 0.035
[10,   400] loss: 0.035
[11,   100] loss: 0.035
[11,   200] loss: 0.035
[11,   300] loss: 0.035
[11,   400] loss: 0.035
[12,   100] loss: 0.035
[12,   200] loss: 0.035
[12,   300] loss: 0.035
[12,   400] loss: 0.035
[13,   100] loss: 0.035
[13,   200] loss: 0.035
[13,   300] loss: 0.035
[13,   400] loss: 0.035
[14,   100] loss: 0.035
[14,   200] loss: 0.035
[14,   300] loss: 0.035
[14,   400] loss: 0.035
[15,   100] loss: 0.035
[15,   200] loss: 0.035
[15,   300] loss: 0.035
[15,   400] loss: 0.035
[16,   100] loss: 0.035
[16,   200] loss: 0.035
[16,   300] loss: 0.035
[16,   400] loss: 0.035
[17,   100] loss: 0.035
[17,   200] loss: 0.035
[17,   300] loss: 0.035
[17,   400] loss: 0.035
[18,   100] loss: 0.035
[18,   200] loss: 0.035
[18,   300] loss: 0.035
[18,   400] loss: 0.035
[19,   100] loss: 0.035
[19,   200] loss: 0.035
[19,   300] loss: 0.035
[19,   400] loss: 0.035
[20,   100] loss: 0.035
[20,   200] loss: 0.035
[20,   300] loss: 0.035
[20,   400] loss: 0.035
[21,   100] loss: 0.035
[21,   200] loss: 0.035
[21,   300] loss: 0.035
[21,   400] loss: 0.035
[22,   100] loss: 0.035
[22,   200] loss: 0.035
[22,   300] loss: 0.035
[22,   400] loss: 0.035
[23,   100] loss: 0.035
[23,   200] loss: 0.035
[23,   300] loss: 0.035
[23,   400] loss: 0.035
[24,   100] loss: 0.035
[24,   200] loss: 0.035
[24,   300] loss: 0.035
[24,   400] loss: 0.035
[25,   100] loss: 0.035
[25,   200] loss: 0.035
[25,   300] loss: 0.035
[25,   400] loss: 0.035
[26,   100] loss: 0.035
[26,   200] loss: 0.035
[26,   300] loss: 0.035
[26,   400] loss: 0.035
[27,   100] loss: 0.035
[27,   200] loss: 0.035
[27,   300] loss: 0.035
[27,   400] loss: 0.035
[28,   100] loss: 0.035
[28,   200] loss: 0.035
[28,   300] loss: 0.035
[28,   400] loss: 0.035
[29,   100] loss: 0.035
[29,   200] loss: 0.035
[29,   300] loss: 0.035
[29,   400] loss: 0.035
[30,   100] loss: 0.035
[30,   200] loss: 0.035
[30,   300] loss: 0.035
[30,   400] loss: 0.035
<class 'float'> 0.0
<class 'dict'>
Training 30 epoch(s) w/ 489 batches each
[1,   100] loss: 0.053
[1,   200] loss: 0.036
[1,   300] loss: 0.035
[1,   400] loss: 0.035
[2,   100] loss: 0.035
[2,   200] loss: 0.035
[2,   300] loss: 0.035
[2,   400] loss: 0.035
[3,   100] loss: 0.035
[3,   200] loss: 0.035
[3,   300] loss: 0.035
[3,   400] loss: 0.035
[4,   100] loss: 0.035
[4,   200] loss: 0.035
[4,   300] loss: 0.035
[4,   400] loss: 0.035
[5,   100] loss: 0.035
[5,   200] loss: 0.035
[5,   300] loss: 0.035
[5,   400] loss: 0.035
[6,   100] loss: 0.035
[6,   200] loss: 0.035
[6,   300] loss: 0.035
[6,   400] loss: 0.035
[7,   100] loss: 0.035
[7,   200] loss: 0.035
[7,   300] loss: 0.035
[7,   400] loss: 0.035
[8,   100] loss: 0.035
[8,   200] loss: 0.035
[8,   300] loss: 0.035
[8,   400] loss: 0.035
[9,   100] loss: 0.035
[9,   200] loss: 0.035
[9,   300] loss: 0.035
[9,   400] loss: 0.035
[10,   100] loss: 0.035
[10,   200] loss: 0.035
[10,   300] loss: 0.035
[10,   400] loss: 0.035
[11,   100] loss: 0.035
[11,   200] loss: 0.035
[11,   300] loss: 0.035
[11,   400] loss: 0.035
[12,   100] loss: 0.035
[12,   200] loss: 0.035
[12,   300] loss: 0.035
[12,   400] loss: 0.035
[13,   100] loss: 0.035
[13,   200] loss: 0.035
[13,   300] loss: 0.035
[13,   400] loss: 0.035
[14,   100] loss: 0.035
[14,   200] loss: 0.035
[14,   300] loss: 0.035
[14,   400] loss: 0.035
[15,   100] loss: 0.035
[15,   200] loss: 0.035
[15,   300] loss: 0.035
[15,   400] loss: 0.035
[16,   100] loss: 0.035
[16,   200] loss: 0.035
[16,   300] loss: 0.035
[16,   400] loss: 0.035
[17,   100] loss: 0.035
[17,   200] loss: 0.035
[17,   300] loss: 0.035
[17,   400] loss: 0.035
[18,   100] loss: 0.035
[18,   200] loss: 0.035
[18,   300] loss: 0.035
[18,   400] loss: 0.035
[19,   100] loss: 0.035
[19,   200] loss: 0.035
[19,   300] loss: 0.035
[19,   400] loss: 0.035
[20,   100] loss: 0.035
[20,   200] loss: 0.035
[20,   300] loss: 0.035
[20,   400] loss: 0.036
[21,   100] loss: 0.035
[21,   200] loss: 0.035
[21,   300] loss: 0.035
[21,   400] loss: 0.035
[22,   100] loss: 0.035
[22,   200] loss: 0.035
[22,   300] loss: 0.035
[22,   400] loss: 0.035
[23,   100] loss: 0.035
[23,   200] loss: 0.035
[23,   300] loss: 0.035
[23,   400] loss: 0.035
[24,   100] loss: 0.035
[24,   200] loss: 0.035
[24,   300] loss: 0.035
[24,   400] loss: 0.035
[25,   100] loss: 0.035
[25,   200] loss: 0.035
[25,   300] loss: 0.035
[25,   400] loss: 0.035
[26,   100] loss: 0.035
[26,   200] loss: 0.035
[26,   300] loss: 0.035
[26,   400] loss: 0.035
[27,   100] loss: 0.035
[27,   200] loss: 0.035
[27,   300] loss: 0.035
[27,   400] loss: 0.035
[28,   100] loss: 0.035
[28,   200] loss: 0.035
[28,   300] loss: 0.035
[28,   400] loss: 0.035
[29,   100] loss: 0.035
[29,   200] loss: 0.035
[29,   300] loss: 0.035
[29,   400] loss: 0.035
[30,   100] loss: 0.035
[30,   200] loss: 0.035
[30,   300] loss: 0.035
[30,   400] loss: 0.035
<class 'float'> 0.0
<class 'dict'>
Training 30 epoch(s) w/ 489 batches each
[1,   100] loss: 0.046
[1,   200] loss: 0.035
[1,   300] loss: 0.035
[1,   400] loss: 0.035
[2,   100] loss: 0.035
[2,   200] loss: 0.035
[2,   300] loss: 0.035
[2,   400] loss: 0.035
[3,   100] loss: 0.035
[3,   200] loss: 0.035
[3,   300] loss: 0.035
[3,   400] loss: 0.035
[4,   100] loss: 0.035
[4,   200] loss: 0.035
[4,   300] loss: 0.035
[4,   400] loss: 0.035
[5,   100] loss: 0.035
[5,   200] loss: 0.035
[5,   300] loss: 0.035
[5,   400] loss: 0.035
[6,   100] loss: 0.035
[6,   200] loss: 0.035
[6,   300] loss: 0.035
[6,   400] loss: 0.035
[7,   100] loss: 0.035
[7,   200] loss: 0.035
[7,   300] loss: 0.035
[7,   400] loss: 0.035
[8,   100] loss: 0.035
[8,   200] loss: 0.035
[8,   300] loss: 0.035
[8,   400] loss: 0.035
[9,   100] loss: 0.035
[9,   200] loss: 0.035
[9,   300] loss: 0.035
[9,   400] loss: 0.035
[10,   100] loss: 0.035
[10,   200] loss: 0.035
[10,   300] loss: 0.035
[10,   400] loss: 0.035
[11,   100] loss: 0.035
[11,   200] loss: 0.035
[11,   300] loss: 0.035
[11,   400] loss: 0.035
[12,   100] loss: 0.035
[12,   200] loss: 0.035
[12,   300] loss: 0.035
[12,   400] loss: 0.035
[13,   100] loss: 0.035
[13,   200] loss: 0.035
[13,   300] loss: 0.035
[13,   400] loss: 0.035
[14,   100] loss: 0.035
[14,   200] loss: 0.035
[14,   300] loss: 0.035
[14,   400] loss: 0.035
[15,   100] loss: 0.035
[15,   200] loss: 0.035
[15,   300] loss: 0.035
[15,   400] loss: 0.035
[16,   100] loss: 0.035
[16,   200] loss: 0.035
[16,   300] loss: 0.035
[16,   400] loss: 0.035
[17,   100] loss: 0.035
[17,   200] loss: 0.035
[17,   300] loss: 0.035
[17,   400] loss: 0.035
[18,   100] loss: 0.035
[18,   200] loss: 0.035
[18,   300] loss: 0.035
[18,   400] loss: 0.035
[19,   100] loss: 0.035
[19,   200] loss: 0.035
[19,   300] loss: 0.035
[19,   400] loss: 0.035
[20,   100] loss: 0.035
[20,   200] loss: 0.035
[20,   300] loss: 0.035
[20,   400] loss: 0.035
[21,   100] loss: 0.035
[21,   200] loss: 0.035
[21,   300] loss: 0.035
[21,   400] loss: 0.035
[22,   100] loss: 0.035
[22,   200] loss: 0.035
[22,   300] loss: 0.035
[22,   400] loss: 0.035
[23,   100] loss: 0.035
[23,   200] loss: 0.035
[23,   300] loss: 0.035
[23,   400] loss: 0.035
[24,   100] loss: 0.035
[24,   200] loss: 0.035
[24,   300] loss: 0.035
[24,   400] loss: 0.035
[25,   100] loss: 0.035
[25,   200] loss: 0.035
[25,   300] loss: 0.035
[25,   400] loss: 0.035
[26,   100] loss: 0.035
[26,   200] loss: 0.035
[26,   300] loss: 0.035
[26,   400] loss: 0.035
[27,   100] loss: 0.035
[27,   200] loss: 0.035
[27,   300] loss: 0.035
[27,   400] loss: 0.035
[28,   100] loss: 0.035
[28,   200] loss: 0.035
[28,   300] loss: 0.035
[28,   400] loss: 0.035
[29,   100] loss: 0.035
[29,   200] loss: 0.035
[29,   300] loss: 0.035
[29,   400] loss: 0.035
[30,   100] loss: 0.035
[30,   200] loss: 0.035
[30,   300] loss: 0.035
[30,   400] loss: 0.035
<class 'float'> 0.0
<class 'dict'>
Training 30 epoch(s) w/ 489 batches each
[1,   100] loss: 0.043
[1,   200] loss: 0.036
[1,   300] loss: 0.035
[1,   400] loss: 0.036
[2,   100] loss: 0.035
[2,   200] loss: 0.035
[2,   300] loss: 0.035
[2,   400] loss: 0.035
[3,   100] loss: 0.035
[3,   200] loss: 0.035
