Training 10 epoch(s) w/ 414 batches each
[1,   100] loss: 0.004
[1,   200] loss: 0.002
[1,   300] loss: 0.002
[1,   400] loss: 0.002
[2,   100] loss: 0.001
[2,   200] loss: 0.001
[2,   300] loss: 0.001
[2,   400] loss: 0.035
[3,   100] loss: 0.036
[3,   200] loss: 0.035
[3,   300] loss: 0.035
[3,   400] loss: 0.035
[4,   100] loss: 0.035
[4,   200] loss: 0.035
[4,   300] loss: 0.035
[4,   400] loss: 0.035
[5,   100] loss: 0.035
[5,   200] loss: 0.035
[5,   300] loss: 0.035
[5,   400] loss: 0.035
[6,   100] loss: 0.035
[6,   200] loss: 0.035
[6,   300] loss: 0.035
[6,   400] loss: 0.035
[7,   100] loss: 0.035
[7,   200] loss: 0.035
[7,   300] loss: 0.035
[7,   400] loss: 0.035
[8,   100] loss: 0.035
[8,   200] loss: 0.035
[8,   300] loss: 0.035
[8,   400] loss: 0.035
[9,   100] loss: 0.035
[9,   200] loss: 0.035
[9,   300] loss: 0.035
[9,   400] loss: 0.035
[10,   100] loss: 0.035
[10,   200] loss: 0.035
[10,   300] loss: 0.035
[10,   400] loss: 0.035
<class 'float'> 0.0
<class 'dict'>
