Training 30 epoch(s) w/ 408 batches each
[1,   100] loss: 0.011
[1,   200] loss: 0.005
[1,   300] loss: 0.004
[1,   400] loss: 0.002
[2,   100] loss: 0.003
[2,   200] loss: 0.003
[2,   300] loss: 0.004
[2,   400] loss: 0.004
[3,   100] loss: 0.004
[3,   200] loss: 0.003
[3,   300] loss: 0.003
[3,   400] loss: 0.002
[4,   100] loss: 0.008
[4,   200] loss: 0.004
[4,   300] loss: 0.002
[4,   400] loss: 0.003
[5,   100] loss: 0.007
[5,   200] loss: 0.005
[5,   300] loss: 0.002
[5,   400] loss: 0.003
[6,   100] loss: 0.002
[6,   200] loss: 0.002
[6,   300] loss: 0.003
[6,   400] loss: 0.002
[7,   100] loss: 0.004
[7,   200] loss: 0.003
[7,   300] loss: 0.003
[7,   400] loss: 0.002
[8,   100] loss: 0.002
[8,   200] loss: 0.004
[8,   300] loss: 0.003
[8,   400] loss: 0.003
[9,   100] loss: 0.002
[9,   200] loss: 0.002
[9,   300] loss: 0.003
[9,   400] loss: 0.002
[10,   100] loss: 0.002
[10,   200] loss: 0.002
[10,   300] loss: 0.003
[10,   400] loss: 0.003
[11,   100] loss: 0.002
[11,   200] loss: 0.003
[11,   300] loss: 0.003
[11,   400] loss: 0.002
[12,   100] loss: 0.002
[12,   200] loss: 0.002
[12,   300] loss: 0.004
[12,   400] loss: 0.002
[13,   100] loss: 0.002
[13,   200] loss: 0.002
[13,   300] loss: 0.003
[13,   400] loss: 0.003
[14,   100] loss: 0.007
[14,   200] loss: 0.004
[14,   300] loss: 0.002
[14,   400] loss: 0.003
[15,   100] loss: 0.002
[15,   200] loss: 0.002
[15,   300] loss: 0.002
[15,   400] loss: 0.002
[16,   100] loss: 0.003
[16,   200] loss: 0.003
[16,   300] loss: 0.002
[16,   400] loss: 0.004
[17,   100] loss: 0.003
[17,   200] loss: 0.003
[17,   300] loss: 0.002
[17,   400] loss: 0.002
[18,   100] loss: 0.003
[18,   200] loss: 0.003
[18,   300] loss: 0.003
[18,   400] loss: 0.003
[19,   100] loss: 0.003
[19,   200] loss: 0.001
[19,   300] loss: 0.002
[19,   400] loss: 0.003
[20,   100] loss: 0.002
[20,   200] loss: 0.003
[20,   300] loss: 0.003
[20,   400] loss: 0.002
[21,   100] loss: 0.003
[21,   200] loss: 0.002
[21,   300] loss: 0.002
[21,   400] loss: 0.002
[22,   100] loss: 0.002
[22,   200] loss: 0.003
[22,   300] loss: 0.002
[22,   400] loss: 0.002
[23,   100] loss: 0.002
[23,   200] loss: 0.003
[23,   300] loss: 0.002
[23,   400] loss: 0.003
[24,   100] loss: 0.002
[24,   200] loss: 0.004
[24,   300] loss: 0.005
[24,   400] loss: 0.005
[25,   100] loss: 0.004
[25,   200] loss: 0.005
[25,   300] loss: 0.004
[25,   400] loss: 0.003
[26,   100] loss: 0.003
[26,   200] loss: 0.003
[26,   300] loss: 0.004
[26,   400] loss: 0.003
[27,   100] loss: 0.002
[27,   200] loss: 0.004
[27,   300] loss: 0.004
[27,   400] loss: 0.003
[28,   100] loss: 0.002
[28,   200] loss: 0.003
[28,   300] loss: 0.003
[28,   400] loss: 0.003
[29,   100] loss: 0.004
[29,   200] loss: 0.004
[29,   300] loss: 0.004
[29,   400] loss: 0.002
[30,   100] loss: 0.003
[30,   200] loss: 0.003
[30,   300] loss: 0.002
[30,   400] loss: 0.003
<class 'float'> 0.0
<class 'dict'>
Training 30 epoch(s) w/ 408 batches each
[1,   100] loss: 0.009
[1,   200] loss: 0.004
[1,   300] loss: 0.004
[1,   400] loss: 0.005
[2,   100] loss: 0.004
[2,   200] loss: 0.004
[2,   300] loss: 0.003
[2,   400] loss: 0.003
[3,   100] loss: 0.003
[3,   200] loss: 0.003
[3,   300] loss: 0.003
[3,   400] loss: 0.004
[4,   100] loss: 0.003
[4,   200] loss: 0.003
[4,   300] loss: 0.003
[4,   400] loss: 0.003
[5,   100] loss: 0.002
[5,   200] loss: 0.003
[5,   300] loss: 0.003
[5,   400] loss: 0.004
[6,   100] loss: 0.003
[6,   200] loss: 0.004
[6,   300] loss: 0.005
[6,   400] loss: 0.005
[7,   100] loss: 0.003
[7,   200] loss: 0.002
[7,   300] loss: 0.003
[7,   400] loss: 0.003
[8,   100] loss: 0.003
[8,   200] loss: 0.002
[8,   300] loss: 0.003
[8,   400] loss: 0.004
[9,   100] loss: 0.004
[9,   200] loss: 0.004
[9,   300] loss: 0.002
[9,   400] loss: 0.004
[10,   100] loss: 0.003
[10,   200] loss: 0.003
[10,   300] loss: 0.005
[10,   400] loss: 0.004
[11,   100] loss: 0.003
[11,   200] loss: 0.003
[11,   300] loss: 0.003
[11,   400] loss: 0.003
[12,   100] loss: 0.004
[12,   200] loss: 0.003
[12,   300] loss: 0.004
[12,   400] loss: 0.003
[13,   100] loss: 0.003
[13,   200] loss: 0.003
[13,   300] loss: 0.003
[13,   400] loss: 0.002
[14,   100] loss: 0.002
[14,   200] loss: 0.002
[14,   300] loss: 0.003
[14,   400] loss: 0.004
[15,   100] loss: 0.002
[15,   200] loss: 0.003
[15,   300] loss: 0.004
[15,   400] loss: 0.002
[16,   100] loss: 0.003
[16,   200] loss: 0.003
[16,   300] loss: 0.002
[16,   400] loss: 0.003
[17,   100] loss: 0.003
[17,   200] loss: 0.003
[17,   300] loss: 0.004
[17,   400] loss: 0.005
[18,   100] loss: 0.003
[18,   200] loss: 0.003
[18,   300] loss: 0.003
[18,   400] loss: 0.004
[19,   100] loss: 0.003
[19,   200] loss: 0.003
[19,   300] loss: 0.003
[19,   400] loss: 0.003
[20,   100] loss: 0.002
[20,   200] loss: 0.003
[20,   300] loss: 0.003
[20,   400] loss: 0.003
[21,   100] loss: 0.004
[21,   200] loss: 0.004
[21,   300] loss: 0.003
[21,   400] loss: 0.004
[22,   100] loss: 0.003
[22,   200] loss: 0.002
[22,   300] loss: 0.003
[22,   400] loss: 0.003
[23,   100] loss: 0.005
[23,   200] loss: 0.003
[23,   300] loss: 0.003
[23,   400] loss: 0.002
[24,   100] loss: 0.003
[24,   200] loss: 0.003
[24,   300] loss: 0.004
[24,   400] loss: 0.003
[25,   100] loss: 0.003
[25,   200] loss: 0.003
[25,   300] loss: 0.003
[25,   400] loss: 0.004
[26,   100] loss: 0.003
[26,   200] loss: 0.002
[26,   300] loss: 0.003
[26,   400] loss: 0.003
[27,   100] loss: 0.004
[27,   200] loss: 0.004
[27,   300] loss: 0.004
[27,   400] loss: 0.002
[28,   100] loss: 0.003
[28,   200] loss: 0.003
[28,   300] loss: 0.004
[28,   400] loss: 0.002
[29,   100] loss: 0.003
[29,   200] loss: 0.003
[29,   300] loss: 0.003
[29,   400] loss: 0.004
[30,   100] loss: 0.003
[30,   200] loss: 0.004
[30,   300] loss: 0.004
[30,   400] loss: 0.003
<class 'float'> 0.0
<class 'dict'>
Training 30 epoch(s) w/ 408 batches each
[1,   100] loss: 0.011
[1,   200] loss: 0.004
[1,   300] loss: 0.004
[1,   400] loss: 0.003
[2,   100] loss: 0.002
[2,   200] loss: 0.004
[2,   300] loss: 0.004
[2,   400] loss: 0.003
[3,   100] loss: 0.003
[3,   200] loss: 0.004
[3,   300] loss: 0.003
[3,   400] loss: 0.003
[4,   100] loss: 0.003
[4,   200] loss: 0.004
[4,   300] loss: 0.004
[4,   400] loss: 0.003
[5,   100] loss: 0.003
[5,   200] loss: 0.003
[5,   300] loss: 0.004
[5,   400] loss: 0.004
[6,   100] loss: 0.004
[6,   200] loss: 0.003
[6,   300] loss: 0.002
[6,   400] loss: 0.004
[7,   100] loss: 0.004
[7,   200] loss: 0.003
[7,   300] loss: 0.004
[7,   400] loss: 0.003
[8,   100] loss: 0.003
[8,   200] loss: 0.003
[8,   300] loss: 0.002
[8,   400] loss: 0.005
[9,   100] loss: 0.003
[9,   200] loss: 0.003
[9,   300] loss: 0.003
[9,   400] loss: 0.004
[10,   100] loss: 0.004
[10,   200] loss: 0.003
[10,   300] loss: 0.004
[10,   400] loss: 0.004
[11,   100] loss: 0.003
[11,   200] loss: 0.004
[11,   300] loss: 0.003
[11,   400] loss: 0.004
[12,   100] loss: 0.003
[12,   200] loss: 0.005
[12,   300] loss: 0.003
[12,   400] loss: 0.002
[13,   100] loss: 0.003
[13,   200] loss: 0.005
[13,   300] loss: 0.004
[13,   400] loss: 0.004
[14,   100] loss: 0.004
[14,   200] loss: 0.003
[14,   300] loss: 0.004
[14,   400] loss: 0.003
[15,   100] loss: 0.003
[15,   200] loss: 0.002
[15,   300] loss: 0.003
[15,   400] loss: 0.003
[16,   100] loss: 0.004
[16,   200] loss: 0.005
[16,   300] loss: 0.002
[16,   400] loss: 0.003
[17,   100] loss: 0.004
[17,   200] loss: 0.004
[17,   300] loss: 0.004
[17,   400] loss: 0.004
[18,   100] loss: 0.003
[18,   200] loss: 0.004
[18,   300] loss: 0.003
[18,   400] loss: 0.004
[19,   100] loss: 0.003
[19,   200] loss: 0.003
[19,   300] loss: 0.004
[19,   400] loss: 0.003
[20,   100] loss: 0.003
[20,   200] loss: 0.004
[20,   300] loss: 0.003
[20,   400] loss: 0.003
[21,   100] loss: 0.004
[21,   200] loss: 0.003
[21,   300] loss: 0.003
[21,   400] loss: 0.003
[22,   100] loss: 0.003
[22,   200] loss: 0.003
[22,   300] loss: 0.004
[22,   400] loss: 0.004
[23,   100] loss: 0.005
[23,   200] loss: 0.003
[23,   300] loss: 0.003
[23,   400] loss: 0.004
[24,   100] loss: 0.003
[24,   200] loss: 0.004
[24,   300] loss: 0.003
[24,   400] loss: 0.004
[25,   100] loss: 0.003
[25,   200] loss: 0.004
[25,   300] loss: 0.004
[25,   400] loss: 0.003
[26,   100] loss: 0.003
[26,   200] loss: 0.003
[26,   300] loss: 0.002
[26,   400] loss: 0.004
[27,   100] loss: 0.003
[27,   200] loss: 0.004
[27,   300] loss: 0.004
[27,   400] loss: 0.008
[28,   100] loss: 0.008
[28,   200] loss: 0.003
[28,   300] loss: 0.003
[28,   400] loss: 0.003
[29,   100] loss: 0.003
[29,   200] loss: 0.004
[29,   300] loss: 0.005
[29,   400] loss: 0.003
[30,   100] loss: 0.005
[30,   200] loss: 0.003
[30,   300] loss: 0.003
[30,   400] loss: 0.003
