Training 10 epoch(s) w/ 105 batches each
[1,   100] loss: 0.037
[2,   100] loss: 0.007
[3,   100] loss: 0.005
[4,   100] loss: 0.003
[5,   100] loss: 0.003
[6,   100] loss: 0.003
[7,   100] loss: 0.002
[8,   100] loss: 0.002
[9,   100] loss: 0.002
[10,   100] loss: 0.002
<class 'float'> 0.9819277108433735
<class 'dict'>
Training 10 epoch(s) w/ 105 batches each
[1,   100] loss: 0.002
[2,   100] loss: 0.002
[3,   100] loss: 0.003
[4,   100] loss: 0.002
[5,   100] loss: 0.001
[6,   100] loss: 0.001
[7,   100] loss: 0.001
[8,   100] loss: 0.001
[9,   100] loss: 0.001
[10,   100] loss: 0.001
<class 'float'> 0.9939759036144579
<class 'dict'>
Training 10 epoch(s) w/ 105 batches each
[1,   100] loss: 0.001
[2,   100] loss: 0.001
[3,   100] loss: 0.001
[4,   100] loss: 0.001
[5,   100] loss: 0.000
[6,   100] loss: 0.001
[7,   100] loss: 0.001
[8,   100] loss: 0.001
[9,   100] loss: 0.001
[10,   100] loss: 0.001
<class 'float'> 1.0
<class 'dict'>
Training 10 epoch(s) w/ 105 batches each
[1,   100] loss: 0.001
[2,   100] loss: 0.001
[3,   100] loss: 0.001
[4,   100] loss: 0.000
[5,   100] loss: 0.001
[6,   100] loss: 0.000
[7,   100] loss: 0.000
[8,   100] loss: 0.000
[9,   100] loss: 0.000
[10,   100] loss: 0.001
<class 'float'> 1.0
<class 'dict'>
Training 10 epoch(s) w/ 105 batches each
[1,   100] loss: 0.001
[2,   100] loss: 0.001
[3,   100] loss: 0.001
[4,   100] loss: 0.000
[5,   100] loss: 0.000
[6,   100] loss: 0.001
[7,   100] loss: 0.000
[8,   100] loss: 0.000
[9,   100] loss: 0.000
[10,   100] loss: 0.000
<class 'float'> 1.0
<class 'dict'>
Training 10 epoch(s) w/ 105 batches each
[1,   100] loss: 0.000
[2,   100] loss: 0.001
[3,   100] loss: 0.001
[4,   100] loss: 0.000
[5,   100] loss: 0.000
[6,   100] loss: 0.000
[7,   100] loss: 0.000
[8,   100] loss: 0.000
[9,   100] loss: 0.000
[10,   100] loss: 0.000
<class 'float'> 1.0
<class 'dict'>
Training 10 epoch(s) w/ 105 batches each
[1,   100] loss: 0.000
[2,   100] loss: 0.000
[3,   100] loss: 0.000
[4,   100] loss: 0.000
[5,   100] loss: 0.000
[6,   100] loss: 0.000
[7,   100] loss: 0.000
[8,   100] loss: 0.000
[9,   100] loss: 0.000
[10,   100] loss: 0.000
<class 'float'> 1.0
<class 'dict'>
Training 10 epoch(s) w/ 105 batches each
[1,   100] loss: 0.000
[2,   100] loss: 0.000
[3,   100] loss: 0.000
[4,   100] loss: 0.000
[5,   100] loss: 0.000
[6,   100] loss: 0.000
[7,   100] loss: 0.000
[8,   100] loss: 0.000
[9,   100] loss: 0.000
[10,   100] loss: 0.000
<class 'float'> 1.0
<class 'dict'>
