Training 10 epoch(s) w/ 406 batches each
[1,   100] loss: 0.005
[1,   200] loss: 0.001
[1,   300] loss: 0.001
[1,   400] loss: 0.001
[2,   100] loss: 0.001
[2,   200] loss: 0.001
[2,   300] loss: 0.001
[2,   400] loss: 0.001
[3,   100] loss: 0.001
[3,   200] loss: 0.000
[3,   300] loss: 0.000
[3,   400] loss: 0.001
[4,   100] loss: 0.002
[4,   200] loss: 0.000
[4,   300] loss: 0.001
[4,   400] loss: 0.000
[5,   100] loss: 0.000
[5,   200] loss: 0.000
[5,   300] loss: 0.001
[5,   400] loss: 0.001
[6,   100] loss: 0.000
[6,   200] loss: 0.000
[6,   300] loss: 0.000
[6,   400] loss: 0.000
[7,   100] loss: 0.000
[7,   200] loss: 0.000
[7,   300] loss: 0.000
[7,   400] loss: 0.003
[8,   100] loss: 0.003
[8,   200] loss: 0.002
[8,   300] loss: 0.000
[8,   400] loss: 0.000
[9,   100] loss: 0.000
[9,   200] loss: 0.000
[9,   300] loss: 0.000
[9,   400] loss: 0.000
[10,   100] loss: 0.000
[10,   200] loss: 0.000
[10,   300] loss: 0.000
[10,   400] loss: 0.000
<class 'float'> 0.5161787365177196
<class 'dict'>
