Training 10 epoch(s) w/ 481 batches each
[1,   100] loss: 0.005
[1,   200] loss: 0.002
[1,   300] loss: 0.001
[1,   400] loss: 0.002
[2,   100] loss: 0.001
[2,   200] loss: 0.000
[2,   300] loss: 0.000
[2,   400] loss: 0.001
[3,   100] loss: 0.000
[3,   200] loss: 0.000
[3,   300] loss: 0.000
[3,   400] loss: 0.002
[4,   100] loss: 0.001
[4,   200] loss: 0.001
[4,   300] loss: 0.001
[4,   400] loss: 0.000
[5,   100] loss: 0.002
[5,   200] loss: 0.001
[5,   300] loss: 0.000
[5,   400] loss: 0.000
[6,   100] loss: 0.000
[6,   200] loss: 0.001
[6,   300] loss: 0.000
[6,   400] loss: 0.000
[7,   100] loss: 0.000
[7,   200] loss: 0.001
[7,   300] loss: 0.000
[7,   400] loss: 0.000
[8,   100] loss: 0.000
[8,   200] loss: 0.000
[8,   300] loss: 0.000
[8,   400] loss: 0.000
[9,   100] loss: 0.000
[9,   200] loss: 0.000
[9,   300] loss: 0.001
[9,   400] loss: 0.008
[10,   100] loss: 0.001
[10,   200] loss: 0.003
[10,   300] loss: 0.000
[10,   400] loss: 0.000
<class 'float'> 0.0
<class 'dict'>
Training 10 epoch(s) w/ 481 batches each
[1,   100] loss: 0.004
[1,   200] loss: 0.001
[1,   300] loss: 0.000
[1,   400] loss: 0.000
[2,   100] loss: 0.001
[2,   200] loss: 0.000
[2,   300] loss: 0.000
[2,   400] loss: 0.001
[3,   100] loss: 0.000
[3,   200] loss: 0.000
[3,   300] loss: 0.002
[3,   400] loss: 0.002
[4,   100] loss: 0.004
[4,   200] loss: 0.000
[4,   300] loss: 0.001
[4,   400] loss: 0.000
[5,   100] loss: 0.000
[5,   200] loss: 0.000
[5,   300] loss: 0.000
[5,   400] loss: 0.000
[6,   100] loss: 0.000
[6,   200] loss: 0.000
[6,   300] loss: 0.001
[6,   400] loss: 0.000
[7,   100] loss: 0.000
[7,   200] loss: 0.000
[7,   300] loss: 0.000
[7,   400] loss: 0.000
[8,   100] loss: 0.000
[8,   200] loss: 0.000
[8,   300] loss: 0.000
[8,   400] loss: 0.000
[9,   100] loss: 0.000
[9,   200] loss: 0.000
[9,   300] loss: 0.000
[9,   400] loss: 0.001
[10,   100] loss: 0.000
[10,   200] loss: 0.000
[10,   300] loss: 0.000
[10,   400] loss: 0.000
<class 'float'> 0.4934895833333333
<class 'dict'>
Training 10 epoch(s) w/ 481 batches each
[1,   100] loss: 0.001
[1,   200] loss: 0.002
[1,   300] loss: 0.000
[1,   400] loss: 0.000
[2,   100] loss: 0.000
[2,   200] loss: 0.003
[2,   300] loss: 0.001
[2,   400] loss: 0.000
[3,   100] loss: 0.000
[3,   200] loss: 0.001
[3,   300] loss: 0.000
[3,   400] loss: 0.000
[4,   100] loss: 0.001
[4,   200] loss: 0.000
[4,   300] loss: 0.000
[4,   400] loss: 0.001
[5,   100] loss: 0.000
[5,   200] loss: 0.000
[5,   300] loss: 0.000
[5,   400] loss: 0.000
[6,   100] loss: 0.000
[6,   200] loss: 0.000
[6,   300] loss: 0.000
[6,   400] loss: 0.000
[7,   100] loss: 0.000
[7,   200] loss: 0.000
[7,   300] loss: 0.000
[7,   400] loss: 0.000
[8,   100] loss: 0.000
[8,   200] loss: 0.000
[8,   300] loss: 0.000
[8,   400] loss: 0.000
[9,   100] loss: 0.000
[9,   200] loss: 0.000
[9,   300] loss: 0.000
[9,   400] loss: 0.000
[10,   100] loss: 0.000
[10,   200] loss: 0.000
[10,   300] loss: 0.000
[10,   400] loss: 0.000
<class 'float'> 0.4934895833333333
<class 'dict'>
Training 10 epoch(s) w/ 481 batches each
[1,   100] loss: 0.002
[1,   200] loss: 0.000
[1,   300] loss: 0.001
[1,   400] loss: 0.000
[2,   100] loss: 0.000
[2,   200] loss: 0.001
[2,   300] loss: 0.000
[2,   400] loss: 0.000
[3,   100] loss: 0.000
[3,   200] loss: 0.000
[3,   300] loss: 0.000
[3,   400] loss: 0.000
[4,   100] loss: 0.000
[4,   200] loss: 0.000
[4,   300] loss: 0.000
[4,   400] loss: 0.000
[5,   100] loss: 0.000
[5,   200] loss: 0.000
[5,   300] loss: 0.001
[5,   400] loss: 0.000
[6,   100] loss: 0.000
[6,   200] loss: 0.000
[6,   300] loss: 0.001
[6,   400] loss: 0.000
[7,   100] loss: 0.000
[7,   200] loss: 0.000
[7,   300] loss: 0.000
[7,   400] loss: 0.001
[8,   100] loss: 0.002
[8,   200] loss: 0.001
[8,   300] loss: 0.000
[8,   400] loss: 0.000
[9,   100] loss: 0.000
[9,   200] loss: 0.000
[9,   300] loss: 0.000
[9,   400] loss: 0.001
[10,   100] loss: 0.001
[10,   200] loss: 0.000
[10,   300] loss: 0.000
[10,   400] loss: 0.000
<class 'float'> 0.4934895833333333
<class 'dict'>
Training 10 epoch(s) w/ 481 batches each
[1,   100] loss: 0.000
[1,   200] loss: 0.000
[1,   300] loss: 0.000
[1,   400] loss: 0.000
[2,   100] loss: 0.000
[2,   200] loss: 0.008
[2,   300] loss: 0.001
[2,   400] loss: 0.000
[3,   100] loss: 0.000
[3,   200] loss: 0.000
[3,   300] loss: 0.000
[3,   400] loss: 0.000
[4,   100] loss: 0.000
[4,   200] loss: 0.000
[4,   300] loss: 0.000
[4,   400] loss: 0.000
[5,   100] loss: 0.000
[5,   200] loss: 0.000
[5,   300] loss: 0.000
[5,   400] loss: 0.001
[6,   100] loss: 0.000
[6,   200] loss: 0.000
[6,   300] loss: 0.000
[6,   400] loss: 0.000
[7,   100] loss: 0.000
[7,   200] loss: 0.000
[7,   300] loss: 0.000
[7,   400] loss: 0.000
[8,   100] loss: 0.000
[8,   200] loss: 0.000
[8,   300] loss: 0.000
[8,   400] loss: 0.000
[9,   100] loss: 0.000
[9,   200] loss: 0.000
[9,   300] loss: 0.000
[9,   400] loss: 0.000
[10,   100] loss: 0.000
[10,   200] loss: 0.000
[10,   300] loss: 0.000
[10,   400] loss: 0.000
<class 'float'> 0.4973958333333333
<class 'dict'>
Training 10 epoch(s) w/ 481 batches each
[1,   100] loss: 0.007
[1,   200] loss: 0.001
[1,   300] loss: 0.000
[1,   400] loss: 0.000
[2,   100] loss: 0.000
[2,   200] loss: 0.001
[2,   300] loss: 0.000
[2,   400] loss: 0.000
[3,   100] loss: 0.000
[3,   200] loss: 0.000
[3,   300] loss: 0.000
[3,   400] loss: 0.000
[4,   100] loss: 0.001
[4,   200] loss: 0.000
[4,   300] loss: 0.000
[4,   400] loss: 0.000
[5,   100] loss: 0.000
[5,   200] loss: 0.000
[5,   300] loss: 0.000
[5,   400] loss: 0.000
[6,   100] loss: 0.000
[6,   200] loss: 0.000
[6,   300] loss: 0.000
[6,   400] loss: 0.003
[7,   100] loss: 0.000
[7,   200] loss: 0.000
[7,   300] loss: 0.001
[7,   400] loss: 0.001
[8,   100] loss: 0.000
[8,   200] loss: 0.000
[8,   300] loss: 0.000
[8,   400] loss: 0.000
[9,   100] loss: 0.000
[9,   200] loss: 0.000
[9,   300] loss: 0.000
[9,   400] loss: 0.004
[10,   100] loss: 0.000
[10,   200] loss: 0.000
[10,   300] loss: 0.000
[10,   400] loss: 0.000
<class 'float'> 0.4934895833333333
<class 'dict'>
Training 10 epoch(s) w/ 481 batches each
[1,   100] loss: 0.012
[1,   200] loss: 0.000
[1,   300] loss: 0.000
[1,   400] loss: 0.000
[2,   100] loss: 0.000
[2,   200] loss: 0.000
[2,   300] loss: 0.000
[2,   400] loss: 0.002
[3,   100] loss: 0.000
[3,   200] loss: 0.001
[3,   300] loss: 0.000
[3,   400] loss: 0.000
[4,   100] loss: 0.000
[4,   200] loss: 0.000
[4,   300] loss: 0.000
[4,   400] loss: 0.000
[5,   100] loss: 0.000
[5,   200] loss: 0.000
[5,   300] loss: 0.000
[5,   400] loss: 0.000
[6,   100] loss: 0.000
[6,   200] loss: 0.000
[6,   300] loss: 0.000
[6,   400] loss: 0.001
[7,   100] loss: 0.001
[7,   200] loss: 0.000
[7,   300] loss: 0.000
[7,   400] loss: 0.000
[8,   100] loss: 0.000
[8,   200] loss: 0.000
[8,   300] loss: 0.000
[8,   400] loss: 0.000
[9,   100] loss: 0.000
[9,   200] loss: 0.000
[9,   300] loss: 0.000
[9,   400] loss: 0.001
[10,   100] loss: 0.000
[10,   200] loss: 0.000
[10,   300] loss: 0.000
[10,   400] loss: 0.000
<class 'float'> 0.4505208333333333
<class 'dict'>
Training 10 epoch(s) w/ 481 batches each
[1,   100] loss: 0.014
[1,   200] loss: 0.000
[1,   300] loss: 0.000
[1,   400] loss: 0.000
[2,   100] loss: 0.000
[2,   200] loss: 0.000
[2,   300] loss: 0.000
[2,   400] loss: 0.000
[3,   100] loss: 0.000
[3,   200] loss: 0.000
[3,   300] loss: 0.000
[3,   400] loss: 0.000
[4,   100] loss: 0.000
[4,   200] loss: 0.000
[4,   300] loss: 0.000
[4,   400] loss: 0.000
[5,   100] loss: 0.000
[5,   200] loss: 0.000
[5,   300] loss: 0.000
[5,   400] loss: 0.000
[6,   100] loss: 0.000
[6,   200] loss: 0.000
[6,   300] loss: 0.000
[6,   400] loss: 0.000
[7,   100] loss: 0.003
[7,   200] loss: 0.000
[7,   300] loss: 0.000
[7,   400] loss: 0.000
[8,   100] loss: 0.002
[8,   200] loss: 0.000
[8,   300] loss: 0.000
[8,   400] loss: 0.000
[9,   100] loss: 0.000
[9,   200] loss: 0.000
[9,   300] loss: 0.003
[9,   400] loss: 0.000
[10,   100] loss: 0.000
[10,   200] loss: 0.000
[10,   300] loss: 0.000
[10,   400] loss: 0.000
<class 'float'> 0.0026041666666666665
<class 'dict'>
Training 10 epoch(s) w/ 481 batches each
[1,   100] loss: 0.008
[1,   200] loss: 0.000
[1,   300] loss: 0.000
[1,   400] loss: 0.000
[2,   100] loss: 0.000
[2,   200] loss: 0.001
[2,   300] loss: 0.001
[2,   400] loss: 0.000
[3,   100] loss: 0.000
[3,   200] loss: 0.000
[3,   300] loss: 0.000
[3,   400] loss: 0.000
[4,   100] loss: 0.001
[4,   200] loss: 0.000
[4,   300] loss: 0.000
[4,   400] loss: 0.001
[5,   100] loss: 0.000
[5,   200] loss: 0.000
[5,   300] loss: 0.000
[5,   400] loss: 0.000
[6,   100] loss: 0.000
[6,   200] loss: 0.000
[6,   300] loss: 0.000
[6,   400] loss: 0.000
[7,   100] loss: 0.005
[7,   200] loss: 0.002
[7,   300] loss: 0.000
[7,   400] loss: 0.000
[8,   100] loss: 0.000
[8,   200] loss: 0.000
[8,   300] loss: 0.000
[8,   400] loss: 0.000
[9,   100] loss: 0.000
[9,   200] loss: 0.000
[9,   300] loss: 0.000
[9,   400] loss: 0.000
[10,   100] loss: 0.000
[10,   200] loss: 0.000
[10,   300] loss: 0.000
[10,   400] loss: 0.000
<class 'float'> 0.006510416666666667
<class 'dict'>
Training 10 epoch(s) w/ 481 batches each
[1,   100] loss: 0.006
[1,   200] loss: 0.000
[1,   300] loss: 0.000
[1,   400] loss: 0.000
[2,   100] loss: 0.001
[2,   200] loss: 0.000
[2,   300] loss: 0.001
[2,   400] loss: 0.001
[3,   100] loss: 0.000
[3,   200] loss: 0.000
[3,   300] loss: 0.000
[3,   400] loss: 0.000
[4,   100] loss: 0.000
[4,   200] loss: 0.000
[4,   300] loss: 0.000
[4,   400] loss: 0.000
[5,   100] loss: 0.000
[5,   200] loss: 0.000
[5,   300] loss: 0.000
[5,   400] loss: 0.000
[6,   100] loss: 0.000
[6,   200] loss: 0.000
[6,   300] loss: 0.001
[6,   400] loss: 0.000
[7,   100] loss: 0.000
[7,   200] loss: 0.000
[7,   300] loss: 0.000
[7,   400] loss: 0.000
[8,   100] loss: 0.000
[8,   200] loss: 0.000
[8,   300] loss: 0.000
[8,   400] loss: 0.001
[9,   100] loss: 0.000
[9,   200] loss: 0.000
[9,   300] loss: 0.000
[9,   400] loss: 0.000
[10,   100] loss: 0.001
[10,   200] loss: 0.000
[10,   300] loss: 0.000
[10,   400] loss: 0.000
<class 'float'> 0.0
<class 'dict'>
Training 10 epoch(s) w/ 481 batches each
[1,   100] loss: 0.005
[1,   200] loss: 0.000
[1,   300] loss: 0.000
[1,   400] loss: 0.000
[2,   100] loss: 0.001
[2,   200] loss: 0.000
[2,   300] loss: 0.000
[2,   400] loss: 0.000
[3,   100] loss: 0.000
[3,   200] loss: 0.000
[3,   300] loss: 0.000
[3,   400] loss: 0.000
[4,   100] loss: 0.000
[4,   200] loss: 0.000
[4,   300] loss: 0.000
[4,   400] loss: 0.000
[5,   100] loss: 0.000
[5,   200] loss: 0.003
[5,   300] loss: 0.000
[5,   400] loss: 0.000
[6,   100] loss: 0.000
[6,   200] loss: 0.000
[6,   300] loss: 0.000
[6,   400] loss: 0.000
[7,   100] loss: 0.001
[7,   200] loss: 0.000
[7,   300] loss: 0.000
[7,   400] loss: 0.000
[8,   100] loss: 0.000
[8,   200] loss: 0.000
[8,   300] loss: 0.000
[8,   400] loss: 0.000
[9,   100] loss: 0.000
[9,   200] loss: 0.000
[9,   300] loss: 0.000
[9,   400] loss: 0.000
[10,   100] loss: 0.000
[10,   200] loss: 0.000
[10,   300] loss: 0.000
[10,   400] loss: 0.000
<class 'float'> 0.3294270833333333
<class 'dict'>
Training 10 epoch(s) w/ 481 batches each
[1,   100] loss: 0.005
[1,   200] loss: 0.001
[1,   300] loss: 0.000
[1,   400] loss: 0.000
[2,   100] loss: 0.000
[2,   200] loss: 0.000
[2,   300] loss: 0.000
[2,   400] loss: 0.000
[3,   100] loss: 0.000
[3,   200] loss: 0.000
[3,   300] loss: 0.000
[3,   400] loss: 0.000
[4,   100] loss: 0.012
[4,   200] loss: 0.000
[4,   300] loss: 0.004
[4,   400] loss: 0.000
[5,   100] loss: 0.000
[5,   200] loss: 0.000
[5,   300] loss: 0.000
[5,   400] loss: 0.000
[6,   100] loss: 0.000
[6,   200] loss: 0.000
[6,   300] loss: 0.000
[6,   400] loss: 0.000
[7,   100] loss: 0.000
[7,   200] loss: 0.000
[7,   300] loss: 0.000
[7,   400] loss: 0.000
[8,   100] loss: 0.000
[8,   200] loss: 0.000
[8,   300] loss: 0.000
[8,   400] loss: 0.000
[9,   100] loss: 0.000
[9,   200] loss: 0.000
[9,   300] loss: 0.000
[9,   400] loss: 0.000
[10,   100] loss: 0.000
[10,   200] loss: 0.000
[10,   300] loss: 0.000
[10,   400] loss: 0.000
<class 'float'> 0.4856770833333333
<class 'dict'>
Training 10 epoch(s) w/ 481 batches each
[1,   100] loss: 0.005
[1,   200] loss: 0.000
[1,   300] loss: 0.000
[1,   400] loss: 0.001
[2,   100] loss: 0.000
[2,   200] loss: 0.000
[2,   300] loss: 0.000
[2,   400] loss: 0.000
[3,   100] loss: 0.000
[3,   200] loss: 0.000
[3,   300] loss: 0.000
[3,   400] loss: 0.000
[4,   100] loss: 0.000
[4,   200] loss: 0.000
[4,   300] loss: 0.000
[4,   400] loss: 0.000
[5,   100] loss: 0.000
[5,   200] loss: 0.000
[5,   300] loss: 0.000
[5,   400] loss: 0.000
[6,   100] loss: 0.000
[6,   200] loss: 0.000
[6,   300] loss: 0.000
[6,   400] loss: 0.000
[7,   100] loss: 0.000
[7,   200] loss: 0.000
[7,   300] loss: 0.000
[7,   400] loss: 0.000
[8,   100] loss: 0.000
[8,   200] loss: 0.000
[8,   300] loss: 0.000
[8,   400] loss: 0.000
[9,   100] loss: 0.000
[9,   200] loss: 0.000
[9,   300] loss: 0.000
[9,   400] loss: 0.000
[10,   100] loss: 0.005
[10,   200] loss: 0.000
[10,   300] loss: 0.000
[10,   400] loss: 0.000
<class 'float'> 0.4934895833333333
<class 'dict'>
Training 10 epoch(s) w/ 481 batches each
[1,   100] loss: 0.010
[1,   200] loss: 0.000
[1,   300] loss: 0.000
[1,   400] loss: 0.000
[2,   100] loss: 0.000
[2,   200] loss: 0.000
[2,   300] loss: 0.000
[2,   400] loss: 0.000
[3,   100] loss: 0.000
[3,   200] loss: 0.000
[3,   300] loss: 0.001
[3,   400] loss: 0.001
[4,   100] loss: 0.000
[4,   200] loss: 0.000
[4,   300] loss: 0.001
[4,   400] loss: 0.000
[5,   100] loss: 0.000
[5,   200] loss: 0.000
[5,   300] loss: 0.000
[5,   400] loss: 0.000
[6,   100] loss: 0.000
[6,   200] loss: 0.000
[6,   300] loss: 0.000
[6,   400] loss: 0.000
[7,   100] loss: 0.000
[7,   200] loss: 0.000
[7,   300] loss: 0.000
[7,   400] loss: 0.000
[8,   100] loss: 0.000
[8,   200] loss: 0.000
[8,   300] loss: 0.000
[8,   400] loss: 0.000
[9,   100] loss: 0.000
[9,   200] loss: 0.000
[9,   300] loss: 0.000
[9,   400] loss: 0.000
[10,   100] loss: 0.001
[10,   200] loss: 0.001
[10,   300] loss: 0.000
[10,   400] loss: 0.000
<class 'float'> 0.4934895833333333
<class 'dict'>
Training 10 epoch(s) w/ 481 batches each
[1,   100] loss: 0.017
[1,   200] loss: 0.000
[1,   300] loss: 0.000
[1,   400] loss: 0.000
[2,   100] loss: 0.000
[2,   200] loss: 0.000
[2,   300] loss: 0.000
[2,   400] loss: 0.001
[3,   100] loss: 0.000
[3,   200] loss: 0.001
[3,   300] loss: 0.000
[3,   400] loss: 0.000
[4,   100] loss: 0.000
[4,   200] loss: 0.000
[4,   300] loss: 0.003
[4,   400] loss: 0.002
[5,   100] loss: 0.000
[5,   200] loss: 0.000
[5,   300] loss: 0.001
[5,   400] loss: 0.000
[6,   100] loss: 0.000
[6,   200] loss: 0.000
[6,   300] loss: 0.000
[6,   400] loss: 0.000
[7,   100] loss: 0.000
[7,   200] loss: 0.000
[7,   300] loss: 0.000
[7,   400] loss: 0.000
[8,   100] loss: 0.000
[8,   200] loss: 0.001
[8,   300] loss: 0.000
[8,   400] loss: 0.000
[9,   100] loss: 0.000
[9,   200] loss: 0.000
[9,   300] loss: 0.000
[9,   400] loss: 0.000
[10,   100] loss: 0.000
[10,   200] loss: 0.000
[10,   300] loss: 0.000
[10,   400] loss: 0.000
<class 'float'> 0.4934895833333333
<class 'dict'>
Training 10 epoch(s) w/ 481 batches each
[1,   100] loss: 0.018
[1,   200] loss: 0.000
[1,   300] loss: 0.000
[1,   400] loss: 0.001
[2,   100] loss: 0.000
[2,   200] loss: 0.000
[2,   300] loss: 0.001
[2,   400] loss: 0.001
[3,   100] loss: 0.000
[3,   200] loss: 0.000
[3,   300] loss: 0.000
[3,   400] loss: 0.000
[4,   100] loss: 0.000
[4,   200] loss: 0.000
[4,   300] loss: 0.000
[4,   400] loss: 0.000
[5,   100] loss: 0.000
[5,   200] loss: 0.000
[5,   300] loss: 0.000
[5,   400] loss: 0.000
[6,   100] loss: 0.000
[6,   200] loss: 0.000
[6,   300] loss: 0.000
[6,   400] loss: 0.000
[7,   100] loss: 0.000
[7,   200] loss: 0.000
[7,   300] loss: 0.000
[7,   400] loss: 0.000
[8,   100] loss: 0.000
[8,   200] loss: 0.000
[8,   300] loss: 0.000
[8,   400] loss: 0.000
[9,   100] loss: 0.000
[9,   200] loss: 0.000
[9,   300] loss: 0.000
[9,   400] loss: 0.000
[10,   100] loss: 0.000
[10,   200] loss: 0.001
[10,   300] loss: 0.000
[10,   400] loss: 0.000
<class 'float'> 0.4934895833333333
<class 'dict'>
Training 10 epoch(s) w/ 481 batches each
[1,   100] loss: 0.017
[1,   200] loss: 0.000
[1,   300] loss: 0.000
[1,   400] loss: 0.000
[2,   100] loss: 0.000
[2,   200] loss: 0.000
[2,   300] loss: 0.001
[2,   400] loss: 0.003
[3,   100] loss: 0.000
[3,   200] loss: 0.000
[3,   300] loss: 0.000
[3,   400] loss: 0.000
[4,   100] loss: 0.000
[4,   200] loss: 0.000
[4,   300] loss: 0.000
[4,   400] loss: 0.000
[5,   100] loss: 0.000
[5,   200] loss: 0.000
[5,   300] loss: 0.000
[5,   400] loss: 0.000
[6,   100] loss: 0.000
[6,   200] loss: 0.001
[6,   300] loss: 0.000
[6,   400] loss: 0.000
[7,   100] loss: 0.000
[7,   200] loss: 0.000
[7,   300] loss: 0.000
[7,   400] loss: 0.000
[8,   100] loss: 0.000
[8,   200] loss: 0.000
[8,   300] loss: 0.000
[8,   400] loss: 0.000
[9,   100] loss: 0.000
[9,   200] loss: 0.000
[9,   300] loss: 0.000
[9,   400] loss: 0.000
[10,   100] loss: 0.002
[10,   200] loss: 0.000
[10,   300] loss: 0.002
[10,   400] loss: 0.000
<class 'float'> 0.4934895833333333
<class 'dict'>
Training 10 epoch(s) w/ 481 batches each
[1,   100] loss: 0.018
[1,   200] loss: 0.000
[1,   300] loss: 0.000
[1,   400] loss: 0.000
[2,   100] loss: 0.000
[2,   200] loss: 0.000
[2,   300] loss: 0.000
[2,   400] loss: 0.000
[3,   100] loss: 0.000
[3,   200] loss: 0.000
[3,   300] loss: 0.000
[3,   400] loss: 0.000
[4,   100] loss: 0.000
[4,   200] loss: 0.000
[4,   300] loss: 0.000
[4,   400] loss: 0.000
[5,   100] loss: 0.000
[5,   200] loss: 0.000
[5,   300] loss: 0.000
[5,   400] loss: 0.000
[6,   100] loss: 0.000
[6,   200] loss: 0.000
[6,   300] loss: 0.000
[6,   400] loss: 0.000
[7,   100] loss: 0.000
[7,   200] loss: 0.000
[7,   300] loss: 0.000
[7,   400] loss: 0.000
[8,   100] loss: 0.000
[8,   200] loss: 0.000
[8,   300] loss: 0.000
[8,   400] loss: 0.000
[9,   100] loss: 0.000
[9,   200] loss: 0.000
[9,   300] loss: 0.000
[9,   400] loss: 0.000
[10,   100] loss: 0.000
[10,   200] loss: 0.000
[10,   300] loss: 0.000
[10,   400] loss: 0.000
<class 'float'> 0.12760416666666666
<class 'dict'>
Training 10 epoch(s) w/ 481 batches each
[1,   100] loss: 0.019
[1,   200] loss: 0.000
[1,   300] loss: 0.000
[1,   400] loss: 0.000
[2,   100] loss: 0.000
[2,   200] loss: 0.000
[2,   300] loss: 0.000
[2,   400] loss: 0.000
[3,   100] loss: 0.001
[3,   200] loss: 0.000
[3,   300] loss: 0.000
[3,   400] loss: 0.000
[4,   100] loss: 0.000
[4,   200] loss: 0.000
[4,   300] loss: 0.000
[4,   400] loss: 0.000
[5,   100] loss: 0.000
[5,   200] loss: 0.000
[5,   300] loss: 0.000
[5,   400] loss: 0.000
[6,   100] loss: 0.000
[6,   200] loss: 0.000
[6,   300] loss: 0.000
[6,   400] loss: 0.000
[7,   100] loss: 0.000
[7,   200] loss: 0.000
[7,   300] loss: 0.000
[7,   400] loss: 0.000
[8,   100] loss: 0.000
[8,   200] loss: 0.000
[8,   300] loss: 0.000
[8,   400] loss: 0.000
[9,   100] loss: 0.000
[9,   200] loss: 0.000
[9,   300] loss: 0.000
[9,   400] loss: 0.000
[10,   100] loss: 0.000
[10,   200] loss: 0.000
[10,   300] loss: 0.000
[10,   400] loss: 0.000
<class 'float'> 0.16927083333333334
<class 'dict'>
Training 10 epoch(s) w/ 481 batches each
[1,   100] loss: 0.020
[1,   200] loss: 0.000
[1,   300] loss: 0.000
[1,   400] loss: 0.000
[2,   100] loss: 0.000
[2,   200] loss: 0.000
[2,   300] loss: 0.000
[2,   400] loss: 0.001
[3,   100] loss: 0.000
[3,   200] loss: 0.001
[3,   300] loss: 0.000
[3,   400] loss: 0.000
[4,   100] loss: 0.000
[4,   200] loss: 0.000
[4,   300] loss: 0.000
[4,   400] loss: 0.000
[5,   100] loss: 0.005
[5,   200] loss: 0.003
[5,   300] loss: 0.000
[5,   400] loss: 0.000
[6,   100] loss: 0.000
[6,   200] loss: 0.000
[6,   300] loss: 0.000
[6,   400] loss: 0.001
[7,   100] loss: 0.000
[7,   200] loss: 0.000
[7,   300] loss: 0.000
[7,   400] loss: 0.000
[8,   100] loss: 0.000
[8,   200] loss: 0.000
[8,   300] loss: 0.000
[8,   400] loss: 0.000
[9,   100] loss: 0.000
[9,   200] loss: 0.000
[9,   300] loss: 0.000
[9,   400] loss: 0.000
[10,   100] loss: 0.000
[10,   200] loss: 0.000
[10,   300] loss: 0.000
[10,   400] loss: 0.000
<class 'float'> 0.05859375
<class 'dict'>
Training 10 epoch(s) w/ 481 batches each
[1,   100] loss: 0.017
[1,   200] loss: 0.000
[1,   300] loss: 0.000
[1,   400] loss: 0.000
[2,   100] loss: 0.000
[2,   200] loss: 0.000
[2,   300] loss: 0.000
[2,   400] loss: 0.000
[3,   100] loss: 0.000
[3,   200] loss: 0.000
[3,   300] loss: 0.000
[3,   400] loss: 0.000
[4,   100] loss: 0.000
[4,   200] loss: 0.000
[4,   300] loss: 0.000
[4,   400] loss: 0.003
[5,   100] loss: 0.015
[5,   200] loss: 0.000
[5,   300] loss: 0.000
[5,   400] loss: 0.000
[6,   100] loss: 0.000
[6,   200] loss: 0.000
[6,   300] loss: 0.000
[6,   400] loss: 0.000
[7,   100] loss: 0.000
[7,   200] loss: 0.000
[7,   300] loss: 0.000
[7,   400] loss: 0.000
[8,   100] loss: 0.000
[8,   200] loss: 0.000
[8,   300] loss: 0.000
[8,   400] loss: 0.000
[9,   100] loss: 0.000
[9,   200] loss: 0.000
[9,   300] loss: 0.000
[9,   400] loss: 0.000
[10,   100] loss: 0.000
[10,   200] loss: 0.000
[10,   300] loss: 0.000
[10,   400] loss: 0.000
<class 'float'> 0.02734375
<class 'dict'>
Training 10 epoch(s) w/ 481 batches each
[1,   100] loss: 0.019
[1,   200] loss: 0.000
[1,   300] loss: 0.000
[1,   400] loss: 0.000
[2,   100] loss: 0.000
[2,   200] loss: 0.000
[2,   300] loss: 0.000
[2,   400] loss: 0.000
[3,   100] loss: 0.000
[3,   200] loss: 0.000
[3,   300] loss: 0.000
[3,   400] loss: 0.001
[4,   100] loss: 0.000
[4,   200] loss: 0.000
[4,   300] loss: 0.001
[4,   400] loss: 0.000
[5,   100] loss: 0.000
[5,   200] loss: 0.001
[5,   300] loss: 0.000
[5,   400] loss: 0.000
[6,   100] loss: 0.002
[6,   200] loss: 0.000
[6,   300] loss: 0.000
[6,   400] loss: 0.000
[7,   100] loss: 0.000
[7,   200] loss: 0.000
[7,   300] loss: 0.000
[7,   400] loss: 0.000
[8,   100] loss: 0.000
[8,   200] loss: 0.000
[8,   300] loss: 0.000
[8,   400] loss: 0.000
[9,   100] loss: 0.000
[9,   200] loss: 0.000
[9,   300] loss: 0.000
[9,   400] loss: 0.000
[10,   100] loss: 0.000
[10,   200] loss: 0.002
[10,   300] loss: 0.000
[10,   400] loss: 0.000
<class 'float'> 0.21875
<class 'dict'>
Training 10 epoch(s) w/ 481 batches each
[1,   100] loss: 0.020
[1,   200] loss: 0.000
[1,   300] loss: 0.000
[1,   400] loss: 0.000
[2,   100] loss: 0.000
[2,   200] loss: 0.000
[2,   300] loss: 0.000
[2,   400] loss: 0.000
[3,   100] loss: 0.001
[3,   200] loss: 0.000
[3,   300] loss: 0.000
[3,   400] loss: 0.000
[4,   100] loss: 0.000
[4,   200] loss: 0.000
[4,   300] loss: 0.000
[4,   400] loss: 0.000
[5,   100] loss: 0.000
[5,   200] loss: 0.000
[5,   300] loss: 0.000
[5,   400] loss: 0.000
[6,   100] loss: 0.000
[6,   200] loss: 0.000
[6,   300] loss: 0.000
[6,   400] loss: 0.000
[7,   100] loss: 0.000
[7,   200] loss: 0.000
[7,   300] loss: 0.000
[7,   400] loss: 0.000
[8,   100] loss: 0.000
[8,   200] loss: 0.000
[8,   300] loss: 0.000
[8,   400] loss: 0.000
[9,   100] loss: 0.000
[9,   200] loss: 0.000
[9,   300] loss: 0.000
[9,   400] loss: 0.000
[10,   100] loss: 0.000
[10,   200] loss: 0.000
[10,   300] loss: 0.000
[10,   400] loss: 0.000
<class 'float'> 0.15104166666666666
<class 'dict'>
Training 10 epoch(s) w/ 481 batches each
[1,   100] loss: 0.022
[1,   200] loss: 0.000
[1,   300] loss: 0.000
[1,   400] loss: 0.000
[2,   100] loss: 0.000
[2,   200] loss: 0.000
[2,   300] loss: 0.000
[2,   400] loss: 0.000
[3,   100] loss: 0.000
[3,   200] loss: 0.000
[3,   300] loss: 0.000
[3,   400] loss: 0.000
[4,   100] loss: 0.002
[4,   200] loss: 0.002
[4,   300] loss: 0.005
[4,   400] loss: 0.000
[5,   100] loss: 0.000
[5,   200] loss: 0.000
[5,   300] loss: 0.000
[5,   400] loss: 0.000
[6,   100] loss: 0.000
[6,   200] loss: 0.000
[6,   300] loss: 0.000
[6,   400] loss: 0.000
[7,   100] loss: 0.000
[7,   200] loss: 0.000
[7,   300] loss: 0.000
[7,   400] loss: 0.000
[8,   100] loss: 0.000
[8,   200] loss: 0.000
[8,   300] loss: 0.000
[8,   400] loss: 0.000
[9,   100] loss: 0.000
[9,   200] loss: 0.000
[9,   300] loss: 0.000
[9,   400] loss: 0.000
[10,   100] loss: 0.000
[10,   200] loss: 0.000
[10,   300] loss: 0.000
[10,   400] loss: 0.000
<class 'float'> 0.037760416666666664
<class 'dict'>
Training 10 epoch(s) w/ 481 batches each
[1,   100] loss: 0.018
[1,   200] loss: 0.000
[1,   300] loss: 0.000
[1,   400] loss: 0.000
[2,   100] loss: 0.000
[2,   200] loss: 0.000
[2,   300] loss: 0.000
[2,   400] loss: 0.000
[3,   100] loss: 0.000
[3,   200] loss: 0.000
[3,   300] loss: 0.000
[3,   400] loss: 0.000
[4,   100] loss: 0.000
[4,   200] loss: 0.000
[4,   300] loss: 0.000
[4,   400] loss: 0.000
[5,   100] loss: 0.000
[5,   200] loss: 0.000
[5,   300] loss: 0.000
[5,   400] loss: 0.000
[6,   100] loss: 0.000
[6,   200] loss: 0.000
[6,   300] loss: 0.000
[6,   400] loss: 0.000
[7,   100] loss: 0.000
[7,   200] loss: 0.000
[7,   300] loss: 0.000
[7,   400] loss: 0.000
[8,   100] loss: 0.001
[8,   200] loss: 0.001
[8,   300] loss: 0.000
[8,   400] loss: 0.000
[9,   100] loss: 0.000
[9,   200] loss: 0.000
[9,   300] loss: 0.000
[9,   400] loss: 0.001
[10,   100] loss: 0.000
[10,   200] loss: 0.003
[10,   300] loss: 0.000
[10,   400] loss: 0.000
<class 'float'> 0.22916666666666666
<class 'dict'>
Training 10 epoch(s) w/ 481 batches each
[1,   100] loss: 0.015
[1,   200] loss: 0.000
[1,   300] loss: 0.000
[1,   400] loss: 0.000
[2,   100] loss: 0.000
[2,   200] loss: 0.000
[2,   300] loss: 0.000
[2,   400] loss: 0.000
[3,   100] loss: 0.000
[3,   200] loss: 0.000
[3,   300] loss: 0.000
[3,   400] loss: 0.000
[4,   100] loss: 0.000
[4,   200] loss: 0.000
[4,   300] loss: 0.000
[4,   400] loss: 0.000
[5,   100] loss: 0.000
[5,   200] loss: 0.000
[5,   300] loss: 0.000
[5,   400] loss: 0.000
[6,   100] loss: 0.000
[6,   200] loss: 0.000
[6,   300] loss: 0.000
[6,   400] loss: 0.000
[7,   100] loss: 0.000
[7,   200] loss: 0.000
[7,   300] loss: 0.002
[7,   400] loss: 0.001
[8,   100] loss: 0.000
[8,   200] loss: 0.003
[8,   300] loss: 0.000
[8,   400] loss: 0.000
[9,   100] loss: 0.000
[9,   200] loss: 0.000
[9,   300] loss: 0.000
[9,   400] loss: 0.000
[10,   100] loss: 0.000
[10,   200] loss: 0.000
[10,   300] loss: 0.000
[10,   400] loss: 0.002
<class 'float'> 0.0
<class 'dict'>
Training 10 epoch(s) w/ 481 batches each
[1,   100] loss: 0.024
[1,   200] loss: 0.000
[1,   300] loss: 0.000
[1,   400] loss: 0.000
[2,   100] loss: 0.000
[2,   200] loss: 0.000
[2,   300] loss: 0.000
[2,   400] loss: 0.000
[3,   100] loss: 0.000
[3,   200] loss: 0.000
[3,   300] loss: 0.000
[3,   400] loss: 0.000
[4,   100] loss: 0.000
[4,   200] loss: 0.000
[4,   300] loss: 0.000
[4,   400] loss: 0.000
[5,   100] loss: 0.000
[5,   200] loss: 0.000
[5,   300] loss: 0.000
[5,   400] loss: 0.000
[6,   100] loss: 0.000
[6,   200] loss: 0.000
[6,   300] loss: 0.000
[6,   400] loss: 0.000
[7,   100] loss: 0.000
[7,   200] loss: 0.003
[7,   300] loss: 0.000
[7,   400] loss: 0.000
[8,   100] loss: 0.000
[8,   200] loss: 0.000
[8,   300] loss: 0.000
[8,   400] loss: 0.000
[9,   100] loss: 0.000
[9,   200] loss: 0.000
[9,   300] loss: 0.000
[9,   400] loss: 0.000
[10,   100] loss: 0.001
[10,   200] loss: 0.000
[10,   300] loss: 0.000
[10,   400] loss: 0.000
<class 'float'> 0.0
<class 'dict'>
Training 10 epoch(s) w/ 481 batches each
[1,   100] loss: 0.011
[1,   200] loss: 0.000
[1,   300] loss: 0.000
[1,   400] loss: 0.000
[2,   100] loss: 0.000
[2,   200] loss: 0.000
[2,   300] loss: 0.000
[2,   400] loss: 0.000
[3,   100] loss: 0.000
[3,   200] loss: 0.000
[3,   300] loss: 0.000
[3,   400] loss: 0.000
[4,   100] loss: 0.000
[4,   200] loss: 0.000
[4,   300] loss: 0.000
[4,   400] loss: 0.000
[5,   100] loss: 0.000
[5,   200] loss: 0.000
[5,   300] loss: 0.000
[5,   400] loss: 0.000
[6,   100] loss: 0.000
[6,   200] loss: 0.000
[6,   300] loss: 0.000
[6,   400] loss: 0.000
[7,   100] loss: 0.000
[7,   200] loss: 0.000
[7,   300] loss: 0.003
[7,   400] loss: 0.000
[8,   100] loss: 0.000
[8,   200] loss: 0.000
[8,   300] loss: 0.000
[8,   400] loss: 0.000
[9,   100] loss: 0.000
[9,   200] loss: 0.000
[9,   300] loss: 0.000
[9,   400] loss: 0.000
[10,   100] loss: 0.000
[10,   200] loss: 0.000
[10,   300] loss: 0.000
[10,   400] loss: 0.000
<class 'float'> 0.0
<class 'dict'>
Training 10 epoch(s) w/ 481 batches each
[1,   100] loss: 0.045
[1,   200] loss: 0.001
[1,   300] loss: 0.000
[1,   400] loss: 0.000
[2,   100] loss: 0.000
[2,   200] loss: 0.000
[2,   300] loss: 0.000
[2,   400] loss: 0.000
[3,   100] loss: 0.000
[3,   200] loss: 0.000
[3,   300] loss: 0.000
[3,   400] loss: 0.000
[4,   100] loss: 0.000
[4,   200] loss: 0.000
[4,   300] loss: 0.000
[4,   400] loss: 0.000
[5,   100] loss: 0.000
[5,   200] loss: 0.000
[5,   300] loss: 0.000
[5,   400] loss: 0.000
[6,   100] loss: 0.000
[6,   200] loss: 0.000
[6,   300] loss: 0.000
[6,   400] loss: 0.000
[7,   100] loss: 0.000
[7,   200] loss: 0.000
[7,   300] loss: 0.000
[7,   400] loss: 0.000
[8,   100] loss: 0.000
[8,   200] loss: 0.000
[8,   300] loss: 0.000
[8,   400] loss: 0.000
[9,   100] loss: 0.000
[9,   200] loss: 0.000
[9,   300] loss: 0.000
[9,   400] loss: 0.000
[10,   100] loss: 0.000
[10,   200] loss: 0.000
[10,   300] loss: 0.000
[10,   400] loss: 0.000
<class 'float'> 0.0013020833333333333
<class 'dict'>
Training 10 epoch(s) w/ 481 batches each
[1,   100] loss: 0.012
[1,   200] loss: 0.000
[1,   300] loss: 0.000
[1,   400] loss: 0.000
[2,   100] loss: 0.000
[2,   200] loss: 0.000
[2,   300] loss: 0.000
[2,   400] loss: 0.000
[3,   100] loss: 0.000
[3,   200] loss: 0.000
[3,   300] loss: 0.001
[3,   400] loss: 0.000
[4,   100] loss: 0.000
[4,   200] loss: 0.000
[4,   300] loss: 0.000
[4,   400] loss: 0.000
[5,   100] loss: 0.000
[5,   200] loss: 0.000
[5,   300] loss: 0.000
[5,   400] loss: 0.000
[6,   100] loss: 0.000
[6,   200] loss: 0.000
[6,   300] loss: 0.000
[6,   400] loss: 0.000
[7,   100] loss: 0.000
[7,   200] loss: 0.000
[7,   300] loss: 0.000
[7,   400] loss: 0.000
[8,   100] loss: 0.000
[8,   200] loss: 0.000
[8,   300] loss: 0.000
[8,   400] loss: 0.000
[9,   100] loss: 0.000
[9,   200] loss: 0.000
[9,   300] loss: 0.000
[9,   400] loss: 0.000
[10,   100] loss: 0.000
[10,   200] loss: 0.000
[10,   300] loss: 0.000
[10,   400] loss: 0.000
<class 'float'> 0.005208333333333333
<class 'dict'>
Training 10 epoch(s) w/ 481 batches each
[1,   100] loss: 0.023
[1,   200] loss: 0.000
[1,   300] loss: 0.000
[1,   400] loss: 0.000
[2,   100] loss: 0.000
[2,   200] loss: 0.000
[2,   300] loss: 0.000
[2,   400] loss: 0.002
[3,   100] loss: 0.000
[3,   200] loss: 0.000
[3,   300] loss: 0.000
[3,   400] loss: 0.000
[4,   100] loss: 0.000
[4,   200] loss: 0.000
[4,   300] loss: 0.000
[4,   400] loss: 0.000
[5,   100] loss: 0.000
[5,   200] loss: 0.000
[5,   300] loss: 0.000
[5,   400] loss: 0.000
[6,   100] loss: 0.001
[6,   200] loss: 0.000
[6,   300] loss: 0.003
[6,   400] loss: 0.001
[7,   100] loss: 0.001
[7,   200] loss: 0.000
[7,   300] loss: 0.000
[7,   400] loss: 0.000
[8,   100] loss: 0.000
[8,   200] loss: 0.000
[8,   300] loss: 0.000
[8,   400] loss: 0.000
[9,   100] loss: 0.000
[9,   200] loss: 0.000
[9,   300] loss: 0.000
[9,   400] loss: 0.000
[10,   100] loss: 0.000
[10,   200] loss: 0.000
[10,   300] loss: 0.000
[10,   400] loss: 0.000
<class 'float'> 0.006510416666666667
<class 'dict'>
Training 10 epoch(s) w/ 481 batches each
[1,   100] loss: 0.018
[1,   200] loss: 0.000
[1,   300] loss: 0.000
[1,   400] loss: 0.000
[2,   100] loss: 0.000
[2,   200] loss: 0.000
[2,   300] loss: 0.000
[2,   400] loss: 0.000
[3,   100] loss: 0.000
[3,   200] loss: 0.000
[3,   300] loss: 0.000
[3,   400] loss: 0.000
[4,   100] loss: 0.000
[4,   200] loss: 0.000
[4,   300] loss: 0.000
[4,   400] loss: 0.000
[5,   100] loss: 0.000
[5,   200] loss: 0.000
[5,   300] loss: 0.000
[5,   400] loss: 0.000
[6,   100] loss: 0.000
[6,   200] loss: 0.000
[6,   300] loss: 0.000
[6,   400] loss: 0.000
[7,   100] loss: 0.000
[7,   200] loss: 0.000
[7,   300] loss: 0.000
[7,   400] loss: 0.000
[8,   100] loss: 0.000
[8,   200] loss: 0.000
[8,   300] loss: 0.000
[8,   400] loss: 0.000
[9,   100] loss: 0.000
[9,   200] loss: 0.000
[9,   300] loss: 0.000
[9,   400] loss: 0.000
[10,   100] loss: 0.000
[10,   200] loss: 0.000
[10,   300] loss: 0.000
[10,   400] loss: 0.000
<class 'float'> 0.00390625
<class 'dict'>
Training 10 epoch(s) w/ 481 batches each
[1,   100] loss: 0.021
[1,   200] loss: 0.000
[1,   300] loss: 0.000
[1,   400] loss: 0.000
[2,   100] loss: 0.000
[2,   200] loss: 0.000
[2,   300] loss: 0.000
[2,   400] loss: 0.000
[3,   100] loss: 0.000
[3,   200] loss: 0.000
[3,   300] loss: 0.001
[3,   400] loss: 0.000
[4,   100] loss: 0.000
[4,   200] loss: 0.000
[4,   300] loss: 0.000
[4,   400] loss: 0.001
[5,   100] loss: 0.000
[5,   200] loss: 0.000
[5,   300] loss: 0.000
[5,   400] loss: 0.000
[6,   100] loss: 0.000
[6,   200] loss: 0.000
[6,   300] loss: 0.000
[6,   400] loss: 0.000
[7,   100] loss: 0.000
[7,   200] loss: 0.000
[7,   300] loss: 0.001
[7,   400] loss: 0.000
[8,   100] loss: 0.000
[8,   200] loss: 0.000
[8,   300] loss: 0.000
[8,   400] loss: 0.000
[9,   100] loss: 0.000
[9,   200] loss: 0.000
[9,   300] loss: 0.000
[9,   400] loss: 0.000
[10,   100] loss: 0.000
[10,   200] loss: 0.000
[10,   300] loss: 0.000
[10,   400] loss: 0.000
<class 'float'> 0.0
<class 'dict'>
Training 10 epoch(s) w/ 481 batches each
[1,   100] loss: 0.017
[1,   200] loss: 0.000
[1,   300] loss: 0.000
[1,   400] loss: 0.000
[2,   100] loss: 0.000
[2,   200] loss: 0.000
[2,   300] loss: 0.000
[2,   400] loss: 0.000
[3,   100] loss: 0.000
[3,   200] loss: 0.000
[3,   300] loss: 0.000
[3,   400] loss: 0.000
[4,   100] loss: 0.000
[4,   200] loss: 0.000
[4,   300] loss: 0.000
[4,   400] loss: 0.000
[5,   100] loss: 0.000
[5,   200] loss: 0.000
[5,   300] loss: 0.000
[5,   400] loss: 0.000
[6,   100] loss: 0.000
[6,   200] loss: 0.000
[6,   300] loss: 0.000
[6,   400] loss: 0.000
[7,   100] loss: 0.000
[7,   200] loss: 0.000
[7,   300] loss: 0.000
[7,   400] loss: 0.000
[8,   100] loss: 0.000
[8,   200] loss: 0.000
[8,   300] loss: 0.000
[8,   400] loss: 0.000
[9,   100] loss: 0.000
[9,   200] loss: 0.000
[9,   300] loss: 0.000
[9,   400] loss: 0.001
[10,   100] loss: 0.001
[10,   200] loss: 0.000
[10,   300] loss: 0.000
[10,   400] loss: 0.001
<class 'float'> 0.0
<class 'dict'>
Training 10 epoch(s) w/ 481 batches each
[1,   100] loss: 0.023
[1,   200] loss: 0.000
[1,   300] loss: 0.002
[1,   400] loss: 0.002
[2,   100] loss: 0.000
[2,   200] loss: 0.000
[2,   300] loss: 0.000
[2,   400] loss: 0.000
[3,   100] loss: 0.000
[3,   200] loss: 0.000
[3,   300] loss: 0.000
[3,   400] loss: 0.000
[4,   100] loss: 0.000
[4,   200] loss: 0.000
[4,   300] loss: 0.000
[4,   400] loss: 0.000
[5,   100] loss: 0.000
[5,   200] loss: 0.000
[5,   300] loss: 0.000
[5,   400] loss: 0.001
[6,   100] loss: 0.000
[6,   200] loss: 0.000
[6,   300] loss: 0.000
[6,   400] loss: 0.000
[7,   100] loss: 0.000
[7,   200] loss: 0.000
[7,   300] loss: 0.000
[7,   400] loss: 0.000
[8,   100] loss: 0.000
[8,   200] loss: 0.000
[8,   300] loss: 0.000
[8,   400] loss: 0.000
[9,   100] loss: 0.000
[9,   200] loss: 0.000
[9,   300] loss: 0.000
[9,   400] loss: 0.000
[10,   100] loss: 0.001
[10,   200] loss: 0.000
[10,   300] loss: 0.000
[10,   400] loss: 0.000
<class 'float'> 0.0
<class 'dict'>
Training 10 epoch(s) w/ 481 batches each
[1,   100] loss: 0.014
[1,   200] loss: 0.000
[1,   300] loss: 0.000
[1,   400] loss: 0.000
[2,   100] loss: 0.000
[2,   200] loss: 0.000
[2,   300] loss: 0.000
[2,   400] loss: 0.000
[3,   100] loss: 0.021
[3,   200] loss: 0.000
[3,   300] loss: 0.000
[3,   400] loss: 0.000
[4,   100] loss: 0.000
[4,   200] loss: 0.000
[4,   300] loss: 0.000
[4,   400] loss: 0.000
[5,   100] loss: 0.000
[5,   200] loss: 0.000
[5,   300] loss: 0.000
[5,   400] loss: 0.000
[6,   100] loss: 0.000
[6,   200] loss: 0.000
[6,   300] loss: 0.000
[6,   400] loss: 0.000
[7,   100] loss: 0.000
[7,   200] loss: 0.000
[7,   300] loss: 0.000
[7,   400] loss: 0.000
[8,   100] loss: 0.000
[8,   200] loss: 0.000
[8,   300] loss: 0.000
[8,   400] loss: 0.000
[9,   100] loss: 0.000
[9,   200] loss: 0.000
[9,   300] loss: 0.000
[9,   400] loss: 0.000
[10,   100] loss: 0.000
[10,   200] loss: 0.000
[10,   300] loss: 0.000
[10,   400] loss: 0.000
<class 'float'> 0.0
<class 'dict'>
Training 10 epoch(s) w/ 481 batches each
[1,   100] loss: 0.013
[1,   200] loss: 0.000
[1,   300] loss: 0.000
[1,   400] loss: 0.000
[2,   100] loss: 0.000
[2,   200] loss: 0.000
[2,   300] loss: 0.000
[2,   400] loss: 0.000
[3,   100] loss: 0.000
[3,   200] loss: 0.000
[3,   300] loss: 0.000
[3,   400] loss: 0.000
[4,   100] loss: 0.000
[4,   200] loss: 0.000
[4,   300] loss: 0.000
[4,   400] loss: 0.000
[5,   100] loss: 0.000
[5,   200] loss: 0.000
[5,   300] loss: 0.000
[5,   400] loss: 0.000
[6,   100] loss: 0.000
[6,   200] loss: 0.000
[6,   300] loss: 0.000
[6,   400] loss: 0.000
[7,   100] loss: 0.000
[7,   200] loss: 0.000
[7,   300] loss: 0.000
[7,   400] loss: 0.000
[8,   100] loss: 0.000
[8,   200] loss: 0.000
[8,   300] loss: 0.000
[8,   400] loss: 0.000
[9,   100] loss: 0.000
[9,   200] loss: 0.000
[9,   300] loss: 0.000
[9,   400] loss: 0.000
[10,   100] loss: 0.000
[10,   200] loss: 0.002
[10,   300] loss: 0.000
[10,   400] loss: 0.000
<class 'float'> 0.0
<class 'dict'>
Training 10 epoch(s) w/ 481 batches each
[1,   100] loss: 0.017
[1,   200] loss: 0.000
[1,   300] loss: 0.000
[1,   400] loss: 0.000
[2,   100] loss: 0.000
[2,   200] loss: 0.000
[2,   300] loss: 0.000
[2,   400] loss: 0.000
[3,   100] loss: 0.000
[3,   200] loss: 0.000
[3,   300] loss: 0.000
[3,   400] loss: 0.000
[4,   100] loss: 0.000
[4,   200] loss: 0.000
[4,   300] loss: 0.000
[4,   400] loss: 0.000
[5,   100] loss: 0.000
[5,   200] loss: 0.000
[5,   300] loss: 0.000
[5,   400] loss: 0.000
[6,   100] loss: 0.000
[6,   200] loss: 0.000
[6,   300] loss: 0.000
[6,   400] loss: 0.000
[7,   100] loss: 0.000
[7,   200] loss: 0.000
[7,   300] loss: 0.000
[7,   400] loss: 0.000
[8,   100] loss: 0.000
[8,   200] loss: 0.000
[8,   300] loss: 0.000
[8,   400] loss: 0.000
[9,   100] loss: 0.000
[9,   200] loss: 0.000
[9,   300] loss: 0.000
[9,   400] loss: 0.000
[10,   100] loss: 0.000
[10,   200] loss: 0.001
[10,   300] loss: 0.001
[10,   400] loss: 0.000
<class 'float'> 0.0
<class 'dict'>
Training 10 epoch(s) w/ 481 batches each
[1,   100] loss: 0.024
[1,   200] loss: 0.000
[1,   300] loss: 0.000
[1,   400] loss: 0.000
[2,   100] loss: 0.000
[2,   200] loss: 0.000
[2,   300] loss: 0.000
[2,   400] loss: 0.000
[3,   100] loss: 0.000
[3,   200] loss: 0.000
[3,   300] loss: 0.000
[3,   400] loss: 0.000
[4,   100] loss: 0.000
[4,   200] loss: 0.000
[4,   300] loss: 0.000
[4,   400] loss: 0.000
[5,   100] loss: 0.000
[5,   200] loss: 0.000
[5,   300] loss: 0.000
[5,   400] loss: 0.000
[6,   100] loss: 0.000
[6,   200] loss: 0.000
[6,   300] loss: 0.000
[6,   400] loss: 0.000
[7,   100] loss: 0.000
[7,   200] loss: 0.000
[7,   300] loss: 0.000
[7,   400] loss: 0.000
[8,   100] loss: 0.000
[8,   200] loss: 0.000
[8,   300] loss: 0.000
[8,   400] loss: 0.000
[9,   100] loss: 0.000
[9,   200] loss: 0.000
[9,   300] loss: 0.000
[9,   400] loss: 0.000
[10,   100] loss: 0.000
[10,   200] loss: 0.000
[10,   300] loss: 0.000
[10,   400] loss: 0.000
<class 'float'> 0.4934895833333333
<class 'dict'>
Training 10 epoch(s) w/ 481 batches each
[1,   100] loss: 0.042
[1,   200] loss: 0.000
[1,   300] loss: 0.000
[1,   400] loss: 0.000
[2,   100] loss: 0.000
[2,   200] loss: 0.000
[2,   300] loss: 0.000
[2,   400] loss: 0.000
[3,   100] loss: 0.000
[3,   200] loss: 0.000
[3,   300] loss: 0.000
[3,   400] loss: 0.000
[4,   100] loss: 0.000
[4,   200] loss: 0.000
[4,   300] loss: 0.000
[4,   400] loss: 0.000
[5,   100] loss: 0.000
[5,   200] loss: 0.000
[5,   300] loss: 0.000
[5,   400] loss: 0.000
[6,   100] loss: 0.000
[6,   200] loss: 0.000
[6,   300] loss: 0.000
[6,   400] loss: 0.000
[7,   100] loss: 0.000
[7,   200] loss: 0.000
[7,   300] loss: 0.000
[7,   400] loss: 0.000
[8,   100] loss: 0.000
[8,   200] loss: 0.000
[8,   300] loss: 0.000
[8,   400] loss: 0.000
[9,   100] loss: 0.000
[9,   200] loss: 0.000
[9,   300] loss: 0.000
[9,   400] loss: 0.000
[10,   100] loss: 0.000
[10,   200] loss: 0.000
[10,   300] loss: 0.000
[10,   400] loss: 0.001
<class 'float'> 0.4934895833333333
<class 'dict'>
Training 10 epoch(s) w/ 481 batches each
[1,   100] loss: 0.051
[1,   200] loss: 0.000
[1,   300] loss: 0.000
[1,   400] loss: 0.000
[2,   100] loss: 0.000
[2,   200] loss: 0.000
[2,   300] loss: 0.000
[2,   400] loss: 0.000
[3,   100] loss: 0.000
[3,   200] loss: 0.001
[3,   300] loss: 0.000
[3,   400] loss: 0.000
[4,   100] loss: 0.000
[4,   200] loss: 0.000
[4,   300] loss: 0.000
[4,   400] loss: 0.000
[5,   100] loss: 0.000
[5,   200] loss: 0.000
[5,   300] loss: 0.000
[5,   400] loss: 0.000
[6,   100] loss: 0.000
[6,   200] loss: 0.000
[6,   300] loss: 0.000
[6,   400] loss: 0.000
[7,   100] loss: 0.000
[7,   200] loss: 0.000
[7,   300] loss: 0.000
[7,   400] loss: 0.000
[8,   100] loss: 0.000
[8,   200] loss: 0.000
[8,   300] loss: 0.000
[8,   400] loss: 0.000
[9,   100] loss: 0.000
[9,   200] loss: 0.000
[9,   300] loss: 0.000
[9,   400] loss: 0.000
[10,   100] loss: 0.000
[10,   200] loss: 0.000
[10,   300] loss: 0.000
[10,   400] loss: 0.000
<class 'float'> 0.4934895833333333
<class 'dict'>
Training 10 epoch(s) w/ 481 batches each
[1,   100] loss: 0.041
[1,   200] loss: 0.000
[1,   300] loss: 0.000
[1,   400] loss: 0.000
[2,   100] loss: 0.000
[2,   200] loss: 0.000
[2,   300] loss: 0.000
[2,   400] loss: 0.000
[3,   100] loss: 0.000
[3,   200] loss: 0.000
[3,   300] loss: 0.000
[3,   400] loss: 0.000
[4,   100] loss: 0.000
[4,   200] loss: 0.000
[4,   300] loss: 0.000
[4,   400] loss: 0.000
[5,   100] loss: 0.000
[5,   200] loss: 0.000
[5,   300] loss: 0.000
[5,   400] loss: 0.000
[6,   100] loss: 0.000
[6,   200] loss: 0.000
[6,   300] loss: 0.000
[6,   400] loss: 0.000
[7,   100] loss: 0.000
[7,   200] loss: 0.000
[7,   300] loss: 0.000
[7,   400] loss: 0.000
[8,   100] loss: 0.000
[8,   200] loss: 0.000
[8,   300] loss: 0.000
[8,   400] loss: 0.000
[9,   100] loss: 0.000
[9,   200] loss: 0.000
[9,   300] loss: 0.000
[9,   400] loss: 0.000
[10,   100] loss: 0.000
[10,   200] loss: 0.000
[10,   300] loss: 0.000
[10,   400] loss: 0.000
<class 'float'> 0.4921875
<class 'dict'>
Training 10 epoch(s) w/ 481 batches each
[1,   100] loss: 0.034
[1,   200] loss: 0.001
[1,   300] loss: 0.000
[1,   400] loss: 0.000
[2,   100] loss: 0.000
[2,   200] loss: 0.000
[2,   300] loss: 0.000
[2,   400] loss: 0.000
[3,   100] loss: 0.000
[3,   200] loss: 0.000
[3,   300] loss: 0.000
[3,   400] loss: 0.000
[4,   100] loss: 0.000
[4,   200] loss: 0.000
[4,   300] loss: 0.000
[4,   400] loss: 0.001
[5,   100] loss: 0.000
[5,   200] loss: 0.000
[5,   300] loss: 0.000
[5,   400] loss: 0.000
[6,   100] loss: 0.000
[6,   200] loss: 0.000
[6,   300] loss: 0.000
[6,   400] loss: 0.000
[7,   100] loss: 0.000
[7,   200] loss: 0.000
[7,   300] loss: 0.000
[7,   400] loss: 0.000
[8,   100] loss: 0.000
[8,   200] loss: 0.000
[8,   300] loss: 0.000
[8,   400] loss: 0.000
[9,   100] loss: 0.000
[9,   200] loss: 0.000
[9,   300] loss: 0.000
[9,   400] loss: 0.000
[10,   100] loss: 0.000
[10,   200] loss: 0.000
[10,   300] loss: 0.001
[10,   400] loss: 0.000
<class 'float'> 0.4934895833333333
<class 'dict'>
Training 10 epoch(s) w/ 481 batches each
[1,   100] loss: 0.021
[1,   200] loss: 0.000
[1,   300] loss: 0.000
[1,   400] loss: 0.000
[2,   100] loss: 0.000
[2,   200] loss: 0.000
[2,   300] loss: 0.000
[2,   400] loss: 0.000
[3,   100] loss: 0.000
[3,   200] loss: 0.000
[3,   300] loss: 0.000
[3,   400] loss: 0.000
[4,   100] loss: 0.000
[4,   200] loss: 0.000
[4,   300] loss: 0.000
[4,   400] loss: 0.000
[5,   100] loss: 0.000
[5,   200] loss: 0.000
[5,   300] loss: 0.000
[5,   400] loss: 0.000
[6,   100] loss: 0.000
[6,   200] loss: 0.000
[6,   300] loss: 0.000
[6,   400] loss: 0.000
[7,   100] loss: 0.000
[7,   200] loss: 0.000
[7,   300] loss: 0.000
[7,   400] loss: 0.000
[8,   100] loss: 0.001
[8,   200] loss: 0.000
[8,   300] loss: 0.000
[8,   400] loss: 0.000
[9,   100] loss: 0.000
[9,   200] loss: 0.000
[9,   300] loss: 0.000
[9,   400] loss: 0.000
[10,   100] loss: 0.000
[10,   200] loss: 0.000
[10,   300] loss: 0.000
[10,   400] loss: 0.000
<class 'float'> 0.4934895833333333
<class 'dict'>
Training 10 epoch(s) w/ 481 batches each
[1,   100] loss: 0.040
[1,   200] loss: 0.000
[1,   300] loss: 0.000
[1,   400] loss: 0.000
[2,   100] loss: 0.000
[2,   200] loss: 0.000
[2,   300] loss: 0.000
[2,   400] loss: 0.000
[3,   100] loss: 0.000
[3,   200] loss: 0.000
[3,   300] loss: 0.000
[3,   400] loss: 0.000
[4,   100] loss: 0.000
[4,   200] loss: 0.000
[4,   300] loss: 0.000
[4,   400] loss: 0.000
[5,   100] loss: 0.000
[5,   200] loss: 0.000
[5,   300] loss: 0.000
[5,   400] loss: 0.000
[6,   100] loss: 0.001
[6,   200] loss: 0.000
[6,   300] loss: 0.000
[6,   400] loss: 0.000
[7,   100] loss: 0.001
[7,   200] loss: 0.000
[7,   300] loss: 0.000
[7,   400] loss: 0.000
[8,   100] loss: 0.000
[8,   200] loss: 0.000
[8,   300] loss: 0.000
[8,   400] loss: 0.000
[9,   100] loss: 0.000
[9,   200] loss: 0.000
[9,   300] loss: 0.000
[9,   400] loss: 0.000
[10,   100] loss: 0.000
[10,   200] loss: 0.000
[10,   300] loss: 0.000
[10,   400] loss: 0.000
<class 'float'> 0.4934895833333333
<class 'dict'>
Training 10 epoch(s) w/ 481 batches each
[1,   100] loss: 0.022
[1,   200] loss: 0.000
[1,   300] loss: 0.000
[1,   400] loss: 0.000
[2,   100] loss: 0.000
[2,   200] loss: 0.000
[2,   300] loss: 0.000
[2,   400] loss: 0.000
[3,   100] loss: 0.000
[3,   200] loss: 0.000
[3,   300] loss: 0.000
[3,   400] loss: 0.000
[4,   100] loss: 0.000
[4,   200] loss: 0.000
[4,   300] loss: 0.000
[4,   400] loss: 0.000
[5,   100] loss: 0.000
[5,   200] loss: 0.000
[5,   300] loss: 0.000
[5,   400] loss: 0.000
[6,   100] loss: 0.000
[6,   200] loss: 0.000
[6,   300] loss: 0.000
[6,   400] loss: 0.000
[7,   100] loss: 0.000
[7,   200] loss: 0.000
[7,   300] loss: 0.000
[7,   400] loss: 0.000
[8,   100] loss: 0.000
[8,   200] loss: 0.000
[8,   300] loss: 0.000
[8,   400] loss: 0.000
[9,   100] loss: 0.000
[9,   200] loss: 0.000
[9,   300] loss: 0.000
[9,   400] loss: 0.000
[10,   100] loss: 0.000
[10,   200] loss: 0.000
[10,   300] loss: 0.000
[10,   400] loss: 0.000
<class 'float'> 0.4934895833333333
<class 'dict'>
Training 10 epoch(s) w/ 481 batches each
[1,   100] loss: 0.028
[1,   200] loss: 0.000
[1,   300] loss: 0.000
[1,   400] loss: 0.000
[2,   100] loss: 0.000
[2,   200] loss: 0.000
[2,   300] loss: 0.000
[2,   400] loss: 0.000
[3,   100] loss: 0.000
[3,   200] loss: 0.000
[3,   300] loss: 0.000
[3,   400] loss: 0.000
[4,   100] loss: 0.000
[4,   200] loss: 0.000
[4,   300] loss: 0.000
[4,   400] loss: 0.000
[5,   100] loss: 0.000
[5,   200] loss: 0.000
[5,   300] loss: 0.000
[5,   400] loss: 0.000
[6,   100] loss: 0.000
[6,   200] loss: 0.000
[6,   300] loss: 0.000
[6,   400] loss: 0.000
[7,   100] loss: 0.000
[7,   200] loss: 0.000
[7,   300] loss: 0.000
[7,   400] loss: 0.000
[8,   100] loss: 0.000
[8,   200] loss: 0.000
[8,   300] loss: 0.000
[8,   400] loss: 0.000
[9,   100] loss: 0.000
[9,   200] loss: 0.001
[9,   300] loss: 0.000
[9,   400] loss: 0.000
[10,   100] loss: 0.000
[10,   200] loss: 0.000
[10,   300] loss: 0.000
[10,   400] loss: 0.000
<class 'float'> 0.4934895833333333
<class 'dict'>
Training 10 epoch(s) w/ 481 batches each
[1,   100] loss: 0.025
[1,   200] loss: 0.000
[1,   300] loss: 0.000
[1,   400] loss: 0.000
[2,   100] loss: 0.000
[2,   200] loss: 0.000
[2,   300] loss: 0.000
[2,   400] loss: 0.000
[3,   100] loss: 0.001
[3,   200] loss: 0.000
[3,   300] loss: 0.000
[3,   400] loss: 0.000
[4,   100] loss: 0.000
[4,   200] loss: 0.000
[4,   300] loss: 0.000
[4,   400] loss: 0.000
[5,   100] loss: 0.000
[5,   200] loss: 0.000
[5,   300] loss: 0.000
[5,   400] loss: 0.000
[6,   100] loss: 0.000
[6,   200] loss: 0.000
[6,   300] loss: 0.000
[6,   400] loss: 0.000
[7,   100] loss: 0.000
[7,   200] loss: 0.000
[7,   300] loss: 0.000
[7,   400] loss: 0.000
[8,   100] loss: 0.000
[8,   200] loss: 0.000
[8,   300] loss: 0.000
[8,   400] loss: 0.000
[9,   100] loss: 0.000
[9,   200] loss: 0.000
[9,   300] loss: 0.000
[9,   400] loss: 0.000
[10,   100] loss: 0.000
[10,   200] loss: 0.000
[10,   300] loss: 0.000
[10,   400] loss: 0.000
<class 'float'> 0.4934895833333333
<class 'dict'>
Training 10 epoch(s) w/ 481 batches each
[1,   100] loss: 0.025
[1,   200] loss: 0.000
[1,   300] loss: 0.000
[1,   400] loss: 0.001
[2,   100] loss: 0.002
[2,   200] loss: 0.000
[2,   300] loss: 0.000
[2,   400] loss: 0.000
[3,   100] loss: 0.000
[3,   200] loss: 0.000
[3,   300] loss: 0.000
[3,   400] loss: 0.000
[4,   100] loss: 0.000
[4,   200] loss: 0.000
[4,   300] loss: 0.000
[4,   400] loss: 0.000
[5,   100] loss: 0.000
[5,   200] loss: 0.000
[5,   300] loss: 0.000
[5,   400] loss: 0.000
[6,   100] loss: 0.000
[6,   200] loss: 0.000
[6,   300] loss: 0.000
[6,   400] loss: 0.000
[7,   100] loss: 0.000
[7,   200] loss: 0.000
[7,   300] loss: 0.000
[7,   400] loss: 0.000
[8,   100] loss: 0.000
[8,   200] loss: 0.000
[8,   300] loss: 0.000
[8,   400] loss: 0.000
[9,   100] loss: 0.000
[9,   200] loss: 0.000
[9,   300] loss: 0.000
[9,   400] loss: 0.000
[10,   100] loss: 0.000
[10,   200] loss: 0.000
[10,   300] loss: 0.000
[10,   400] loss: 0.000
<class 'float'> 0.4934895833333333
<class 'dict'>
Training 10 epoch(s) w/ 481 batches each
[1,   100] loss: 0.015
[1,   200] loss: 0.000
[1,   300] loss: 0.000
[1,   400] loss: 0.000
[2,   100] loss: 0.000
[2,   200] loss: 0.000
[2,   300] loss: 0.000
[2,   400] loss: 0.000
[3,   100] loss: 0.000
[3,   200] loss: 0.000
[3,   300] loss: 0.000
[3,   400] loss: 0.000
[4,   100] loss: 0.000
[4,   200] loss: 0.000
[4,   300] loss: 0.000
[4,   400] loss: 0.000
[5,   100] loss: 0.000
[5,   200] loss: 0.000
[5,   300] loss: 0.000
[5,   400] loss: 0.000
[6,   100] loss: 0.000
[6,   200] loss: 0.000
[6,   300] loss: 0.000
[6,   400] loss: 0.000
[7,   100] loss: 0.000
[7,   200] loss: 0.000
[7,   300] loss: 0.000
[7,   400] loss: 0.000
[8,   100] loss: 0.000
[8,   200] loss: 0.001
[8,   300] loss: 0.000
[8,   400] loss: 0.000
[9,   100] loss: 0.001
[9,   200] loss: 0.000
[9,   300] loss: 0.000
[9,   400] loss: 0.000
[10,   100] loss: 0.000
[10,   200] loss: 0.000
[10,   300] loss: 0.000
[10,   400] loss: 0.000
<class 'float'> 0.4934895833333333
<class 'dict'>
