Training 30 epoch(s) w/ 475 batches each
[1,   100] loss: 0.004
[1,   200] loss: 0.002
[1,   300] loss: 0.002
[1,   400] loss: 0.003
[2,   100] loss: 0.040
[2,   200] loss: 0.035
[2,   300] loss: 0.035
[2,   400] loss: 0.035
[3,   100] loss: 0.036
[3,   200] loss: 0.035
[3,   300] loss: 0.035
[3,   400] loss: 0.035
[4,   100] loss: 0.035
[4,   200] loss: 0.035
[4,   300] loss: 0.035
[4,   400] loss: 0.035
[5,   100] loss: 0.035
[5,   200] loss: 0.035
[5,   300] loss: 0.035
[5,   400] loss: 0.035
[6,   100] loss: 0.035
[6,   200] loss: 0.035
[6,   300] loss: 0.035
[6,   400] loss: 0.035
[7,   100] loss: 0.035
[7,   200] loss: 0.035
[7,   300] loss: 0.035
[7,   400] loss: 0.035
[8,   100] loss: 0.035
[8,   200] loss: 0.035
[8,   300] loss: 0.035
[8,   400] loss: 0.035
[9,   100] loss: 0.035
[9,   200] loss: 0.035
[9,   300] loss: 0.035
[9,   400] loss: 0.035
[10,   100] loss: 0.035
[10,   200] loss: 0.035
[10,   300] loss: 0.035
[10,   400] loss: 0.035
[11,   100] loss: 0.035
[11,   200] loss: 0.035
[11,   300] loss: 0.035
[11,   400] loss: 0.035
[12,   100] loss: 0.035
[12,   200] loss: 0.035
[12,   300] loss: 0.035
[12,   400] loss: 0.035
[13,   100] loss: 0.035
[13,   200] loss: 0.035
[13,   300] loss: 0.035
[13,   400] loss: 0.035
[14,   100] loss: 0.035
[14,   200] loss: 0.035
[14,   300] loss: 0.035
[14,   400] loss: 0.035
[15,   100] loss: 0.035
[15,   200] loss: 0.035
[15,   300] loss: 0.035
[15,   400] loss: 0.035
[16,   100] loss: 0.035
[16,   200] loss: 0.035
[16,   300] loss: 0.035
[16,   400] loss: 0.035
[17,   100] loss: 0.035
[17,   200] loss: 0.035
[17,   300] loss: 0.035
[17,   400] loss: 0.035
[18,   100] loss: 0.035
[18,   200] loss: 0.035
[18,   300] loss: 0.035
[18,   400] loss: 0.035
[19,   100] loss: 0.035
[19,   200] loss: 0.035
[19,   300] loss: 0.036
[19,   400] loss: 0.035
[20,   100] loss: 0.035
[20,   200] loss: 0.035
[20,   300] loss: 0.035
[20,   400] loss: 0.035
[21,   100] loss: 0.035
[21,   200] loss: 0.035
[21,   300] loss: 0.035
[21,   400] loss: 0.035
[22,   100] loss: 0.035
[22,   200] loss: 0.035
[22,   300] loss: 0.035
[22,   400] loss: 0.035
[23,   100] loss: 0.035
[23,   200] loss: 0.035
[23,   300] loss: 0.035
[23,   400] loss: 0.035
[24,   100] loss: 0.035
[24,   200] loss: 0.035
[24,   300] loss: 0.035
[24,   400] loss: 0.035
[25,   100] loss: 0.035
[25,   200] loss: 0.035
[25,   300] loss: 0.035
[25,   400] loss: 0.035
[26,   100] loss: 0.035
[26,   200] loss: 0.035
[26,   300] loss: 0.035
[26,   400] loss: 0.035
[27,   100] loss: 0.035
[27,   200] loss: 0.035
[27,   300] loss: 0.035
[27,   400] loss: 0.035
[28,   100] loss: 0.035
[28,   200] loss: 0.035
[28,   300] loss: 0.035
[28,   400] loss: 0.035
[29,   100] loss: 0.036
[29,   200] loss: 0.035
[29,   300] loss: 0.035
[29,   400] loss: 0.035
[30,   100] loss: 0.035
[30,   200] loss: 0.035
[30,   300] loss: 0.035
[30,   400] loss: 0.035
<class 'float'> 0.5019762845849802
<class 'dict'>
Training 30 epoch(s) w/ 475 batches each
[1,   100] loss: 0.006
[1,   200] loss: 0.002
[1,   300] loss: 0.001
[1,   400] loss: 0.001
[2,   100] loss: 0.000
[2,   200] loss: 0.001
[2,   300] loss: 0.001
[2,   400] loss: 0.030
[3,   100] loss: 0.035
[3,   200] loss: 0.035
[3,   300] loss: 0.035
[3,   400] loss: 0.035
[4,   100] loss: 0.035
[4,   200] loss: 0.035
[4,   300] loss: 0.035
[4,   400] loss: 0.035
[5,   100] loss: 0.035
[5,   200] loss: 0.035
[5,   300] loss: 0.035
[5,   400] loss: 0.035
[6,   100] loss: 0.035
[6,   200] loss: 0.035
[6,   300] loss: 0.035
[6,   400] loss: 0.035
[7,   100] loss: 0.035
[7,   200] loss: 0.035
[7,   300] loss: 0.035
[7,   400] loss: 0.035
[8,   100] loss: 0.035
[8,   200] loss: 0.035
[8,   300] loss: 0.035
[8,   400] loss: 0.035
[9,   100] loss: 0.035
[9,   200] loss: 0.035
[9,   300] loss: 0.035
[9,   400] loss: 0.035
[10,   100] loss: 0.035
[10,   200] loss: 0.035
[10,   300] loss: 0.035
[10,   400] loss: 0.035
[11,   100] loss: 0.035
[11,   200] loss: 0.035
[11,   300] loss: 0.035
[11,   400] loss: 0.035
[12,   100] loss: 0.035
[12,   200] loss: 0.035
[12,   300] loss: 0.035
[12,   400] loss: 0.035
[13,   100] loss: 0.035
[13,   200] loss: 0.035
[13,   300] loss: 0.035
[13,   400] loss: 0.035
[14,   100] loss: 0.035
[14,   200] loss: 0.035
[14,   300] loss: 0.035
[14,   400] loss: 0.035
[15,   100] loss: 0.035
[15,   200] loss: 0.035
[15,   300] loss: 0.036
[15,   400] loss: 0.035
[16,   100] loss: 0.035
[16,   200] loss: 0.035
[16,   300] loss: 0.035
[16,   400] loss: 0.035
[17,   100] loss: 0.035
[17,   200] loss: 0.035
[17,   300] loss: 0.035
[17,   400] loss: 0.035
[18,   100] loss: 0.035
[18,   200] loss: 0.035
[18,   300] loss: 0.035
[18,   400] loss: 0.035
[19,   100] loss: 0.035
[19,   200] loss: 0.035
[19,   300] loss: 0.035
[19,   400] loss: 0.035
[20,   100] loss: 0.035
[20,   200] loss: 0.035
[20,   300] loss: 0.035
[20,   400] loss: 0.035
[21,   100] loss: 0.035
[21,   200] loss: 0.035
[21,   300] loss: 0.035
[21,   400] loss: 0.035
[22,   100] loss: 0.035
[22,   200] loss: 0.035
[22,   300] loss: 0.035
[22,   400] loss: 0.035
[23,   100] loss: 0.035
[23,   200] loss: 0.035
[23,   300] loss: 0.035
[23,   400] loss: 0.035
[24,   100] loss: 0.035
[24,   200] loss: 0.035
[24,   300] loss: 0.035
[24,   400] loss: 0.035
[25,   100] loss: 0.035
[25,   200] loss: 0.035
[25,   300] loss: 0.035
[25,   400] loss: 0.035
[26,   100] loss: 0.035
[26,   200] loss: 0.035
[26,   300] loss: 0.035
[26,   400] loss: 0.035
[27,   100] loss: 0.035
[27,   200] loss: 0.035
[27,   300] loss: 0.035
[27,   400] loss: 0.035
[28,   100] loss: 0.035
[28,   200] loss: 0.035
[28,   300] loss: 0.035
[28,   400] loss: 0.035
[29,   100] loss: 0.035
[29,   200] loss: 0.035
[29,   300] loss: 0.035
[29,   400] loss: 0.035
[30,   100] loss: 0.035
[30,   200] loss: 0.035
[30,   300] loss: 0.035
[30,   400] loss: 0.035
<class 'float'> 0.0
<class 'dict'>
Training 30 epoch(s) w/ 475 batches each
[1,   100] loss: 0.007
[1,   200] loss: 0.001
[1,   300] loss: 0.000
[1,   400] loss: 0.001
[2,   100] loss: 0.000
[2,   200] loss: 0.000
[2,   300] loss: 0.001
[2,   400] loss: 0.000
[3,   100] loss: 0.001
[3,   200] loss: 0.000
[3,   300] loss: 0.001
[3,   400] loss: 0.000
[4,   100] loss: 0.000
[4,   200] loss: 0.030
[4,   300] loss: 0.035
[4,   400] loss: 0.035
[5,   100] loss: 0.035
[5,   200] loss: 0.035
[5,   300] loss: 0.035
[5,   400] loss: 0.035
[6,   100] loss: 0.035
[6,   200] loss: 0.035
[6,   300] loss: 0.035
[6,   400] loss: 0.035
[7,   100] loss: 0.035
[7,   200] loss: 0.035
[7,   300] loss: 0.035
[7,   400] loss: 0.035
[8,   100] loss: 0.035
[8,   200] loss: 0.035
[8,   300] loss: 0.035
[8,   400] loss: 0.035
[9,   100] loss: 0.035
[9,   200] loss: 0.035
[9,   300] loss: 0.035
[9,   400] loss: 0.035
[10,   100] loss: 0.035
[10,   200] loss: 0.035
[10,   300] loss: 0.035
[10,   400] loss: 0.035
[11,   100] loss: 0.035
[11,   200] loss: 0.035
[11,   300] loss: 0.035
[11,   400] loss: 0.035
[12,   100] loss: 0.035
[12,   200] loss: 0.035
[12,   300] loss: 0.035
[12,   400] loss: 0.035
[13,   100] loss: 0.035
[13,   200] loss: 0.035
[13,   300] loss: 0.035
[13,   400] loss: 0.035
[14,   100] loss: 0.035
[14,   200] loss: 0.035
[14,   300] loss: 0.035
[14,   400] loss: 0.035
[15,   100] loss: 0.035
[15,   200] loss: 0.035
[15,   300] loss: 0.035
[15,   400] loss: 0.035
[16,   100] loss: 0.035
[16,   200] loss: 0.035
[16,   300] loss: 0.035
[16,   400] loss: 0.035
[17,   100] loss: 0.035
[17,   200] loss: 0.035
[17,   300] loss: 0.035
[17,   400] loss: 0.035
[18,   100] loss: 0.035
[18,   200] loss: 0.035
[18,   300] loss: 0.035
[18,   400] loss: 0.035
[19,   100] loss: 0.035
[19,   200] loss: 0.035
[19,   300] loss: 0.035
[19,   400] loss: 0.035
[20,   100] loss: 0.035
[20,   200] loss: 0.035
[20,   300] loss: 0.035
[20,   400] loss: 0.035
[21,   100] loss: 0.035
[21,   200] loss: 0.035
[21,   300] loss: 0.035
[21,   400] loss: 0.035
[22,   100] loss: 0.035
[22,   200] loss: 0.035
[22,   300] loss: 0.035
[22,   400] loss: 0.035
[23,   100] loss: 0.035
[23,   200] loss: 0.035
[23,   300] loss: 0.035
[23,   400] loss: 0.035
[24,   100] loss: 0.035
[24,   200] loss: 0.035
[24,   300] loss: 0.035
[24,   400] loss: 0.035
[25,   100] loss: 0.035
[25,   200] loss: 0.036
[25,   300] loss: 0.035
[25,   400] loss: 0.035
[26,   100] loss: 0.035
[26,   200] loss: 0.035
[26,   300] loss: 0.035
[26,   400] loss: 0.035
[27,   100] loss: 0.035
[27,   200] loss: 0.035
[27,   300] loss: 0.035
[27,   400] loss: 0.035
[28,   100] loss: 0.035
[28,   200] loss: 0.035
[28,   300] loss: 0.035
[28,   400] loss: 0.035
[29,   100] loss: 0.035
[29,   200] loss: 0.035
[29,   300] loss: 0.035
[29,   400] loss: 0.035
[30,   100] loss: 0.035
[30,   200] loss: 0.035
[30,   300] loss: 0.035
[30,   400] loss: 0.035
