Training 30 epoch(s) w/ 398 batches each
[1,   100] loss: 0.005
[1,   200] loss: 0.003
[1,   300] loss: 0.002
[2,   100] loss: 0.002
[2,   200] loss: 0.002
[2,   300] loss: 0.003
[3,   100] loss: 0.003
[3,   200] loss: 0.001
[3,   300] loss: 0.001
[4,   100] loss: 0.005
[4,   200] loss: 0.003
[4,   300] loss: 0.002
[5,   100] loss: 0.002
[5,   200] loss: 0.002
[5,   300] loss: 0.001
[6,   100] loss: 0.000
[6,   200] loss: 0.001
[6,   300] loss: 0.001
[7,   100] loss: 0.001
[7,   200] loss: 0.002
[7,   300] loss: 0.001
[8,   100] loss: 0.000
[8,   200] loss: 0.000
[8,   300] loss: 0.000
[9,   100] loss: 0.002
[9,   200] loss: 0.001
[9,   300] loss: 0.000
[10,   100] loss: 0.017
[10,   200] loss: 0.009
[10,   300] loss: 0.006
[11,   100] loss: 0.008
[11,   200] loss: 0.006
[11,   300] loss: 0.002
[12,   100] loss: 0.002
[12,   200] loss: 0.002
[12,   300] loss: 0.002
[13,   100] loss: 0.002
[13,   200] loss: 0.002
[13,   300] loss: 0.003
[14,   100] loss: 0.002
[14,   200] loss: 0.001
[14,   300] loss: 0.001
[15,   100] loss: 0.001
[15,   200] loss: 0.005
[15,   300] loss: 0.002
[16,   100] loss: 0.001
[16,   200] loss: 0.001
[16,   300] loss: 0.001
[17,   100] loss: 0.001
[17,   200] loss: 0.001
[17,   300] loss: 0.001
[18,   100] loss: 0.001
[18,   200] loss: 0.001
[18,   300] loss: 0.002
[19,   100] loss: 0.002
[19,   200] loss: 0.002
[19,   300] loss: 0.001
[20,   100] loss: 0.001
[20,   200] loss: 0.001
[20,   300] loss: 0.002
[21,   100] loss: 0.002
[21,   200] loss: 0.002
[21,   300] loss: 0.001
[22,   100] loss: 0.001
[22,   200] loss: 0.001
[22,   300] loss: 0.001
[23,   100] loss: 0.007
[23,   200] loss: 0.002
[23,   300] loss: 0.002
[24,   100] loss: 0.002
[24,   200] loss: 0.002
[24,   300] loss: 0.002
[25,   100] loss: 0.002
[25,   200] loss: 0.002
[25,   300] loss: 0.001
[26,   100] loss: 0.002
[26,   200] loss: 0.002
[26,   300] loss: 0.001
[27,   100] loss: 0.001
[27,   200] loss: 0.002
[27,   300] loss: 0.001
[28,   100] loss: 0.001
[28,   200] loss: 0.001
[28,   300] loss: 0.002
[29,   100] loss: 0.001
[29,   200] loss: 0.003
[29,   300] loss: 0.006
[30,   100] loss: 0.002
[30,   200] loss: 0.002
[30,   300] loss: 0.000
<class 'float'> 0.0
<class 'dict'>
Training 30 epoch(s) w/ 398 batches each
[1,   100] loss: 0.009
[1,   200] loss: 0.024
[1,   300] loss: 0.036
[2,   100] loss: 0.035
[2,   200] loss: 0.035
[2,   300] loss: 0.035
[3,   100] loss: 0.035
[3,   200] loss: 0.035
[3,   300] loss: 0.035
[4,   100] loss: 0.035
[4,   200] loss: 0.036
[4,   300] loss: 0.035
[5,   100] loss: 0.035
[5,   200] loss: 0.035
[5,   300] loss: 0.035
[6,   100] loss: 0.035
[6,   200] loss: 0.035
[6,   300] loss: 0.035
[7,   100] loss: 0.035
[7,   200] loss: 0.035
[7,   300] loss: 0.035
[8,   100] loss: 0.035
[8,   200] loss: 0.035
[8,   300] loss: 0.035
[9,   100] loss: 0.035
[9,   200] loss: 0.035
[9,   300] loss: 0.035
[10,   100] loss: 0.035
[10,   200] loss: 0.035
[10,   300] loss: 0.035
[11,   100] loss: 0.035
[11,   200] loss: 0.035
[11,   300] loss: 0.035
[12,   100] loss: 0.035
[12,   200] loss: 0.035
[12,   300] loss: 0.035
[13,   100] loss: 0.035
[13,   200] loss: 0.035
[13,   300] loss: 0.035
[14,   100] loss: 0.035
[14,   200] loss: 0.035
[14,   300] loss: 0.035
[15,   100] loss: 0.035
[15,   200] loss: 0.035
[15,   300] loss: 0.035
[16,   100] loss: 0.035
[16,   200] loss: 0.035
[16,   300] loss: 0.035
[17,   100] loss: 0.035
[17,   200] loss: 0.035
[17,   300] loss: 0.035
[18,   100] loss: 0.035
[18,   200] loss: 0.035
[18,   300] loss: 0.035
[19,   100] loss: 0.035
[19,   200] loss: 0.035
[19,   300] loss: 0.035
[20,   100] loss: 0.035
[20,   200] loss: 0.035
[20,   300] loss: 0.035
[21,   100] loss: 0.035
[21,   200] loss: 0.035
[21,   300] loss: 0.035
[22,   100] loss: 0.035
[22,   200] loss: 0.035
[22,   300] loss: 0.035
[23,   100] loss: 0.035
[23,   200] loss: 0.035
[23,   300] loss: 0.035
[24,   100] loss: 0.035
[24,   200] loss: 0.035
[24,   300] loss: 0.035
[25,   100] loss: 0.036
[25,   200] loss: 0.035
[25,   300] loss: 0.035
[26,   100] loss: 0.036
[26,   200] loss: 0.035
[26,   300] loss: 0.035
[27,   100] loss: 0.035
[27,   200] loss: 0.035
[27,   300] loss: 0.035
[28,   100] loss: 0.035
[28,   200] loss: 0.035
[28,   300] loss: 0.035
[29,   100] loss: 0.035
[29,   200] loss: 0.035
[29,   300] loss: 0.035
[30,   100] loss: 0.035
[30,   200] loss: 0.035
[30,   300] loss: 0.035
<class 'float'> 0.0
<class 'dict'>
Training 30 epoch(s) w/ 398 batches each
[1,   100] loss: 0.013
[1,   200] loss: 0.002
[1,   300] loss: 0.001
[2,   100] loss: 0.022
[2,   200] loss: 0.036
[2,   300] loss: 0.036
[3,   100] loss: 0.036
[3,   200] loss: 0.036
[3,   300] loss: 0.035
[4,   100] loss: 0.035
[4,   200] loss: 0.035
[4,   300] loss: 0.035
[5,   100] loss: 0.035
[5,   200] loss: 0.035
[5,   300] loss: 0.035
[6,   100] loss: 0.035
[6,   200] loss: 0.035
[6,   300] loss: 0.035
[7,   100] loss: 0.035
[7,   200] loss: 0.035
[7,   300] loss: 0.035
[8,   100] loss: 0.036
[8,   200] loss: 0.035
[8,   300] loss: 0.035
[9,   100] loss: 0.035
[9,   200] loss: 0.035
[9,   300] loss: 0.035
[10,   100] loss: 0.035
[10,   200] loss: 0.035
[10,   300] loss: 0.035
[11,   100] loss: 0.035
[11,   200] loss: 0.035
[11,   300] loss: 0.035
[12,   100] loss: 0.035
[12,   200] loss: 0.035
[12,   300] loss: 0.035
[13,   100] loss: 0.035
[13,   200] loss: 0.035
[13,   300] loss: 0.035
[14,   100] loss: 0.035
[14,   200] loss: 0.035
[14,   300] loss: 0.035
[15,   100] loss: 0.035
[15,   200] loss: 0.035
[15,   300] loss: 0.035
[16,   100] loss: 0.035
[16,   200] loss: 0.036
[16,   300] loss: 0.035
[17,   100] loss: 0.035
[17,   200] loss: 0.035
[17,   300] loss: 0.035
[18,   100] loss: 0.035
[18,   200] loss: 0.035
[18,   300] loss: 0.035
[19,   100] loss: 0.035
[19,   200] loss: 0.035
[19,   300] loss: 0.035
[20,   100] loss: 0.035
[20,   200] loss: 0.035
[20,   300] loss: 0.035
[21,   100] loss: 0.035
[21,   200] loss: 0.035
[21,   300] loss: 0.035
[22,   100] loss: 0.035
[22,   200] loss: 0.035
[22,   300] loss: 0.035
[23,   100] loss: 0.035
[23,   200] loss: 0.035
[23,   300] loss: 0.035
[24,   100] loss: 0.035
[24,   200] loss: 0.035
[24,   300] loss: 0.035
[25,   100] loss: 0.035
[25,   200] loss: 0.035
[25,   300] loss: 0.035
[26,   100] loss: 0.035
[26,   200] loss: 0.035
[26,   300] loss: 0.035
[27,   100] loss: 0.035
[27,   200] loss: 0.035
[27,   300] loss: 0.035
[28,   100] loss: 0.035
[28,   200] loss: 0.035
[28,   300] loss: 0.035
[29,   100] loss: 0.035
[29,   200] loss: 0.035
[29,   300] loss: 0.035
[30,   100] loss: 0.035
[30,   200] loss: 0.035
[30,   300] loss: 0.035
