Training 10 epoch(s) w/ 120 batches each
[1,   100] loss: 0.090
[2,   100] loss: 0.017
[3,   100] loss: 0.007
[4,   100] loss: 0.005
[5,   100] loss: 0.004
[6,   100] loss: 0.003
[7,   100] loss: 0.003
[8,   100] loss: 0.003
[9,   100] loss: 0.003
[10,   100] loss: 0.003
<class 'float'> 0.9842931937172775
<class 'dict'>
Training 10 epoch(s) w/ 120 batches each
[1,   100] loss: 0.003
[2,   100] loss: 0.002
[3,   100] loss: 0.002
[4,   100] loss: 0.002
[5,   100] loss: 0.002
[6,   100] loss: 0.002
[7,   100] loss: 0.001
[8,   100] loss: 0.002
[9,   100] loss: 0.001
[10,   100] loss: 0.001
<class 'float'> 0.9842931937172775
<class 'dict'>
Training 10 epoch(s) w/ 120 batches each
[1,   100] loss: 0.002
[2,   100] loss: 0.001
[3,   100] loss: 0.001
[4,   100] loss: 0.001
[5,   100] loss: 0.001
[6,   100] loss: 0.001
[7,   100] loss: 0.001
[8,   100] loss: 0.001
[9,   100] loss: 0.001
[10,   100] loss: 0.001
<class 'float'> 0.9895287958115183
<class 'dict'>
Training 10 epoch(s) w/ 120 batches each
[1,   100] loss: 0.001
[2,   100] loss: 0.001
[3,   100] loss: 0.001
[4,   100] loss: 0.001
[5,   100] loss: 0.001
[6,   100] loss: 0.001
[7,   100] loss: 0.001
[8,   100] loss: 0.001
[9,   100] loss: 0.001
[10,   100] loss: 0.001
<class 'float'> 0.9895287958115183
<class 'dict'>
Training 10 epoch(s) w/ 120 batches each
[1,   100] loss: 0.001
[2,   100] loss: 0.001
[3,   100] loss: 0.001
[4,   100] loss: 0.001
[5,   100] loss: 0.001
[6,   100] loss: 0.001
[7,   100] loss: 0.001
[8,   100] loss: 0.001
[9,   100] loss: 0.001
[10,   100] loss: 0.001
<class 'float'> 0.9895287958115183
<class 'dict'>
Training 10 epoch(s) w/ 120 batches each
[1,   100] loss: 0.001
[2,   100] loss: 0.001
[3,   100] loss: 0.001
[4,   100] loss: 0.001
[5,   100] loss: 0.001
[6,   100] loss: 0.001
[7,   100] loss: 0.001
[8,   100] loss: 0.000
[9,   100] loss: 0.000
[10,   100] loss: 0.000
<class 'float'> 0.9947643979057592
<class 'dict'>
Training 10 epoch(s) w/ 120 batches each
[1,   100] loss: 0.001
[2,   100] loss: 0.001
[3,   100] loss: 0.000
[4,   100] loss: 0.001
[5,   100] loss: 0.001
[6,   100] loss: 0.000
[7,   100] loss: 0.000
[8,   100] loss: 0.000
[9,   100] loss: 0.000
[10,   100] loss: 0.000
<class 'float'> 0.9895287958115183
<class 'dict'>
Training 10 epoch(s) w/ 120 batches each
[1,   100] loss: 0.001
[2,   100] loss: 0.001
[3,   100] loss: 0.001
[4,   100] loss: 0.000
[5,   100] loss: 0.000
[6,   100] loss: 0.001
[7,   100] loss: 0.000
[8,   100] loss: 0.000
[9,   100] loss: 0.000
[10,   100] loss: 0.000
<class 'float'> 0.9947643979057592
<class 'dict'>
Training 10 epoch(s) w/ 120 batches each
[1,   100] loss: 0.001
[2,   100] loss: 0.000
[3,   100] loss: 0.000
[4,   100] loss: 0.000
[5,   100] loss: 0.000
[6,   100] loss: 0.000
[7,   100] loss: 0.000
[8,   100] loss: 0.000
[9,   100] loss: 0.000
[10,   100] loss: 0.000
<class 'float'> 0.9947643979057592
<class 'dict'>
Training 10 epoch(s) w/ 120 batches each
[1,   100] loss: 0.001
[2,   100] loss: 0.001
[3,   100] loss: 0.000
[4,   100] loss: 0.000
[5,   100] loss: 0.000
[6,   100] loss: 0.000
[7,   100] loss: 0.000
[8,   100] loss: 0.000
[9,   100] loss: 0.000
[10,   100] loss: 0.000
<class 'float'> 0.9947643979057592
<class 'dict'>
Training 10 epoch(s) w/ 120 batches each
[1,   100] loss: 0.001
[2,   100] loss: 0.000
[3,   100] loss: 0.000
[4,   100] loss: 0.000
[5,   100] loss: 0.000
[6,   100] loss: 0.000
[7,   100] loss: 0.000
[8,   100] loss: 0.000
[9,   100] loss: 0.000
[10,   100] loss: 0.000
<class 'float'> 0.9947643979057592
<class 'dict'>
Training 10 epoch(s) w/ 120 batches each
[1,   100] loss: 0.000
[2,   100] loss: 0.001
[3,   100] loss: 0.000
[4,   100] loss: 0.000
[5,   100] loss: 0.000
[6,   100] loss: 0.000
[7,   100] loss: 0.000
[8,   100] loss: 0.000
[9,   100] loss: 0.000
[10,   100] loss: 0.000
<class 'float'> 0.9947643979057592
<class 'dict'>
Training 10 epoch(s) w/ 120 batches each
[1,   100] loss: 0.001
[2,   100] loss: 0.000
[3,   100] loss: 0.000
[4,   100] loss: 0.000
[5,   100] loss: 0.000
[6,   100] loss: 0.000
[7,   100] loss: 0.000
[8,   100] loss: 0.000
[9,   100] loss: 0.000
[10,   100] loss: 0.000
<class 'float'> 0.9947643979057592
<class 'dict'>
Training 10 epoch(s) w/ 120 batches each
[1,   100] loss: 0.000
[2,   100] loss: 0.000
[3,   100] loss: 0.000
[4,   100] loss: 0.000
[5,   100] loss: 0.000
[6,   100] loss: 0.000
[7,   100] loss: 0.000
[8,   100] loss: 0.000
[9,   100] loss: 0.000
[10,   100] loss: 0.000
<class 'float'> 0.9947643979057592
<class 'dict'>
Training 10 epoch(s) w/ 120 batches each
[1,   100] loss: 0.000
[2,   100] loss: 0.000
[3,   100] loss: 0.000
[4,   100] loss: 0.000
[5,   100] loss: 0.000
[6,   100] loss: 0.000
[7,   100] loss: 0.000
[8,   100] loss: 0.000
[9,   100] loss: 0.000
[10,   100] loss: 0.000
<class 'float'> 0.9947643979057592
<class 'dict'>
Training 10 epoch(s) w/ 120 batches each
[1,   100] loss: 0.000
[2,   100] loss: 0.000
[3,   100] loss: 0.000
[4,   100] loss: 0.000
[5,   100] loss: 0.000
[6,   100] loss: 0.000
[7,   100] loss: 0.000
[8,   100] loss: 0.000
[9,   100] loss: 0.000
[10,   100] loss: 0.000
<class 'float'> 0.9947643979057592
<class 'dict'>
Training 10 epoch(s) w/ 120 batches each
[1,   100] loss: 0.000
[2,   100] loss: 0.000
[3,   100] loss: 0.000
[4,   100] loss: 0.000
[5,   100] loss: 0.000
[6,   100] loss: 0.000
[7,   100] loss: 0.000
[8,   100] loss: 0.000
[9,   100] loss: 0.000
[10,   100] loss: 0.000
<class 'float'> 0.9947643979057592
<class 'dict'>
Training 10 epoch(s) w/ 120 batches each
[1,   100] loss: 0.000
[2,   100] loss: 0.000
[3,   100] loss: 0.000
[4,   100] loss: 0.000
[5,   100] loss: 0.000
[6,   100] loss: 0.000
[7,   100] loss: 0.000
[8,   100] loss: 0.000
[9,   100] loss: 0.000
[10,   100] loss: 0.000
<class 'float'> 0.9947643979057592
<class 'dict'>
Training 10 epoch(s) w/ 120 batches each
[1,   100] loss: 0.000
[2,   100] loss: 0.000
[3,   100] loss: 0.000
[4,   100] loss: 0.000
[5,   100] loss: 0.000
[6,   100] loss: 0.000
[7,   100] loss: 0.000
[8,   100] loss: 0.000
[9,   100] loss: 0.000
[10,   100] loss: 0.000
<class 'float'> 0.9947643979057592
<class 'dict'>
Training 10 epoch(s) w/ 120 batches each
[1,   100] loss: 0.000
[2,   100] loss: 0.000
[3,   100] loss: 0.000
[4,   100] loss: 0.000
[5,   100] loss: 0.000
[6,   100] loss: 0.000
[7,   100] loss: 0.000
[8,   100] loss: 0.000
[9,   100] loss: 0.000
[10,   100] loss: 0.000
<class 'float'> 0.9947643979057592
<class 'dict'>
Training 10 epoch(s) w/ 120 batches each
[1,   100] loss: 0.000
[2,   100] loss: 0.000
[3,   100] loss: 0.000
[4,   100] loss: 0.000
[5,   100] loss: 0.000
[6,   100] loss: 0.000
[7,   100] loss: 0.000
[8,   100] loss: 0.000
[9,   100] loss: 0.000
[10,   100] loss: 0.000
<class 'float'> 0.9947643979057592
<class 'dict'>
Training 10 epoch(s) w/ 120 batches each
[1,   100] loss: 0.000
[2,   100] loss: 0.000
[3,   100] loss: 0.000
[4,   100] loss: 0.000
[5,   100] loss: 0.000
[6,   100] loss: 0.000
[7,   100] loss: 0.000
[8,   100] loss: 0.000
[9,   100] loss: 0.000
[10,   100] loss: 0.000
<class 'float'> 0.9947643979057592
<class 'dict'>
Training 10 epoch(s) w/ 120 batches each
[1,   100] loss: 0.000
[2,   100] loss: 0.000
[3,   100] loss: 0.000
[4,   100] loss: 0.000
[5,   100] loss: 0.000
[6,   100] loss: 0.000
[7,   100] loss: 0.000
[8,   100] loss: 0.000
[9,   100] loss: 0.000
[10,   100] loss: 0.000
<class 'float'> 0.9947643979057592
<class 'dict'>
Training 10 epoch(s) w/ 120 batches each
[1,   100] loss: 0.000
[2,   100] loss: 0.000
[3,   100] loss: 0.000
[4,   100] loss: 0.000
[5,   100] loss: 0.000
[6,   100] loss: 0.000
[7,   100] loss: 0.000
[8,   100] loss: 0.000
[9,   100] loss: 0.000
[10,   100] loss: 0.000
<class 'float'> 0.9947643979057592
<class 'dict'>
Training 10 epoch(s) w/ 120 batches each
[1,   100] loss: 0.000
[2,   100] loss: 0.000
[3,   100] loss: 0.000
[4,   100] loss: 0.000
[5,   100] loss: 0.000
[6,   100] loss: 0.000
[7,   100] loss: 0.000
[8,   100] loss: 0.000
[9,   100] loss: 0.000
[10,   100] loss: 0.000
<class 'float'> 0.9947643979057592
<class 'dict'>
Training 10 epoch(s) w/ 120 batches each
[1,   100] loss: 0.000
[2,   100] loss: 0.000
[3,   100] loss: 0.000
[4,   100] loss: 0.000
[5,   100] loss: 0.000
[6,   100] loss: 0.000
[7,   100] loss: 0.000
[8,   100] loss: 0.000
[9,   100] loss: 0.000
[10,   100] loss: 0.000
<class 'float'> 1.0
<class 'dict'>
Training 10 epoch(s) w/ 120 batches each
[1,   100] loss: 0.000
[2,   100] loss: 0.000
[3,   100] loss: 0.000
[4,   100] loss: 0.000
[5,   100] loss: 0.000
[6,   100] loss: 0.000
[7,   100] loss: 0.000
[8,   100] loss: 0.000
[9,   100] loss: 0.000
[10,   100] loss: 0.000
<class 'float'> 1.0
<class 'dict'>
Training 10 epoch(s) w/ 120 batches each
[1,   100] loss: 0.000
[2,   100] loss: 0.000
[3,   100] loss: 0.000
[4,   100] loss: 0.000
[5,   100] loss: 0.000
[6,   100] loss: 0.000
[7,   100] loss: 0.000
[8,   100] loss: 0.000
[9,   100] loss: 0.000
[10,   100] loss: 0.000
<class 'float'> 1.0
<class 'dict'>
Training 10 epoch(s) w/ 120 batches each
[1,   100] loss: 0.000
[2,   100] loss: 0.000
[3,   100] loss: 0.000
[4,   100] loss: 0.000
[5,   100] loss: 0.000
[6,   100] loss: 0.000
[7,   100] loss: 0.000
[8,   100] loss: 0.000
[9,   100] loss: 0.000
[10,   100] loss: 0.000
<class 'float'> 1.0
<class 'dict'>
Training 10 epoch(s) w/ 120 batches each
[1,   100] loss: 0.000
[2,   100] loss: 0.000
[3,   100] loss: 0.000
[4,   100] loss: 0.000
[5,   100] loss: 0.000
[6,   100] loss: 0.000
[7,   100] loss: 0.000
[8,   100] loss: 0.000
[9,   100] loss: 0.000
[10,   100] loss: 0.000
<class 'float'> 1.0
<class 'dict'>
Training 10 epoch(s) w/ 120 batches each
[1,   100] loss: 0.000
[2,   100] loss: 0.000
[3,   100] loss: 0.000
[4,   100] loss: 0.000
[5,   100] loss: 0.000
[6,   100] loss: 0.000
[7,   100] loss: 0.000
[8,   100] loss: 0.000
[9,   100] loss: 0.000
[10,   100] loss: 0.000
<class 'float'> 1.0
<class 'dict'>
Training 10 epoch(s) w/ 120 batches each
[1,   100] loss: 0.000
[2,   100] loss: 0.000
[3,   100] loss: 0.000
[4,   100] loss: 0.000
[5,   100] loss: 0.000
[6,   100] loss: 0.000
[7,   100] loss: 0.000
[8,   100] loss: 0.000
[9,   100] loss: 0.000
[10,   100] loss: 0.000
<class 'float'> 1.0
<class 'dict'>
Training 10 epoch(s) w/ 120 batches each
[1,   100] loss: 0.000
[2,   100] loss: 0.000
[3,   100] loss: 0.000
[4,   100] loss: 0.000
[5,   100] loss: 0.000
[6,   100] loss: 0.000
[7,   100] loss: 0.000
[8,   100] loss: 0.000
[9,   100] loss: 0.000
[10,   100] loss: 0.000
<class 'float'> 1.0
<class 'dict'>
Training 10 epoch(s) w/ 120 batches each
[1,   100] loss: 0.000
[2,   100] loss: 0.000
[3,   100] loss: 0.000
[4,   100] loss: 0.000
[5,   100] loss: 0.000
[6,   100] loss: 0.000
[7,   100] loss: 0.000
[8,   100] loss: 0.000
[9,   100] loss: 0.000
[10,   100] loss: 0.000
<class 'float'> 1.0
<class 'dict'>
Training 10 epoch(s) w/ 120 batches each
[1,   100] loss: 0.000
[2,   100] loss: 0.000
[3,   100] loss: 0.000
[4,   100] loss: 0.000
[5,   100] loss: 0.000
[6,   100] loss: 0.000
[7,   100] loss: 0.000
[8,   100] loss: 0.000
[9,   100] loss: 0.000
[10,   100] loss: 0.000
<class 'float'> 1.0
<class 'dict'>
Training 10 epoch(s) w/ 120 batches each
[1,   100] loss: 0.000
[2,   100] loss: 0.000
[3,   100] loss: 0.000
[4,   100] loss: 0.000
[5,   100] loss: 0.000
[6,   100] loss: 0.000
[7,   100] loss: 0.000
[8,   100] loss: 0.000
[9,   100] loss: 0.000
[10,   100] loss: 0.000
<class 'float'> 1.0
<class 'dict'>
Training 10 epoch(s) w/ 120 batches each
[1,   100] loss: 0.000
[2,   100] loss: 0.000
[3,   100] loss: 0.000
[4,   100] loss: 0.000
[5,   100] loss: 0.000
[6,   100] loss: 0.000
[7,   100] loss: 0.000
[8,   100] loss: 0.000
[9,   100] loss: 0.000
[10,   100] loss: 0.000
<class 'float'> 1.0
<class 'dict'>
Training 10 epoch(s) w/ 120 batches each
[1,   100] loss: 0.000
[2,   100] loss: 0.000
[3,   100] loss: 0.000
[4,   100] loss: 0.000
[5,   100] loss: 0.000
[6,   100] loss: 0.000
[7,   100] loss: 0.000
[8,   100] loss: 0.000
[9,   100] loss: 0.000
[10,   100] loss: 0.000
<class 'float'> 1.0
<class 'dict'>
Training 10 epoch(s) w/ 120 batches each
[1,   100] loss: 0.000
[2,   100] loss: 0.000
[3,   100] loss: 0.000
[4,   100] loss: 0.000
[5,   100] loss: 0.000
[6,   100] loss: 0.000
[7,   100] loss: 0.000
[8,   100] loss: 0.000
[9,   100] loss: 0.000
[10,   100] loss: 0.000
<class 'float'> 1.0
<class 'dict'>
Training 10 epoch(s) w/ 120 batches each
[1,   100] loss: 0.000
[2,   100] loss: 0.000
[3,   100] loss: 0.000
[4,   100] loss: 0.000
[5,   100] loss: 0.000
[6,   100] loss: 0.000
[7,   100] loss: 0.000
[8,   100] loss: 0.000
[9,   100] loss: 0.000
[10,   100] loss: 0.000
<class 'float'> 1.0
<class 'dict'>
