Training 10 epoch(s) w/ 399 batches each
[1,   100] loss: 0.007
[1,   200] loss: 0.003
[1,   300] loss: 0.002
[2,   100] loss: 0.001
[2,   200] loss: 0.001
[2,   300] loss: 0.000
[3,   100] loss: 0.000
[3,   200] loss: 0.001
[3,   300] loss: 0.002
[4,   100] loss: 0.002
[4,   200] loss: 0.001
[4,   300] loss: 0.001
[5,   100] loss: 0.000
[5,   200] loss: 0.001
[5,   300] loss: 0.001
[6,   100] loss: 0.001
[6,   200] loss: 0.001
[6,   300] loss: 0.001
[7,   100] loss: 0.001
[7,   200] loss: 0.001
[7,   300] loss: 0.001
[8,   100] loss: 0.000
[8,   200] loss: 0.001
[8,   300] loss: 0.000
[9,   100] loss: 0.001
[9,   200] loss: 0.001
[9,   300] loss: 0.000
[10,   100] loss: 0.000
[10,   200] loss: 0.001
[10,   300] loss: 0.001
<class 'float'> 0.0
<class 'dict'>
Training 10 epoch(s) w/ 399 batches each
[1,   100] loss: 0.011
[1,   200] loss: 0.001
[1,   300] loss: 0.002
[2,   100] loss: 0.001
[2,   200] loss: 0.001
[2,   300] loss: 0.000
[3,   100] loss: 0.001
[3,   200] loss: 0.001
[3,   300] loss: 0.001
[4,   100] loss: 0.001
[4,   200] loss: 0.001
[4,   300] loss: 0.001
[5,   100] loss: 0.000
[5,   200] loss: 0.000
[5,   300] loss: 0.001
[6,   100] loss: 0.001
[6,   200] loss: 0.000
[6,   300] loss: 0.001
[7,   100] loss: 0.001
[7,   200] loss: 0.000
[7,   300] loss: 0.001
[8,   100] loss: 0.001
[8,   200] loss: 0.000
[8,   300] loss: 0.000
[9,   100] loss: 0.001
[9,   200] loss: 0.000
[9,   300] loss: 0.001
[10,   100] loss: 0.001
[10,   200] loss: 0.005
[10,   300] loss: 0.001
<class 'float'> 0.0
<class 'dict'>
Training 10 epoch(s) w/ 399 batches each
[1,   100] loss: 0.009
[1,   200] loss: 0.001
[1,   300] loss: 0.001
[2,   100] loss: 0.001
[2,   200] loss: 0.001
[2,   300] loss: 0.000
[3,   100] loss: 0.001
[3,   200] loss: 0.000
[3,   300] loss: 0.001
[4,   100] loss: 0.001
[4,   200] loss: 0.000
[4,   300] loss: 0.001
[5,   100] loss: 0.001
[5,   200] loss: 0.000
[5,   300] loss: 0.001
[6,   100] loss: 0.000
[6,   200] loss: 0.000
[6,   300] loss: 0.000
[7,   100] loss: 0.000
[7,   200] loss: 0.001
[7,   300] loss: 0.001
[8,   100] loss: 0.002
[8,   200] loss: 0.000
[8,   300] loss: 0.000
[9,   100] loss: 0.001
[9,   200] loss: 0.000
[9,   300] loss: 0.000
[10,   100] loss: 0.001
[10,   200] loss: 0.001
[10,   300] loss: 0.001
<class 'float'> 0.0
<class 'dict'>
Training 10 epoch(s) w/ 399 batches each
[1,   100] loss: 0.012
[1,   200] loss: 0.000
[1,   300] loss: 0.001
[2,   100] loss: 0.001
[2,   200] loss: 0.001
[2,   300] loss: 0.001
[3,   100] loss: 0.001
[3,   200] loss: 0.000
[3,   300] loss: 0.001
[4,   100] loss: 0.001
[4,   200] loss: 0.001
[4,   300] loss: 0.000
[5,   100] loss: 0.000
[5,   200] loss: 0.000
[5,   300] loss: 0.000
[6,   100] loss: 0.000
[6,   200] loss: 0.001
[6,   300] loss: 0.000
[7,   100] loss: 0.001
[7,   200] loss: 0.000
[7,   300] loss: 0.000
[8,   100] loss: 0.001
[8,   200] loss: 0.001
[8,   300] loss: 0.000
[9,   100] loss: 0.001
[9,   200] loss: 0.000
[9,   300] loss: 0.000
[10,   100] loss: 0.000
[10,   200] loss: 0.000
[10,   300] loss: 0.000
<class 'float'> 0.0
<class 'dict'>
Training 10 epoch(s) w/ 399 batches each
[1,   100] loss: 0.007
[1,   200] loss: 0.000
[1,   300] loss: 0.001
[2,   100] loss: 0.000
[2,   200] loss: 0.000
[2,   300] loss: 0.001
[3,   100] loss: 0.001
[3,   200] loss: 0.000
[3,   300] loss: 0.001
[4,   100] loss: 0.001
[4,   200] loss: 0.001
[4,   300] loss: 0.000
[5,   100] loss: 0.001
[5,   200] loss: 0.002
[5,   300] loss: 0.001
[6,   100] loss: 0.001
[6,   200] loss: 0.000
[6,   300] loss: 0.000
[7,   100] loss: 0.001
[7,   200] loss: 0.000
[7,   300] loss: 0.000
[8,   100] loss: 0.000
[8,   200] loss: 0.001
[8,   300] loss: 0.000
[9,   100] loss: 0.000
[9,   200] loss: 0.000
[9,   300] loss: 0.000
[10,   100] loss: 0.000
[10,   200] loss: 0.000
[10,   300] loss: 0.001
<class 'float'> 0.493730407523511
<class 'dict'>
Training 10 epoch(s) w/ 399 batches each
[1,   100] loss: 0.003
[1,   200] loss: 0.000
[1,   300] loss: 0.001
[2,   100] loss: 0.000
[2,   200] loss: 0.002
[2,   300] loss: 0.001
[3,   100] loss: 0.001
[3,   200] loss: 0.001
[3,   300] loss: 0.000
[4,   100] loss: 0.001
[4,   200] loss: 0.000
[4,   300] loss: 0.000
[5,   100] loss: 0.001
[5,   200] loss: 0.000
[5,   300] loss: 0.000
[6,   100] loss: 0.000
[6,   200] loss: 0.000
[6,   300] loss: 0.000
[7,   100] loss: 0.000
[7,   200] loss: 0.000
[7,   300] loss: 0.001
[8,   100] loss: 0.000
[8,   200] loss: 0.000
[8,   300] loss: 0.000
[9,   100] loss: 0.000
[9,   200] loss: 0.000
[9,   300] loss: 0.001
[10,   100] loss: 0.000
[10,   200] loss: 0.000
[10,   300] loss: 0.000
<class 'float'> 0.49216300940438873
<class 'dict'>
Training 10 epoch(s) w/ 399 batches each
[1,   100] loss: 0.001
[1,   200] loss: 0.002
[1,   300] loss: 0.004
[2,   100] loss: 0.000
[2,   200] loss: 0.001
[2,   300] loss: 0.001
[3,   100] loss: 0.000
[3,   200] loss: 0.001
[3,   300] loss: 0.000
[4,   100] loss: 0.000
[4,   200] loss: 0.000
[4,   300] loss: 0.000
[5,   100] loss: 0.000
[5,   200] loss: 0.001
[5,   300] loss: 0.000
[6,   100] loss: 0.000
[6,   200] loss: 0.001
[6,   300] loss: 0.000
[7,   100] loss: 0.000
[7,   200] loss: 0.000
[7,   300] loss: 0.000
[8,   100] loss: 0.000
[8,   200] loss: 0.000
[8,   300] loss: 0.000
[9,   100] loss: 0.000
[9,   200] loss: 0.000
[9,   300] loss: 0.000
[10,   100] loss: 0.000
[10,   200] loss: 0.000
[10,   300] loss: 0.000
<class 'float'> 0.4952978056426332
<class 'dict'>
Training 10 epoch(s) w/ 399 batches each
[1,   100] loss: 0.003
[1,   200] loss: 0.000
[1,   300] loss: 0.002
[2,   100] loss: 0.000
[2,   200] loss: 0.000
[2,   300] loss: 0.000
[3,   100] loss: 0.000
[3,   200] loss: 0.000
[3,   300] loss: 0.000
[4,   100] loss: 0.000
[4,   200] loss: 0.000
[4,   300] loss: 0.000
[5,   100] loss: 0.000
[5,   200] loss: 0.000
[5,   300] loss: 0.001
[6,   100] loss: 0.001
[6,   200] loss: 0.001
[6,   300] loss: 0.000
[7,   100] loss: 0.000
[7,   200] loss: 0.000
[7,   300] loss: 0.000
[8,   100] loss: 0.000
[8,   200] loss: 0.000
[8,   300] loss: 0.000
[9,   100] loss: 0.000
[9,   200] loss: 0.000
[9,   300] loss: 0.000
[10,   100] loss: 0.000
[10,   200] loss: 0.001
[10,   300] loss: 0.000
<class 'float'> 0.5047021943573667
<class 'dict'>
Training 10 epoch(s) w/ 399 batches each
[1,   100] loss: 0.005
[1,   200] loss: 0.000
[1,   300] loss: 0.001
[2,   100] loss: 0.000
[2,   200] loss: 0.000
[2,   300] loss: 0.000
[3,   100] loss: 0.000
[3,   200] loss: 0.001
[3,   300] loss: 0.003
[4,   100] loss: 0.001
[4,   200] loss: 0.000
[4,   300] loss: 0.001
[5,   100] loss: 0.000
[5,   200] loss: 0.001
[5,   300] loss: 0.000
[6,   100] loss: 0.000
[6,   200] loss: 0.000
[6,   300] loss: 0.000
[7,   100] loss: 0.001
[7,   200] loss: 0.000
[7,   300] loss: 0.001
[8,   100] loss: 0.000
[8,   200] loss: 0.000
[8,   300] loss: 0.000
[9,   100] loss: 0.000
[9,   200] loss: 0.000
[9,   300] loss: 0.000
[10,   100] loss: 0.000
[10,   200] loss: 0.000
[10,   300] loss: 0.000
<class 'float'> 0.835423197492163
<class 'dict'>
Training 10 epoch(s) w/ 399 batches each
[1,   100] loss: 0.007
[1,   200] loss: 0.000
[1,   300] loss: 0.001
[2,   100] loss: 0.002
[2,   200] loss: 0.000
[2,   300] loss: 0.003
[3,   100] loss: 0.000
[3,   200] loss: 0.000
[3,   300] loss: 0.000
[4,   100] loss: 0.000
[4,   200] loss: 0.001
[4,   300] loss: 0.001
[5,   100] loss: 0.000
[5,   200] loss: 0.000
[5,   300] loss: 0.001
[6,   100] loss: 0.000
[6,   200] loss: 0.000
[6,   300] loss: 0.000
[7,   100] loss: 0.000
[7,   200] loss: 0.000
[7,   300] loss: 0.001
[8,   100] loss: 0.000
[8,   200] loss: 0.000
[8,   300] loss: 0.000
[9,   100] loss: 0.000
[9,   200] loss: 0.000
[9,   300] loss: 0.000
[10,   100] loss: 0.000
[10,   200] loss: 0.000
[10,   300] loss: 0.000
<class 'float'> 0.8871473354231975
<class 'dict'>
Training 10 epoch(s) w/ 399 batches each
[1,   100] loss: 0.006
[1,   200] loss: 0.003
[1,   300] loss: 0.000
[2,   100] loss: 0.000
[2,   200] loss: 0.000
[2,   300] loss: 0.000
[3,   100] loss: 0.002
[3,   200] loss: 0.000
[3,   300] loss: 0.001
[4,   100] loss: 0.000
[4,   200] loss: 0.000
[4,   300] loss: 0.001
[5,   100] loss: 0.000
[5,   200] loss: 0.000
[5,   300] loss: 0.000
[6,   100] loss: 0.000
[6,   200] loss: 0.000
[6,   300] loss: 0.000
[7,   100] loss: 0.000
[7,   200] loss: 0.000
[7,   300] loss: 0.001
[8,   100] loss: 0.000
[8,   200] loss: 0.000
[8,   300] loss: 0.000
[9,   100] loss: 0.000
[9,   200] loss: 0.000
[9,   300] loss: 0.000
[10,   100] loss: 0.000
[10,   200] loss: 0.000
[10,   300] loss: 0.001
<class 'float'> 0.9749216300940439
<class 'dict'>
Training 10 epoch(s) w/ 399 batches each
[1,   100] loss: 0.007
[1,   200] loss: 0.000
[1,   300] loss: 0.001
[2,   100] loss: 0.001
[2,   200] loss: 0.000
[2,   300] loss: 0.002
[3,   100] loss: 0.000
[3,   200] loss: 0.000
[3,   300] loss: 0.001
[4,   100] loss: 0.000
[4,   200] loss: 0.000
[4,   300] loss: 0.000
[5,   100] loss: 0.000
[5,   200] loss: 0.000
[5,   300] loss: 0.001
[6,   100] loss: 0.001
[6,   200] loss: 0.000
[6,   300] loss: 0.000
[7,   100] loss: 0.000
[7,   200] loss: 0.000
[7,   300] loss: 0.000
[8,   100] loss: 0.000
[8,   200] loss: 0.001
[8,   300] loss: 0.000
[9,   100] loss: 0.000
[9,   200] loss: 0.000
[9,   300] loss: 0.000
[10,   100] loss: 0.000
[10,   200] loss: 0.000
[10,   300] loss: 0.000
<class 'float'> 0.20689655172413793
<class 'dict'>
Training 10 epoch(s) w/ 399 batches each
[1,   100] loss: 0.017
[1,   200] loss: 0.001
[1,   300] loss: 0.000
[2,   100] loss: 0.000
[2,   200] loss: 0.000
[2,   300] loss: 0.000
[3,   100] loss: 0.000
[3,   200] loss: 0.000
[3,   300] loss: 0.000
[4,   100] loss: 0.001
[4,   200] loss: 0.001
[4,   300] loss: 0.001
[5,   100] loss: 0.000
[5,   200] loss: 0.001
[5,   300] loss: 0.000
[6,   100] loss: 0.001
[6,   200] loss: 0.001
[6,   300] loss: 0.002
[7,   100] loss: 0.000
[7,   200] loss: 0.000
[7,   300] loss: 0.000
[8,   100] loss: 0.000
[8,   200] loss: 0.000
[8,   300] loss: 0.000
[9,   100] loss: 0.000
[9,   200] loss: 0.000
[9,   300] loss: 0.001
[10,   100] loss: 0.000
[10,   200] loss: 0.000
[10,   300] loss: 0.000
<class 'float'> 0.0
<class 'dict'>
Training 10 epoch(s) w/ 399 batches each
[1,   100] loss: 0.019
[1,   200] loss: 0.001
[1,   300] loss: 0.000
[2,   100] loss: 0.001
[2,   200] loss: 0.001
[2,   300] loss: 0.000
[3,   100] loss: 0.000
[3,   200] loss: 0.000
[3,   300] loss: 0.001
[4,   100] loss: 0.001
[4,   200] loss: 0.000
[4,   300] loss: 0.005
[5,   100] loss: 0.000
[5,   200] loss: 0.000
[5,   300] loss: 0.001
[6,   100] loss: 0.000
[6,   200] loss: 0.000
[6,   300] loss: 0.000
[7,   100] loss: 0.000
[7,   200] loss: 0.000
[7,   300] loss: 0.000
[8,   100] loss: 0.000
[8,   200] loss: 0.000
[8,   300] loss: 0.001
[9,   100] loss: 0.000
[9,   200] loss: 0.001
[9,   300] loss: 0.001
[10,   100] loss: 0.000
[10,   200] loss: 0.000
[10,   300] loss: 0.000
<class 'float'> 0.0
<class 'dict'>
Training 10 epoch(s) w/ 399 batches each
[1,   100] loss: 0.014
[1,   200] loss: 0.000
[1,   300] loss: 0.000
[2,   100] loss: 0.001
[2,   200] loss: 0.002
[2,   300] loss: 0.000
[3,   100] loss: 0.000
[3,   200] loss: 0.000
[3,   300] loss: 0.000
[4,   100] loss: 0.000
[4,   200] loss: 0.002
[4,   300] loss: 0.000
[5,   100] loss: 0.000
[5,   200] loss: 0.001
[5,   300] loss: 0.004
[6,   100] loss: 0.002
[6,   200] loss: 0.000
[6,   300] loss: 0.000
[7,   100] loss: 0.000
[7,   200] loss: 0.001
[7,   300] loss: 0.009
[8,   100] loss: 0.000
[8,   200] loss: 0.000
[8,   300] loss: 0.000
[9,   100] loss: 0.000
[9,   200] loss: 0.000
[9,   300] loss: 0.000
[10,   100] loss: 0.000
[10,   200] loss: 0.000
[10,   300] loss: 0.000
<class 'float'> 0.0
<class 'dict'>
Training 10 epoch(s) w/ 399 batches each
[1,   100] loss: 0.018
[1,   200] loss: 0.000
[1,   300] loss: 0.000
[2,   100] loss: 0.001
[2,   200] loss: 0.000
[2,   300] loss: 0.000
[3,   100] loss: 0.000
[3,   200] loss: 0.000
[3,   300] loss: 0.000
[4,   100] loss: 0.001
[4,   200] loss: 0.001
[4,   300] loss: 0.001
[5,   100] loss: 0.001
[5,   200] loss: 0.000
[5,   300] loss: 0.000
[6,   100] loss: 0.000
[6,   200] loss: 0.000
[6,   300] loss: 0.001
[7,   100] loss: 0.000
[7,   200] loss: 0.000
[7,   300] loss: 0.000
[8,   100] loss: 0.000
[8,   200] loss: 0.000
[8,   300] loss: 0.000
[9,   100] loss: 0.000
[9,   200] loss: 0.000
[9,   300] loss: 0.000
[10,   100] loss: 0.001
[10,   200] loss: 0.000
[10,   300] loss: 0.000
<class 'float'> 0.0
<class 'dict'>
Training 10 epoch(s) w/ 399 batches each
[1,   100] loss: 0.023
[1,   200] loss: 0.000
[1,   300] loss: 0.000
[2,   100] loss: 0.000
[2,   200] loss: 0.001
[2,   300] loss: 0.000
[3,   100] loss: 0.000
[3,   200] loss: 0.000
[3,   300] loss: 0.000
[4,   100] loss: 0.000
[4,   200] loss: 0.000
[4,   300] loss: 0.000
[5,   100] loss: 0.000
[5,   200] loss: 0.002
[5,   300] loss: 0.005
[6,   100] loss: 0.000
[6,   200] loss: 0.001
[6,   300] loss: 0.001
[7,   100] loss: 0.001
[7,   200] loss: 0.000
[7,   300] loss: 0.000
[8,   100] loss: 0.000
[8,   200] loss: 0.000
[8,   300] loss: 0.000
[9,   100] loss: 0.000
[9,   200] loss: 0.000
[9,   300] loss: 0.000
[10,   100] loss: 0.000
[10,   200] loss: 0.000
[10,   300] loss: 0.001
<class 'float'> 0.0
<class 'dict'>
Training 10 epoch(s) w/ 399 batches each
[1,   100] loss: 0.033
[1,   200] loss: 0.000
[1,   300] loss: 0.000
[2,   100] loss: 0.000
[2,   200] loss: 0.000
[2,   300] loss: 0.000
[3,   100] loss: 0.003
[3,   200] loss: 0.000
[3,   300] loss: 0.001
[4,   100] loss: 0.001
[4,   200] loss: 0.000
[4,   300] loss: 0.000
[5,   100] loss: 0.000
[5,   200] loss: 0.000
[5,   300] loss: 0.000
[6,   100] loss: 0.000
[6,   200] loss: 0.000
[6,   300] loss: 0.000
[7,   100] loss: 0.000
[7,   200] loss: 0.000
[7,   300] loss: 0.000
[8,   100] loss: 0.000
[8,   200] loss: 0.000
[8,   300] loss: 0.000
[9,   100] loss: 0.000
[9,   200] loss: 0.000
[9,   300] loss: 0.000
[10,   100] loss: 0.000
[10,   200] loss: 0.000
[10,   300] loss: 0.000
<class 'float'> 0.47648902821316613
<class 'dict'>
Training 10 epoch(s) w/ 399 batches each
[1,   100] loss: 0.024
[1,   200] loss: 0.000
[1,   300] loss: 0.000
[2,   100] loss: 0.000
[2,   200] loss: 0.000
[2,   300] loss: 0.000
[3,   100] loss: 0.000
[3,   200] loss: 0.000
[3,   300] loss: 0.001
[4,   100] loss: 0.000
[4,   200] loss: 0.000
[4,   300] loss: 0.001
[5,   100] loss: 0.000
[5,   200] loss: 0.000
[5,   300] loss: 0.000
[6,   100] loss: 0.000
[6,   200] loss: 0.000
[6,   300] loss: 0.000
[7,   100] loss: 0.000
[7,   200] loss: 0.000
[7,   300] loss: 0.000
[8,   100] loss: 0.000
[8,   200] loss: 0.000
[8,   300] loss: 0.000
[9,   100] loss: 0.000
[9,   200] loss: 0.000
[9,   300] loss: 0.000
[10,   100] loss: 0.000
[10,   200] loss: 0.000
[10,   300] loss: 0.000
<class 'float'> 0.4341692789968652
<class 'dict'>
Training 10 epoch(s) w/ 399 batches each
[1,   100] loss: 0.021
[1,   200] loss: 0.000
[1,   300] loss: 0.001
[2,   100] loss: 0.000
[2,   200] loss: 0.000
[2,   300] loss: 0.001
[3,   100] loss: 0.000
[3,   200] loss: 0.000
[3,   300] loss: 0.000
[4,   100] loss: 0.000
[4,   200] loss: 0.000
[4,   300] loss: 0.000
[5,   100] loss: 0.000
[5,   200] loss: 0.000
[5,   300] loss: 0.000
[6,   100] loss: 0.000
[6,   200] loss: 0.000
[6,   300] loss: 0.000
[7,   100] loss: 0.000
[7,   200] loss: 0.000
[7,   300] loss: 0.000
[8,   100] loss: 0.000
[8,   200] loss: 0.000
[8,   300] loss: 0.002
[9,   100] loss: 0.000
[9,   200] loss: 0.000
[9,   300] loss: 0.000
[10,   100] loss: 0.000
[10,   200] loss: 0.006
[10,   300] loss: 0.000
<class 'float'> 0.47648902821316613
<class 'dict'>
Training 10 epoch(s) w/ 399 batches each
[1,   100] loss: 0.020
[1,   200] loss: 0.000
[1,   300] loss: 0.000
[2,   100] loss: 0.000
[2,   200] loss: 0.000
[2,   300] loss: 0.000
[3,   100] loss: 0.000
[3,   200] loss: 0.000
[3,   300] loss: 0.001
[4,   100] loss: 0.001
[4,   200] loss: 0.000
[4,   300] loss: 0.000
[5,   100] loss: 0.000
[5,   200] loss: 0.000
[5,   300] loss: 0.000
[6,   100] loss: 0.000
[6,   200] loss: 0.000
[6,   300] loss: 0.000
[7,   100] loss: 0.000
[7,   200] loss: 0.000
[7,   300] loss: 0.002
[8,   100] loss: 0.001
[8,   200] loss: 0.000
[8,   300] loss: 0.000
[9,   100] loss: 0.000
[9,   200] loss: 0.000
[9,   300] loss: 0.000
[10,   100] loss: 0.000
[10,   200] loss: 0.000
[10,   300] loss: 0.000
<class 'float'> 0.018808777429467086
<class 'dict'>
Training 10 epoch(s) w/ 399 batches each
[1,   100] loss: 0.023
[1,   200] loss: 0.000
[1,   300] loss: 0.000
[2,   100] loss: 0.000
[2,   200] loss: 0.000
[2,   300] loss: 0.000
[3,   100] loss: 0.000
[3,   200] loss: 0.001
[3,   300] loss: 0.000
[4,   100] loss: 0.000
[4,   200] loss: 0.000
[4,   300] loss: 0.000
[5,   100] loss: 0.000
[5,   200] loss: 0.000
[5,   300] loss: 0.000
[6,   100] loss: 0.000
[6,   200] loss: 0.002
[6,   300] loss: 0.000
[7,   100] loss: 0.000
[7,   200] loss: 0.000
[7,   300] loss: 0.007
[8,   100] loss: 0.000
[8,   200] loss: 0.000
[8,   300] loss: 0.000
[9,   100] loss: 0.000
[9,   200] loss: 0.000
[9,   300] loss: 0.000
[10,   100] loss: 0.000
[10,   200] loss: 0.000
[10,   300] loss: 0.000
<class 'float'> 0.9623824451410659
<class 'dict'>
Training 10 epoch(s) w/ 399 batches each
[1,   100] loss: 0.022
[1,   200] loss: 0.001
[1,   300] loss: 0.000
[2,   100] loss: 0.001
[2,   200] loss: 0.000
[2,   300] loss: 0.000
[3,   100] loss: 0.000
[3,   200] loss: 0.000
[3,   300] loss: 0.000
[4,   100] loss: 0.000
[4,   200] loss: 0.000
[4,   300] loss: 0.000
[5,   100] loss: 0.000
[5,   200] loss: 0.000
[5,   300] loss: 0.000
[6,   100] loss: 0.000
[6,   200] loss: 0.001
[6,   300] loss: 0.001
[7,   100] loss: 0.003
[7,   200] loss: 0.001
[7,   300] loss: 0.000
[8,   100] loss: 0.000
[8,   200] loss: 0.000
[8,   300] loss: 0.000
[9,   100] loss: 0.000
[9,   200] loss: 0.000
[9,   300] loss: 0.000
[10,   100] loss: 0.000
[10,   200] loss: 0.000
[10,   300] loss: 0.001
<class 'float'> 0.9843260188087775
<class 'dict'>
Training 10 epoch(s) w/ 399 batches each
[1,   100] loss: 0.024
[1,   200] loss: 0.000
[1,   300] loss: 0.000
[2,   100] loss: 0.000
[2,   200] loss: 0.000
[2,   300] loss: 0.000
[3,   100] loss: 0.000
[3,   200] loss: 0.000
[3,   300] loss: 0.000
[4,   100] loss: 0.000
[4,   200] loss: 0.000
[4,   300] loss: 0.000
[5,   100] loss: 0.003
[5,   200] loss: 0.001
[5,   300] loss: 0.002
[6,   100] loss: 0.000
[6,   200] loss: 0.000
[6,   300] loss: 0.000
[7,   100] loss: 0.000
[7,   200] loss: 0.000
[7,   300] loss: 0.000
[8,   100] loss: 0.000
[8,   200] loss: 0.001
[8,   300] loss: 0.002
[9,   100] loss: 0.000
[9,   200] loss: 0.000
[9,   300] loss: 0.000
[10,   100] loss: 0.000
[10,   200] loss: 0.000
[10,   300] loss: 0.000
<class 'float'> 0.9467084639498433
<class 'dict'>
Training 10 epoch(s) w/ 399 batches each
[1,   100] loss: 0.016
[1,   200] loss: 0.001
[1,   300] loss: 0.000
[2,   100] loss: 0.000
[2,   200] loss: 0.000
[2,   300] loss: 0.000
[3,   100] loss: 0.000
[3,   200] loss: 0.000
[3,   300] loss: 0.001
[4,   100] loss: 0.000
[4,   200] loss: 0.000
[4,   300] loss: 0.000
[5,   100] loss: 0.000
[5,   200] loss: 0.000
[5,   300] loss: 0.000
[6,   100] loss: 0.000
[6,   200] loss: 0.000
[6,   300] loss: 0.000
[7,   100] loss: 0.001
[7,   200] loss: 0.000
[7,   300] loss: 0.001
[8,   100] loss: 0.000
[8,   200] loss: 0.000
[8,   300] loss: 0.000
[9,   100] loss: 0.000
[9,   200] loss: 0.000
[9,   300] loss: 0.000
[10,   100] loss: 0.000
[10,   200] loss: 0.000
[10,   300] loss: 0.000
<class 'float'> 0.9341692789968652
<class 'dict'>
Training 10 epoch(s) w/ 399 batches each
[1,   100] loss: 0.033
[1,   200] loss: 0.000
[1,   300] loss: 0.000
[2,   100] loss: 0.001
[2,   200] loss: 0.003
[2,   300] loss: 0.000
[3,   100] loss: 0.027
[3,   200] loss: 0.000
[3,   300] loss: 0.000
[4,   100] loss: 0.000
[4,   200] loss: 0.000
[4,   300] loss: 0.000
[5,   100] loss: 0.000
[5,   200] loss: 0.000
[5,   300] loss: 0.000
[6,   100] loss: 0.000
[6,   200] loss: 0.000
[6,   300] loss: 0.000
[7,   100] loss: 0.000
[7,   200] loss: 0.000
[7,   300] loss: 0.000
[8,   100] loss: 0.000
[8,   200] loss: 0.000
[8,   300] loss: 0.000
[9,   100] loss: 0.000
[9,   200] loss: 0.000
[9,   300] loss: 0.000
[10,   100] loss: 0.000
[10,   200] loss: 0.000
[10,   300] loss: 0.000
<class 'float'> 0.9952978056426333
<class 'dict'>
Training 10 epoch(s) w/ 399 batches each
[1,   100] loss: 0.008
[1,   200] loss: 0.001
[1,   300] loss: 0.000
[2,   100] loss: 0.000
[2,   200] loss: 0.000
[2,   300] loss: 0.000
[3,   100] loss: 0.000
[3,   200] loss: 0.000
[3,   300] loss: 0.000
[4,   100] loss: 0.000
[4,   200] loss: 0.000
[4,   300] loss: 0.000
[5,   100] loss: 0.000
[5,   200] loss: 0.000
[5,   300] loss: 0.000
[6,   100] loss: 0.000
[6,   200] loss: 0.000
[6,   300] loss: 0.000
[7,   100] loss: 0.006
[7,   200] loss: 0.001
[7,   300] loss: 0.000
[8,   100] loss: 0.000
[8,   200] loss: 0.000
[8,   300] loss: 0.000
[9,   100] loss: 0.000
[9,   200] loss: 0.000
[9,   300] loss: 0.000
[10,   100] loss: 0.000
[10,   200] loss: 0.000
[10,   300] loss: 0.001
<class 'float'> 0.9984326018808778
<class 'dict'>
Training 10 epoch(s) w/ 399 batches each
[1,   100] loss: 0.009
[1,   200] loss: 0.000
[1,   300] loss: 0.000
[2,   100] loss: 0.000
[2,   200] loss: 0.001
[2,   300] loss: 0.000
[3,   100] loss: 0.001
[3,   200] loss: 0.000
[3,   300] loss: 0.000
[4,   100] loss: 0.000
[4,   200] loss: 0.000
[4,   300] loss: 0.000
[5,   100] loss: 0.000
[5,   200] loss: 0.000
[5,   300] loss: 0.000
[6,   100] loss: 0.000
[6,   200] loss: 0.000
[6,   300] loss: 0.000
[7,   100] loss: 0.000
[7,   200] loss: 0.000
[7,   300] loss: 0.000
[8,   100] loss: 0.000
[8,   200] loss: 0.001
[8,   300] loss: 0.000
[9,   100] loss: 0.000
[9,   200] loss: 0.001
[9,   300] loss: 0.000
[10,   100] loss: 0.000
[10,   200] loss: 0.000
[10,   300] loss: 0.000
<class 'float'> 0.9858934169278997
<class 'dict'>
Training 10 epoch(s) w/ 399 batches each
[1,   100] loss: 0.008
[1,   200] loss: 0.000
[1,   300] loss: 0.001
[2,   100] loss: 0.000
[2,   200] loss: 0.000
[2,   300] loss: 0.000
[3,   100] loss: 0.000
[3,   200] loss: 0.000
[3,   300] loss: 0.000
[4,   100] loss: 0.000
[4,   200] loss: 0.000
[4,   300] loss: 0.000
[5,   100] loss: 0.001
[5,   200] loss: 0.000
[5,   300] loss: 0.000
[6,   100] loss: 0.000
[6,   200] loss: 0.000
[6,   300] loss: 0.000
[7,   100] loss: 0.002
[7,   200] loss: 0.000
[7,   300] loss: 0.001
[8,   100] loss: 0.000
[8,   200] loss: 0.000
[8,   300] loss: 0.000
[9,   100] loss: 0.000
[9,   200] loss: 0.000
[9,   300] loss: 0.000
[10,   100] loss: 0.000
[10,   200] loss: 0.000
[10,   300] loss: 0.000
<class 'float'> 0.8620689655172413
<class 'dict'>
Training 10 epoch(s) w/ 399 batches each
[1,   100] loss: 0.015
[1,   200] loss: 0.000
[1,   300] loss: 0.000
[2,   100] loss: 0.000
[2,   200] loss: 0.000
[2,   300] loss: 0.001
[3,   100] loss: 0.000
[3,   200] loss: 0.000
[3,   300] loss: 0.000
[4,   100] loss: 0.000
[4,   200] loss: 0.000
[4,   300] loss: 0.000
[5,   100] loss: 0.000
[5,   200] loss: 0.001
[5,   300] loss: 0.000
[6,   100] loss: 0.000
[6,   200] loss: 0.000
[6,   300] loss: 0.000
[7,   100] loss: 0.001
[7,   200] loss: 0.000
[7,   300] loss: 0.000
[8,   100] loss: 0.000
[8,   200] loss: 0.000
[8,   300] loss: 0.000
[9,   100] loss: 0.000
[9,   200] loss: 0.000
[9,   300] loss: 0.000
[10,   100] loss: 0.000
[10,   200] loss: 0.000
[10,   300] loss: 0.000
<class 'float'> 0.9639498432601881
<class 'dict'>
Training 10 epoch(s) w/ 399 batches each
[1,   100] loss: 0.006
[1,   200] loss: 0.000
[1,   300] loss: 0.000
[2,   100] loss: 0.001
[2,   200] loss: 0.000
[2,   300] loss: 0.000
[3,   100] loss: 0.000
[3,   200] loss: 0.000
[3,   300] loss: 0.000
[4,   100] loss: 0.000
[4,   200] loss: 0.000
[4,   300] loss: 0.000
[5,   100] loss: 0.000
[5,   200] loss: 0.000
[5,   300] loss: 0.000
[6,   100] loss: 0.000
[6,   200] loss: 0.003
[6,   300] loss: 0.001
[7,   100] loss: 0.000
[7,   200] loss: 0.000
[7,   300] loss: 0.000
[8,   100] loss: 0.001
[8,   200] loss: 0.000
[8,   300] loss: 0.000
[9,   100] loss: 0.000
[9,   200] loss: 0.000
[9,   300] loss: 0.000
[10,   100] loss: 0.000
[10,   200] loss: 0.000
[10,   300] loss: 0.000
<class 'float'> 0.12225705329153605
<class 'dict'>
Training 10 epoch(s) w/ 399 batches each
[1,   100] loss: 0.004
[1,   200] loss: 0.000
[1,   300] loss: 0.001
[2,   100] loss: 0.000
[2,   200] loss: 0.000
[2,   300] loss: 0.000
[3,   100] loss: 0.000
[3,   200] loss: 0.000
[3,   300] loss: 0.000
[4,   100] loss: 0.000
[4,   200] loss: 0.000
[4,   300] loss: 0.000
[5,   100] loss: 0.000
[5,   200] loss: 0.000
[5,   300] loss: 0.000
[6,   100] loss: 0.001
[6,   200] loss: 0.000
[6,   300] loss: 0.000
[7,   100] loss: 0.000
[7,   200] loss: 0.000
[7,   300] loss: 0.000
[8,   100] loss: 0.000
[8,   200] loss: 0.000
[8,   300] loss: 0.000
[9,   100] loss: 0.000
[9,   200] loss: 0.000
[9,   300] loss: 0.000
[10,   100] loss: 0.000
[10,   200] loss: 0.000
[10,   300] loss: 0.000
<class 'float'> 0.49843260188087773
<class 'dict'>
Training 10 epoch(s) w/ 399 batches each
[1,   100] loss: 0.004
[1,   200] loss: 0.001
[1,   300] loss: 0.000
[2,   100] loss: 0.000
[2,   200] loss: 0.000
[2,   300] loss: 0.000
[3,   100] loss: 0.000
[3,   200] loss: 0.001
[3,   300] loss: 0.000
[4,   100] loss: 0.000
[4,   200] loss: 0.000
[4,   300] loss: 0.000
[5,   100] loss: 0.000
[5,   200] loss: 0.000
[5,   300] loss: 0.000
[6,   100] loss: 0.000
[6,   200] loss: 0.000
[6,   300] loss: 0.000
[7,   100] loss: 0.000
[7,   200] loss: 0.000
[7,   300] loss: 0.000
[8,   100] loss: 0.001
[8,   200] loss: 0.001
[8,   300] loss: 0.000
[9,   100] loss: 0.000
[9,   200] loss: 0.000
[9,   300] loss: 0.001
[10,   100] loss: 0.000
[10,   200] loss: 0.000
[10,   300] loss: 0.000
<class 'float'> 0.4952978056426332
<class 'dict'>
Training 10 epoch(s) w/ 399 batches each
[1,   100] loss: 0.005
[1,   200] loss: 0.000
[1,   300] loss: 0.000
[2,   100] loss: 0.000
[2,   200] loss: 0.001
[2,   300] loss: 0.000
[3,   100] loss: 0.000
[3,   200] loss: 0.000
[3,   300] loss: 0.001
[4,   100] loss: 0.000
[4,   200] loss: 0.000
[4,   300] loss: 0.000
[5,   100] loss: 0.000
[5,   200] loss: 0.000
[5,   300] loss: 0.000
[6,   100] loss: 0.000
[6,   200] loss: 0.000
[6,   300] loss: 0.000
[7,   100] loss: 0.000
[7,   200] loss: 0.000
[7,   300] loss: 0.000
[8,   100] loss: 0.000
[8,   200] loss: 0.000
[8,   300] loss: 0.000
[9,   100] loss: 0.000
[9,   200] loss: 0.000
[9,   300] loss: 0.000
[10,   100] loss: 0.000
[10,   200] loss: 0.000
[10,   300] loss: 0.000
<class 'float'> 0.4952978056426332
<class 'dict'>
Training 10 epoch(s) w/ 399 batches each
[1,   100] loss: 0.007
[1,   200] loss: 0.000
[1,   300] loss: 0.000
[2,   100] loss: 0.000
[2,   200] loss: 0.000
[2,   300] loss: 0.000
[3,   100] loss: 0.000
[3,   200] loss: 0.000
[3,   300] loss: 0.000
[4,   100] loss: 0.000
[4,   200] loss: 0.000
[4,   300] loss: 0.001
[5,   100] loss: 0.000
[5,   200] loss: 0.000
[5,   300] loss: 0.000
[6,   100] loss: 0.001
[6,   200] loss: 0.000
[6,   300] loss: 0.000
[7,   100] loss: 0.001
[7,   200] loss: 0.000
[7,   300] loss: 0.000
[8,   100] loss: 0.000
[8,   200] loss: 0.000
[8,   300] loss: 0.000
[9,   100] loss: 0.000
[9,   200] loss: 0.000
[9,   300] loss: 0.000
[10,   100] loss: 0.000
[10,   200] loss: 0.000
[10,   300] loss: 0.000
<class 'float'> 0.4952978056426332
<class 'dict'>
Training 10 epoch(s) w/ 399 batches each
[1,   100] loss: 0.007
[1,   200] loss: 0.001
[1,   300] loss: 0.000
[2,   100] loss: 0.000
[2,   200] loss: 0.000
[2,   300] loss: 0.000
[3,   100] loss: 0.000
[3,   200] loss: 0.001
[3,   300] loss: 0.000
[4,   100] loss: 0.000
[4,   200] loss: 0.000
[4,   300] loss: 0.000
[5,   100] loss: 0.000
[5,   200] loss: 0.000
[5,   300] loss: 0.000
[6,   100] loss: 0.000
[6,   200] loss: 0.000
[6,   300] loss: 0.000
[7,   100] loss: 0.000
[7,   200] loss: 0.000
[7,   300] loss: 0.000
[8,   100] loss: 0.000
[8,   200] loss: 0.000
[8,   300] loss: 0.000
[9,   100] loss: 0.000
[9,   200] loss: 0.000
[9,   300] loss: 0.000
[10,   100] loss: 0.000
[10,   200] loss: 0.001
[10,   300] loss: 0.000
<class 'float'> 0.4952978056426332
<class 'dict'>
Training 10 epoch(s) w/ 399 batches each
[1,   100] loss: 0.009
[1,   200] loss: 0.002
[1,   300] loss: 0.000
[2,   100] loss: 0.000
[2,   200] loss: 0.000
[2,   300] loss: 0.000
[3,   100] loss: 0.000
[3,   200] loss: 0.000
[3,   300] loss: 0.000
[4,   100] loss: 0.000
[4,   200] loss: 0.000
[4,   300] loss: 0.000
[5,   100] loss: 0.000
[5,   200] loss: 0.000
[5,   300] loss: 0.000
[6,   100] loss: 0.001
[6,   200] loss: 0.001
[6,   300] loss: 0.001
[7,   100] loss: 0.000
[7,   200] loss: 0.000
[7,   300] loss: 0.000
[8,   100] loss: 0.000
[8,   200] loss: 0.000
[8,   300] loss: 0.000
[9,   100] loss: 0.000
[9,   200] loss: 0.000
[9,   300] loss: 0.000
[10,   100] loss: 0.000
[10,   200] loss: 0.000
[10,   300] loss: 0.000
<class 'float'> 0.4952978056426332
<class 'dict'>
Training 10 epoch(s) w/ 399 batches each
[1,   100] loss: 0.010
[1,   200] loss: 0.000
[1,   300] loss: 0.000
[2,   100] loss: 0.001
[2,   200] loss: 0.000
[2,   300] loss: 0.000
[3,   100] loss: 0.000
[3,   200] loss: 0.000
[3,   300] loss: 0.000
[4,   100] loss: 0.000
[4,   200] loss: 0.000
[4,   300] loss: 0.000
[5,   100] loss: 0.000
[5,   200] loss: 0.000
[5,   300] loss: 0.000
[6,   100] loss: 0.000
[6,   200] loss: 0.000
[6,   300] loss: 0.000
[7,   100] loss: 0.000
[7,   200] loss: 0.000
[7,   300] loss: 0.000
[8,   100] loss: 0.000
[8,   200] loss: 0.000
[8,   300] loss: 0.000
[9,   100] loss: 0.000
[9,   200] loss: 0.000
[9,   300] loss: 0.000
[10,   100] loss: 0.000
[10,   200] loss: 0.000
[10,   300] loss: 0.000
<class 'float'> 0.4952978056426332
<class 'dict'>
Training 10 epoch(s) w/ 399 batches each
[1,   100] loss: 0.010
[1,   200] loss: 0.000
[1,   300] loss: 0.001
[2,   100] loss: 0.000
[2,   200] loss: 0.000
[2,   300] loss: 0.000
[3,   100] loss: 0.000
[3,   200] loss: 0.000
[3,   300] loss: 0.000
[4,   100] loss: 0.000
[4,   200] loss: 0.000
[4,   300] loss: 0.000
[5,   100] loss: 0.000
[5,   200] loss: 0.000
[5,   300] loss: 0.000
[6,   100] loss: 0.000
[6,   200] loss: 0.000
[6,   300] loss: 0.000
[7,   100] loss: 0.001
[7,   200] loss: 0.000
[7,   300] loss: 0.000
[8,   100] loss: 0.000
[8,   200] loss: 0.022
[8,   300] loss: 0.001
[9,   100] loss: 0.000
[9,   200] loss: 0.000
[9,   300] loss: 0.000
[10,   100] loss: 0.000
[10,   200] loss: 0.000
[10,   300] loss: 0.000
<class 'float'> 0.4952978056426332
<class 'dict'>
Training 10 epoch(s) w/ 399 batches each
[1,   100] loss: 0.011
[1,   200] loss: 0.000
[1,   300] loss: 0.000
[2,   100] loss: 0.001
[2,   200] loss: 0.000
[2,   300] loss: 0.000
[3,   100] loss: 0.000
[3,   200] loss: 0.000
[3,   300] loss: 0.001
[4,   100] loss: 0.000
[4,   200] loss: 0.000
[4,   300] loss: 0.000
[5,   100] loss: 0.000
[5,   200] loss: 0.000
[5,   300] loss: 0.000
[6,   100] loss: 0.000
[6,   200] loss: 0.000
[6,   300] loss: 0.000
[7,   100] loss: 0.000
[7,   200] loss: 0.000
[7,   300] loss: 0.000
[8,   100] loss: 0.000
[8,   200] loss: 0.000
[8,   300] loss: 0.000
[9,   100] loss: 0.000
[9,   200] loss: 0.000
[9,   300] loss: 0.000
[10,   100] loss: 0.000
[10,   200] loss: 0.000
[10,   300] loss: 0.000
<class 'float'> 0.34796238244514105
<class 'dict'>
Training 10 epoch(s) w/ 399 batches each
[1,   100] loss: 0.013
[1,   200] loss: 0.000
[1,   300] loss: 0.000
[2,   100] loss: 0.000
[2,   200] loss: 0.000
[2,   300] loss: 0.000
[3,   100] loss: 0.001
[3,   200] loss: 0.000
[3,   300] loss: 0.000
[4,   100] loss: 0.000
[4,   200] loss: 0.000
[4,   300] loss: 0.000
[5,   100] loss: 0.000
[5,   200] loss: 0.000
[5,   300] loss: 0.000
[6,   100] loss: 0.001
[6,   200] loss: 0.001
[6,   300] loss: 0.000
[7,   100] loss: 0.000
[7,   200] loss: 0.000
[7,   300] loss: 0.000
[8,   100] loss: 0.000
[8,   200] loss: 0.000
[8,   300] loss: 0.000
[9,   100] loss: 0.000
[9,   200] loss: 0.000
[9,   300] loss: 0.000
[10,   100] loss: 0.000
[10,   200] loss: 0.000
[10,   300] loss: 0.000
<class 'float'> 0.4952978056426332
<class 'dict'>
Training 10 epoch(s) w/ 399 batches each
[1,   100] loss: 0.013
[1,   200] loss: 0.000
[1,   300] loss: 0.000
[2,   100] loss: 0.000
[2,   200] loss: 0.000
[2,   300] loss: 0.000
[3,   100] loss: 0.000
[3,   200] loss: 0.000
[3,   300] loss: 0.000
[4,   100] loss: 0.000
[4,   200] loss: 0.000
[4,   300] loss: 0.000
[5,   100] loss: 0.000
[5,   200] loss: 0.000
[5,   300] loss: 0.000
[6,   100] loss: 0.000
[6,   200] loss: 0.000
[6,   300] loss: 0.000
[7,   100] loss: 0.000
[7,   200] loss: 0.000
[7,   300] loss: 0.000
[8,   100] loss: 0.000
[8,   200] loss: 0.000
[8,   300] loss: 0.000
[9,   100] loss: 0.000
[9,   200] loss: 0.000
[9,   300] loss: 0.000
[10,   100] loss: 0.000
[10,   200] loss: 0.000
[10,   300] loss: 0.000
<class 'float'> 0.24294670846394983
<class 'dict'>
Training 10 epoch(s) w/ 399 batches each
[1,   100] loss: 0.014
[1,   200] loss: 0.001
[1,   300] loss: 0.000
[2,   100] loss: 0.000
[2,   200] loss: 0.000
[2,   300] loss: 0.000
[3,   100] loss: 0.000
[3,   200] loss: 0.001
[3,   300] loss: 0.000
[4,   100] loss: 0.000
[4,   200] loss: 0.000
[4,   300] loss: 0.000
[5,   100] loss: 0.000
[5,   200] loss: 0.000
[5,   300] loss: 0.000
[6,   100] loss: 0.000
[6,   200] loss: 0.000
[6,   300] loss: 0.000
[7,   100] loss: 0.001
[7,   200] loss: 0.000
[7,   300] loss: 0.000
[8,   100] loss: 0.000
[8,   200] loss: 0.000
[8,   300] loss: 0.000
[9,   100] loss: 0.000
[9,   200] loss: 0.001
[9,   300] loss: 0.000
[10,   100] loss: 0.000
[10,   200] loss: 0.000
[10,   300] loss: 0.000
<class 'float'> 0.2507836990595611
<class 'dict'>
Training 10 epoch(s) w/ 399 batches each
[1,   100] loss: 0.014
[1,   200] loss: 0.000
[1,   300] loss: 0.000
[2,   100] loss: 0.000
[2,   200] loss: 0.000
[2,   300] loss: 0.000
[3,   100] loss: 0.000
[3,   200] loss: 0.000
[3,   300] loss: 0.000
[4,   100] loss: 0.000
[4,   200] loss: 0.000
[4,   300] loss: 0.000
[5,   100] loss: 0.000
[5,   200] loss: 0.000
[5,   300] loss: 0.000
[6,   100] loss: 0.000
[6,   200] loss: 0.000
[6,   300] loss: 0.000
[7,   100] loss: 0.000
[7,   200] loss: 0.001
[7,   300] loss: 0.001
[8,   100] loss: 0.001
[8,   200] loss: 0.000
[8,   300] loss: 0.000
[9,   100] loss: 0.000
[9,   200] loss: 0.000
[9,   300] loss: 0.000
[10,   100] loss: 0.000
[10,   200] loss: 0.000
[10,   300] loss: 0.000
<class 'float'> 0.4952978056426332
<class 'dict'>
Training 10 epoch(s) w/ 399 batches each
[1,   100] loss: 0.013
[1,   200] loss: 0.001
[1,   300] loss: 0.000
[2,   100] loss: 0.000
[2,   200] loss: 0.000
[2,   300] loss: 0.000
[3,   100] loss: 0.000
[3,   200] loss: 0.000
[3,   300] loss: 0.000
[4,   100] loss: 0.000
[4,   200] loss: 0.000
[4,   300] loss: 0.000
[5,   100] loss: 0.000
[5,   200] loss: 0.004
[5,   300] loss: 0.000
[6,   100] loss: 0.001
[6,   200] loss: 0.000
[6,   300] loss: 0.000
[7,   100] loss: 0.000
[7,   200] loss: 0.000
[7,   300] loss: 0.000
[8,   100] loss: 0.000
[8,   200] loss: 0.000
[8,   300] loss: 0.000
[9,   100] loss: 0.000
[9,   200] loss: 0.000
[9,   300] loss: 0.000
[10,   100] loss: 0.000
[10,   200] loss: 0.001
[10,   300] loss: 0.000
<class 'float'> 0.14890282131661442
<class 'dict'>
Training 10 epoch(s) w/ 399 batches each
[1,   100] loss: 0.015
[1,   200] loss: 0.000
[1,   300] loss: 0.000
[2,   100] loss: 0.000
[2,   200] loss: 0.000
[2,   300] loss: 0.000
[3,   100] loss: 0.000
[3,   200] loss: 0.000
[3,   300] loss: 0.000
[4,   100] loss: 0.000
[4,   200] loss: 0.000
[4,   300] loss: 0.000
[5,   100] loss: 0.000
[5,   200] loss: 0.001
[5,   300] loss: 0.000
[6,   100] loss: 0.000
[6,   200] loss: 0.000
[6,   300] loss: 0.000
[7,   100] loss: 0.000
[7,   200] loss: 0.000
[7,   300] loss: 0.000
[8,   100] loss: 0.000
[8,   200] loss: 0.000
[8,   300] loss: 0.000
[9,   100] loss: 0.000
[9,   200] loss: 0.000
[9,   300] loss: 0.000
[10,   100] loss: 0.000
[10,   200] loss: 0.000
[10,   300] loss: 0.000
<class 'float'> 0.4702194357366771
<class 'dict'>
Training 10 epoch(s) w/ 399 batches each
[1,   100] loss: 0.014
[1,   200] loss: 0.000
[1,   300] loss: 0.000
[2,   100] loss: 0.000
[2,   200] loss: 0.000
[2,   300] loss: 0.000
[3,   100] loss: 0.002
[3,   200] loss: 0.000
[3,   300] loss: 0.000
[4,   100] loss: 0.000
[4,   200] loss: 0.000
[4,   300] loss: 0.000
[5,   100] loss: 0.001
[5,   200] loss: 0.000
[5,   300] loss: 0.000
[6,   100] loss: 0.000
[6,   200] loss: 0.000
[6,   300] loss: 0.000
[7,   100] loss: 0.000
[7,   200] loss: 0.000
[7,   300] loss: 0.000
[8,   100] loss: 0.000
[8,   200] loss: 0.000
[8,   300] loss: 0.000
[9,   100] loss: 0.000
[9,   200] loss: 0.000
[9,   300] loss: 0.000
[10,   100] loss: 0.000
[10,   200] loss: 0.000
[10,   300] loss: 0.000
<class 'float'> 0.24921630094043887
<class 'dict'>
Training 10 epoch(s) w/ 399 batches each
[1,   100] loss: 0.016
[1,   200] loss: 0.000
[1,   300] loss: 0.000
[2,   100] loss: 0.000
[2,   200] loss: 0.000
[2,   300] loss: 0.000
[3,   100] loss: 0.000
[3,   200] loss: 0.000
[3,   300] loss: 0.000
[4,   100] loss: 0.000
[4,   200] loss: 0.000
[4,   300] loss: 0.000
[5,   100] loss: 0.001
[5,   200] loss: 0.000
[5,   300] loss: 0.000
[6,   100] loss: 0.000
[6,   200] loss: 0.000
[6,   300] loss: 0.000
[7,   100] loss: 0.000
[7,   200] loss: 0.000
[7,   300] loss: 0.000
[8,   100] loss: 0.000
[8,   200] loss: 0.000
[8,   300] loss: 0.000
[9,   100] loss: 0.000
[9,   200] loss: 0.000
[9,   300] loss: 0.000
[10,   100] loss: 0.000
[10,   200] loss: 0.000
[10,   300] loss: 0.000
<class 'float'> 0.493730407523511
<class 'dict'>
Training 10 epoch(s) w/ 399 batches each
[1,   100] loss: 0.014
[1,   200] loss: 0.000
[1,   300] loss: 0.000
[2,   100] loss: 0.000
[2,   200] loss: 0.000
[2,   300] loss: 0.000
[3,   100] loss: 0.000
[3,   200] loss: 0.000
[3,   300] loss: 0.000
[4,   100] loss: 0.000
[4,   200] loss: 0.000
[4,   300] loss: 0.000
[5,   100] loss: 0.000
[5,   200] loss: 0.000
[5,   300] loss: 0.000
[6,   100] loss: 0.000
[6,   200] loss: 0.000
[6,   300] loss: 0.000
[7,   100] loss: 0.000
[7,   200] loss: 0.000
[7,   300] loss: 0.000
[8,   100] loss: 0.000
[8,   200] loss: 0.000
[8,   300] loss: 0.000
[9,   100] loss: 0.001
[9,   200] loss: 0.000
[9,   300] loss: 0.000
[10,   100] loss: 0.000
[10,   200] loss: 0.000
[10,   300] loss: 0.000
<class 'float'> 0.4952978056426332
<class 'dict'>
Training 10 epoch(s) w/ 399 batches each
[1,   100] loss: 0.016
[1,   200] loss: 0.000
[1,   300] loss: 0.000
[2,   100] loss: 0.000
[2,   200] loss: 0.000
[2,   300] loss: 0.000
[3,   100] loss: 0.001
[3,   200] loss: 0.000
[3,   300] loss: 0.000
[4,   100] loss: 0.000
[4,   200] loss: 0.000
[4,   300] loss: 0.000
[5,   100] loss: 0.000
[5,   200] loss: 0.000
[5,   300] loss: 0.000
[6,   100] loss: 0.000
[6,   200] loss: 0.000
[6,   300] loss: 0.000
[7,   100] loss: 0.000
[7,   200] loss: 0.000
[7,   300] loss: 0.000
[8,   100] loss: 0.000
[8,   200] loss: 0.000
[8,   300] loss: 0.000
[9,   100] loss: 0.000
[9,   200] loss: 0.000
[9,   300] loss: 0.000
[10,   100] loss: 0.000
[10,   200] loss: 0.000
[10,   300] loss: 0.000
<class 'float'> 0.4952978056426332
<class 'dict'>
