2023-07-07 15:51:17.933953: I tensorflow/stream_executor/platform/default/dso_loader.cc:49] Successfully opened dynamic library libcudart.so.10.1
INFO flwr 2023-07-07 15:51:22,673 | grpc.py:50 | Opened insecure gRPC connection (no certificates were passed)
DEBUG flwr 2023-07-07 15:51:22,674 | connection.py:39 | ChannelConnectivity.IDLE
DEBUG flwr 2023-07-07 15:51:22,676 | connection.py:39 | ChannelConnectivity.CONNECTING
DEBUG flwr 2023-07-07 15:51:22,677 | connection.py:39 | ChannelConnectivity.READY
client_1.py:78: UserWarning: To copy construct from a tensor, it is recommended to use sourceTensor.clone().detach() or sourceTensor.clone().detach().requires_grad_(True), rather than torch.tensor(sourceTensor).
  proba_leaf = torch.tensor(proba, requires_grad=True)
DEBUG flwr 2023-07-07 16:07:03,383 | connection.py:39 | ChannelConnectivity.IDLE
DEBUG flwr 2023-07-07 16:07:06,625 | connection.py:113 | gRPC channel closed
Traceback (most recent call last):
  File "client_1.py", line 204, in <module>
    main()
  File "client_1.py", line 199, in main
    fl.client.start_numpy_client(server_address="10.30.0.254:9000",
  File "/home/s124m21/.local/lib/python3.8/site-packages/flwr/client/app.py", line 252, in start_numpy_client
    start_client(
  File "/home/s124m21/.local/lib/python3.8/site-packages/flwr/client/app.py", line 174, in start_client
    server_message = receive()
  File "/home/s124m21/.local/lib/python3.8/site-packages/flwr/client/grpc_client/connection.py", line 105, in <lambda>
    receive: Callable[[], ServerMessage] = lambda: next(server_message_iterator)
  File "/opt/miniconda3/lib/python3.8/site-packages/grpc/_channel.py", line 475, in __next__
    return self._next()
  File "/opt/miniconda3/lib/python3.8/site-packages/grpc/_channel.py", line 864, in _next
    raise self
grpc._channel._MultiThreadedRendezvous: <_MultiThreadedRendezvous of RPC that terminated with:
	status = StatusCode.UNAVAILABLE
	details = "Socket closed"
	debug_error_string = "UNKNOWN:Error received from peer ipv4:10.30.0.254:9000 {grpc_message:"Socket closed", grpc_status:14, created_time:"2023-07-07T16:07:03.382264109+02:00"}"
>
srun: error: n02: task 0: Exited with exit code 1
