sbatch: /usr/lib64/slurm/select_alps.so: Incompatible Slurm plugin version (18.08.6)
sbatch: error: Couldn't load specified plugin name for select/alps: Incompatible plugin version
sbatch: /usr/lib64/slurm/select_cray.so: Incompatible Slurm plugin version (18.08.6)
sbatch: error: Couldn't load specified plugin name for select/cray: Incompatible plugin version
sbatch: /usr/lib64/slurm/select_serial.so: Incompatible Slurm plugin version (18.08.6)
sbatch: error: Couldn't load specified plugin name for select/serial: Incompatible plugin version
sbatch: /usr/lib64/slurm/select_alps.so: Incompatible Slurm plugin version (18.08.6)
sbatch: error: Couldn't load specified plugin name for select/alps: Incompatible plugin version
sbatch: /usr/lib64/slurm/select_cray.so: Incompatible Slurm plugin version (18.08.6)
sbatch: /usr/lib64/slurm/select_alps.so: Incompatible Slurm plugin version (18.08.6)
sbatch: error: Couldn't load specified plugin name for select/alps: Incompatible plugin version
sbatch: /usr/lib64/slurm/select_cray.so: Incompatible Slurm plugin version (18.08.6)
sbatch: error: Couldn't load specified plugin name for select/cray: Incompatible plugin version
sbatch: /usr/lib64/slurm/select_serial.so: Incompatible Slurm plugin version (18.08.6)
sbatch: error: Couldn't load specified plugin name for select/serial: Incompatible plugin version
sbatch: error: Couldn't load specified plugin name for select/cray: Incompatible plugin version
sbatch: /usr/lib64/slurm/select_alps.so: Incompatible Slurm plugin version (18.08.6)
sbatch: /usr/lib64/slurm/select_serial.so: Incompatible Slurm plugin version (18.08.6)
sbatch: error: Couldn't load specified plugin name for select/serial: Incompatible plugin version
sbatch: error: Couldn't load specified plugin name for select/alps: Incompatible plugin version
sbatch: /usr/lib64/slurm/select_cray.so: Incompatible Slurm plugin version (18.08.6)
sbatch: error: Couldn't load specified plugin name for select/cray: Incompatible plugin version
sbatch: /usr/lib64/slurm/select_serial.so: Incompatible Slurm plugin version (18.08.6)
sbatch: /usr/lib64/slurm/select_alps.so: Incompatible Slurm plugin version (18.08.6)
sbatch: error: Couldn't load specified plugin name for select/serial: Incompatible plugin version
sbatch: error: Couldn't load specified plugin name for select/alps: Incompatible plugin version
sbatch: /usr/lib64/slurm/select_cray.so: Incompatible Slurm plugin version (18.08.6)
sbatch: error: Couldn't load specified plugin name for select/cray: Incompatible plugin version
sbatch: /usr/lib64/slurm/select_serial.so: Incompatible Slurm plugin version (18.08.6)
sbatch: error: Couldn't load specified plugin name for select/serial: Incompatible plugin version
Submitted batch job 15352
Submitted batch job 15353
Submitted batch job 15354
Submitted batch job 15355
Submitted batch job 15356
