[6000, 6000, 6000, 6000, 6000, 6000, 6000, 6000, 6000, 6000]
[5400, 600]
[5400, 600]
[5400, 600]
[5400, 600]
[5400, 600]
[5400, 600]
[5400, 600]
[5400, 600]
[5400, 600]
[5400, 600]
<class 'float'> 0.11166666666666666
<class 'dict'>
Training 2 epoch(s) w/ 338 batches each
<class 'float'> 0.275
<class 'dict'>
Training 2 epoch(s) w/ 338 batches each
<class 'float'> 0.7533333333333333
<class 'dict'>
Training 2 epoch(s) w/ 338 batches each
<class 'float'> 0.825
<class 'dict'>
Training 2 epoch(s) w/ 338 batches each
<class 'float'> 0.8416666666666667
<class 'dict'>
Training 2 epoch(s) w/ 338 batches each
<class 'float'> 0.85
<class 'dict'>
Training 2 epoch(s) w/ 338 batches each
<class 'float'> 0.86
<class 'dict'>
Training 2 epoch(s) w/ 338 batches each
<class 'float'> 0.8533333333333334
<class 'dict'>
Training 2 epoch(s) w/ 338 batches each
<class 'float'> 0.8616666666666667
<class 'dict'>
Training 2 epoch(s) w/ 338 batches each
<class 'float'> 0.865
<class 'dict'>
Training 2 epoch(s) w/ 338 batches each
<class 'float'> 0.86
<class 'dict'>
Training 2 epoch(s) w/ 338 batches each
<class 'float'> 0.8666666666666667
<class 'dict'>
Training 2 epoch(s) w/ 338 batches each
<class 'float'> 0.8633333333333333
<class 'dict'>
Training 2 epoch(s) w/ 338 batches each
<class 'float'> 0.8716666666666667
<class 'dict'>
Training 2 epoch(s) w/ 338 batches each
<class 'float'> 0.8733333333333333
<class 'dict'>
Training 2 epoch(s) w/ 338 batches each
<class 'float'> 0.865
<class 'dict'>
Training 2 epoch(s) w/ 338 batches each
<class 'float'> 0.8766666666666667
<class 'dict'>
Training 2 epoch(s) w/ 338 batches each
<class 'float'> 0.875
<class 'dict'>
<class 'float'> 0.8733333333333333
<class 'dict'>
Training 2 epoch(s) w/ 338 batches each
<class 'float'> 0.8716666666666667
<class 'dict'>
Training 2 epoch(s) w/ 338 batches each
<class 'float'> 0.88
<class 'dict'>
Training 2 epoch(s) w/ 338 batches each
<class 'float'> 0.8816666666666667
<class 'dict'>
Training 2 epoch(s) w/ 338 batches each
<class 'float'> 0.8783333333333333
<class 'dict'>
Training 2 epoch(s) w/ 338 batches each
<class 'float'> 0.88
<class 'dict'>
Training 2 epoch(s) w/ 338 batches each
<class 'float'> 0.8766666666666667
<class 'dict'>
Training 2 epoch(s) w/ 338 batches each
<class 'float'> 0.885
<class 'dict'>
Training 2 epoch(s) w/ 338 batches each
<class 'float'> 0.88
<class 'dict'>
Training 2 epoch(s) w/ 338 batches each
<class 'float'> 0.8766666666666667
<class 'dict'>
Training 2 epoch(s) w/ 338 batches each
<class 'float'> 0.8666666666666667
<class 'dict'>
Training 2 epoch(s) w/ 338 batches each
<class 'float'> 0.8833333333333333
<class 'dict'>
Training 2 epoch(s) w/ 338 batches each
<class 'float'> 0.8816666666666667
<class 'dict'>
Training 2 epoch(s) w/ 338 batches each
<class 'float'> 0.8783333333333333
<class 'dict'>
Training 2 epoch(s) w/ 338 batches each
<class 'float'> 0.875
<class 'dict'>
Training 2 epoch(s) w/ 338 batches each
<class 'float'> 0.89
<class 'dict'>
Training 2 epoch(s) w/ 338 batches each
<class 'float'> 0.885
<class 'dict'>
Training 2 epoch(s) w/ 338 batches each
<class 'float'> 0.8816666666666667
<class 'dict'>
Training 2 epoch(s) w/ 338 batches each
<class 'float'> 0.88
<class 'dict'>
Training 2 epoch(s) w/ 338 batches each
<class 'float'> 0.8866666666666667
<class 'dict'>
Training 2 epoch(s) w/ 338 batches each
<class 'float'> 0.885
<class 'dict'>
Training 2 epoch(s) w/ 338 batches each
<class 'float'> 0.8766666666666667
<class 'dict'>
Training 2 epoch(s) w/ 338 batches each
<class 'float'> 0.8916666666666667
<class 'dict'>
Training 2 epoch(s) w/ 338 batches each
<class 'float'> 0.9
<class 'dict'>
Training 2 epoch(s) w/ 338 batches each
<class 'float'> 0.8916666666666667
<class 'dict'>
Training 2 epoch(s) w/ 338 batches each
<class 'float'> 0.8816666666666667
<class 'dict'>
Training 2 epoch(s) w/ 338 batches each
<class 'float'> 0.885
<class 'dict'>
Training 2 epoch(s) w/ 338 batches each
<class 'float'> 0.885
<class 'dict'>
Training 2 epoch(s) w/ 338 batches each
<class 'float'> 0.8916666666666667
<class 'dict'>
Training 2 epoch(s) w/ 338 batches each
<class 'float'> 0.895
<class 'dict'>
Training 2 epoch(s) w/ 338 batches each
<class 'float'> 0.8766666666666667
<class 'dict'>
Training 2 epoch(s) w/ 338 batches each
<class 'float'> 0.8883333333333333
<class 'dict'>
<class 'float'> 0.8866666666666667
<class 'dict'>
Training 2 epoch(s) w/ 338 batches each
<class 'float'> 0.8866666666666667
<class 'dict'>
Training 2 epoch(s) w/ 338 batches each
<class 'float'> 0.8916666666666667
<class 'dict'>
Training 2 epoch(s) w/ 338 batches each
<class 'float'> 0.8933333333333333
<class 'dict'>
<class 'float'> 0.8883333333333333
<class 'dict'>
Training 2 epoch(s) w/ 338 batches each
<class 'float'> 0.8833333333333333
<class 'dict'>
Training 2 epoch(s) w/ 338 batches each
<class 'float'> 0.9016666666666666
<class 'dict'>
Training 2 epoch(s) w/ 338 batches each
<class 'float'> 0.8866666666666667
<class 'dict'>
<class 'float'> 0.895
<class 'dict'>
Training 2 epoch(s) w/ 338 batches each
<class 'float'> 0.8866666666666667
<class 'dict'>
Training 2 epoch(s) w/ 338 batches each
<class 'float'> 0.8833333333333333
<class 'dict'>
Training 2 epoch(s) w/ 338 batches each
<class 'float'> 0.8816666666666667
<class 'dict'>
Training 2 epoch(s) w/ 338 batches each
<class 'float'> 0.885
<class 'dict'>
Training 2 epoch(s) w/ 338 batches each
<class 'float'> 0.8883333333333333
<class 'dict'>
Training 2 epoch(s) w/ 338 batches each
<class 'float'> 0.8916666666666667
<class 'dict'>
Training 2 epoch(s) w/ 338 batches each
<class 'float'> 0.88
<class 'dict'>
Training 2 epoch(s) w/ 338 batches each
<class 'float'> 0.89
<class 'dict'>
Training 2 epoch(s) w/ 338 batches each
<class 'float'> 0.885
<class 'dict'>
Training 2 epoch(s) w/ 338 batches each
<class 'float'> 0.89
<class 'dict'>
<class 'float'> 0.885
<class 'dict'>
Training 2 epoch(s) w/ 338 batches each
<class 'float'> 0.88
<class 'dict'>
Training 2 epoch(s) w/ 338 batches each
<class 'float'> 0.8866666666666667
<class 'dict'>
Training 2 epoch(s) w/ 338 batches each
<class 'float'> 0.8866666666666667
<class 'dict'>
Training 2 epoch(s) w/ 338 batches each
<class 'float'> 0.89
<class 'dict'>
<class 'float'> 0.8883333333333333
<class 'dict'>
<class 'float'> 0.8916666666666667
<class 'dict'>
Training 2 epoch(s) w/ 338 batches each
<class 'float'> 0.8866666666666667
<class 'dict'>
Training 2 epoch(s) w/ 338 batches each
<class 'float'> 0.8883333333333333
<class 'dict'>
Training 2 epoch(s) w/ 338 batches each
<class 'float'> 0.8866666666666667
<class 'dict'>
Training 2 epoch(s) w/ 338 batches each
<class 'float'> 0.89
<class 'dict'>
Training 2 epoch(s) w/ 338 batches each
<class 'float'> 0.8933333333333333
<class 'dict'>
Training 2 epoch(s) w/ 338 batches each
<class 'float'> 0.8916666666666667
<class 'dict'>
Training 2 epoch(s) w/ 338 batches each
<class 'float'> 0.8883333333333333
<class 'dict'>
Training 2 epoch(s) w/ 338 batches each
<class 'float'> 0.88
<class 'dict'>
Training 2 epoch(s) w/ 338 batches each
<class 'float'> 0.8833333333333333
<class 'dict'>
Training 2 epoch(s) w/ 338 batches each
<class 'float'> 0.8883333333333333
<class 'dict'>
Training 2 epoch(s) w/ 338 batches each
<class 'float'> 0.885
<class 'dict'>
Training 2 epoch(s) w/ 338 batches each
<class 'float'> 0.89
<class 'dict'>
Training 2 epoch(s) w/ 338 batches each
<class 'float'> 0.8833333333333333
<class 'dict'>
<class 'float'> 0.8983333333333333
<class 'dict'>
Training 2 epoch(s) w/ 338 batches each
<class 'float'> 0.8783333333333333
<class 'dict'>
<class 'float'> 0.8866666666666667
<class 'dict'>
Training 2 epoch(s) w/ 338 batches each
<class 'float'> 0.89
<class 'dict'>
Training 2 epoch(s) w/ 338 batches each
<class 'float'> 0.8816666666666667
<class 'dict'>
Training 2 epoch(s) w/ 338 batches each
<class 'float'> 0.8883333333333333
<class 'dict'>
Training 2 epoch(s) w/ 338 batches each
<class 'float'> 0.9
<class 'dict'>
Training 2 epoch(s) w/ 338 batches each
<class 'float'> 0.8916666666666667
<class 'dict'>
Training 2 epoch(s) w/ 338 batches each
<class 'float'> 0.8966666666666666
<class 'dict'>
Training 2 epoch(s) w/ 338 batches each
<class 'float'> 0.8816666666666667
<class 'dict'>
Training 2 epoch(s) w/ 338 batches each
<class 'float'> 0.8933333333333333
<class 'dict'>
