[6000, 6000, 6000, 6000, 6000, 6000, 6000, 6000, 6000, 6000]
[5400, 600]
[5400, 600]
[5400, 600]
[5400, 600]
[5400, 600]
[5400, 600]
[5400, 600]
[5400, 600]
[5400, 600]
[5400, 600]
Training 2 epoch(s) w/ 338 batches each
<class 'float'> 0.10666666666666667
<class 'dict'>
<class 'float'> 0.14833333333333334
<class 'dict'>
Training 2 epoch(s) w/ 338 batches each
<class 'float'> 0.67
<class 'dict'>
Training 2 epoch(s) w/ 338 batches each
<class 'float'> 0.7933333333333333
<class 'dict'>
Training 2 epoch(s) w/ 338 batches each
<class 'float'> 0.8333333333333334
<class 'dict'>
Training 2 epoch(s) w/ 338 batches each
