[6000, 6000, 6000, 6000, 6000, 6000, 6000, 6000, 6000, 6000]
[5400, 600]
[5400, 600]
[5400, 600]
[5400, 600]
[5400, 600]
[5400, 600]
[5400, 600]
[5400, 600]
[5400, 600]
[5400, 600]
Training 2 epoch(s) w/ 338 batches each
<class 'float'> 0.10666666666666667
<class 'dict'>
Training 2 epoch(s) w/ 338 batches each
<class 'float'> 0.16166666666666665
<class 'dict'>
Training 2 epoch(s) w/ 338 batches each
<class 'float'> 0.625
<class 'dict'>
Training 2 epoch(s) w/ 338 batches each
<class 'float'> 0.7883333333333333
<class 'dict'>
Training 2 epoch(s) w/ 338 batches each
<class 'float'> 0.8116666666666666
<class 'dict'>
Training 2 epoch(s) w/ 338 batches each
