[6000, 6000, 6000, 6000, 6000, 6000, 6000, 6000, 6000, 6000]
[5400, 600]
[5400, 600]
[5400, 600]
[5400, 600]
[5400, 600]
[5400, 600]
[5400, 600]
[5400, 600]
[5400, 600]
[5400, 600]
Training 2 epoch(s) w/ 338 batches each
<class 'float'> 0.09166666666666666
<class 'dict'>
Training 2 epoch(s) w/ 338 batches each
<class 'float'> 0.15
<class 'dict'>
<class 'float'> 0.695
<class 'dict'>
Training 2 epoch(s) w/ 338 batches each
<class 'float'> 0.845
<class 'dict'>
Training 2 epoch(s) w/ 338 batches each
<class 'float'> 0.87
<class 'dict'>
Training 2 epoch(s) w/ 338 batches each
