[6000, 6000, 6000, 6000, 6000, 6000, 6000, 6000, 6000, 6000]
[5400, 600]
[5400, 600]
[5400, 600]
[5400, 600]
[5400, 600]
[5400, 600]
[5400, 600]
[5400, 600]
[5400, 600]
[5400, 600]
Training 2 epoch(s) w/ 338 batches each
<class 'float'> 0.09166666666666666
<class 'dict'>
Training 2 epoch(s) w/ 338 batches each
<class 'float'> 0.25166666666666665
<class 'dict'>
Training 2 epoch(s) w/ 338 batches each
<class 'float'> 0.79
<class 'dict'>
Training 2 epoch(s) w/ 338 batches each
<class 'float'> 0.8683333333333333
<class 'dict'>
Training 2 epoch(s) w/ 338 batches each
<class 'float'> 0.8716666666666667
<class 'dict'>
Training 2 epoch(s) w/ 338 batches each
<class 'float'> 0.8883333333333333
<class 'dict'>
Training 2 epoch(s) w/ 338 batches each
<class 'float'> 0.8933333333333333
<class 'dict'>
<class 'float'> 0.9
<class 'dict'>
Training 2 epoch(s) w/ 338 batches each
<class 'float'> 0.8933333333333333
<class 'dict'>
<class 'float'> 0.91
<class 'dict'>
Training 2 epoch(s) w/ 338 batches each
<class 'float'> 0.9083333333333333
<class 'dict'>
Training 2 epoch(s) w/ 338 batches each
<class 'float'> 0.9166666666666666
<class 'dict'>
Training 2 epoch(s) w/ 338 batches each
<class 'float'> 0.9083333333333333
<class 'dict'>
<class 'float'> 0.905
<class 'dict'>
Training 2 epoch(s) w/ 338 batches each
<class 'float'> 0.9016666666666666
<class 'dict'>
Training 2 epoch(s) w/ 338 batches each
<class 'float'> 0.9033333333333333
<class 'dict'>
Training 2 epoch(s) w/ 338 batches each
<class 'float'> 0.915
<class 'dict'>
Training 2 epoch(s) w/ 338 batches each
<class 'float'> 0.9116666666666666
<class 'dict'>
Training 2 epoch(s) w/ 338 batches each
<class 'float'> 0.9116666666666666
<class 'dict'>
Training 2 epoch(s) w/ 338 batches each
<class 'float'> 0.915
<class 'dict'>
Training 2 epoch(s) w/ 338 batches each
<class 'float'> 0.9133333333333333
<class 'dict'>
Training 2 epoch(s) w/ 338 batches each
<class 'float'> 0.9116666666666666
<class 'dict'>
Training 2 epoch(s) w/ 338 batches each
<class 'float'> 0.9166666666666666
<class 'dict'>
Training 2 epoch(s) w/ 338 batches each
<class 'float'> 0.925
<class 'dict'>
Training 2 epoch(s) w/ 338 batches each
<class 'float'> 0.9116666666666666
<class 'dict'>
Training 2 epoch(s) w/ 338 batches each
<class 'float'> 0.9066666666666666
<class 'dict'>
Training 2 epoch(s) w/ 338 batches each
<class 'float'> 0.9133333333333333
<class 'dict'>
Training 2 epoch(s) w/ 338 batches each
<class 'float'> 0.9183333333333333
<class 'dict'>
Training 2 epoch(s) w/ 338 batches each
<class 'float'> 0.9166666666666666
<class 'dict'>
Training 2 epoch(s) w/ 338 batches each
<class 'float'> 0.9083333333333333
<class 'dict'>
Training 2 epoch(s) w/ 338 batches each
<class 'float'> 0.9166666666666666
<class 'dict'>
Training 2 epoch(s) w/ 338 batches each
<class 'float'> 0.9166666666666666
<class 'dict'>
Training 2 epoch(s) w/ 338 batches each
<class 'float'> 0.9183333333333333
<class 'dict'>
Training 2 epoch(s) w/ 338 batches each
<class 'float'> 0.9233333333333333
<class 'dict'>
<class 'float'> 0.9266666666666666
<class 'dict'>
Training 2 epoch(s) w/ 338 batches each
<class 'float'> 0.9233333333333333
<class 'dict'>
Training 2 epoch(s) w/ 338 batches each
<class 'float'> 0.92
<class 'dict'>
<class 'float'> 0.9283333333333333
<class 'dict'>
Training 2 epoch(s) w/ 338 batches each
<class 'float'> 0.9233333333333333
<class 'dict'>
<class 'float'> 0.9183333333333333
<class 'dict'>
Training 2 epoch(s) w/ 338 batches each
<class 'float'> 0.915
<class 'dict'>
Training 2 epoch(s) w/ 338 batches each
<class 'float'> 0.925
<class 'dict'>
Training 2 epoch(s) w/ 338 batches each
<class 'float'> 0.9283333333333333
<class 'dict'>
Training 2 epoch(s) w/ 338 batches each
<class 'float'> 0.9216666666666666
<class 'dict'>
Training 2 epoch(s) w/ 338 batches each
<class 'float'> 0.9283333333333333
<class 'dict'>
Training 2 epoch(s) w/ 338 batches each
<class 'float'> 0.9233333333333333
<class 'dict'>
Training 2 epoch(s) w/ 338 batches each
<class 'float'> 0.9333333333333333
<class 'dict'>
Training 2 epoch(s) w/ 338 batches each
<class 'float'> 0.9216666666666666
<class 'dict'>
Training 2 epoch(s) w/ 338 batches each
<class 'float'> 0.93
<class 'dict'>
Training 2 epoch(s) w/ 338 batches each
<class 'float'> 0.9283333333333333
<class 'dict'>
Training 2 epoch(s) w/ 338 batches each
<class 'float'> 0.9233333333333333
<class 'dict'>
Training 2 epoch(s) w/ 338 batches each
<class 'float'> 0.9283333333333333
<class 'dict'>
Training 2 epoch(s) w/ 338 batches each
<class 'float'> 0.93
<class 'dict'>
Training 2 epoch(s) w/ 338 batches each
<class 'float'> 0.925
<class 'dict'>
Training 2 epoch(s) w/ 338 batches each
<class 'float'> 0.9283333333333333
<class 'dict'>
<class 'float'> 0.9283333333333333
<class 'dict'>
Training 2 epoch(s) w/ 338 batches each
<class 'float'> 0.93
<class 'dict'>
Training 2 epoch(s) w/ 338 batches each
<class 'float'> 0.9316666666666666
<class 'dict'>
Training 2 epoch(s) w/ 338 batches each
<class 'float'> 0.93
<class 'dict'>
Training 2 epoch(s) w/ 338 batches each
<class 'float'> 0.9283333333333333
<class 'dict'>
Training 2 epoch(s) w/ 338 batches each
<class 'float'> 0.925
<class 'dict'>
Training 2 epoch(s) w/ 338 batches each
<class 'float'> 0.9283333333333333
<class 'dict'>
Training 2 epoch(s) w/ 338 batches each
<class 'float'> 0.9266666666666666
<class 'dict'>
Training 2 epoch(s) w/ 338 batches each
<class 'float'> 0.9233333333333333
<class 'dict'>
Training 2 epoch(s) w/ 338 batches each
<class 'float'> 0.925
<class 'dict'>
<class 'float'> 0.93
<class 'dict'>
Training 2 epoch(s) w/ 338 batches each
<class 'float'> 0.935
<class 'dict'>
Training 2 epoch(s) w/ 338 batches each
<class 'float'> 0.9366666666666666
<class 'dict'>
Training 2 epoch(s) w/ 338 batches each
<class 'float'> 0.93
<class 'dict'>
Training 2 epoch(s) w/ 338 batches each
<class 'float'> 0.9216666666666666
<class 'dict'>
Training 2 epoch(s) w/ 338 batches each
<class 'float'> 0.93
<class 'dict'>
Training 2 epoch(s) w/ 338 batches each
<class 'float'> 0.93
<class 'dict'>
Training 2 epoch(s) w/ 338 batches each
<class 'float'> 0.9266666666666666
<class 'dict'>
Training 2 epoch(s) w/ 338 batches each
<class 'float'> 0.9233333333333333
<class 'dict'>
Training 2 epoch(s) w/ 338 batches each
<class 'float'> 0.9283333333333333
<class 'dict'>
Training 2 epoch(s) w/ 338 batches each
<class 'float'> 0.9333333333333333
<class 'dict'>
Training 2 epoch(s) w/ 338 batches each
<class 'float'> 0.9333333333333333
<class 'dict'>
Training 2 epoch(s) w/ 338 batches each
<class 'float'> 0.93
<class 'dict'>
Training 2 epoch(s) w/ 338 batches each
<class 'float'> 0.9283333333333333
<class 'dict'>
Training 2 epoch(s) w/ 338 batches each
<class 'float'> 0.9266666666666666
<class 'dict'>
Training 2 epoch(s) w/ 338 batches each
<class 'float'> 0.93
<class 'dict'>
Training 2 epoch(s) w/ 338 batches each
<class 'float'> 0.9283333333333333
<class 'dict'>
<class 'float'> 0.92
<class 'dict'>
Training 2 epoch(s) w/ 338 batches each
<class 'float'> 0.9316666666666666
<class 'dict'>
Training 2 epoch(s) w/ 338 batches each
<class 'float'> 0.9333333333333333
<class 'dict'>
Training 2 epoch(s) w/ 338 batches each
<class 'float'> 0.9316666666666666
<class 'dict'>
Training 2 epoch(s) w/ 338 batches each
<class 'float'> 0.9333333333333333
<class 'dict'>
Training 2 epoch(s) w/ 338 batches each
<class 'float'> 0.935
<class 'dict'>
Training 2 epoch(s) w/ 338 batches each
<class 'float'> 0.9366666666666666
<class 'dict'>
Training 2 epoch(s) w/ 338 batches each
<class 'float'> 0.925
<class 'dict'>
<class 'float'> 0.925
<class 'dict'>
Training 2 epoch(s) w/ 338 batches each
<class 'float'> 0.9333333333333333
<class 'dict'>
Training 2 epoch(s) w/ 338 batches each
<class 'float'> 0.93
<class 'dict'>
Training 2 epoch(s) w/ 338 batches each
<class 'float'> 0.9333333333333333
<class 'dict'>
Training 2 epoch(s) w/ 338 batches each
<class 'float'> 0.93
<class 'dict'>
Training 2 epoch(s) w/ 338 batches each
<class 'float'> 0.9316666666666666
<class 'dict'>
Training 2 epoch(s) w/ 338 batches each
<class 'float'> 0.92
<class 'dict'>
Training 2 epoch(s) w/ 338 batches each
<class 'float'> 0.925
<class 'dict'>
Training 2 epoch(s) w/ 338 batches each
<class 'float'> 0.9266666666666666
<class 'dict'>
Training 2 epoch(s) w/ 338 batches each
<class 'float'> 0.9283333333333333
<class 'dict'>
