[6000, 6000, 6000, 6000, 6000, 6000, 6000, 6000, 6000, 6000]
[5400, 600]
[5400, 600]
[5400, 600]
[5400, 600]
[5400, 600]
[5400, 600]
[5400, 600]
[5400, 600]
[5400, 600]
[5400, 600]
Training 2 epoch(s) w/ 338 batches each
<class 'float'> 0.10666666666666667
<class 'dict'>
Training 2 epoch(s) w/ 338 batches each
<class 'float'> 0.21666666666666667
<class 'dict'>
Training 2 epoch(s) w/ 338 batches each
<class 'float'> 0.725
<class 'dict'>
Training 2 epoch(s) w/ 338 batches each
<class 'float'> 0.8
<class 'dict'>
<class 'float'> 0.83
<class 'dict'>
Training 2 epoch(s) w/ 338 batches each
<class 'float'> 0.8233333333333334
<class 'dict'>
Training 2 epoch(s) w/ 338 batches each
<class 'float'> 0.8333333333333334
<class 'dict'>
Training 2 epoch(s) w/ 338 batches each
<class 'float'> 0.8416666666666667
<class 'dict'>
Training 2 epoch(s) w/ 338 batches each
<class 'float'> 0.845
<class 'dict'>
Training 2 epoch(s) w/ 338 batches each
<class 'float'> 0.8516666666666667
<class 'dict'>
<class 'float'> 0.8483333333333334
<class 'dict'>
Training 2 epoch(s) w/ 338 batches each
<class 'float'> 0.8533333333333334
<class 'dict'>
Training 2 epoch(s) w/ 338 batches each
<class 'float'> 0.86
<class 'dict'>
Training 2 epoch(s) w/ 338 batches each
<class 'float'> 0.8583333333333333
<class 'dict'>
Training 2 epoch(s) w/ 338 batches each
<class 'float'> 0.8666666666666667
<class 'dict'>
Training 2 epoch(s) w/ 338 batches each
<class 'float'> 0.8533333333333334
<class 'dict'>
<class 'float'> 0.86
<class 'dict'>
Training 2 epoch(s) w/ 338 batches each
<class 'float'> 0.8633333333333333
<class 'dict'>
Training 2 epoch(s) w/ 338 batches each
<class 'float'> 0.875
<class 'dict'>
<class 'float'> 0.86
<class 'dict'>
Training 2 epoch(s) w/ 338 batches each
<class 'float'> 0.8616666666666667
<class 'dict'>
Training 2 epoch(s) w/ 338 batches each
<class 'float'> 0.865
<class 'dict'>
Training 2 epoch(s) w/ 338 batches each
<class 'float'> 0.8583333333333333
<class 'dict'>
Training 2 epoch(s) w/ 338 batches each
<class 'float'> 0.8716666666666667
<class 'dict'>
Training 2 epoch(s) w/ 338 batches each
<class 'float'> 0.8583333333333333
<class 'dict'>
Training 2 epoch(s) w/ 338 batches each
<class 'float'> 0.8633333333333333
<class 'dict'>
Training 2 epoch(s) w/ 338 batches each
<class 'float'> 0.8683333333333333
<class 'dict'>
<class 'float'> 0.8666666666666667
<class 'dict'>
Training 2 epoch(s) w/ 338 batches each
<class 'float'> 0.87
<class 'dict'>
Training 2 epoch(s) w/ 338 batches each
<class 'float'> 0.865
<class 'dict'>
Training 2 epoch(s) w/ 338 batches each
<class 'float'> 0.87
<class 'dict'>
Training 2 epoch(s) w/ 338 batches each
<class 'float'> 0.87
<class 'dict'>
Training 2 epoch(s) w/ 338 batches each
<class 'float'> 0.8616666666666667
<class 'dict'>
Training 2 epoch(s) w/ 338 batches each
<class 'float'> 0.8683333333333333
<class 'dict'>
Training 2 epoch(s) w/ 338 batches each
<class 'float'> 0.8733333333333333
<class 'dict'>
Training 2 epoch(s) w/ 338 batches each
<class 'float'> 0.8733333333333333
<class 'dict'>
Training 2 epoch(s) w/ 338 batches each
<class 'float'> 0.8666666666666667
<class 'dict'>
Training 2 epoch(s) w/ 338 batches each
<class 'float'> 0.8683333333333333
<class 'dict'>
Training 2 epoch(s) w/ 338 batches each
<class 'float'> 0.87
<class 'dict'>
Training 2 epoch(s) w/ 338 batches each
<class 'float'> 0.8666666666666667
<class 'dict'>
Training 2 epoch(s) w/ 338 batches each
<class 'float'> 0.8733333333333333
<class 'dict'>
Training 2 epoch(s) w/ 338 batches each
<class 'float'> 0.8766666666666667
<class 'dict'>
Training 2 epoch(s) w/ 338 batches each
<class 'float'> 0.885
<class 'dict'>
Training 2 epoch(s) w/ 338 batches each
<class 'float'> 0.8716666666666667
<class 'dict'>
Training 2 epoch(s) w/ 338 batches each
<class 'float'> 0.88
<class 'dict'>
Training 2 epoch(s) w/ 338 batches each
<class 'float'> 0.8816666666666667
<class 'dict'>
Training 2 epoch(s) w/ 338 batches each
<class 'float'> 0.8783333333333333
<class 'dict'>
Training 2 epoch(s) w/ 338 batches each
<class 'float'> 0.87
<class 'dict'>
Training 2 epoch(s) w/ 338 batches each
<class 'float'> 0.8866666666666667
<class 'dict'>
Training 2 epoch(s) w/ 338 batches each
<class 'float'> 0.8883333333333333
<class 'dict'>
Training 2 epoch(s) w/ 338 batches each
<class 'float'> 0.8833333333333333
<class 'dict'>
Training 2 epoch(s) w/ 338 batches each
<class 'float'> 0.8733333333333333
<class 'dict'>
Training 2 epoch(s) w/ 338 batches each
<class 'float'> 0.885
<class 'dict'>
Training 2 epoch(s) w/ 338 batches each
<class 'float'> 0.885
<class 'dict'>
Training 2 epoch(s) w/ 338 batches each
<class 'float'> 0.8833333333333333
<class 'dict'>
Training 2 epoch(s) w/ 338 batches each
<class 'float'> 0.88
<class 'dict'>
Training 2 epoch(s) w/ 338 batches each
<class 'float'> 0.8816666666666667
<class 'dict'>
Training 2 epoch(s) w/ 338 batches each
<class 'float'> 0.885
<class 'dict'>
Training 2 epoch(s) w/ 338 batches each
<class 'float'> 0.8666666666666667
<class 'dict'>
Training 2 epoch(s) w/ 338 batches each
<class 'float'> 0.8716666666666667
<class 'dict'>
Training 2 epoch(s) w/ 338 batches each
<class 'float'> 0.8933333333333333
<class 'dict'>
Training 2 epoch(s) w/ 338 batches each
<class 'float'> 0.88
<class 'dict'>
Training 2 epoch(s) w/ 338 batches each
<class 'float'> 0.875
<class 'dict'>
Training 2 epoch(s) w/ 338 batches each
<class 'float'> 0.8783333333333333
<class 'dict'>
Training 2 epoch(s) w/ 338 batches each
<class 'float'> 0.8916666666666667
<class 'dict'>
Training 2 epoch(s) w/ 338 batches each
<class 'float'> 0.8816666666666667
<class 'dict'>
Training 2 epoch(s) w/ 338 batches each
<class 'float'> 0.885
<class 'dict'>
Training 2 epoch(s) w/ 338 batches each
<class 'float'> 0.8916666666666667
<class 'dict'>
Training 2 epoch(s) w/ 338 batches each
<class 'float'> 0.8933333333333333
<class 'dict'>
Training 2 epoch(s) w/ 338 batches each
<class 'float'> 0.885
<class 'dict'>
Training 2 epoch(s) w/ 338 batches each
<class 'float'> 0.885
<class 'dict'>
Training 2 epoch(s) w/ 338 batches each
<class 'float'> 0.8783333333333333
<class 'dict'>
Training 2 epoch(s) w/ 338 batches each
<class 'float'> 0.8766666666666667
<class 'dict'>
Training 2 epoch(s) w/ 338 batches each
<class 'float'> 0.88
<class 'dict'>
Training 2 epoch(s) w/ 338 batches each
<class 'float'> 0.875
<class 'dict'>
Training 2 epoch(s) w/ 338 batches each
<class 'float'> 0.885
<class 'dict'>
Training 2 epoch(s) w/ 338 batches each
<class 'float'> 0.8816666666666667
<class 'dict'>
Training 2 epoch(s) w/ 338 batches each
<class 'float'> 0.875
<class 'dict'>
Training 2 epoch(s) w/ 338 batches each
<class 'float'> 0.8933333333333333
<class 'dict'>
Training 2 epoch(s) w/ 338 batches each
<class 'float'> 0.8916666666666667
<class 'dict'>
<class 'float'> 0.885
<class 'dict'>
Training 2 epoch(s) w/ 338 batches each
<class 'float'> 0.8866666666666667
<class 'dict'>
Training 2 epoch(s) w/ 338 batches each
<class 'float'> 0.8833333333333333
<class 'dict'>
<class 'float'> 0.885
<class 'dict'>
Training 2 epoch(s) w/ 338 batches each
<class 'float'> 0.8916666666666667
<class 'dict'>
Training 2 epoch(s) w/ 338 batches each
<class 'float'> 0.8866666666666667
<class 'dict'>
Training 2 epoch(s) w/ 338 batches each
<class 'float'> 0.8816666666666667
<class 'dict'>
Training 2 epoch(s) w/ 338 batches each
<class 'float'> 0.89
<class 'dict'>
Training 2 epoch(s) w/ 338 batches each
<class 'float'> 0.8816666666666667
<class 'dict'>
Training 2 epoch(s) w/ 338 batches each
<class 'float'> 0.8866666666666667
<class 'dict'>
Training 2 epoch(s) w/ 338 batches each
<class 'float'> 0.8883333333333333
<class 'dict'>
Training 2 epoch(s) w/ 338 batches each
<class 'float'> 0.8783333333333333
<class 'dict'>
Training 2 epoch(s) w/ 338 batches each
<class 'float'> 0.8916666666666667
<class 'dict'>
Training 2 epoch(s) w/ 338 batches each
<class 'float'> 0.8883333333333333
<class 'dict'>
Training 2 epoch(s) w/ 338 batches each
<class 'float'> 0.8833333333333333
<class 'dict'>
Training 2 epoch(s) w/ 338 batches each
<class 'float'> 0.8833333333333333
<class 'dict'>
Training 2 epoch(s) w/ 338 batches each
<class 'float'> 0.8716666666666667
<class 'dict'>
Training 2 epoch(s) w/ 338 batches each
<class 'float'> 0.885
<class 'dict'>
Training 2 epoch(s) w/ 338 batches each
<class 'float'> 0.8916666666666667
<class 'dict'>
Training 2 epoch(s) w/ 338 batches each
<class 'float'> 0.8866666666666667
<class 'dict'>
