[6000, 6000, 6000, 6000, 6000, 6000, 6000, 6000, 6000, 6000]
[5400, 600]
[5400, 600]
[5400, 600]
[5400, 600]
[5400, 600]
[5400, 600]
[5400, 600]
[5400, 600]
[5400, 600]
[5400, 600]
Training 2 epoch(s) w/ 338 batches each
<class 'float'> 0.07166666666666667
<class 'dict'>
<class 'float'> 0.2833333333333333
<class 'dict'>
Training 2 epoch(s) w/ 338 batches each
<class 'float'> 0.7466666666666667
<class 'dict'>
Training 2 epoch(s) w/ 338 batches each
<class 'float'> 0.83
<class 'dict'>
Training 2 epoch(s) w/ 338 batches each
<class 'float'> 0.845
<class 'dict'>
<class 'float'> 0.855
<class 'dict'>
Training 2 epoch(s) w/ 338 batches each
<class 'float'> 0.86
<class 'dict'>
Training 2 epoch(s) w/ 338 batches each
<class 'float'> 0.8633333333333333
<class 'dict'>
Training 2 epoch(s) w/ 338 batches each
<class 'float'> 0.87
<class 'dict'>
Training 2 epoch(s) w/ 338 batches each
<class 'float'> 0.8716666666666667
<class 'dict'>
Training 2 epoch(s) w/ 338 batches each
<class 'float'> 0.875
<class 'dict'>
Training 2 epoch(s) w/ 338 batches each
<class 'float'> 0.8833333333333333
<class 'dict'>
Training 2 epoch(s) w/ 338 batches each
<class 'float'> 0.875
<class 'dict'>
Training 2 epoch(s) w/ 338 batches each
<class 'float'> 0.88
<class 'dict'>
Training 2 epoch(s) w/ 338 batches each
<class 'float'> 0.8716666666666667
<class 'dict'>
Training 2 epoch(s) w/ 338 batches each
<class 'float'> 0.8783333333333333
<class 'dict'>
Training 2 epoch(s) w/ 338 batches each
<class 'float'> 0.8766666666666667
<class 'dict'>
Training 2 epoch(s) w/ 338 batches each
<class 'float'> 0.8816666666666667
<class 'dict'>
Training 2 epoch(s) w/ 338 batches each
<class 'float'> 0.8766666666666667
<class 'dict'>
Training 2 epoch(s) w/ 338 batches each
<class 'float'> 0.8833333333333333
<class 'dict'>
Training 2 epoch(s) w/ 338 batches each
<class 'float'> 0.8866666666666667
<class 'dict'>
Training 2 epoch(s) w/ 338 batches each
<class 'float'> 0.8916666666666667
<class 'dict'>
Training 2 epoch(s) w/ 338 batches each
<class 'float'> 0.8883333333333333
<class 'dict'>
Training 2 epoch(s) w/ 338 batches each
<class 'float'> 0.8983333333333333
<class 'dict'>
<class 'float'> 0.8966666666666666
<class 'dict'>
Training 2 epoch(s) w/ 338 batches each
<class 'float'> 0.8933333333333333
<class 'dict'>
Training 2 epoch(s) w/ 338 batches each
<class 'float'> 0.89
<class 'dict'>
Training 2 epoch(s) w/ 338 batches each
<class 'float'> 0.895
<class 'dict'>
Training 2 epoch(s) w/ 338 batches each
<class 'float'> 0.8966666666666666
<class 'dict'>
Training 2 epoch(s) w/ 338 batches each
<class 'float'> 0.8966666666666666
<class 'dict'>
Training 2 epoch(s) w/ 338 batches each
<class 'float'> 0.8883333333333333
<class 'dict'>
Training 2 epoch(s) w/ 338 batches each
<class 'float'> 0.9016666666666666
<class 'dict'>
Training 2 epoch(s) w/ 338 batches each
<class 'float'> 0.8933333333333333
<class 'dict'>
Training 2 epoch(s) w/ 338 batches each
<class 'float'> 0.905
<class 'dict'>
Training 2 epoch(s) w/ 338 batches each
<class 'float'> 0.9
<class 'dict'>
Training 2 epoch(s) w/ 338 batches each
<class 'float'> 0.895
<class 'dict'>
Training 2 epoch(s) w/ 338 batches each
<class 'float'> 0.9016666666666666
<class 'dict'>
Training 2 epoch(s) w/ 338 batches each
<class 'float'> 0.905
<class 'dict'>
Training 2 epoch(s) w/ 338 batches each
<class 'float'> 0.8983333333333333
<class 'dict'>
Training 2 epoch(s) w/ 338 batches each
<class 'float'> 0.905
<class 'dict'>
Training 2 epoch(s) w/ 338 batches each
<class 'float'> 0.8933333333333333
<class 'dict'>
Training 2 epoch(s) w/ 338 batches each
<class 'float'> 0.9
<class 'dict'>
Training 2 epoch(s) w/ 338 batches each
<class 'float'> 0.8966666666666666
<class 'dict'>
Training 2 epoch(s) w/ 338 batches each
<class 'float'> 0.9083333333333333
<class 'dict'>
Training 2 epoch(s) w/ 338 batches each
<class 'float'> 0.9116666666666666
<class 'dict'>
Training 2 epoch(s) w/ 338 batches each
<class 'float'> 0.9033333333333333
<class 'dict'>
Training 2 epoch(s) w/ 338 batches each
<class 'float'> 0.9083333333333333
<class 'dict'>
Training 2 epoch(s) w/ 338 batches each
<class 'float'> 0.9
<class 'dict'>
Training 2 epoch(s) w/ 338 batches each
<class 'float'> 0.9016666666666666
<class 'dict'>
<class 'float'> 0.905
<class 'dict'>
Training 2 epoch(s) w/ 338 batches each
<class 'float'> 0.9083333333333333
<class 'dict'>
Training 2 epoch(s) w/ 338 batches each
<class 'float'> 0.91
<class 'dict'>
Training 2 epoch(s) w/ 338 batches each
<class 'float'> 0.8983333333333333
<class 'dict'>
Training 2 epoch(s) w/ 338 batches each
<class 'float'> 0.9033333333333333
<class 'dict'>
Training 2 epoch(s) w/ 338 batches each
<class 'float'> 0.8983333333333333
<class 'dict'>
Training 2 epoch(s) w/ 338 batches each
<class 'float'> 0.9066666666666666
<class 'dict'>
<class 'float'> 0.9033333333333333
<class 'dict'>
Training 2 epoch(s) w/ 338 batches each
<class 'float'> 0.905
<class 'dict'>
Training 2 epoch(s) w/ 338 batches each
<class 'float'> 0.91
<class 'dict'>
Training 2 epoch(s) w/ 338 batches each
<class 'float'> 0.9066666666666666
<class 'dict'>
Training 2 epoch(s) w/ 338 batches each
<class 'float'> 0.9033333333333333
<class 'dict'>
<class 'float'> 0.91
<class 'dict'>
Training 2 epoch(s) w/ 338 batches each
<class 'float'> 0.9166666666666666
<class 'dict'>
Training 2 epoch(s) w/ 338 batches each
<class 'float'> 0.9083333333333333
<class 'dict'>
<class 'float'> 0.8983333333333333
<class 'dict'>
Training 2 epoch(s) w/ 338 batches each
<class 'float'> 0.91
<class 'dict'>
Training 2 epoch(s) w/ 338 batches each
<class 'float'> 0.9133333333333333
<class 'dict'>
Training 2 epoch(s) w/ 338 batches each
<class 'float'> 0.9116666666666666
<class 'dict'>
Training 2 epoch(s) w/ 338 batches each
<class 'float'> 0.9066666666666666
<class 'dict'>
Training 2 epoch(s) w/ 338 batches each
<class 'float'> 0.91
<class 'dict'>
<class 'float'> 0.91
<class 'dict'>
Training 2 epoch(s) w/ 338 batches each
<class 'float'> 0.9066666666666666
<class 'dict'>
<class 'float'> 0.905
<class 'dict'>
Training 2 epoch(s) w/ 338 batches each
<class 'float'> 0.9066666666666666
<class 'dict'>
Training 2 epoch(s) w/ 338 batches each
<class 'float'> 0.9033333333333333
<class 'dict'>
Training 2 epoch(s) w/ 338 batches each
<class 'float'> 0.9133333333333333
<class 'dict'>
<class 'float'> 0.915
<class 'dict'>
Training 2 epoch(s) w/ 338 batches each
<class 'float'> 0.9016666666666666
<class 'dict'>
Training 2 epoch(s) w/ 338 batches each
<class 'float'> 0.915
<class 'dict'>
Training 2 epoch(s) w/ 338 batches each
<class 'float'> 0.91
<class 'dict'>
Training 2 epoch(s) w/ 338 batches each
<class 'float'> 0.91
<class 'dict'>
Training 2 epoch(s) w/ 338 batches each
<class 'float'> 0.9
<class 'dict'>
Training 2 epoch(s) w/ 338 batches each
<class 'float'> 0.9083333333333333
<class 'dict'>
Training 2 epoch(s) w/ 338 batches each
<class 'float'> 0.9083333333333333
<class 'dict'>
Training 2 epoch(s) w/ 338 batches each
<class 'float'> 0.9083333333333333
<class 'dict'>
Training 2 epoch(s) w/ 338 batches each
<class 'float'> 0.9033333333333333
<class 'dict'>
Training 2 epoch(s) w/ 338 batches each
<class 'float'> 0.9133333333333333
<class 'dict'>
Training 2 epoch(s) w/ 338 batches each
<class 'float'> 0.9116666666666666
<class 'dict'>
Training 2 epoch(s) w/ 338 batches each
<class 'float'> 0.9133333333333333
<class 'dict'>
Training 2 epoch(s) w/ 338 batches each
<class 'float'> 0.9133333333333333
<class 'dict'>
Training 2 epoch(s) w/ 338 batches each
<class 'float'> 0.9133333333333333
<class 'dict'>
Training 2 epoch(s) w/ 338 batches each
<class 'float'> 0.8966666666666666
<class 'dict'>
Training 2 epoch(s) w/ 338 batches each
<class 'float'> 0.9083333333333333
<class 'dict'>
Training 2 epoch(s) w/ 338 batches each
<class 'float'> 0.91
<class 'dict'>
Training 2 epoch(s) w/ 338 batches each
<class 'float'> 0.915
<class 'dict'>
Training 2 epoch(s) w/ 338 batches each
<class 'float'> 0.905
<class 'dict'>
Training 2 epoch(s) w/ 338 batches each
<class 'float'> 0.9116666666666666
<class 'dict'>
Training 2 epoch(s) w/ 338 batches each
<class 'float'> 0.915
<class 'dict'>
Training 2 epoch(s) w/ 338 batches each
<class 'float'> 0.9116666666666666
<class 'dict'>
<class 'float'> 0.9066666666666666
<class 'dict'>
