[6000, 6000, 6000, 6000, 6000, 6000, 6000, 6000, 6000, 6000]
[5400, 600]
[5400, 600]
[5400, 600]
[5400, 600]
[5400, 600]
[5400, 600]
[5400, 600]
[5400, 600]
[5400, 600]
[5400, 600]
Training 2 epoch(s) w/ 338 batches each
<class 'float'> 0.08333333333333333
<class 'dict'>
Training 2 epoch(s) w/ 338 batches each
<class 'float'> 0.145
<class 'dict'>
Training 2 epoch(s) w/ 338 batches each
<class 'float'> 0.65
<class 'dict'>
<class 'float'> 0.7966666666666666
<class 'dict'>
Training 2 epoch(s) w/ 338 batches each
<class 'float'> 0.8516666666666667
<class 'dict'>
Training 2 epoch(s) w/ 338 batches each
