[6000, 6000, 6000, 6000, 6000, 6000, 6000, 6000, 6000, 6000]
[5400, 600]
[5400, 600]
[5400, 600]
[5400, 600]
[5400, 600]
[5400, 600]
[5400, 600]
[5400, 600]
[5400, 600]
[5400, 600]
Training 2 epoch(s) w/ 338 batches each
<class 'float'> 0.11166666666666666
<class 'dict'>
Training 2 epoch(s) w/ 338 batches each
<class 'float'> 0.17
<class 'dict'>
Training 2 epoch(s) w/ 338 batches each
<class 'float'> 0.6533333333333333
<class 'dict'>
Training 2 epoch(s) w/ 338 batches each
<class 'float'> 0.8116666666666666
<class 'dict'>
Training 2 epoch(s) w/ 338 batches each
<class 'float'> 0.835
<class 'dict'>
Training 2 epoch(s) w/ 338 batches each
