[6000, 6000, 6000, 6000, 6000, 6000, 6000, 6000, 6000, 6000]
[5400, 600]
[5400, 600]
[5400, 600]
[5400, 600]
[5400, 600]
[5400, 600]
[5400, 600]
[5400, 600]
[5400, 600]
[5400, 600]
Training 2 epoch(s) w/ 338 batches each
<class 'float'> 0.10333333333333333
<class 'dict'>
Training 2 epoch(s) w/ 338 batches each
<class 'float'> 0.24833333333333332
<class 'dict'>
Training 2 epoch(s) w/ 338 batches each
<class 'float'> 0.72
<class 'dict'>
Training 2 epoch(s) w/ 338 batches each
<class 'float'> 0.8083333333333333
<class 'dict'>
Training 2 epoch(s) w/ 338 batches each
<class 'float'> 0.8233333333333334
<class 'dict'>
Training 2 epoch(s) w/ 338 batches each
<class 'float'> 0.8233333333333334
<class 'dict'>
Training 2 epoch(s) w/ 338 batches each
<class 'float'> 0.8316666666666667
<class 'dict'>
Training 2 epoch(s) w/ 338 batches each
<class 'float'> 0.84
<class 'dict'>
Training 2 epoch(s) w/ 338 batches each
<class 'float'> 0.8466666666666667
<class 'dict'>
Training 2 epoch(s) w/ 338 batches each
<class 'float'> 0.855
<class 'dict'>
Training 2 epoch(s) w/ 338 batches each
<class 'float'> 0.8616666666666667
<class 'dict'>
Training 2 epoch(s) w/ 338 batches each
<class 'float'> 0.8633333333333333
<class 'dict'>
Training 2 epoch(s) w/ 338 batches each
<class 'float'> 0.855
<class 'dict'>
Training 2 epoch(s) w/ 338 batches each
<class 'float'> 0.8683333333333333
<class 'dict'>
Training 2 epoch(s) w/ 338 batches each
<class 'float'> 0.88
<class 'dict'>
Training 2 epoch(s) w/ 338 batches each
<class 'float'> 0.87
<class 'dict'>
Training 2 epoch(s) w/ 338 batches each
<class 'float'> 0.8733333333333333
<class 'dict'>
Training 2 epoch(s) w/ 338 batches each
<class 'float'> 0.8783333333333333
<class 'dict'>
Training 2 epoch(s) w/ 338 batches each
<class 'float'> 0.8816666666666667
<class 'dict'>
Training 2 epoch(s) w/ 338 batches each
<class 'float'> 0.8633333333333333
<class 'dict'>
<class 'float'> 0.8733333333333333
<class 'dict'>
<class 'float'> 0.885
<class 'dict'>
Training 2 epoch(s) w/ 338 batches each
<class 'float'> 0.89
<class 'dict'>
Training 2 epoch(s) w/ 338 batches each
<class 'float'> 0.8833333333333333
<class 'dict'>
Training 2 epoch(s) w/ 338 batches each
<class 'float'> 0.8833333333333333
<class 'dict'>
Training 2 epoch(s) w/ 338 batches each
<class 'float'> 0.8783333333333333
<class 'dict'>
Training 2 epoch(s) w/ 338 batches each
<class 'float'> 0.8833333333333333
<class 'dict'>
Training 2 epoch(s) w/ 338 batches each
<class 'float'> 0.8816666666666667
<class 'dict'>
Training 2 epoch(s) w/ 338 batches each
<class 'float'> 0.8866666666666667
<class 'dict'>
Training 2 epoch(s) w/ 338 batches each
<class 'float'> 0.8916666666666667
<class 'dict'>
Training 2 epoch(s) w/ 338 batches each
<class 'float'> 0.8816666666666667
<class 'dict'>
Training 2 epoch(s) w/ 338 batches each
<class 'float'> 0.8933333333333333
<class 'dict'>
Training 2 epoch(s) w/ 338 batches each
<class 'float'> 0.8933333333333333
<class 'dict'>
Training 2 epoch(s) w/ 338 batches each
<class 'float'> 0.8983333333333333
<class 'dict'>
Training 2 epoch(s) w/ 338 batches each
<class 'float'> 0.8916666666666667
<class 'dict'>
<class 'float'> 0.8883333333333333
<class 'dict'>
Training 2 epoch(s) w/ 338 batches each
<class 'float'> 0.8933333333333333
<class 'dict'>
Training 2 epoch(s) w/ 338 batches each
<class 'float'> 0.895
<class 'dict'>
Training 2 epoch(s) w/ 338 batches each
<class 'float'> 0.8933333333333333
<class 'dict'>
Training 2 epoch(s) w/ 338 batches each
<class 'float'> 0.8933333333333333
<class 'dict'>
Training 2 epoch(s) w/ 338 batches each
<class 'float'> 0.8833333333333333
<class 'dict'>
<class 'float'> 0.8933333333333333
<class 'dict'>
Training 2 epoch(s) w/ 338 batches each
<class 'float'> 0.895
<class 'dict'>
Training 2 epoch(s) w/ 338 batches each
<class 'float'> 0.8916666666666667
<class 'dict'>
Training 2 epoch(s) w/ 338 batches each
<class 'float'> 0.8983333333333333
<class 'dict'>
Training 2 epoch(s) w/ 338 batches each
<class 'float'> 0.895
<class 'dict'>
Training 2 epoch(s) w/ 338 batches each
<class 'float'> 0.895
<class 'dict'>
Training 2 epoch(s) w/ 338 batches each
<class 'float'> 0.8916666666666667
<class 'dict'>
Training 2 epoch(s) w/ 338 batches each
<class 'float'> 0.8933333333333333
<class 'dict'>
Training 2 epoch(s) w/ 338 batches each
<class 'float'> 0.895
<class 'dict'>
Training 2 epoch(s) w/ 338 batches each
<class 'float'> 0.8916666666666667
<class 'dict'>
Training 2 epoch(s) w/ 338 batches each
<class 'float'> 0.8933333333333333
<class 'dict'>
Training 2 epoch(s) w/ 338 batches each
<class 'float'> 0.8983333333333333
<class 'dict'>
Training 2 epoch(s) w/ 338 batches each
<class 'float'> 0.9033333333333333
<class 'dict'>
Training 2 epoch(s) w/ 338 batches each
<class 'float'> 0.9
<class 'dict'>
Training 2 epoch(s) w/ 338 batches each
<class 'float'> 0.89
<class 'dict'>
Training 2 epoch(s) w/ 338 batches each
<class 'float'> 0.9
<class 'dict'>
Training 2 epoch(s) w/ 338 batches each
<class 'float'> 0.89
<class 'dict'>
Training 2 epoch(s) w/ 338 batches each
<class 'float'> 0.8883333333333333
<class 'dict'>
Training 2 epoch(s) w/ 338 batches each
<class 'float'> 0.8983333333333333
<class 'dict'>
Training 2 epoch(s) w/ 338 batches each
<class 'float'> 0.895
<class 'dict'>
Training 2 epoch(s) w/ 338 batches each
<class 'float'> 0.8983333333333333
<class 'dict'>
Training 2 epoch(s) w/ 338 batches each
<class 'float'> 0.8933333333333333
<class 'dict'>
Training 2 epoch(s) w/ 338 batches each
<class 'float'> 0.9
<class 'dict'>
Training 2 epoch(s) w/ 338 batches each
<class 'float'> 0.8983333333333333
<class 'dict'>
Training 2 epoch(s) w/ 338 batches each
<class 'float'> 0.8883333333333333
<class 'dict'>
<class 'float'> 0.9016666666666666
<class 'dict'>
Training 2 epoch(s) w/ 338 batches each
<class 'float'> 0.9
<class 'dict'>
Training 2 epoch(s) w/ 338 batches each
<class 'float'> 0.9033333333333333
<class 'dict'>
Training 2 epoch(s) w/ 338 batches each
<class 'float'> 0.8966666666666666
<class 'dict'>
Training 2 epoch(s) w/ 338 batches each
<class 'float'> 0.895
<class 'dict'>
Training 2 epoch(s) w/ 338 batches each
<class 'float'> 0.8933333333333333
<class 'dict'>
Training 2 epoch(s) w/ 338 batches each
<class 'float'> 0.8966666666666666
<class 'dict'>
Training 2 epoch(s) w/ 338 batches each
<class 'float'> 0.9016666666666666
<class 'dict'>
Training 2 epoch(s) w/ 338 batches each
<class 'float'> 0.895
<class 'dict'>
Training 2 epoch(s) w/ 338 batches each
<class 'float'> 0.8883333333333333
<class 'dict'>
Training 2 epoch(s) w/ 338 batches each
<class 'float'> 0.8983333333333333
<class 'dict'>
<class 'float'> 0.89
<class 'dict'>
Training 2 epoch(s) w/ 338 batches each
<class 'float'> 0.8983333333333333
<class 'dict'>
Training 2 epoch(s) w/ 338 batches each
<class 'float'> 0.8966666666666666
<class 'dict'>
Training 2 epoch(s) w/ 338 batches each
<class 'float'> 0.895
<class 'dict'>
<class 'float'> 0.8866666666666667
<class 'dict'>
Training 2 epoch(s) w/ 338 batches each
<class 'float'> 0.8916666666666667
<class 'dict'>
Training 2 epoch(s) w/ 338 batches each
<class 'float'> 0.895
<class 'dict'>
Training 2 epoch(s) w/ 338 batches each
<class 'float'> 0.89
<class 'dict'>
Training 2 epoch(s) w/ 338 batches each
<class 'float'> 0.9016666666666666
<class 'dict'>
Training 2 epoch(s) w/ 338 batches each
<class 'float'> 0.8933333333333333
<class 'dict'>
Training 2 epoch(s) w/ 338 batches each
<class 'float'> 0.89
<class 'dict'>
<class 'float'> 0.8883333333333333
<class 'dict'>
Training 2 epoch(s) w/ 338 batches each
<class 'float'> 0.8983333333333333
<class 'dict'>
Training 2 epoch(s) w/ 338 batches each
<class 'float'> 0.895
<class 'dict'>
Training 2 epoch(s) w/ 338 batches each
<class 'float'> 0.89
<class 'dict'>
Training 2 epoch(s) w/ 338 batches each
<class 'float'> 0.9016666666666666
<class 'dict'>
Training 2 epoch(s) w/ 338 batches each
<class 'float'> 0.9033333333333333
<class 'dict'>
Training 2 epoch(s) w/ 338 batches each
<class 'float'> 0.8983333333333333
<class 'dict'>
Training 2 epoch(s) w/ 338 batches each
<class 'float'> 0.8933333333333333
<class 'dict'>
Training 2 epoch(s) w/ 338 batches each
<class 'float'> 0.885
<class 'dict'>
<class 'float'> 0.8883333333333333
<class 'dict'>
Training 2 epoch(s) w/ 338 batches each
<class 'float'> 0.8933333333333333
<class 'dict'>
Training 2 epoch(s) w/ 338 batches each
<class 'float'> 0.8966666666666666
<class 'dict'>
